# Atmosphere considered 
# Density in cm3
# Altitude in km
# e-
# N2
# O2
# O
# H
# O2+
# O+
# H+
# NO+
# He+
6.000000000e+02	2.532994233e+04	8.941466064e+02	7.802182198e+00	5.459886250e+05	1.559193438e+05	1.725443992e-08	1.478365531e+04	9.557890006e+03	2.532994233e-40	1.061987750e+03	
5.981871170e+02	2.559154646e+04	9.514783936e+02	8.376492500e+00	5.657266875e+05	1.562657969e+05	1.954640902e-08	1.504578350e+04	9.541510873e+03	2.559154646e-40	1.060167848e+03	
5.963788051e+02	2.585518255e+04	1.012362610e+03	8.991827965e+00	5.861375625e+05	1.566123594e+05	2.213586622e-08	1.531188089e+04	9.525201002e+03	2.585518255e-40	1.058355643e+03	
5.945750527e+02	2.612085950e+04	1.077005249e+03	9.650946617e+00	6.072401875e+05	1.569589375e+05	2.506050558e-08	1.558199565e+04	9.508960029e+03	2.612085950e-40	1.056551093e+03	
5.927758484e+02	2.638858621e+04	1.145635498e+03	1.035693645e+01	6.290588125e+05	1.573056094e+05	2.836267877e-08	1.585617630e+04	9.492787594e+03	2.638858621e-40	1.054754158e+03	
5.909811807e+02	2.665837155e+04	1.218488403e+03	1.111300850e+01	6.516155000e+05	1.576523906e+05	3.208995573e-08	1.613447180e+04	9.476683338e+03	2.665837155e-40	1.052964799e+03	
5.891910381e+02	2.693022436e+04	1.295815674e+03	1.192258644e+01	6.749332500e+05	1.579992031e+05	3.629575086e-08	1.641693149e+04	9.460646906e+03	2.693022436e-40	1.051182976e+03	
5.874054093e+02	2.720415347e+04	1.377876953e+03	1.278931427e+01	6.990355000e+05	1.583460781e+05	4.104002238e-08	1.670360513e+04	9.444677943e+03	2.720415347e-40	1.049408649e+03	
5.856242828e+02	2.748016768e+04	1.464958618e+03	1.371716309e+01	7.239486875e+05	1.586930312e+05	4.639005305e-08	1.699454286e+04	9.428776097e+03	2.748016768e-40	1.047641780e+03	
5.838476474e+02	2.775827578e+04	1.557344849e+03	1.471016884e+01	7.496947500e+05	1.590400000e+05	5.242132152e-08	1.728979525e+04	9.412941020e+03	2.775827578e-40	1.045882329e+03	
5.820754916e+02	2.803848653e+04	1.655358643e+03	1.577289391e+01	7.763031875e+05	1.593870625e+05	5.921847444e-08	1.758941323e+04	9.397172363e+03	2.803848653e-40	1.044130259e+03	
5.803078042e+02	2.832080867e+04	1.759322876e+03	1.691000557e+01	8.037991875e+05	1.597342031e+05	6.687641077e-08	1.789344819e+04	9.381469782e+03	2.832080867e-40	1.042385530e+03	
5.785445740e+02	2.861104698e+04	1.869588501e+03	1.812660599e+01	8.322120000e+05	1.600813750e+05	7.551678904e-08	1.820146224e+04	9.366245876e+03	2.861104698e-40	1.040693987e+03	
5.767857896e+02	2.891123817e+04	1.986522095e+03	1.942799377e+01	8.615682500e+05	1.604285938e+05	8.527014914e-08	1.851332501e+04	9.351628543e+03	2.891123817e-40	1.039069840e+03	
5.750314399e+02	2.921381016e+04	2.110504150e+03	2.081979752e+01	8.918954375e+05	1.607758594e+05	9.625371813e-08	1.882972461e+04	9.337070792e+03	2.921381016e-40	1.037452314e+03	
5.732815137e+02	2.951877383e+04	2.241962891e+03	2.230837250e+01	9.232294375e+05	1.611232031e+05	1.086188817e-07	1.915071330e+04	9.322572324e+03	2.951877383e-40	1.035841374e+03	
5.715359998e+02	2.982614001e+04	2.381311035e+03	2.389987183e+01	9.555943125e+05	1.614705625e+05	1.225351805e-07	1.947634375e+04	9.308132842e+03	2.982614001e-40	1.034236988e+03	
5.697948871e+02	3.013591953e+04	2.529015381e+03	2.560148621e+01	9.890274375e+05	1.618180000e+05	1.381924292e-07	1.980666901e+04	9.293752048e+03	3.013591953e-40	1.032639124e+03	
5.680581646e+02	3.045586298e+04	2.685548340e+03	2.742032433e+01	1.023557188e+06	1.621654375e+05	1.558426262e-07	2.014112920e+04	9.280339746e+03	3.045586298e-40	1.031148868e+03	
5.663258210e+02	3.078487852e+04	2.851427979e+03	2.936440849e+01	1.059220625e+06	1.625129531e+05	1.757309072e-07	2.047985467e+04	9.267735065e+03	3.078487852e-40	1.029748346e+03	
5.645978455e+02	3.111660536e+04	3.027189697e+03	3.144189262e+01	1.096049500e+06	1.628605000e+05	1.980972836e-07	2.082340101e+04	9.255179221e+03	3.111660536e-40	1.028353251e+03	
5.628742270e+02	3.145105680e+04	3.213392334e+03	3.366172791e+01	1.134081000e+06	1.632080625e+05	2.232429220e-07	2.117182219e+04	9.242671983e+03	3.145105680e-40	1.026963557e+03	
5.611549545e+02	3.178824611e+04	3.410632324e+03	3.603320312e+01	1.173349250e+06	1.635556719e+05	2.515046479e-07	2.152517259e+04	9.230213119e+03	3.178824611e-40	1.025579237e+03	
5.594400171e+02	3.212818656e+04	3.619551270e+03	3.856666946e+01	1.213897375e+06	1.639033438e+05	2.832590549e-07	2.188350696e+04	9.217802400e+03	3.212818656e-40	1.024200267e+03	
5.577294037e+02	3.247944787e+04	3.840791748e+03	4.127228928e+01	1.255755875e+06	1.642510156e+05	3.190112262e-07	2.224674835e+04	9.206412686e+03	3.247944787e-40	1.022934741e+03	
5.560231036e+02	3.284010455e+04	4.075073242e+03	4.416181946e+01	1.298971000e+06	1.645987500e+05	3.592389832e-07	2.261498018e+04	9.195790917e+03	3.284010455e-40	1.021754542e+03	
5.543211058e+02	3.320384146e+04	4.323125488e+03	4.724715805e+01	1.343581000e+06	1.649465000e+05	4.044183946e-07	2.298835545e+04	9.185208139e+03	3.320384146e-40	1.020578674e+03	
5.526233995e+02	3.357067471e+04	4.585726074e+03	5.054110718e+01	1.389627500e+06	1.652942344e+05	4.551437900e-07	2.336693035e+04	9.174664178e+03	3.357067471e-40	1.019407120e+03	
5.509299738e+02	3.394062041e+04	4.863702637e+03	5.405728149e+01	1.437153500e+06	1.656420469e+05	5.120789782e-07	2.375076147e+04	9.164158861e+03	3.394062041e-40	1.018239860e+03	
5.492408181e+02	3.431369464e+04	5.157896484e+03	5.781004715e+01	1.486201750e+06	1.659898438e+05	5.759651485e-07	2.413990577e+04	9.153692016e+03	3.431369464e-40	1.017076874e+03	
5.475559214e+02	3.469787489e+04	5.469252441e+03	6.181518173e+01	1.536822500e+06	1.663376719e+05	6.477781794e-07	2.453515026e+04	9.143734158e+03	3.469787489e-40	1.015970445e+03	
5.458752731e+02	3.509318430e+04	5.798701172e+03	6.608872986e+01	1.589058375e+06	1.666855312e+05	7.284913328e-07	2.493656451e+04	9.134268426e+03	3.509318430e-40	1.014918700e+03	
5.441988625e+02	3.549198363e+04	6.147244141e+03	7.064773560e+01	1.642953750e+06	1.670334062e+05	8.190188079e-07	2.534350917e+04	9.124836322e+03	3.549198363e-40	1.013870692e+03	
5.425266788e+02	3.589429220e+04	6.515980469e+03	7.551132202e+01	1.698565500e+06	1.673812969e+05	9.205239585e-07	2.575604357e+04	9.115437704e+03	3.589429220e-40	1.012826404e+03	
5.408587115e+02	3.630012934e+04	6.906017578e+03	8.069865417e+01	1.755939000e+06	1.677292031e+05	1.034304411e-06	2.617422743e+04	9.106072428e+03	3.630012934e-40	1.011785820e+03	
5.391949498e+02	3.670951438e+04	7.318517090e+03	8.623048401e+01	1.815125875e+06	1.680771094e+05	1.161807133e-06	2.659812089e+04	9.096740351e+03	3.670951438e-40	1.010748926e+03	
5.375353832e+02	3.712813152e+04	7.754750977e+03	9.212937927e+01	1.876184250e+06	1.684250312e+05	1.304844378e-06	2.702900871e+04	9.087238004e+03	3.712813152e-40	1.009693118e+03	
5.358800011e+02	3.756118384e+04	8.216014648e+03	9.841848755e+01	1.939165000e+06	1.687729688e+05	1.465481983e-06	2.746809451e+04	9.077389019e+03	3.756118384e-40	1.008598803e+03	
5.342287930e+02	3.799817610e+04	8.703681641e+03	1.051223068e+02	2.004120875e+06	1.691208906e+05	1.645413713e-06	2.791317908e+04	9.067575502e+03	3.799817610e-40	1.007508429e+03	
5.325817483e+02	3.843913129e+04	9.219219727e+03	1.122681808e+02	2.071118250e+06	1.694688750e+05	1.846898067e-06	2.836432606e+04	9.057797298e+03	3.843913129e-40	1.006421979e+03	
5.309388565e+02	3.888407238e+04	9.764148438e+03	1.198835526e+02	2.140210250e+06	1.698168125e+05	2.072450879e-06	2.882159951e+04	9.048054254e+03	3.888407238e-40	1.005339435e+03	
5.293001072e+02	3.933302234e+04	1.034004297e+04	1.279979477e+02	2.211455000e+06	1.701647344e+05	2.324873828e-06	2.928506391e+04	9.038346218e+03	3.933302234e-40	1.004260781e+03	
5.276654899e+02	3.978753119e+04	1.094864746e+04	1.366436005e+02	2.284921750e+06	1.705127188e+05	2.607385999e-06	2.975530375e+04	9.028433277e+03	3.978753119e-40	1.003159357e+03	
5.260349942e+02	4.026154527e+04	1.159170801e+04	1.458536987e+02	2.360671000e+06	1.708606562e+05	2.924502005e-06	3.023714931e+04	9.016166227e+03	4.026154527e-40	1.001796334e+03	
5.244086096e+02	4.073999000e+04	1.227106543e+04	1.556632385e+02	2.438764500e+06	1.712085781e+05	3.279237204e-06	3.072555316e+04	9.003946712e+03	4.073999000e-40	1.000438594e+03	
5.227863260e+02	4.122289236e+04	1.298877734e+04	1.661110077e+02	2.519278000e+06	1.715565156e+05	3.675939654e-06	3.122058451e+04	8.991774505e+03	4.122289236e-40	9.990861098e+02	
5.211681328e+02	4.171027941e+04	1.374681348e+04	1.772356415e+02	2.602270750e+06	1.719044219e+05	4.119446449e-06	3.172231307e+04	8.979649384e+03	4.171027941e-40	9.977388576e+02	
5.195540198e+02	4.220217818e+04	1.454747070e+04	1.890811920e+02	2.687826250e+06	1.722523750e+05	4.615137165e-06	3.223080897e+04	8.967571124e+03	4.220217818e-40	9.963968122e+02	
5.179439766e+02	4.269861576e+04	1.539289355e+04	2.016906891e+02	2.776003500e+06	1.726002812e+05	5.168992976e-06	3.274614281e+04	8.955539503e+03	4.269861576e-40	9.950599491e+02	
5.163379932e+02	4.321237017e+04	1.628558691e+04	2.151132355e+02	2.866888250e+06	1.729481719e+05	5.789372836e-06	3.327420122e+04	8.939794104e+03	4.321237017e-40	9.933104603e+02	
5.147360591e+02	4.373566430e+04	1.722802734e+04	2.293979797e+02	2.960547750e+06	1.732960469e+05	6.483051771e-06	3.381155283e+04	8.922756169e+03	4.373566430e-40	9.914173622e+02	
5.131381641e+02	4.426395196e+04	1.822293945e+04	2.445995789e+02	3.057068750e+06	1.736439062e+05	7.257775606e-06	3.435619443e+04	8.905793544e+03	4.426395196e-40	9.895326317e+02	
5.115442982e+02	4.479726464e+04	1.927306836e+04	2.607737427e+02	3.156526000e+06	1.739917344e+05	8.122766560e-06	3.490820264e+04	8.888905814e+03	4.479726464e-40	9.876562230e+02	
5.099544512e+02	4.533563386e+04	2.038137695e+04	2.779813843e+02	3.259007750e+06	1.743395781e+05	9.088267644e-06	3.546765459e+04	8.872092567e+03	4.533563386e-40	9.857880901e+02	
5.083686128e+02	4.587909116e+04	2.155089453e+04	2.962844543e+02	3.364589500e+06	1.746873750e+05	1.016565240e-05	3.603462790e+04	8.855353397e+03	4.587909116e-40	9.839281879e+02	
5.067867730e+02	4.643246377e+04	2.278491016e+04	3.157515869e+02	3.473365500e+06	1.750351406e+05	1.136872031e-05	3.661183671e+04	8.836498680e+03	4.643246377e-40	9.818332204e+02	
5.052089218e+02	4.700400934e+04	2.408688281e+04	3.364542847e+02	3.585426500e+06	1.753829062e+05	1.271407624e-05	3.720392939e+04	8.811920160e+03	4.700400934e-40	9.791022629e+02	
5.036350490e+02	4.758112238e+04	2.546026953e+04	3.584671936e+02	3.700860000e+06	1.757306406e+05	1.421463019e-05	3.780406825e+04	8.787471719e+03	4.758112238e-40	9.763857587e+02	
5.020651447e+02	4.816383919e+04	2.690887891e+04	3.818693237e+02	3.819754250e+06	1.760783438e+05	1.588781427e-05	3.841233806e+04	8.763152499e+03	4.816383919e-40	9.736836125e+02	
5.004991987e+02	4.875219609e+04	2.843666016e+04	4.067465210e+02	3.942213000e+06	1.764259844e+05	1.775296451e-05	3.902882414e+04	8.738961648e+03	4.875219609e-40	9.709957295e+02	
4.989372012e+02	4.934622946e+04	3.004777344e+04	4.331882324e+02	4.068333750e+06	1.767736250e+05	1.983152288e-05	3.965361234e+04	8.714898319e+03	4.934622946e-40	9.683220158e+02	
4.973791422e+02	4.994597574e+04	3.174658398e+04	4.612897339e+02	4.198221000e+06	1.771212500e+05	2.214725988e-05	4.028678910e+04	8.690961675e+03	4.994597574e-40	9.656623782e+02	
4.958250118e+02	5.056393551e+04	3.353761719e+04	4.911498108e+02	4.331970500e+06	1.774688281e+05	2.473261164e-05	4.093628222e+04	8.659083989e+03	5.056393551e-40	9.621204160e+02	
4.942748000e+02	5.119323214e+04	3.542557422e+04	5.228729248e+02	4.469683000e+06	1.778163438e+05	2.761492028e-05	4.159790146e+04	8.624043847e+03	5.119323214e-40	9.582270752e+02	
4.927284970e+02	5.182874430e+04	3.741567188e+04	5.565750732e+02	4.611484000e+06	1.781638594e+05	3.082456089e-05	4.226850511e+04	8.589233315e+03	5.182874430e-40	9.543592467e+02	
4.911860928e+02	5.247051340e+04	3.951303906e+04	5.923720093e+02	4.757471500e+06	1.785112969e+05	3.439771522e-05	4.294818774e+04	8.554650537e+03	5.247051340e-40	9.505167240e+02	
4.896475778e+02	5.311858091e+04	4.172333594e+04	6.303908081e+02	4.907768000e+06	1.788587031e+05	3.837445243e-05	4.363704452e+04	8.520293672e+03	5.311858091e-40	9.466993027e+02	
4.881129421e+02	5.377298835e+04	4.405218359e+04	6.707615356e+02	5.062480000e+06	1.792060625e+05	4.279913446e-05	4.433517123e+04	8.486160898e+03	5.377298835e-40	9.429067803e+02	
4.865821758e+02	5.443422847e+04	4.650587891e+04	7.136270142e+02	5.221738000e+06	1.795534062e+05	4.772125780e-05	4.504297623e+04	8.451841971e+03	5.443422847e-40	9.390935742e+02	
4.850552693e+02	5.511895252e+04	4.909067578e+04	7.591343384e+02	5.385659500e+06	1.799006875e+05	5.321130831e-05	4.577208638e+04	8.402575991e+03	5.511895252e-40	9.336195851e+02	
4.835322128e+02	5.581053052e+04	5.181336719e+04	8.074396973e+02	5.554370000e+06	1.802479062e+05	5.931666809e-05	4.651111547e+04	8.353720321e+03	5.581053052e-40	9.281911859e+02	
4.820129965e+02	5.650900910e+04	5.468085547e+04	8.587080688e+02	5.727996500e+06	1.805950938e+05	6.610443771e-05	4.726016813e+04	8.305270830e+03	5.650900910e-40	9.228079176e+02	
4.804976109e+02	5.721443497e+04	5.770059766e+04	9.131152954e+02	5.906673000e+06	1.809422031e+05	7.364882785e-05	4.801934970e+04	8.257223436e+03	5.721443497e-40	9.174693266e+02	
4.789860463e+02	5.792685490e+04	6.088031641e+04	9.708456421e+02	6.090534500e+06	1.812892656e+05	8.203189017e-05	4.878876618e+04	8.209574105e+03	5.792685490e-40	9.121749647e+02	
4.774782930e+02	5.864631577e+04	6.422817188e+04	1.032096313e+03	6.279725000e+06	1.816362969e+05	9.134432103e-05	4.956852428e+04	8.162318846e+03	5.864631577e-40	9.069243885e+02	
4.759743414e+02	5.937674227e+04	6.775251562e+04	1.097069092e+03	6.474373500e+06	1.819832812e+05	1.016929928e-04	5.036161365e+04	8.110576476e+03	5.937674227e-40	9.011752405e+02	
4.744741819e+02	6.012731863e+04	7.146225781e+04	1.165984009e+03	6.674630500e+06	1.823301875e+05	1.132078309e-04	5.117498774e+04	8.043354064e+03	6.012731863e-40	8.937060756e+02	
4.729778050e+02	6.088545447e+04	7.536680469e+04	1.239070923e+03	6.880647000e+06	1.826770156e+05	1.259924286e-04	5.199939767e+04	7.976856203e+03	6.088545447e-40	8.863174165e+02	
4.714852011e+02	6.165120170e+04	7.947582031e+04	1.316572388e+03	7.092573000e+06	1.830237969e+05	1.401829706e-04	5.283495947e+04	7.911073706e+03	6.165120170e-40	8.790082424e+02	
4.699963607e+02	6.242461234e+04	8.379960938e+04	1.398744141e+03	7.310563000e+06	1.833705469e+05	1.559298279e-04	5.368178991e+04	7.845997515e+03	6.242461234e-40	8.717775470e+02	
4.685112743e+02	6.320573850e+04	8.834895312e+04	1.485858887e+03	7.534783000e+06	1.837172031e+05	1.733989903e-04	5.454000651e+04	7.781618706e+03	6.320573850e-40	8.646243385e+02	
4.670299326e+02	6.399463237e+04	9.313486719e+04	1.578199585e+03	7.765388500e+06	1.840638125e+05	1.927736394e-04	5.540972754e+04	7.717928479e+03	6.399463237e-40	8.575476393e+02	
4.655523259e+02	6.479630597e+04	9.816920312e+04	1.676064331e+03	8.002539500e+06	1.844103281e+05	2.142722583e-04	5.629496636e+04	7.645945756e+03	6.479630597e-40	8.495495524e+02	
4.640784449e+02	6.561658015e+04	1.034647266e+05	1.779782471e+03	8.246436000e+06	1.847567969e+05	2.381434649e-04	5.720042713e+04	7.556056148e+03	6.561658015e-40	8.395618128e+02	
4.626082802e+02	6.644513079e+04	1.090335469e+05	1.889676514e+03	8.497219000e+06	1.851032188e+05	2.646035850e-04	5.811811324e+04	7.467445996e+03	6.644513079e-40	8.297162352e+02	
4.611418225e+02	6.728201488e+04	1.148895000e+05	2.006103149e+03	8.755077000e+06	1.854495156e+05	2.939255951e-04	5.904815237e+04	7.380094488e+03	6.728201488e-40	8.200105070e+02	
4.596790624e+02	6.812728952e+04	1.210467031e+05	2.129435059e+03	9.020195000e+06	1.857957656e+05	3.264104133e-04	5.999067305e+04	7.293981186e+03	6.812728952e-40	8.104423574e+02	
4.582199905e+02	6.898101192e+04	1.275199297e+05	2.260070068e+03	9.292766000e+06	1.861419531e+05	3.623896720e-04	6.094580457e+04	7.209086025e+03	6.898101192e-40	8.010095569e+02	
4.567645976e+02	6.984323941e+04	1.343248594e+05	2.398421387e+03	9.572980000e+06	1.864880312e+05	4.022287554e-04	6.191367709e+04	7.125389298e+03	6.984323941e-40	7.917099159e+02	
4.553128743e+02	7.071795550e+04	1.414774219e+05	2.544925049e+03	9.861029000e+06	1.868340781e+05	4.463549414e-04	6.289763786e+04	7.032041653e+03	7.071795550e-40	7.813379554e+02	
4.538648115e+02	7.161128115e+04	1.489948125e+05	2.700045166e+03	1.015712200e+07	1.871800156e+05	4.952605364e-04	6.390283439e+04	6.913597603e+03	7.161128115e-40	7.681775162e+02	
4.524204000e+02	7.251359628e+04	1.568942969e+05	2.864257812e+03	1.046144200e+07	1.875258594e+05	5.493805107e-04	6.492149997e+04	6.797439701e+03	7.251359628e-40	7.552710931e+02	
4.509796304e+02	7.342496252e+04	1.651947188e+05	3.038079102e+03	1.077421200e+07	1.878716875e+05	6.092551504e-04	6.595377387e+04	6.683518949e+03	7.342496252e-40	7.426132419e+02	
4.495424936e+02	7.434544164e+04	1.739159844e+05	3.222064453e+03	1.109566800e+07	1.882173750e+05	6.754790619e-04	6.699979620e+04	6.571787492e+03	7.434544164e-40	7.301986453e+02	
4.481089805e+02	7.527509552e+04	1.830775000e+05	3.416759277e+03	1.142599300e+07	1.885630000e+05	7.487064616e-04	6.805970798e+04	6.462198593e+03	7.527509552e-40	7.180221105e+02	
4.466790819e+02	7.621398615e+04	1.927008438e+05	3.622777588e+03	1.176543700e+07	1.889085312e+05	8.296569647e-04	6.913365108e+04	6.354706604e+03	7.621398615e-40	7.060785651e+02	
4.452527887e+02	7.716354969e+04	2.028086406e+05	3.840750000e+03	1.211422600e+07	1.892540156e+05	9.191382547e-04	7.022291541e+04	6.242679685e+03	7.716354969e-40	6.936311366e+02	
4.438300919e+02	7.813228556e+04	2.134234219e+05	4.071332520e+03	1.247258500e+07	1.895993594e+05	1.018134689e-03	7.133472275e+04	6.087599261e+03	7.813228556e-40	6.763999722e+02	
4.424109822e+02	7.911069454e+04	2.245694219e+05	4.315224609e+03	1.284074900e+07	1.899446406e+05	1.127502761e-03	7.246126272e+04	5.936747887e+03	7.911069454e-40	6.596387026e+02	
4.409954508e+02	8.009884219e+04	2.362723438e+05	4.573169434e+03	1.321897600e+07	1.902898125e+05	1.248297965e-03	7.360268538e+04	5.790000942e+03	8.009884219e-40	6.433334809e+02	
4.395834886e+02	8.109679416e+04	2.485588438e+05	4.845942383e+03	1.360751700e+07	1.906349219e+05	1.381679969e-03	7.475914172e+04	5.647237729e+03	8.109679416e-40	6.274708964e+02	
4.381750865e+02	8.210461623e+04	2.614561562e+05	5.134365723e+03	1.400663000e+07	1.909799375e+05	1.528922570e-03	7.593078364e+04	5.508341348e+03	8.210461623e-40	6.120379601e+02	
4.367702357e+02	8.312237428e+04	2.749930938e+05	5.439280273e+03	1.441655900e+07	1.913248438e+05	1.691424568e-03	7.711776392e+04	5.373198566e+03	8.312237428e-40	5.970220906e+02	
4.353689271e+02	8.415013431e+04	2.892010000e+05	5.761620117e+03	1.483760500e+07	1.916696719e+05	1.870721633e-03	7.832023630e+04	5.241699699e+03	8.415013431e-40	5.824111008e+02	
4.339711518e+02	8.519430533e+04	3.041100938e+05	6.102303711e+03	1.527000000e+07	1.920143750e+05	2.068653483e-03	7.954270451e+04	5.050836574e+03	8.519430533e-40	5.612040866e+02	
4.325769009e+02	8.625005824e+04	3.197539062e+05	6.462354492e+03	1.571405000e+07	1.923590000e+05	2.286982214e-03	8.078199816e+04	4.855130141e+03	8.625005824e-40	5.394589278e+02	
4.311861656e+02	8.731618276e+04	3.361675000e+05	6.842839844e+03	1.617006000e+07	1.927035469e+05	2.527714114e-03	8.203740227e+04	4.667471864e+03	8.731618276e-40	5.186080085e+02	
4.297989369e+02	8.839274739e+04	3.533853125e+05	7.244831055e+03	1.663827300e+07	1.930479844e+05	2.793080964e-03	8.330907676e+04	4.487512866e+03	8.839274739e-40	4.986125645e+02	
4.284152060e+02	8.947982072e+04	3.714471562e+05	7.669533203e+03	1.711903600e+07	1.933923125e+05	3.085530032e-03	8.459718246e+04	4.314920127e+03	8.947982072e-40	4.794355938e+02	
4.270349641e+02	9.057747147e+04	3.903905938e+05	8.118143066e+03	1.761261800e+07	1.937365625e+05	3.407744204e-03	8.590188116e+04	4.149375734e+03	9.057747147e-40	4.610417724e+02	
4.256582024e+02	9.168576843e+04	4.102567812e+05	8.591970703e+03	1.811935600e+07	1.940806719e+05	3.762663928e-03	8.722333553e+04	3.990576161e+03	9.168576843e-40	4.433973757e+02	
4.242849122e+02	9.280597630e+04	4.310885000e+05	9.092350586e+03	1.863954200e+07	1.944247031e+05	4.153564640e-03	8.855830444e+04	3.791791856e+03	9.280597630e-40	4.213102294e+02	
4.229150846e+02	9.393880653e+04	4.529313438e+05	9.620741211e+03	1.917353600e+07	1.947686406e+05	4.584021655e-03	8.990508661e+04	3.538295327e+03	9.393880653e-40	3.931439452e+02	
4.215487110e+02	9.508255582e+04	4.758307812e+05	1.017861328e+04	1.972164400e+07	1.951124531e+05	5.057831596e-03	9.126887696e+04	3.302322158e+03	9.508255582e-40	3.669247013e+02	
4.201857825e+02	9.623729413e+04	4.998357500e+05	1.076754297e+04	2.028420400e+07	1.954561719e+05	5.579231209e-03	9.264983779e+04	3.082622738e+03	9.623729413e-40	3.425136522e+02	
4.188262907e+02	9.740309152e+04	5.249973125e+05	1.138920312e+04	2.086158400e+07	1.957997656e+05	6.152858323e-03	9.404813228e+04	2.878039203e+03	9.740309152e-40	3.197821460e+02	
4.174702267e+02	9.858001812e+04	5.513689375e+05	1.204532520e+04	2.145412600e+07	1.961432812e+05	6.783788556e-03	9.546392443e+04	2.687498508e+03	9.858001812e-40	2.986109557e+02	
4.161175820e+02	9.976814415e+04	5.790035000e+05	1.273771777e+04	2.206217800e+07	1.964866562e+05	7.477575270e-03	9.689737915e+04	2.510006044e+03	9.976814415e-40	2.788895690e+02	
4.147683478e+02	1.009675399e+05	6.079620000e+05	1.346833984e+04	2.268614000e+07	1.968299688e+05	8.240293030e-03	9.834866217e+04	2.344639745e+03	1.009675399e-39	2.605155342e+02	
4.134225157e+02	1.021758260e+05	6.383020000e+05	1.423918848e+04	2.332637600e+07	1.971731250e+05	9.078366503e-03	9.976135166e+04	2.078676674e+03	1.021758260e-39	2.309640814e+02	
4.120800770e+02	1.033949543e+05	6.700868750e+05	1.505235840e+04	2.398324800e+07	1.975162188e+05	9.999183272e-03	1.011787518e+05	1.823440103e+03	1.033949543e-39	2.026044623e+02	
4.107410232e+02	1.046254999e+05	7.033820625e+05	1.591011328e+04	2.465718600e+07	1.978591406e+05	1.101071581e-02	1.026126401e+05	1.600071980e+03	1.046254999e-39	1.777857817e+02	
4.094053458e+02	1.058675324e+05	7.382561250e+05	1.681477344e+04	2.534857400e+07	1.982020000e+05	1.212163085e-02	1.040631566e+05	1.404528755e+03	1.058675324e-39	1.560587564e+02	
4.080730362e+02	1.071211217e+05	7.747798125e+05	1.776878320e+04	2.605781800e+07	1.985447344e+05	1.334139662e-02	1.055304423e+05	1.233287943e+03	1.071211217e-39	1.370319992e+02	
4.067440859e+02	1.083863379e+05	8.130262500e+05	1.877472070e+04	2.678534400e+07	1.988873594e+05	1.468035451e-02	1.070146386e+05	1.083279970e+03	1.083863379e-39	1.203644463e+02	
4.054184865e+02	1.096632508e+05	8.530755625e+05	1.983529102e+04	2.753157400e+07	1.992298594e+05	1.614979680e-02	1.085158874e+05	9.518290536e+02	1.096632508e-39	1.057587886e+02	
4.040962295e+02	1.109508350e+05	8.950050000e+05	2.095334180e+04	2.829695800e+07	1.995722656e+05	1.776187598e-02	1.100176142e+05	8.301613788e+02	1.109508350e-39	9.224015759e+01	
4.027773065e+02	1.122410279e+05	9.388992500e+05	2.213181250e+04	2.908191200e+07	1.999145156e+05	1.952858779e-02	1.113956043e+05	6.792681906e+02	1.122410279e-39	7.547424628e+01	
4.014617091e+02	1.135429137e+05	9.848480625e+05	2.337390234e+04	2.988694800e+07	2.002567031e+05	2.146589523e-02	1.127873140e+05	5.560831060e+02	1.135429137e-39	6.178701355e+01	
4.001494289e+02	1.148565604e+05	1.032938938e+06	2.468277344e+04	3.071244600e+07	2.005987344e+05	2.358976400e-02	1.141928360e+05	4.554673417e+02	1.148565604e-39	5.060748338e+01	
3.988404576e+02	1.161820355e+05	1.083268625e+06	2.606193945e+04	3.161161600e+07	2.009406719e+05	2.591760531e-02	1.156122628e+05	3.732444409e+02	1.161820355e-39	4.147160495e+01	
3.975347867e+02	1.175194070e+05	1.135935875e+06	2.751500977e+04	3.248238200e+07	2.012824688e+05	2.846840220e-02	1.170456874e+05	3.060183488e+02	1.175194070e-39	3.400203877e+01	
3.962324080e+02	1.188687424e+05	1.191045125e+06	2.904574023e+04	3.337525000e+07	2.016241719e+05	3.126284658e-02	1.184932027e+05	2.510261995e+02	1.188687424e-39	2.789179969e+01	
3.949333132e+02	1.202301098e+05	1.248701000e+06	3.065807422e+04	3.429070000e+07	2.019657500e+05	3.432348762e-02	1.199549019e+05	2.060191306e+02	1.202301098e-39	2.289101409e+01	
3.936374940e+02	1.215990921e+05	1.309019125e+06	3.235629688e+04	3.522934000e+07	2.023072344e+05	3.767350323e-02	1.214063550e+05	1.694187783e+02	1.215990921e-39	1.882430822e+01	
3.923449421e+02	1.229652976e+05	1.372107625e+06	3.414453516e+04	3.619155600e+07	2.026485625e+05	4.133578259e-02	1.227903917e+05	1.400734245e+02	1.229652976e-39	1.556371342e+01	
3.910556493e+02	1.243433498e+05	1.438096500e+06	3.602751562e+04	3.717799200e+07	2.029897969e+05	4.534346793e-02	1.241866568e+05	1.158665918e+02	1.243433498e-39	1.287406541e+01	
3.897696073e+02	1.257333125e+05	1.507109000e+06	3.801010938e+04	3.818924400e+07	2.033309219e+05	4.972811162e-02	1.255952183e+05	9.588893150e+01	1.257333125e-39	1.065432542e+01	
3.884868081e+02	1.271352492e+05	1.579274625e+06	4.009710547e+04	3.922573600e+07	2.036719062e+05	5.452405222e-02	1.270161440e+05	7.939368553e+01	1.271352492e-39	8.821520360e+00	
3.872072434e+02	1.285492235e+05	1.654729875e+06	4.229387500e+04	4.028811600e+07	2.040127812e+05	5.976865182e-02	1.284495017e+05	6.576732236e+01	1.285492235e-39	7.307480046e+00	
3.859309050e+02	1.299752990e+05	1.733621375e+06	4.460605859e+04	4.137704000e+07	2.043535781e+05	6.550255279e-02	1.298953592e+05	5.450552800e+01	1.299752990e-39	6.056169594e+00	
3.846577848e+02	1.314135390e+05	1.816093375e+06	4.703926172e+04	4.249300400e+07	2.046942344e+05	7.176995549e-02	1.313537843e+05	4.519356641e+01	1.314135390e-39	5.021507223e+00	
3.833878747e+02	1.328580211e+05	1.902298375e+06	4.959951172e+04	4.363664000e+07	2.050347344e+05	7.861537470e-02	1.328152158e+05	3.819765317e+01	1.328580211e-39	4.244183555e+00	
3.821211667e+02	1.342905534e+05	1.992400375e+06	5.229326172e+04	4.480859600e+07	2.053751406e+05	8.607845972e-02	1.342503512e+05	3.479766039e+01	1.342905534e-39	3.866406605e+00	
3.808576525e+02	1.357348613e+05	2.086565625e+06	5.512711719e+04	4.600950800e+07	2.057154531e+05	9.422847740e-02	1.356973167e+05	3.170775502e+01	1.357348613e-39	3.523083810e+00	
3.795973243e+02	1.371910023e+05	2.184964250e+06	5.810805469e+04	4.724003600e+07	2.060556250e+05	1.031266235e-01	1.371561702e+05	2.889899702e+01	1.371910023e-39	3.210999607e+00	
3.783401738e+02	1.386590338e+05	2.287780500e+06	6.124323047e+04	4.850078800e+07	2.063957188e+05	1.128393592e-01	1.386269697e+05	2.634520710e+01	1.386590338e-39	2.927245189e+00	
3.770861932e+02	1.401390131e+05	2.395201250e+06	6.454047656e+04	4.979252000e+07	2.067356562e+05	1.234388485e-01	1.401097731e+05	2.402269781e+01	1.401390131e-39	2.669188615e+00	
3.758353745e+02	1.416309974e+05	2.507418000e+06	6.800741406e+04	5.111579600e+07	2.070754688e+05	1.350034285e-01	1.416046382e+05	2.191003132e+01	1.416309974e-39	2.434447905e+00	
3.745877096e+02	1.431350440e+05	2.624638750e+06	7.165278906e+04	5.247146000e+07	2.074152031e+05	1.476181191e-01	1.431116228e+05	1.998780126e+01	1.431350440e-39	2.220866798e+00	
3.733431907e+02	1.446511821e+05	2.747070000e+06	7.548501562e+04	5.386010800e+07	2.077547969e+05	1.613751410e-01	1.446307548e+05	1.823929332e+01	1.446511821e-39	2.026588146e+00	
3.721018097e+02	1.461368257e+05	2.874935750e+06	7.951357812e+04	5.528258800e+07	2.080942812e+05	1.763231517e-01	1.461167194e+05	1.787629684e+01	1.461368257e-39	1.986255225e+00	
3.708635588e+02	1.476339238e+05	3.008457500e+06	8.374764844e+04	5.673952000e+07	2.084336719e+05	1.926127530e-01	1.476141466e+05	1.752141278e+01	1.476339238e-39	1.946823682e+00	
3.696284300e+02	1.491425261e+05	3.147878750e+06	8.819753125e+04	5.823174800e+07	2.087729375e+05	2.103603939e-01	1.491230858e+05	1.717444227e+01	1.491425261e-39	1.908271420e+00	
3.683964156e+02	1.506626818e+05	3.293440000e+06	9.287350000e+04	5.975998800e+07	2.091120781e+05	2.296922773e-01	1.506435866e+05	1.683519171e+01	1.506626818e-39	1.870576931e+00	
3.671675076e+02	1.521944402e+05	3.445404750e+06	9.778678125e+04	6.132511200e+07	2.094511250e+05	2.507451476e-01	1.521756982e+05	1.650347263e+01	1.521944402e-39	1.833719272e+00	
3.659416983e+02	1.537378505e+05	3.604039750e+06	1.029486484e+05	6.292787600e+07	2.097900938e+05	2.736671372e-01	1.537194700e+05	1.617910153e+01	1.537378505e-39	1.797678055e+00	
3.647189797e+02	1.552929617e+05	3.769608000e+06	1.083710391e+05	6.456907200e+07	2.101289062e+05	2.986186796e-01	1.552749509e+05	1.586189975e+01	1.552929617e-39	1.762433428e+00	
3.634993442e+02	1.568598227e+05	3.942411500e+06	1.140666641e+05	6.624959600e+07	2.104676094e+05	3.257734929e-01	1.568421900e+05	1.555169332e+01	1.568598227e-39	1.727966061e+00	
3.622827839e+02	1.584026914e+05	4.122738250e+06	1.200483281e+05	6.797023200e+07	2.108062344e+05	3.552393472e-01	1.583851840e+05	1.542693802e+01	1.584026914e-39	1.714104353e+00	
3.610692911e+02	1.599353785e+05	4.310906500e+06	1.263300781e+05	6.973192000e+07	2.111447500e+05	3.872339381e-01	1.599178441e+05	1.540945613e+01	1.599353785e-39	1.712161899e+00	
3.598588580e+02	1.614789750e+05	4.507236000e+06	1.329260625e+05	7.153550400e+07	2.114831562e+05	4.220183436e-01	1.614614147e+05	1.539203807e+01	1.614789750e-39	1.710226536e+00	
3.586514770e+02	1.630335208e+05	4.712055500e+06	1.398512969e+05	7.338190400e+07	2.118214844e+05	4.598276141e-01	1.630159359e+05	1.537468353e+01	1.630335208e-39	1.708298233e+00	
3.574471403e+02	1.645990557e+05	4.925719000e+06	1.471214375e+05	7.527204800e+07	2.121596875e+05	5.009158916e-01	1.645814473e+05	1.535739225e+01	1.645990557e-39	1.706376957e+00	
3.562458403e+02	1.661756194e+05	5.148582500e+06	1.547526094e+05	7.720680800e+07	2.124977656e+05	5.455579014e-01	1.661579888e+05	1.534016394e+01	1.661756194e-39	1.704462678e+00	
3.550475693e+02	1.677632514e+05	5.381025500e+06	1.627622188e+05	7.918724000e+07	2.128358125e+05	5.940505539e-01	1.677455998e+05	1.532299832e+01	1.677632514e-39	1.702555366e+00	
3.538523197e+02	1.693619909e+05	5.623435000e+06	1.711680625e+05	8.121428000e+07	2.131737344e+05	6.467146675e-01	1.693443196e+05	1.530589512e+01	1.693619909e-39	1.700654989e+00	
3.526600838e+02	1.709664941e+05	5.876215000e+06	1.799886406e+05	8.328889600e+07	2.135115625e+05	7.038746558e-01	1.709487999e+05	1.528942493e+01	1.709664941e-39	1.698824948e+00	
3.514708541e+02	1.725140321e+05	6.139781000e+06	1.892435000e+05	8.541212000e+07	2.138492969e+05	7.656210902e-01	1.724962614e+05	1.528015985e+01	1.725140321e-39	1.697795501e+00	
3.502846229e+02	1.740716230e+05	6.414567500e+06	1.989529375e+05	8.758496800e+07	2.141869062e+05	8.326075966e-01	1.740537759e+05	1.527092372e+01	1.740716230e-39	1.696769271e+00	
3.491013828e+02	1.756392963e+05	6.701040500e+06	2.091385000e+05	8.980855200e+07	2.145245000e+05	9.052634843e-01	1.756213732e+05	1.526171644e+01	1.756392963e-39	1.695746247e+00	
3.479211261e+02	1.772170817e+05	6.999645000e+06	2.198222188e+05	9.208392000e+07	2.148619688e+05	9.840519367e-01	1.771990828e+05	1.525253791e+01	1.772170817e-39	1.694726416e+00	
3.467438454e+02	1.788050086e+05	7.310878500e+06	2.310268438e+05	9.441207200e+07	2.151993594e+05	1.069472578e+00	1.787869342e+05	1.524338802e+01	1.788050086e-39	1.693709768e+00	
3.455695331e+02	1.804031060e+05	7.635252000e+06	2.427771406e+05	9.679424800e+07	2.155366719e+05	1.162064228e+00	1.803849564e+05	1.523426667e+01	1.804031060e-39	1.692696291e+00	
3.443981818e+02	1.820114032e+05	7.973267500e+06	2.550976719e+05	9.923143200e+07	2.158739219e+05	1.262407852e+00	1.819931786e+05	1.522517375e+01	1.820114032e-39	1.691685974e+00	
3.432297840e+02	1.836299288e+05	8.325499000e+06	2.680159062e+05	1.017249920e+08	2.162110781e+05	1.371129726e+00	1.836116296e+05	1.521610917e+01	1.836299288e-39	1.690678805e+00	
3.420643322e+02	1.852285970e+05	8.692491000e+06	2.815586875e+05	1.042759840e+08	2.165481875e+05	1.488662753e+00	1.852101672e+05	4.880083434e-01	5.805125157e-38	5.887387365e-02	
3.409018191e+02	1.867758537e+05	9.074821000e+06	2.957545625e+05	1.068855680e+08	2.168852188e+05	1.615405737e+00	1.867571782e+05	1.534879774e-05	1.892390161e-33	2.372966241e-06	
3.397422371e+02	1.883320847e+05	9.473107000e+06	3.106338125e+05	1.095550400e+08	2.172221719e+05	1.752578362e+00	1.883131614e+05	4.955345054e-10	6.009384676e-29	9.811633458e-11	
3.385855790e+02	1.898973093e+05	9.887988000e+06	3.262278750e+05	1.122856480e+08	2.175590469e+05	1.901008338e+00	1.898781360e+05	1.642091059e-14	1.859080743e-24	4.161442894e-15	
3.374318373e+02	1.914715466e+05	1.032008100e+07	3.425690000e+05	1.150786240e+08	2.178959219e+05	2.061586560e+00	1.914521211e+05	5.584905345e-19	5.603302180e-20	1.810387582e-19	
3.362810047e+02	1.930548155e+05	1.077008400e+07	3.596912500e+05	1.179352480e+08	2.182326875e+05	2.235271742e+00	1.930351355e+05	1.949400901e-23	1.645492584e-15	8.077861161e-24	
3.351330739e+02	1.946471347e+05	1.123870000e+07	3.776303750e+05	1.208568960e+08	2.185694062e+05	2.423095362e+00	1.946271980e+05	6.982723803e-28	4.708497939e-11	3.696499724e-28	
3.339880375e+02	1.962485227e+05	1.172665100e+07	3.964234062e+05	1.238448800e+08	2.189061094e+05	2.626166959e+00	1.962283271e+05	2.566602337e-32	1.312900505e-06	1.734709608e-32	
3.328458883e+02	1.978589978e+05	1.223468500e+07	4.161090625e+05	1.269005920e+08	2.192427344e+05	2.845679798e+00	1.978385411e+05	9.679971103e-37	3.567570428e-02	8.347897594e-37	
3.317066189e+02	1.994355547e+05	1.276358800e+07	4.367270625e+05	1.300253600e+08	2.195793906e+05	3.082252002e+00	1.994144560e+05	1.994355547e-39	1.793708006e+01	1.994355547e-39	
3.305702221e+02	2.009532799e+05	1.331415700e+07	4.583198750e+05	1.332206560e+08	2.199159531e+05	3.336700542e+00	2.009309395e+05	2.009532799e-39	1.874988008e+01	2.009532799e-39	
3.294366907e+02	2.024786845e+05	1.388724500e+07	4.809313438e+05	1.364879200e+08	2.202524688e+05	3.611432142e+00	2.024550880e+05	2.024786845e-39	1.959732128e+01	2.024786845e-39	
3.283060174e+02	2.040117782e+05	1.448371100e+07	5.046070938e+05	1.398286400e+08	2.205890000e+05	3.908004397e+00	2.039869110e+05	2.040117782e-39	2.048078146e+01	2.040117782e-39	
3.271781950e+02	2.055525704e+05	1.510445100e+07	5.293940000e+05	1.432442080e+08	2.209254688e+05	4.228089818e+00	2.055264179e+05	2.055525704e-39	2.140168902e+01	2.055525704e-39	
3.260532164e+02	2.071010703e+05	1.575041900e+07	5.553427500e+05	1.467363360e+08	2.212619375e+05	4.573483951e+00	2.070736178e+05	2.071010703e-39	2.236152467e+01	2.071010703e-39	
3.249310744e+02	2.086572870e+05	1.642256200e+07	5.825053750e+05	1.503065600e+08	2.215984219e+05	4.946114042e+00	2.086285198e+05	2.086572870e-39	2.336182316e+01	2.086572870e-39	
3.238117617e+02	2.102212294e+05	1.712185600e+07	6.109334375e+05	1.539561600e+08	2.219348438e+05	5.348048290e+00	2.101911326e+05	2.102212294e-39	2.440417507e+01	2.102212294e-39	
3.226952714e+02	2.117929062e+05	1.784939600e+07	6.406858125e+05	1.576871840e+08	2.222713125e+05	5.781505711e+00	2.117614650e+05	2.117929062e-39	2.549022867e+01	2.117929062e-39	
3.215815962e+02	2.133404911e+05	1.860622000e+07	6.718200000e+05	1.615010880e+08	2.226077500e+05	6.247934657e+00	2.133057781e+05	2.133404911e-39	2.735656647e+01	2.133404911e-39	
3.204707291e+02	2.147966900e+05	1.939343600e+07	7.043964375e+05	1.653995200e+08	2.229442031e+05	6.747571425e+00	2.147527388e+05	2.147966900e-39	3.192279737e+01	2.147966900e-39	
3.193626629e+02	2.162591190e+05	2.021220000e+07	7.384795000e+05	1.693842400e+08	2.234770625e+05	7.285749882e+00	2.162058294e+05	2.162591190e-39	3.723670623e+01	2.162591190e-39	
3.182573907e+02	2.177277799e+05	2.106372200e+07	7.741344375e+05	1.734569120e+08	2.238233594e+05	7.865330820e+00	2.176650510e+05	2.177277799e-39	4.341831511e+01	2.177277799e-39	
3.171549054e+02	2.192026738e+05	2.194922000e+07	8.114305625e+05	1.776193760e+08	2.241702344e+05	8.489378760e+00	2.191304046e+05	2.192026738e-39	5.060652182e+01	2.192026738e-39	
3.160551999e+02	2.206838020e+05	2.286996000e+07	8.504403750e+05	1.818734720e+08	2.245175469e+05	9.161175828e+00	2.206018910e+05	2.206838020e-39	5.896200620e+01	2.206838020e-39	
3.149582673e+02	2.221711656e+05	2.382729000e+07	8.912369375e+05	1.862208640e+08	2.248654531e+05	9.884236522e+00	2.220795110e+05	2.221711656e-39	6.867057398e+01	2.221711656e-39	
3.138641005e+02	2.236647655e+05	2.482257600e+07	9.338997500e+05	1.906636480e+08	2.252139375e+05	1.066232344e+01	2.235632651e+05	2.236647655e-39	7.994700289e+01	2.236647655e-39	
3.127726926e+02	2.251646024e+05	2.585723600e+07	9.785091250e+05	1.952036480e+08	2.255630156e+05	1.149946402e+01	2.250531537e+05	2.251646024e-39	9.303946457e+01	2.251646024e-39	
3.116840366e+02	2.266706771e+05	2.693273400e+07	1.025150000e+06	1.998428160e+08	2.259127500e+05	1.239996835e+01	2.265491771e+05	2.266706771e-39	1.082346066e+02	2.266706771e-39	
3.105981256e+02	2.280499221e+05	2.805062000e+07	1.073911250e+06	2.045832800e+08	2.262631406e+05	1.336065027e+01	2.278650139e+05	2.280499221e-39	1.324959691e+02	2.280499221e-39	
3.095149527e+02	2.294162075e+05	2.921239200e+07	1.124880875e+06	2.094266720e+08	2.266142344e+05	1.439193271e+01	2.291601735e+05	2.294162075e-39	1.632267073e+02	2.294162075e-39	
3.084345109e+02	2.307872025e+05	3.041972000e+07	1.178155375e+06	2.143752480e+08	2.269660625e+05	1.549991163e+01	2.304594011e+05	2.307872025e-39	2.009793142e+02	2.307872025e-39	
3.073567934e+02	2.321629028e+05	3.167436000e+07	1.233837125e+06	2.194313440e+08	2.273186875e+05	1.669006809e+01	2.317626909e+05	2.321629028e-39	2.473339096e+02	2.321629028e-39	
3.062817933e+02	2.335433037e+05	3.297788600e+07	1.292023250e+06	2.245965440e+08	2.276721406e+05	1.796825838e+01	2.330700370e+05	2.335433037e-39	3.042206580e+02	2.335433037e-39	
3.052095037e+02	2.349284006e+05	3.433229600e+07	1.352826875e+06	2.298735840e+08	2.280264531e+05	1.934073847e+01	2.343814334e+05	2.349284006e-39	3.739960797e+02	2.349284006e-39	
3.041399179e+02	2.363181886e+05	3.573933600e+07	1.416358250e+06	2.352645440e+08	2.283816562e+05	2.081419015e+01	2.356968740e+05	2.363181886e-39	4.595357249e+02	2.363181886e-39	
3.030730290e+02	2.377126630e+05	3.720096000e+07	1.482730250e+06	2.407766240e+08	2.287378125e+05	2.239574858e+01	2.370163527e+05	2.377126630e-39	5.643466624e+02	2.377126630e-39	
3.020088301e+02	2.391118188e+05	3.871922000e+07	1.552068375e+06	2.464023680e+08	2.290949531e+05	2.409303168e+01	2.383398631e+05	2.391118188e-39	6.927039470e+02	2.391118188e-39	
3.009473146e+02	2.404657210e+05	4.029602800e+07	1.624492000e+06	2.521485120e+08	2.294531250e+05	2.590879212e+01	2.395171611e+05	2.404657210e-39	8.459969047e+02	2.404657210e-39	
2.998884756e+02	2.417028531e+05	4.193374400e+07	1.700140125e+06	2.582868800e+08	2.298194688e+05	2.784235625e+01	2.403337377e+05	2.417028531e-39	1.021540457e+03	2.417028531e-39	
2.988323065e+02	2.429432065e+05	4.363445200e+07	1.779145250e+06	2.642937280e+08	2.301801875e+05	2.991479206e+01	2.411510287e+05	2.429432065e-39	1.232922832e+03	2.429432065e-39	
2.977788003e+02	2.441867735e+05	4.540037200e+07	1.861644125e+06	2.704287360e+08	2.305421094e+05	3.213567097e+01	2.419690278e+05	2.441867735e-39	1.487340031e+03	2.441867735e-39	
2.967279506e+02	2.454335463e+05	4.723406000e+07	1.947793875e+06	2.766952320e+08	2.309052969e+05	3.451519533e+01	2.427877286e+05	2.454335463e-39	1.793408426e+03	2.454335463e-39	
2.956797505e+02	2.466835172e+05	4.913777600e+07	2.037737750e+06	2.830949760e+08	2.312697500e+05	3.706423804e+01	2.436071246e+05	2.466835172e-39	2.161440227e+03	2.466835172e-39	
2.946341934e+02	2.479366782e+05	5.111417600e+07	2.131641000e+06	2.896312640e+08	2.316356250e+05	3.979438450e+01	2.444272096e+05	2.479366782e-39	2.603771420e+03	2.479366782e-39	
2.935912726e+02	2.491930215e+05	5.316579600e+07	2.229666250e+06	2.963064000e+08	2.320028750e+05	4.271797710e+01	2.452479771e+05	2.491930215e-39	3.135151980e+03	2.491930215e-39	
2.925509814e+02	2.504525390e+05	5.529534400e+07	2.331985000e+06	3.031230400e+08	2.323716406e+05	4.584816232e+01	2.460694207e+05	2.504525390e-39	3.773209966e+03	2.504525390e-39	
2.915133133e+02	2.517152228e+05	5.750575200e+07	2.438783250e+06	3.100846400e+08	2.327419844e+05	4.919894055e+01	2.468915340e+05	2.517152228e-39	4.539003221e+03	2.517152228e-39	
2.904782616e+02	2.528928261e+05	5.979971600e+07	2.550237500e+06	3.171933120e+08	2.331139062e+05	5.276680632e+01	2.472758276e+05	2.528928261e-39	5.304848710e+03	2.528928261e-39	
2.894458198e+02	2.539714243e+05	6.218035200e+07	2.666545000e+06	3.244521600e+08	2.334875312e+05	5.656080961e+01	2.471575751e+05	2.539714243e-39	5.999065028e+03	2.539714243e-39	
2.884159812e+02	2.550518857e+05	6.465074000e+07	2.787910500e+06	3.318644480e+08	2.338629062e+05	6.061699340e+01	2.470396770e+05	2.550518857e-39	6.782026226e+03	2.550518857e-39	
2.873887392e+02	2.561342019e+05	6.721406400e+07	2.914539750e+06	3.394329280e+08	2.342401719e+05	6.495271721e+01	2.469221323e+05	2.561342019e-39	7.664803545e+03	2.561342019e-39	
2.863640874e+02	2.572183646e+05	6.987360800e+07	3.046648500e+06	3.471606400e+08	2.346193125e+05	6.958643788e+01	2.468049397e+05	2.572183646e-39	8.659814672e+03	2.572183646e-39	
2.853420192e+02	2.583043654e+05	7.263274400e+07	3.184463000e+06	3.550508160e+08	2.350004688e+05	7.453777547e+01	2.466880980e+05	2.583043654e-39	9.780983181e+03	2.583043654e-39	
2.843225281e+02	2.593921957e+05	7.549504000e+07	3.328214500e+06	3.631062080e+08	2.353837031e+05	7.982758291e+01	2.465716060e+05	2.593921957e-39	1.104391633e+04	2.593921957e-39	
2.833056075e+02	2.604818471e+05	7.846426400e+07	3.478160000e+06	3.713310720e+08	2.357691094e+05	8.547801964e+01	2.464554626e+05	2.604818471e-39	1.246610330e+04	2.604818471e-39	
2.822912511e+02	2.615733111e+05	8.154398400e+07	3.634535250e+06	3.797276800e+08	2.361567969e+05	9.151262932e+01	2.463396665e+05	2.615733111e-39	1.406713605e+04	2.615733111e-39	
2.812794523e+02	2.626665791e+05	8.473819200e+07	3.797614000e+06	3.882999360e+08	2.365467812e+05	9.795642202e+01	2.462242165e+05	2.626665791e-39	1.586895547e+04	2.626665791e-39	
2.802702047e+02	2.636814086e+05	8.805096000e+07	3.967669500e+06	3.970513920e+08	2.369392031e+05	1.048040744e+02	2.458693530e+05	2.636814086e-39	1.752506619e+04	2.636814086e-39	
2.792635019e+02	2.645710253e+05	9.148647200e+07	4.144985500e+06	4.059853120e+08	2.373342500e+05	1.120577127e+02	2.451400204e+05	2.645710253e-39	1.872227632e+04	2.645710253e-39	
2.782593374e+02	2.654613891e+05	9.504879200e+07	4.329848500e+06	4.151051200e+08	2.377318750e+05	1.197931701e+02	2.444146822e+05	2.654613891e-39	1.999794050e+04	2.654613891e-39	
2.772577048e+02	2.663524928e+05	9.874272800e+07	4.522580500e+06	4.244150720e+08	2.381323125e+05	1.280410612e+02	2.436933109e+05	2.663524928e-39	2.135697369e+04	2.663524928e-39	
2.762585978e+02	2.672443297e+05	1.025725040e+08	4.723483500e+06	4.339181440e+08	2.385356250e+05	1.368338539e+02	2.429758796e+05	2.672443297e-39	2.280458404e+04	2.672443297e-39	
2.752620100e+02	2.681368927e+05	1.065430960e+08	4.932897500e+06	4.436184960e+08	2.389418594e+05	1.462059758e+02	2.422623613e+05	2.681368927e-39	2.434628942e+04	2.681368927e-39	
2.742679350e+02	2.690301749e+05	1.106593840e+08	5.151167500e+06	4.535202880e+08	2.393512188e+05	1.561939265e+02	2.415527295e+05	2.690301749e-39	2.598793491e+04	2.690301749e-39	
2.732763666e+02	2.699241694e+05	1.149263920e+08	5.378647000e+06	4.636270080e+08	2.397638906e+05	1.668363956e+02	2.408469579e+05	2.699241694e-39	2.773571110e+04	2.699241694e-39	
2.722872983e+02	2.708188694e+05	1.193493600e+08	5.615708500e+06	4.739430400e+08	2.401798281e+05	1.781743873e+02	2.401450201e+05	2.708188694e-39	2.959617351e+04	2.708188694e-39	
2.713007239e+02	2.717142677e+05	1.239337760e+08	5.862738500e+06	4.844723840e+08	2.405992656e+05	1.902513518e+02	2.394468903e+05	2.717142677e-39	3.157626290e+04	2.717142677e-39	
2.703166371e+02	2.725997242e+05	1.286850480e+08	6.120129000e+06	4.952189760e+08	2.410223438e+05	2.031053995e+02	2.387392842e+05	2.725997242e-39	3.364179152e+04	2.725997242e-39	
2.693350316e+02	2.732754806e+05	1.336092240e+08	6.388310000e+06	5.061876800e+08	2.414492344e+05	2.166254146e+02	2.377749431e+05	2.732754806e-39	3.497503786e+04	2.732754806e-39	
2.683559011e+02	2.739512019e+05	1.387120320e+08	6.667695000e+06	5.173822080e+08	2.418799688e+05	2.310078696e+02	2.368169142e+05	2.739512019e-39	3.635755853e+04	2.739512019e-39	
2.673792395e+02	2.746268840e+05	1.439995520e+08	6.958737500e+06	5.288071040e+08	2.423147812e+05	2.463052965e+02	2.358651464e+05	2.746268840e-39	3.779103429e+04	2.746268840e-39	
2.664050405e+02	2.753025226e+05	1.494784800e+08	7.261915000e+06	5.404675840e+08	2.427538281e+05	2.625732697e+02	2.349195891e+05	2.753025226e-39	3.927719810e+04	2.753025226e-39	
2.654332979e+02	2.759781136e+05	1.551551040e+08	7.577689000e+06	5.523672320e+08	2.431973281e+05	2.798705724e+02	2.339801922e+05	2.759781136e-39	4.081783650e+04	2.759781136e-39	
2.644640054e+02	2.766536527e+05	1.610362720e+08	7.906570500e+06	5.645115520e+08	2.436452812e+05	2.982593720e+02	2.330469063e+05	2.766536527e-39	4.241479109e+04	2.766536527e-39	
2.634971570e+02	2.773291358e+05	1.671292960e+08	8.249090500e+06	5.769054720e+08	2.440980000e+05	3.178054037e+02	2.321196822e+05	2.773291358e-39	4.406996007e+04	2.773291358e-39	
2.625327464e+02	2.780045588e+05	1.734411200e+08	8.605781000e+06	5.895536640e+08	2.445556562e+05	3.385781647e+02	2.311984713e+05	2.780045588e-39	4.578529977e+04	2.780045588e-39	
2.615707676e+02	2.786799174e+05	1.799793280e+08	8.977201000e+06	6.024611200e+08	2.450184062e+05	3.606511172e+02	2.302832253e+05	2.786799174e-39	4.756282623e+04	2.786799174e-39	
2.606112143e+02	2.793552077e+05	1.867516640e+08	9.363940000e+06	6.156330240e+08	2.454864375e+05	3.841019026e+02	2.293738966e+05	2.793552077e-39	4.940461680e+04	2.793552077e-39	
2.596540804e+02	2.799306015e+05	1.937660480e+08	9.766588000e+06	6.290744320e+08	2.459599844e+05	4.088667704e+02	2.283843254e+05	2.799306015e-39	5.104195782e+04	2.799306015e-39	
2.586993600e+02	2.803737192e+05	2.010306400e+08	1.018577100e+07	6.427905280e+08	2.464391875e+05	4.349550091e+02	2.272883535e+05	2.803737192e-39	5.236207981e+04	2.803737192e-39	
2.577470467e+02	2.808164183e+05	2.085545120e+08	1.062218300e+07	6.567881600e+08	2.469243750e+05	4.626356816e+02	2.262003845e+05	2.808164183e-39	5.371288636e+04	2.808164183e-39	
2.567971347e+02	2.812586976e+05	2.163456800e+08	1.107643200e+07	6.710707840e+08	2.474156406e+05	4.920014159e+02	2.251203469e+05	2.812586976e-39	5.509500182e+04	2.812586976e-39	
2.558496179e+02	2.817005556e+05	2.244138880e+08	1.154928100e+07	6.856458240e+08	2.479133281e+05	5.231499505e+02	2.240481699e+05	2.817005556e-39	5.650906116e+04	2.817005556e-39	
2.549044901e+02	2.821419910e+05	2.327682400e+08	1.204143100e+07	7.005184640e+08	2.484176094e+05	5.561843999e+02	2.229837835e+05	2.821419910e-39	5.795571012e+04	2.821419910e-39	
2.539617455e+02	2.825830026e+05	2.414186880e+08	1.255364600e+07	7.156948480e+08	2.489287969e+05	5.912135328e+02	2.219271185e+05	2.825830026e-39	5.943560535e+04	2.825830026e-39	
2.530213779e+02	2.830235888e+05	2.503750400e+08	1.308671300e+07	7.311809280e+08	2.494470156e+05	6.283520652e+02	2.208781061e+05	2.830235888e-39	6.094941453e+04	2.830235888e-39	
2.520833814e+02	2.834637485e+05	2.596477920e+08	1.364143600e+07	7.469827200e+08	2.499726406e+05	6.677209662e+02	2.198366785e+05	2.834637485e-39	6.249781652e+04	2.834637485e-39	
2.511477500e+02	2.839034803e+05	2.692473280e+08	1.421865700e+07	7.631063040e+08	2.505059062e+05	7.094477794e+02	2.188027686e+05	2.839034803e-39	6.408150152e+04	2.839034803e-39	
2.502144777e+02	2.843427829e+05	2.791852480e+08	1.481928500e+07	7.795592320e+08	2.510471094e+05	7.536669592e+02	2.177763098e+05	2.843427829e-39	6.570117119e+04	2.843427829e-39	
2.492835587e+02	2.846572717e+05	2.894728320e+08	1.544421900e+07	7.963476480e+08	2.515965625e+05	8.001704916e+02	2.166614980e+05	2.846572717e-39	6.710698880e+04	2.846572717e-39	
2.483549869e+02	2.848568916e+05	3.001217280e+08	1.609439700e+07	8.134779520e+08	2.521545312e+05	8.490740393e+02	2.154676577e+05	2.848568916e-39	6.830482413e+04	2.848568916e-39	
2.474287564e+02	2.850561477e+05	3.111440640e+08	1.677079500e+07	8.309571200e+08	2.527213281e+05	9.008316434e+02	2.142833811e+05	2.850561477e-39	6.952093899e+04	2.850561477e-39	
2.465048614e+02	2.852550401e+05	3.225526400e+08	1.747445200e+07	8.487924480e+08	2.532972500e+05	9.556016871e+02	2.131085751e+05	2.852550401e-39	7.075555733e+04	2.852550401e-39	
2.455832959e+02	2.854535693e+05	3.343607360e+08	1.820643400e+07	8.669917440e+08	2.538827344e+05	1.013550867e+03	2.119431479e+05	2.854535693e-39	7.200890499e+04	2.854535693e-39	
2.446640541e+02	2.856517356e+05	3.465815360e+08	1.896783400e+07	8.855619840e+08	2.544781094e+05	1.074854605e+03	2.107870086e+05	2.856517356e-39	7.328120969e+04	2.856517356e-39	
2.437471301e+02	2.858495393e+05	3.592284160e+08	1.975975200e+07	9.045097600e+08	2.550836250e+05	1.139697475e+03	2.096400673e+05	2.858495393e-39	7.457270105e+04	2.858495393e-39	
2.428325181e+02	2.860469807e+05	3.723168960e+08	2.058344000e+07	9.238443520e+08	2.556997500e+05	1.208273653e+03	2.085022351e+05	2.860469807e-39	7.588361060e+04	2.860469807e-39	
2.419202122e+02	2.862440601e+05	3.858611200e+08	2.144010200e+07	9.435728640e+08	2.563268281e+05	1.280787386e+03	2.073734243e+05	2.862440601e-39	7.721417175e+04	2.862440601e-39	
2.410102066e+02	2.864407778e+05	3.998766080e+08	2.233101600e+07	9.637039360e+08	2.569653125e+05	1.357453482e+03	2.062535478e+05	2.864407778e-39	7.856461983e+04	2.864407778e-39	
2.401024956e+02	2.866371343e+05	4.143791680e+08	2.325747800e+07	9.842450560e+08	2.576273125e+05	1.438497822e+03	2.051425200e+05	2.866371343e-39	7.993519209e+04	2.866371343e-39	
2.391970733e+02	2.867444917e+05	4.293855040e+08	2.422093800e+07	1.005205952e+09	2.582902031e+05	1.523686315e+03	2.039764578e+05	2.867444917e-39	8.119977042e+04	2.867444917e-39	
2.382939340e+02	2.866467556e+05	4.449120000e+08	2.522273600e+07	1.026593664e+09	2.589657188e+05	1.612531717e+03	2.026733789e+05	2.866467556e-39	8.218516248e+04	2.866467556e-39	
2.373930719e+02	2.865492991e+05	4.609766400e+08	2.626444000e+07	1.048418432e+09	2.596544219e+05	1.706313805e+03	2.013818788e+05	2.865492991e-39	8.317998276e+04	2.865492991e-39	
2.364944812e+02	2.864521214e+05	4.775974080e+08	2.734753200e+07	1.070689024e+09	2.603566562e+05	1.805292759e+03	2.001018339e+05	2.864521214e-39	8.418429094e+04	2.864521214e-39	
2.355981563e+02	2.863552215e+05	4.947928000e+08	2.847363800e+07	1.093414144e+09	2.610729844e+05	1.909741691e+03	1.988331222e+05	2.863552215e-39	8.519814681e+04	2.863552215e-39	
2.347040915e+02	2.862585986e+05	5.125827200e+08	2.964442000e+07	1.116604416e+09	2.618039531e+05	2.019947244e+03	1.975756232e+05	2.862585986e-39	8.622161020e+04	2.862585986e-39	
2.338122810e+02	2.861622519e+05	5.309870400e+08	3.086160800e+07	1.140268928e+09	2.625499688e+05	2.136210221e+03	1.963292178e+05	2.861622519e-39	8.725474099e+04	2.861622519e-39	
2.329227191e+02	2.860661803e+05	5.500262400e+08	3.212700600e+07	1.164418176e+09	2.633116875e+05	2.258846240e+03	1.950937884e+05	2.860661803e-39	8.829759916e+04	2.860661803e-39	
2.320354002e+02	2.859703831e+05	5.697216640e+08	3.344243000e+07	1.189061632e+09	2.640895938e+05	2.388186416e+03	1.938692189e+05	2.859703831e-39	8.935024472e+04	2.859703831e-39	
2.311503186e+02	2.858748595e+05	5.900958080e+08	3.480987200e+07	1.214210944e+09	2.648843125e+05	2.524578071e+03	1.926553944e+05	2.858748595e-39	9.041273772e+04	2.858748595e-39	
2.302674687e+02	2.857796085e+05	6.111710080e+08	3.623127600e+07	1.239875328e+09	2.656964375e+05	2.668385480e+03	1.914522017e+05	2.857796085e-39	9.148513829e+04	2.857796085e-39	
2.293868449e+02	2.856846292e+05	6.329718400e+08	3.770881200e+07	1.266067456e+09	2.665265938e+05	2.819990639e+03	1.902595287e+05	2.856846292e-39	9.256750658e+04	2.856846292e-39	
2.285084415e+02	2.851610759e+05	6.555217920e+08	3.924459200e+07	1.292798208e+09	2.673754375e+05	2.975297602e+03	1.887883765e+05	2.851610759e-39	9.329286049e+04	2.851610759e-39	
2.276322529e+02	2.845016931e+05	6.788469760e+08	4.084089200e+07	1.320078720e+09	2.682435625e+05	3.137203188e+03	1.872397826e+05	2.845016931e-39	9.390289452e+04	2.845016931e-39	
2.267582736e+02	2.838454918e+05	7.029732480e+08	4.250000800e+07	1.347921024e+09	2.691317500e+05	3.307477200e+03	1.857077483e+05	2.838454918e-39	9.451536424e+04	2.838454918e-39	
2.258864980e+02	2.831924530e+05	7.279276800e+08	4.422439600e+07	1.376337152e+09	2.700406562e+05	3.486528284e+03	1.841920651e+05	2.831924530e-39	9.513026930e+04	2.831924530e-39	
2.250169205e+02	2.825425575e+05	7.537386240e+08	4.601663600e+07	1.405340928e+09	2.709710625e+05	3.674783812e+03	1.826925274e+05	2.825425575e-39	9.574760926e+04	2.825425575e-39	
2.241495357e+02	2.818957864e+05	7.804348800e+08	4.787928000e+07	1.434943360e+09	2.719237188e+05	3.872690679e+03	1.812089327e+05	2.818957864e-39	9.636738365e+04	2.818957864e-39	
2.232843378e+02	2.812521211e+05	8.080466560e+08	4.981509600e+07	1.465159168e+09	2.728993750e+05	4.080716132e+03	1.797410811e+05	2.812521211e-39	9.698959194e+04	2.812521211e-39	
2.224213216e+02	2.806115430e+05	8.366048640e+08	5.182690400e+07	1.496000896e+09	2.738989688e+05	4.299348633e+03	1.782887759e+05	2.806115430e-39	9.761423352e+04	2.806115430e-39	
2.215604813e+02	2.799740334e+05	8.661420800e+08	5.391765600e+07	1.527483264e+09	2.749232812e+05	4.529098752e+03	1.768518229e+05	2.799740334e-39	9.824130776e+04	2.799740334e-39	
2.207018116e+02	2.793395742e+05	8.966910720e+08	5.609038800e+07	1.559619456e+09	2.759731875e+05	4.770500100e+03	1.754300309e+05	2.793395742e-39	9.887081395e+04	2.793395742e-39	
2.198453071e+02	2.787081471e+05	9.282871040e+08	5.834836800e+07	1.592425856e+09	2.770495938e+05	5.024110291e+03	1.740232111e+05	2.787081471e-39	9.950275134e+04	2.787081471e-39	
2.189909621e+02	2.780797339e+05	9.609651200e+08	6.069481200e+07	1.625915392e+09	2.781534062e+05	5.290511946e+03	1.726311776e+05	2.780797339e-39	1.001371191e+05	2.780797339e-39	
2.181387713e+02	2.767683181e+05	9.947626240e+08	6.313322800e+07	1.660104704e+09	2.792858125e+05	5.556185813e+03	1.708148100e+05	2.767683181e-39	1.002598477e+05	2.767683181e-39	
2.172887293e+02	2.753581870e+05	1.029717888e+09	6.566716800e+07	1.695010048e+09	2.804475312e+05	5.832129619e+03	1.689532466e+05	2.753581870e-39	1.003009889e+05	2.753581870e-39	
2.164408306e+02	2.739587688e+05	1.065870656e+09	6.830033600e+07	1.730646144e+09	2.816398438e+05	6.121029839e+03	1.671165881e+05	2.739587688e-39	1.003420433e+05	2.739587688e-39	
2.155950698e+02	2.725699645e+05	1.103262464e+09	7.103668000e+07	1.767031808e+09	2.828637812e+05	6.423457900e+03	1.653044514e+05	2.725699645e-39	1.003830109e+05	2.725699645e-39	
2.147514416e+02	2.711916758e+05	1.141934720e+09	7.388017600e+07	1.804183552e+09	2.841204062e+05	6.740008705e+03	1.635164597e+05	2.711916758e-39	1.004238918e+05	2.711916758e-39	
2.139099405e+02	2.698238055e+05	1.181932544e+09	7.683498400e+07	1.842117888e+09	2.854110000e+05	7.071301520e+03	1.617522430e+05	2.698238055e-39	1.004646863e+05	2.698238055e-39	
2.130705612e+02	2.684662577e+05	1.223302016e+09	7.990553600e+07	1.880854272e+09	2.867366562e+05	7.417980893e+03	1.600114375e+05	2.684662577e-39	1.005053944e+05	2.684662577e-39	
2.122332984e+02	2.671189372e+05	1.266089728e+09	8.309632800e+07	1.920411264e+09	2.880987500e+05	7.780717604e+03	1.582936855e+05	2.671189372e-39	1.005460163e+05	2.671189372e-39	
2.113981467e+02	2.657817500e+05	1.310345344e+09	8.641212000e+07	1.960808192e+09	2.894984688e+05	8.160209648e+03	1.565986356e+05	2.657817500e-39	1.005865521e+05	2.657817500e-39	
2.105651007e+02	2.644546031e+05	1.356119936e+09	8.985780000e+07	2.002064896e+09	2.909372812e+05	8.557183249e+03	1.549259423e+05	2.644546031e-39	1.006270020e+05	2.644546031e-39	
2.097341553e+02	2.631374044e+05	1.403466368e+09	9.343847200e+07	2.044200960e+09	2.924165000e+05	8.972393912e+03	1.532752660e+05	2.631374044e-39	1.006673661e+05	2.631374044e-39	
2.089053050e+02	2.618300629e+05	1.452439680e+09	9.715956800e+07	2.087238656e+09	2.939376562e+05	9.406627506e+03	1.516462727e+05	2.618300629e-39	1.007076445e+05	2.618300629e-39	
2.080785446e+02	2.599615389e+05	1.503097344e+09	1.010265440e+08	2.131199232e+09	2.955022812e+05	9.835820961e+03	1.496810988e+05	2.599615389e-39	1.003102241e+05	2.599615389e-39	
2.072538689e+02	2.577373792e+05	1.555496576e+09	1.050451760e+08	2.176104192e+09	2.971117812e+05	1.026630006e+04	1.475136839e+05	2.577373792e-39	9.962858942e+04	2.577373792e-39	
2.064312725e+02	2.555377852e+05	1.609700224e+09	1.092215280e+08	2.221977856e+09	2.987678750e+05	1.071446240e+04	1.453830005e+05	2.555377852e-39	9.895328784e+04	2.555377852e-39	
2.056107502e+02	2.533624383e+05	1.665772672e+09	1.135619280e+08	2.268843264e+09	3.004724062e+05	1.118098404e+04	1.432883490e+05	2.533624383e-39	9.828424905e+04	2.533624383e-39	
2.047922969e+02	2.512110250e+05	1.723777408e+09	1.180727920e+08	2.316723968e+09	3.022269375e+05	1.166656485e+04	1.412290448e+05	2.512110250e-39	9.762140360e+04	2.512110250e-39	
2.039759072e+02	2.490832360e+05	1.783785984e+09	1.227610480e+08	2.365646848e+09	3.040334062e+05	1.217192920e+04	1.392044173e+05	2.490832360e-39	9.696468296e+04	2.490832360e-39	
2.031615760e+02	2.469787668e+05	1.845866624e+09	1.276336320e+08	2.415635200e+09	3.058935000e+05	1.269782683e+04	1.372138101e+05	2.469787668e-39	9.631401943e+04	2.469787668e-39	
2.023492981e+02	2.448973172e+05	1.910095616e+09	1.326981440e+08	2.466717952e+09	3.078094375e+05	1.324503357e+04	1.352565802e+05	2.448973172e-39	9.566934619e+04	2.448973172e-39	
2.015390683e+02	2.428385914e+05	1.976550528e+09	1.379623200e+08	2.518923264e+09	3.097830938e+05	1.381435222e+04	1.333320984e+05	2.428385914e-39	9.503059727e+04	2.428385914e-39	
2.007308815e+02	2.408022979e+05	2.045308160e+09	1.434340480e+08	2.572276480e+09	3.118166250e+05	1.440661336e+04	1.314397481e+05	2.408022979e-39	9.439770752e+04	2.408022979e-39	
1.999247324e+02	2.387881495e+05	2.116454016e+09	1.490846880e+08	2.626809088e+09	3.139122188e+05	1.502267623e+04	1.295789258e+05	2.387881495e-39	9.377061260e+04	2.387881495e-39	
1.991206161e+02	2.367958631e+05	2.190072832e+09	1.549944960e+08	2.682551296e+09	3.160720625e+05	1.566342963e+04	1.277490403e+05	2.367958631e-39	9.314924902e+04	2.367958631e-39	
1.983185272e+02	2.348251598e+05	2.266256128e+09	1.611381600e+08	2.739534336e+09	3.182987812e+05	1.632979285e+04	1.259495126e+05	2.348251598e-39	9.253355405e+04	2.348251598e-39	
1.975184608e+02	2.319182369e+05	2.345096448e+09	1.675251040e+08	2.797790208e+09	3.205946250e+05	1.689471427e+04	1.235577533e+05	2.319182369e-39	9.118668940e+04	2.319182369e-39	
1.967204117e+02	2.290042738e+05	2.426689792e+09	1.741652160e+08	2.857350656e+09	3.229622812e+05	1.747066095e+04	1.211848829e+05	2.290042738e-39	8.982427418e+04	2.290042738e-39	
1.959243748e+02	2.261341330e+05	2.511138816e+09	1.810689920e+08	2.918253312e+09	3.254043125e+05	1.806471487e+04	1.188633940e+05	2.261341330e-39	8.848557332e+04	2.261341330e-39	
1.951303451e+02	2.233070653e+05	2.598548480e+09	1.882473280e+08	2.980532480e+09	3.279235312e+05	1.867739360e+04	1.165920630e+05	2.233070653e-39	8.717012417e+04	2.233070653e-39	
1.943383174e+02	2.205223360e+05	2.689026560e+09	1.957112960e+08	3.044222208e+09	3.305227812e+05	1.930922786e+04	1.143696981e+05	2.205223360e-39	8.587747399e+04	2.205223360e-39	
1.935482869e+02	2.177792241e+05	2.782688768e+09	2.034730560e+08	3.109363968e+09	3.332050000e+05	1.996076183e+04	1.121951379e+05	2.177792241e-39	8.460717973e+04	2.177792241e-39	
1.927602483e+02	2.150770221e+05	2.879652864e+09	2.115448320e+08	3.175996928e+09	3.359735312e+05	2.063255342e+04	1.100672510e+05	2.150770221e-39	8.335880778e+04	2.150770221e-39	
1.919741968e+02	2.124150361e+05	2.980043520e+09	2.199396960e+08	3.244160000e+09	3.388314375e+05	2.132517460e+04	1.079849349e+05	2.124150361e-39	8.213193378e+04	2.124150361e-39	
1.911901272e+02	2.097925852e+05	3.083988736e+09	2.286709600e+08	3.313896192e+09	3.417821250e+05	2.203921171e+04	1.059471155e+05	2.097925852e-39	8.092614237e+04	2.097925852e-39	
1.904080346e+02	2.072090010e+05	3.191622656e+09	2.377529760e+08	3.385249536e+09	3.448290625e+05	2.277526572e+04	1.039527460e+05	2.072090010e-39	7.974102703e+04	2.072090010e-39	
1.896279140e+02	2.046636280e+05	3.303086592e+09	2.472004800e+08	3.458265088e+09	3.479760625e+05	2.353395257e+04	1.020008063e+05	2.046636280e-39	7.857618982e+04	2.046636280e-39	
1.888497605e+02	2.021558228e+05	3.418522624e+09	2.570287840e+08	3.532986112e+09	3.512267188e+05	2.431590352e+04	1.000903024e+05	2.021558228e-39	7.743124124e+04	2.021558228e-39	
1.880735690e+02	1.996849539e+05	3.538088960e+09	2.672544640e+08	3.609466368e+09	3.545851250e+05	2.512176541e+04	9.822026521e+04	1.996849539e-39	7.630580001e+04	1.996849539e-39	
1.872993346e+02	1.941077621e+05	3.661939456e+09	2.778942400e+08	3.687753216e+09	3.580553438e+05	2.524647253e+04	9.462856075e+04	1.941077621e-39	7.403140353e+04	1.941077621e-39	
1.865270524e+02	1.882847337e+05	3.790241280e+09	2.889658240e+08	3.767897600e+09	3.616417500e+05	2.527575243e+04	9.094651484e+04	1.882847337e-39	7.167625711e+04	1.882847337e-39	
1.857567175e+02	1.826504167e+05	3.923169792e+09	3.004880640e+08	3.849955328e+09	3.653489062e+05	2.530499233e+04	8.741648660e+04	1.826504167e-39	6.940169173e+04	1.826504167e-39	
1.849883250e+02	1.771982772e+05	4.060902656e+09	3.124803200e+08	3.933981440e+09	3.691811250e+05	2.533419220e+04	8.403186152e+04	1.771982772e-39	6.720477148e+04	1.771982772e-39	
1.842218699e+02	1.719220212e+05	4.203632128e+09	3.249633280e+08	4.020035840e+09	3.731435000e+05	2.536335201e+04	8.078632685e+04	1.719220212e-39	6.508267351e+04	1.719220212e-39	
1.834573473e+02	1.668155850e+05	4.351550976e+09	3.379580800e+08	4.108174592e+09	3.772411562e+05	2.539247173e+04	7.767385722e+04	1.668155850e-39	6.303268347e+04	1.668155850e-39	
1.826947525e+02	1.618731266e+05	4.504869376e+09	3.514874240e+08	4.198463232e+09	3.814793750e+05	2.542155134e+04	7.468870093e+04	1.618731266e-39	6.105219116e+04	1.618731266e-39	
1.819340805e+02	1.570890172e+05	4.663801344e+09	3.655746880e+08	4.290964224e+09	3.858635938e+05	2.545059079e+04	7.182536705e+04	1.570890172e-39	5.913868628e+04	1.570890172e-39	
1.811753265e+02	1.524578326e+05	4.828572160e+09	3.802448960e+08	4.385748480e+09	3.903994688e+05	2.547959008e+04	6.907861300e+04	1.524578326e-39	5.728975443e+04	1.524578326e-39	
1.804184857e+02	1.479743460e+05	4.999417856e+09	3.955239040e+08	4.482882048e+09	3.950931875e+05	2.550854916e+04	6.644343286e+04	1.479743460e-39	5.550307327e+04	1.479743460e-39	
1.796635532e+02	1.436335199e+05	5.176586752e+09	4.114390400e+08	4.582437888e+09	3.999508438e+05	2.553746801e+04	6.391504621e+04	1.436335199e-39	5.377640879e+04	1.436335199e-39	
1.789105242e+02	1.394304989e+05	5.360338432e+09	4.280193920e+08	4.684495872e+09	4.049791250e+05	2.556634661e+04	6.148888751e+04	1.394304989e-39	5.210761183e+04	1.394304989e-39	
1.781593939e+02	1.353606031e+05	5.550940160e+09	4.452943680e+08	4.789129728e+09	4.101846875e+05	2.559518492e+04	5.916059599e+04	1.353606031e-39	5.049461463e+04	1.353606031e-39	
1.774101575e+02	1.308243565e+05	5.748679680e+09	4.632963840e+08	4.896422400e+09	4.155747188e+05	2.537744240e+04	5.652739431e+04	1.308243565e-39	4.886389359e+04	1.308243565e-39	
1.766628103e+02	1.254499149e+05	5.953852416e+09	4.820583680e+08	5.006460416e+09	4.211566250e+05	2.473955272e+04	5.335677287e+04	1.254499149e-39	4.716872630e+04	1.254499149e-39	
1.759173475e+02	1.203089874e+05	6.166772224e+09	5.016157440e+08	5.119331840e+09	4.269381875e+05	2.411924525e+04	5.037132253e+04	1.203089874e-39	4.553642084e+04	1.203089874e-39	
1.751737644e+02	1.153909084e+05	6.387761664e+09	5.220049280e+08	5.235127808e+09	4.329272188e+05	2.351599669e+04	4.755982024e+04	1.153909084e-39	4.396450636e+04	1.153909084e-39	
1.744320561e+02	1.106855221e+05	6.617170432e+09	5.432656000e+08	5.353943552e+09	4.391326562e+05	2.292930038e+04	4.491174691e+04	1.106855221e-39	4.245061429e+04	1.106855221e-39	
1.736922180e+02	1.061831569e+05	6.855351808e+09	5.654378880e+08	5.475878912e+09	4.455629062e+05	2.235866577e+04	4.241724186e+04	1.061831569e-39	4.099247392e+04	1.061831569e-39	
1.729542454e+02	1.018746015e+05	7.102691328e+09	5.885656960e+08	5.601040896e+09	4.522274688e+05	2.180361783e+04	4.006706024e+04	1.018746015e-39	3.958790815e+04	1.018746015e-39	
1.722181336e+02	9.775108189e+04	7.359579648e+09	6.126937600e+08	5.729534464e+09	4.591356250e+05	2.126369654e+04	3.785253335e+04	9.775108189e-40	3.823482947e+04	9.775108189e-40	
1.714838778e+02	9.380423982e+04	7.626446336e+09	6.378712960e+08	5.861478400e+09	4.662978125e+05	2.073845642e+04	3.576553149e+04	9.380423982e-40	3.693123607e+04	9.380423982e-40	
1.707514733e+02	9.002611219e+04	7.903714304e+09	6.641478400e+08	5.996982784e+09	4.737241562e+05	2.022746599e+04	3.379842942e+04	9.002611219e-40	3.567520815e+04	9.002611219e-40	
1.700209156e+02	8.640911164e+04	8.191861248e+09	6.915777280e+08	6.136176640e+09	4.814260312e+05	1.973030735e+04	3.194407398e+04	8.640911164e-40	3.446490442e+04	8.640911164e-40	
1.692922000e+02	8.294600801e+04	8.491365888e+09	7.202174080e+08	6.279190016e+09	4.894147500e+05	1.924657571e+04	3.019575392e+04	8.294600801e-40	3.329855873e+04	8.294600801e-40	
1.685653218e+02	7.962991084e+04	8.802745344e+09	7.501267840e+08	6.426155008e+09	4.977023125e+05	1.877587894e+04	2.854717170e+04	7.962991084e-40	3.217447682e+04	7.962991084e-40	
1.678402763e+02	7.645425270e+04	9.126535168e+09	7.813683200e+08	6.577212928e+09	5.063012812e+05	1.831783716e+04	2.699241712e+04	7.645425270e-40	3.109103329e+04	7.645425270e-40	
1.671170590e+02	7.367476169e+04	9.463300096e+09	8.140091520e+08	6.732506624e+09	5.152247188e+05	1.790746629e+04	2.549255735e+04	7.367476169e-40	3.021062745e+04	7.367476169e-40	
1.663956653e+02	7.143550382e+04	9.813652480e+09	8.481210880e+08	6.892197376e+09	5.244864375e+05	1.756642643e+04	2.402583957e+04	7.143550382e-40	2.963092969e+04	7.143550382e-40	
1.656760905e+02	6.926969627e+04	1.017821491e+10	8.837780480e+08	7.056441856e+09	5.341008750e+05	1.723271700e+04	2.264689307e+04	6.926969627e-40	2.906377529e+04	6.926969627e-40	
1.649583301e+02	6.717476696e+04	1.055765197e+10	9.210595200e+08	7.225404928e+09	5.440828125e+05	1.690616462e+04	2.135027197e+04	6.717476696e-40	2.850886579e+04	6.717476696e-40	
1.642423794e+02	6.514823920e+04	1.095267328e+10	9.600494720e+08	7.399265792e+09	5.544479375e+05	1.658660037e+04	2.013087979e+04	6.514823920e-40	2.796591037e+04	6.514823920e-40	
1.635282340e+02	6.318772802e+04	1.136403456e+10	1.000839360e+09	7.578215424e+09	5.652132500e+05	1.627385962e+04	1.898394640e+04	6.318772802e-40	2.743462574e+04	6.318772802e-40	
1.628158893e+02	6.129093651e+04	1.179250176e+10	1.043521216e+09	7.762436608e+09	5.763951250e+05	1.596778198e+04	1.790500634e+04	6.129093651e-40	2.691473585e+04	6.129093651e-40	
1.621053407e+02	5.945565249e+04	1.223891968e+10	1.088197504e+09	7.952136192e+09	5.880121875e+05	1.566821111e+04	1.688987885e+04	5.945565249e-40	2.640597175e+04	5.945565249e-40	
1.613965837e+02	5.767974513e+04	1.270416691e+10	1.134975488e+09	8.147528704e+09	6.000830000e+05	1.537499469e+04	1.593464905e+04	5.767974513e-40	2.590807135e+04	5.767974513e-40	
1.606896138e+02	5.596116186e+04	1.318917325e+10	1.183968000e+09	8.348832256e+09	6.126273750e+05	1.508798422e+04	1.503565055e+04	5.596116186e-40	2.542077925e+04	5.596116186e-40	
1.599844265e+02	5.429792533e+04	1.369734758e+10	1.235299200e+09	8.556293120e+09	6.256661250e+05	1.480703499e+04	1.418944915e+04	5.429792533e-40	2.494384658e+04	5.429792533e-40	
1.592810173e+02	5.268813048e+04	1.422507213e+10	1.289094016e+09	8.770139136e+09	6.392203125e+05	1.453200596e+04	1.339282763e+04	5.268813048e-40	2.447703078e+04	5.268813048e-40	
1.585793817e+02	5.112994177e+04	1.477574349e+10	1.345494272e+09	8.990645248e+09	6.533131250e+05	1.426275961e+04	1.264277165e+04	5.112994177e-40	2.402009545e+04	5.112994177e-40	
1.578795152e+02	4.962159054e+04	1.535049933e+10	1.404643456e+09	9.218066432e+09	6.679678125e+05	1.399916193e+04	1.193645651e+04	4.962159054e-40	2.357281020e+04	4.962159054e-40	
1.571814134e+02	4.816137236e+04	1.595062682e+10	1.466701568e+09	9.452706816e+09	6.832094375e+05	1.374108225e+04	1.127123485e+04	4.816137236e-40	2.313495043e+04	4.816137236e-40	
1.564850718e+02	4.643063068e+04	1.657741517e+10	1.531832576e+09	9.694842880e+09	6.990638750e+05	1.338872766e+04	1.042824080e+04	4.643063068e-40	2.249646639e+04	4.643063068e-40	
1.557904860e+02	4.471800042e+04	1.723233075e+10	1.600220032e+09	9.944813568e+09	7.155584375e+05	1.303094827e+04	9.618850152e+03	4.471800042e-40	2.184500407e+04	4.471800042e-40	
1.550976516e+02	4.307262341e+04	1.791683994e+10	1.672051200e+09	1.020293632e+10	7.327212500e+05	1.268359581e+04	8.874088164e+03	4.307262341e-40	2.121397886e+04	4.307262341e-40	
1.544065641e+02	4.149170906e+04	1.863256064e+10	1.747533952e+09	1.046956954e+10	7.505821875e+05	1.234634342e+04	8.188654890e+03	4.149170906e-40	2.060270441e+04	4.149170906e-40	
1.537172191e+02	3.997258846e+04	1.938121114e+10	1.826888064e+09	1.074507878e+10	7.691729375e+05	1.201887513e+04	7.557696084e+03	3.997258846e-40	2.001051881e+04	3.997258846e-40	
1.530296123e+02	3.851270876e+04	2.016461005e+10	1.910348544e+09	1.102985523e+10	7.885258125e+05	1.170088551e+04	6.976764824e+03	3.851270876e-40	1.943678370e+04	3.851270876e-40	
1.523437392e+02	3.710962798e+04	2.098469683e+10	1.998171136e+09	1.132431258e+10	8.086756250e+05	1.139207929e+04	6.441786502e+03	3.710962798e-40	1.888088342e+04	3.710962798e-40	
1.516595956e+02	3.576100992e+04	2.184354202e+10	2.090625024e+09	1.162887680e+10	8.296573750e+05	1.109217101e+04	5.949026899e+03	3.576100992e-40	1.834222410e+04	3.576100992e-40	
1.509771769e+02	3.446461936e+04	2.274337382e+10	2.188003840e+09	1.194401382e+10	8.515095000e+05	1.080088466e+04	5.495063054e+03	3.446461936e-40	1.782023287e+04	3.446461936e-40	
1.502964790e+02	3.321831753e+04	2.368656384e+10	2.290624512e+09	1.227020493e+10	8.742712500e+05	1.051795338e+04	5.076756694e+03	3.321831753e-40	1.731435708e+04	3.321831753e-40	
1.496174973e+02	3.202005773e+04	2.467565773e+10	2.398826752e+09	1.260796314e+10	8.979841875e+05	1.024311909e+04	4.691229970e+03	3.202005773e-40	1.682406358e+04	3.202005773e-40	
1.489402277e+02	3.086788119e+04	2.571335680e+10	2.512975104e+09	1.295782400e+10	9.226910000e+05	9.976132217e+03	4.335843325e+03	3.086788119e-40	1.634883790e+04	3.086788119e-40	
1.482646658e+02	2.975991310e+04	2.680260608e+10	2.633469440e+09	1.332037632e+10	9.484380625e+05	9.716751405e+03	4.008175275e+03	2.975991310e-40	1.588818367e+04	2.975991310e-40	
1.475908073e+02	2.869435889e+04	2.794651648e+10	2.760735744e+09	1.369621504e+10	9.752725000e+05	9.464743207e+03	3.706003948e+03	2.869435889e-40	1.544162186e+04	2.869435889e-40	
1.469186479e+02	2.766950058e+04	2.914843853e+10	2.895236608e+09	1.408598016e+10	1.003244250e+06	9.219881820e+03	3.427290227e+03	2.766950058e-40	1.500869021e+04	2.766950058e-40	
1.462481833e+02	2.685750217e+04	3.041203610e+10	3.037478912e+09	1.449038131e+10	1.032406625e+06	9.036415666e+03	3.162312746e+03	2.685750217e-40	1.461210185e+04	2.685750217e-40	
1.455794092e+02	2.611218580e+04	3.174116147e+10	3.188004352e+09	1.491011686e+10	1.062813875e+06	8.869985327e+03	2.916667678e+03	2.611218580e-40	1.423240235e+04	2.611218580e-40	
1.449123214e+02	2.538935414e+04	3.313999258e+10	3.347405056e+09	1.534596915e+10	1.094524000e+06	8.707028366e+03	2.690652593e+03	2.538935414e-40	1.386348976e+04	2.538935414e-40	
1.442469156e+02	2.468827916e+04	3.461307597e+10	3.516326656e+09	1.579875635e+10	1.127597625e+06	8.547464826e+03	2.482656469e+03	2.468827916e-40	1.350503387e+04	2.468827916e-40	
1.435831876e+02	2.400825795e+04	3.616526746e+10	3.695468544e+09	1.626934989e+10	1.162098625e+06	8.391216746e+03	2.291203866e+03	2.400825795e-40	1.315671527e+04	2.400825795e-40	
1.429211332e+02	2.334861173e+04	3.780187341e+10	3.885601280e+09	1.675868877e+10	1.198094500e+06	8.238208109e+03	2.114943243e+03	2.334861173e-40	1.281822492e+04	2.334861173e-40	
1.422607480e+02	2.270868501e+04	3.952852582e+10	4.087549952e+09	1.726773862e+10	1.235654750e+06	8.088364791e+03	1.952636300e+03	2.270868501e-40	1.248926388e+04	2.270868501e-40	
1.416020281e+02	2.208784473e+04	4.135139328e+10	4.302229504e+09	1.779756032e+10	1.274852375e+06	7.941614511e+03	1.803148261e+03	2.208784473e-40	1.216954287e+04	2.208784473e-40	
1.409449690e+02	2.148547948e+04	4.327725056e+10	4.530646528e+09	1.834930381e+10	1.315768250e+06	7.797886778e+03	1.665439008e+03	2.148547948e-40	1.185878202e+04	2.148547948e-40	
1.402895667e+02	2.090099866e+04	4.531325747e+10	4.773885440e+09	1.892414464e+10	1.358480750e+06	7.657112847e+03	1.538554994e+03	2.090099866e-40	1.155671049e+04	2.090099866e-40	
1.396358169e+02	2.033383180e+04	4.746732749e+10	5.033152512e+09	1.952336896e+10	1.403078000e+06	7.519225673e+03	1.421621861e+03	2.033383180e-40	1.126306619e+04	2.033383180e-40	
1.389837155e+02	1.978342778e+04	4.974804992e+10	5.309765120e+09	2.014835917e+10	1.449649750e+06	7.384159862e+03	1.313837702e+03	1.978342778e-40	1.097759547e+04	1.978342778e-40	
1.383332584e+02	1.924925415e+04	5.216479642e+10	5.605186048e+09	2.080059597e+10	1.498293500e+06	7.251851630e+03	1.214466914e+03	1.924925415e-40	1.070005282e+04	1.924925415e-40	
1.376844413e+02	1.873079650e+04	5.472762675e+10	5.920995328e+09	2.148162355e+10	1.549106500e+06	7.122238761e+03	1.122834576e+03	1.873079650e-40	1.043020062e+04	1.873079650e-40	
1.370372602e+02	1.822755774e+04	5.744782131e+10	6.258986496e+09	2.219317658e+10	1.602198750e+06	6.995260563e+03	1.038321323e+03	1.822755774e-40	1.016780886e+04	1.822755774e-40	
1.363917109e+02	1.783331016e+04	6.033750426e+10	6.621103616e+09	2.293705523e+10	1.657680500e+06	6.904670798e+03	9.647184556e+02	1.783331016e-40	9.960750456e+03	1.783331016e-40	
1.357477894e+02	1.796969959e+04	6.340998349e+10	7.009512448e+09	2.371521536e+10	1.715670875e+06	7.003851508e+03	9.193371077e+02	1.796969959e-40	1.002428941e+04	1.796969959e-40	
1.351054914e+02	1.810678428e+04	6.667992678e+10	7.426617344e+09	2.452977050e+10	1.776295875e+06	7.104201399e+03	8.761969893e+02	1.810678428e-40	1.008807193e+04	1.810678428e-40	
1.344648130e+02	1.824456513e+04	7.016337408e+10	7.875080704e+09	2.538298573e+10	1.839686875e+06	7.205730609e+03	8.351824372e+02	1.824456513e-40	1.015209792e+04	1.824456513e-40	
1.338257500e+02	1.838304303e+04	7.387808563e+10	8.357883904e+09	2.627733504e+10	1.905986625e+06	7.308449315e+03	7.961840024e+02	1.838304303e-40	1.021636729e+04	1.838304303e-40	
1.331882984e+02	1.852221884e+04	7.784350515e+10	8.878327808e+09	2.721544602e+10	1.975342750e+06	7.412367741e+03	7.590981032e+02	1.852221884e-40	1.028087994e+04	1.852221884e-40	
1.325524540e+02	1.866209343e+04	8.208110387e+10	9.440098304e+09	2.820017766e+10	2.047914125e+06	7.517496151e+03	7.238266989e+02	1.866209343e-40	1.034563576e+04	1.866209343e-40	
1.319182130e+02	1.880266763e+04	8.661493350e+10	1.004736102e+10	2.923470029e+10	2.123871750e+06	7.623844854e+03	6.902769822e+02	1.880266763e-40	1.041063463e+04	1.880266763e-40	
1.312855711e+02	1.894394226e+04	9.147127398e+10	1.070472602e+10	3.032234598e+10	2.203393500e+06	7.731424197e+03	6.583610894e+02	1.894394226e-40	1.047587643e+04	1.894394226e-40	
1.306545244e+02	1.908591813e+04	9.667943629e+10	1.141739008e+10	3.146681139e+10	2.286670500e+06	7.840244573e+03	6.279958265e+02	1.908591813e-40	1.054136105e+04	1.908591813e-40	
1.300250688e+02	1.922859602e+04	1.022721556e+11	1.219121357e+10	3.267210035e+10	2.373909000e+06	7.950316413e+03	5.991024120e+02	1.922859602e-40	1.060708834e+04	1.922859602e-40	
1.293972003e+02	1.937197673e+04	1.082858701e+11	1.303279718e+10	3.394260173e+10	2.465328000e+06	8.061650191e+03	5.716062338e+02	1.937197673e-40	1.067305817e+04	1.937197673e-40	
1.287709150e+02	1.951606100e+04	1.147612201e+11	1.394956698e+10	3.528308736e+10	2.561160750e+06	8.174256422e+03	5.454366200e+02	1.951606100e-40	1.073927041e+04	1.951606100e-40	
1.281462089e+02	1.966084958e+04	1.217438679e+11	1.494995866e+10	3.669879603e+10	2.661662500e+06	8.288145659e+03	5.205266229e+02	1.966084958e-40	1.080572490e+04	1.966084958e-40	
1.275230779e+02	1.980634319e+04	1.292850135e+11	1.604352000e+10	3.819551130e+10	2.767101750e+06	8.403328498e+03	4.968128151e+02	1.980634319e-40	1.087242150e+04	1.980634319e-40	
1.269015181e+02	1.995254255e+04	1.374422630e+11	1.724110438e+10	3.977956147e+10	2.877772750e+06	8.519815572e+03	4.742350974e+02	1.995254255e-40	1.093936004e+04	1.995254255e-40	
1.262815255e+02	2.009944836e+04	1.462807921e+11	1.855509504e+10	4.145796301e+10	2.993990750e+06	8.637617556e+03	4.527365172e+02	2.009944836e-40	1.100654036e+04	2.009944836e-40	
1.256630962e+02	2.094745808e+04	1.558741484e+11	1.999960883e+10	4.323844096e+10	3.116100750e+06	9.017150090e+03	4.465302298e+02	2.094745808e-40	1.147650835e+04	2.094745808e-40	
1.250462262e+02	2.195466775e+04	1.663059231e+11	2.159080038e+10	4.512958874e+10	3.244471750e+06	9.459022268e+03	4.428456369e+02	2.195466775e-40	1.203763132e+04	2.195466775e-40	
1.244309116e+02	2.300758220e+04	1.776714056e+11	2.334726554e+10	4.714098278e+10	3.379513000e+06	9.921350883e+03	4.392006235e+02	2.300758220e-40	1.262466976e+04	2.300758220e-40	
1.238171485e+02	2.410814522e+04	1.900790579e+11	2.529035059e+10	4.928325632e+10	3.521664000e+06	1.040502469e+04	4.355946894e+02	2.410814522e-40	1.323874673e+04	2.410814522e-40	
1.232049330e+02	2.525837741e+04	2.036534313e+11	2.744474419e+10	5.156836966e+10	3.671412500e+06	1.091096837e+04	4.320273413e+02	2.525837741e-40	1.388103061e+04	2.525837741e-40	
1.225942612e+02	2.646037894e+04	2.183105741e+11	2.980808909e+10	5.395557581e+10	3.827425750e+06	1.144014386e+04	4.284980930e+02	2.646037894e-40	1.455273669e+04	2.646037894e-40	
1.219851291e+02	2.771633241e+04	2.348105236e+11	3.249438720e+10	5.660452864e+10	3.995664500e+06	1.199355175e+04	4.250064653e+02	2.771633241e-40	1.525512898e+04	2.771633241e-40	
1.213775329e+02	2.902850582e+04	2.530199634e+11	3.549932339e+10	5.944959795e+10	4.173538250e+06	1.257223268e+04	4.215519859e+02	2.902850582e-40	1.598952194e+04	2.902850582e-40	
1.207714687e+02	3.039925565e+04	2.731206083e+11	3.886282342e+10	6.249997517e+10	4.361328000e+06	1.317726885e+04	4.181341890e+02	3.039925565e-40	1.675728236e+04	3.039925565e-40	
1.201669327e+02	3.183103001e+04	2.953159967e+11	4.263018086e+10	6.576544973e+10	4.559317500e+06	1.380978551e+04	4.147526157e+02	3.183103001e-40	1.755983130e+04	3.183103001e-40	
1.195639210e+02	3.332637191e+04	3.198337679e+11	4.685276774e+10	6.925609370e+10	4.767812000e+06	1.447095254e+04	4.114068135e+02	3.332637191e-40	1.839864599e+04	3.332637191e-40	
1.189624297e+02	3.488792259e+04	3.469291356e+11	5.158885786e+10	7.298253619e+10	4.987120000e+06	1.516198610e+04	4.080963362e+02	3.488792259e-40	1.927526195e+04	3.488792259e-40	
1.183624551e+02	3.651842508e+04	3.768892129e+11	5.690476954e+10	7.695595110e+10	5.217581000e+06	1.588415028e+04	4.048207441e+02	3.651842508e-40	2.019127505e+04	3.651842508e-40	
1.177639933e+02	3.822072768e+04	4.100354540e+11	6.287567667e+10	8.118789734e+10	5.459545500e+06	1.663875885e+04	4.015796036e+02	3.822072768e-40	2.114834371e+04	3.822072768e-40	
1.171670404e+02	3.999778776e+04	4.467291914e+11	6.958697677e+10	8.569031885e+10	5.713388500e+06	1.742717704e+04	3.983724873e+02	3.999778776e-40	2.214819112e+04	3.999778776e-40	
1.165715928e+02	4.185267548e+04	4.873765519e+11	7.713571635e+10	9.047561011e+10	5.979515500e+06	1.825082338e+04	3.951989738e+02	4.185267548e-40	2.319260758e+04	4.185267548e-40	
1.159776465e+02	4.378857782e+04	5.324354028e+11	8.563236045e+10	9.555669811e+10	6.258366500e+06	1.911117163e+04	3.920586476e+02	4.378857782e-40	2.428345291e+04	4.378857782e-40	
1.153851978e+02	4.564922981e+04	5.824196116e+11	9.520216474e+10	1.009466327e+11	6.550416000e+06	1.988630080e+04	3.874042008e+02	4.564922981e-40	2.536772608e+04	4.564922981e-40	
1.147942430e+02	4.755673029e+04	6.379096637e+11	1.059879076e+11	1.066589716e+11	6.856194500e+06	2.066980700e+04	3.825664596e+02	4.755673029e-40	2.648809681e+04	4.755673029e-40	
1.142047782e+02	4.953882404e+04	6.995580682e+11	1.181514301e+11	1.127072236e+11	7.176266500e+06	2.148208955e+04	3.778011005e+02	4.953882404e-40	2.765493518e+04	4.953882404e-40	
1.136167997e+02	5.159821573e+04	7.681017774e+11	1.318772081e+11	1.191052165e+11	7.511280500e+06	2.232412342e+04	3.731068920e+02	5.159821573e-40	2.887003622e+04	5.159821573e-40	
1.130303037e+02	5.373769984e+04	8.443704771e+11	1.473744732e+11	1.258665574e+11	7.861938500e+06	2.319691356e+04	3.684826258e+02	5.373769984e-40	3.013525879e+04	5.373769984e-40	
1.124452866e+02	5.596016329e+04	9.293016596e+11	1.648813998e+11	1.330047549e+11	8.229041500e+06	2.410149580e+04	3.639271163e+02	5.596016329e-40	3.145252770e+04	5.596016329e-40	
1.118617446e+02	5.826858823e+04	1.023953666e+12	1.846688317e+11	1.405329736e+11	8.613474000e+06	2.503893765e+04	3.594392003e+02	5.826858823e-40	3.282383583e+04	5.826858823e-40	
1.112796739e+02	6.066605484e+04	1.129523053e+12	2.070446244e+11	1.484638618e+11	9.016257000e+06	2.601033919e+04	3.550177363e+02	6.066605484e-40	3.425124626e+04	6.066605484e-40	
1.106990709e+02	6.315574423e+04	1.247355339e+12	2.323576586e+11	1.568086589e+11	9.438520000e+06	2.701683391e+04	3.506616042e+02	6.315574423e-40	3.573689455e+04	6.315574423e-40	
1.101199319e+02	6.574094141e+04	1.378980332e+12	2.610061804e+11	1.655780147e+11	9.881567000e+06	2.805958964e+04	3.463697050e+02	6.574094141e-40	3.728299105e+04	6.574094141e-40	
1.095422531e+02	6.842503831e+04	1.526113632e+12	2.934397993e+11	1.747795968e+11	1.034684400e+07	2.913980949e+04	3.421409600e+02	6.842503831e-40	3.889182324e+04	6.842503831e-40	
1.089660309e+02	7.121153695e+04	1.690623672e+12	3.301552947e+11	1.844113572e+11	1.083572900e+07	3.025873274e+04	3.379743107e+02	7.121153695e-40	4.056575820e+04	7.121153695e-40	
1.083912616e+02	7.410405256e+04	1.874575753e+12	3.717060362e+11	1.944639406e+11	1.134969800e+07	3.141763588e+04	3.338687182e+02	7.410405256e-40	4.230724508e+04	7.410405256e-40	
1.078179415e+02	7.710631697e+04	2.080255508e+12	4.187081933e+11	2.049214218e+11	1.189042500e+07	3.261783351e+04	3.298231631e+02	7.710631697e-40	4.411881771e+04	7.710631697e-40	
1.072460671e+02	8.022218185e+04	2.310205604e+12	4.718499922e+11	2.157610107e+11	1.245983500e+07	3.386067942e+04	3.258366447e+02	8.022218185e-40	4.600309720e+04	8.022218185e-40	
1.066756346e+02	8.345562228e+04	2.567246709e+12	5.318974177e+11	2.269520855e+11	1.306015500e+07	3.514756760e+04	3.219081809e+02	8.345562228e-40	4.796279470e+04	8.345562228e-40	
1.061066404e+02	8.681074016e+04	2.854479725e+12	5.996966052e+11	2.384531620e+11	1.369388400e+07	3.647993329e+04	3.180368077e+02	8.681074016e-40	5.000071415e+04	8.681074016e-40	
1.055390809e+02	8.844330717e+04	3.175332446e+12	6.761840640e+11	2.502122537e+11	1.436389700e+07	2.128977398e+04	1.823337877e+02	8.844330717e-40	2.924446672e+04	8.844330717e-40	
1.049729525e+02	7.487713017e+04	3.533538591e+12	7.623842202e+11	2.621635625e+11	1.507341300e+07	7.206414698e+01	8.029642610e-01	7.487713017e-40	9.726806698e+01	7.487713017e-40	
1.044082515e+02	6.341846818e+04	3.933207790e+12	8.594260623e+11	2.742277571e+11	1.582610600e+07	2.474551808e-01	3.584810692e-03	6.341846818e-40	3.282049921e-01	6.341846818e-40	
1.038449744e+02	5.373585768e+04	4.378776044e+12	9.685306573e+11	2.863084339e+11	1.662607900e+07	8.619602650e-04	1.622415944e-05	5.373585768e-40	1.123447142e-03	5.373585768e-40	
1.032831175e+02	4.555059393e+04	4.875050025e+12	1.091023471e+12	2.982922158e+11	1.747789000e+07	3.045619675e-06	7.443363210e-08	4.555059393e-40	3.901009011e-06	4.555059393e-40	
1.027226774e+02	3.862823522e+04	5.427198165e+12	1.228331680e+12	3.100472443e+11	1.838665200e+07	1.091556433e-08	3.461563796e-10	3.862823522e-40	1.374049684e-08	3.862823522e-40	
1.021636503e+02	3.277149082e+04	6.040715264e+12	1.381974540e+12	3.214222950e+11	1.935794600e+07	3.968105687e-11	1.631761658e-12	3.277149082e-40	4.909230880e-11	3.277149082e-40	
1.016060329e+02	2.781426464e+04	6.721426686e+12	1.553565221e+12	3.322476954e+11	2.039791000e+07	1.463090641e-13	7.796640956e-15	2.781426464e-40	1.779075664e-13	2.781426464e-40	
1.010498214e+02	2.361666479e+04	7.475410502e+12	1.744788259e+12	3.423349309e+11	2.151316600e+07	5.471352419e-16	3.775808678e-17	2.361666479e-40	6.539277452e-16	2.361666479e-40	
1.004950123e+02	2.006082060e+04	8.308969701e+12	1.957393596e+12	3.514799882e+11	2.271085000e+07	2.075095704e-18	1.853315277e-19	2.006082060e-40	2.437833134e-18	2.006082060e-40	
9.994160224e+01	1.704737510e+04	9.228510036e+12	2.193163289e+12	3.594652877e+11	2.399848600e+07	7.981529573e-21	9.219572710e-22	1.704737510e-40	9.217254387e-21	1.704737510e-40	
9.938958752e+01	1.449254255e+04	1.024079167e+13	2.453968257e+12	3.660762972e+11	2.538452400e+07	3.113316580e-23	4.648146036e-24	1.449254255e-40	3.534330181e-23	1.449254255e-40	
9.883896468e+01	1.232563904e+04	1.135362861e+13	2.741939208e+12	3.711315149e+11	2.687960200e+07	1.231499529e-25	2.374879475e-26	1.232563904e-40	1.374374888e-25	1.232563904e-40	
9.828973020e+01	1.048700928e+04	1.257553527e+13	3.059385106e+12	3.744656589e+11	2.849554800e+07	4.939735656e-28	1.229650291e-28	1.048700928e-40	5.419765399e-28	1.048700928e-40	
9.774188058e+01	8.926285189e+03	1.391556506e+13	3.408755163e+12	3.759288484e+11	3.024520800e+07	2.009168612e-30	6.451865764e-31	8.926285189e-41	2.167292987e-30	8.926285189e-41	
9.719541233e+01	7.600922716e+03	1.538331876e+13	3.792646439e+12	3.753942712e+11	3.214239800e+07	8.286231081e-33	3.430347838e-33	7.600922716e-41	8.788228495e-33	7.600922716e-41	
9.665032197e+01	6.474971830e+03	1.698906400e+13	4.213824553e+12	3.727649997e+11	3.420206000e+07	3.465057745e-35	1.848100699e-35	6.474971830e-41	3.613402868e-35	6.474971830e-41	
9.610660603e+01	5.518042154e+03	1.874371124e+13	4.675229712e+12	3.679792333e+11	3.644020400e+07	1.469134414e-37	1.008865517e-37	5.518042154e-41	1.506425132e-37	5.518042154e-41	
9.556426103e+01	4.704432762e+03	2.065890384e+13	5.179993227e+12	3.610169836e+11	3.887399200e+07	6.315315971e-40	5.580160318e-40	4.704432762e-41	6.367657177e-40	4.704432762e-41	
9.502328353e+01	4.017209677e+03	2.274709891e+13	5.731458744e+12	3.519031869e+11	4.152172400e+07	4.017209677e-41	4.017209677e-41	4.017209677e-41	4.017209677e-41	4.017209677e-41	
9.448367007e+01	3.435719323e+03	2.502155462e+13	6.333182509e+12	3.407108178e+11	4.440276000e+07	3.435719323e-41	3.435719323e-41	3.435719323e-41	3.435719323e-41	3.435719323e-41	
9.394541721e+01	2.939558300e+03	2.749670778e+13	6.989035864e+12	3.275637391e+11	4.753771600e+07	2.939558300e-41	2.939558300e-41	2.939558300e-41	2.939558300e-41	2.939558300e-41	
9.340852152e+01	2.516038427e+03	3.018782776e+13	7.703107207e+12	3.126302474e+11	5.094788800e+07	2.516038427e-41	2.516038427e-41	2.516038427e-41	2.516038427e-41	2.516038427e-41	
9.287297959e+01	2.154382548e+03	3.311163933e+13	8.479869764e+12	2.961254646e+11	5.465553600e+07	2.154382548e-41	2.154382548e-41	2.154382548e-41	2.154382548e-41	2.154382548e-41	
9.233878800e+01	1.845433101e+03	3.628619478e+13	9.324159042e+12	2.783030149e+11	5.868322400e+07	1.845433101e-41	1.845433101e-41	1.845433101e-41	1.845433101e-41	1.845433101e-41	
9.180594334e+01	1.581405674e+03	3.973119476e+13	1.024123837e+13	2.594459976e+11	6.305346400e+07	1.581405674e-41	1.581405674e-41	1.581405674e-41	1.581405674e-41	1.581405674e-41	
9.127444221e+01	1.355680516e+03	4.346827348e+13	1.123688645e+13	2.398608425e+11	6.778803200e+07	1.355680516e-41	1.355680516e-41	1.355680516e-41	1.355680516e-41	1.355680516e-41	
9.074428124e+01	1.162626092e+03	4.752112458e+13	1.231744506e+13	2.198648914e+11	7.290667200e+07	1.162626092e-41	1.162626092e-41	1.162626092e-41	1.162626092e-41	1.162626092e-41	
9.021545703e+01	9.974496904e+02	5.191588695e+13	1.348989459e+13	1.997762232e+11	7.842530400e+07	9.974496904e-42	9.974496904e-42	9.974496904e-42	9.974496904e-42	9.974496904e-42	
8.968796622e+01	8.560708992e+02	5.668152227e+13	1.476197247e+13	1.799021527e+11	8.435411200e+07	8.560708992e-42	8.560708992e-42	8.560708992e-42	8.560708992e-42	8.560708992e-42	
8.916180546e+01	7.350143953e+02	6.184809529e+13	1.614173281e+13	1.605229937e+11	9.069112800e+07	7.350143953e-42	7.350143953e-42	7.350143953e-42	7.350143953e-42	7.350143953e-42	
8.863697137e+01	6.313190729e+02	6.744601054e+13	1.763732934e+13	1.418873405e+11	9.741657600e+07	6.313190729e-42	6.313190729e-42	6.313190729e-42	6.313190729e-42	6.313190729e-42	
8.811346063e+01	5.424609858e+02	7.350784518e+13	1.925748831e+13	1.242104300e+11	1.044885120e+08	5.424609858e-42	5.424609858e-42	5.424609858e-42	5.424609858e-42	5.424609858e-42	
8.759126988e+01	4.662879810e+02	8.006845805e+13	2.101157141e+13	1.076687094e+11	1.118344880e+08	4.662879810e-42	4.662879810e-42	4.662879810e-42	4.662879810e-42	4.662879810e-42	
8.707039581e+01	4.009642276e+02	8.716494360e+13	2.290952543e+13	9.239691264e+10	1.193409200e+08	4.009642276e-42	4.009642276e-42	4.009642276e-42	4.009642276e-42	4.009642276e-42	
8.655083510e+01	3.449231253e+02	9.483659405e+13	2.496188645e+13	7.848488141e+10	1.268400480e+08	3.449231253e-42	3.449231253e-42	3.449231253e-42	3.449231253e-42	3.449231253e-42	
8.603258442e+01	2.968273104e+02	1.031255622e+14	2.717994556e+13	6.597994086e+10	1.340966560e+08	2.968273104e-42	2.968273104e-42	2.968273104e-42	2.968273104e-42	2.968273104e-42	
8.551564049e+01	2.555346781e+02	1.120766347e+14	2.957574878e+13	5.488851763e+10	1.407926400e+08	2.555346781e-42	2.555346781e-42	2.555346781e-42	2.555346781e-42	2.555346781e-42	
8.500000000e+01	2.200695040e+02	1.217372745e+14	3.216200486e+13	4.518066586e+10	1.465151680e+08	2.200695040e-42	2.200695040e-42	2.200695040e-42	2.200695040e-42	2.200695040e-42	
