# Volume profile of  emissions
# Emission in ph cm-3s-1 
# Altitude in Km
# Total : 3.368076000e+04 R
# 9.580000000e+01 : 3.368076000e+04 R
6.000000000e+02	1.507186325e-05	1.507186325e-05	
5.981871170e+02	1.603887151e-05	1.603887151e-05	
5.963788051e+02	1.706585871e-05	1.706585871e-05	
5.945750527e+02	1.815629297e-05	1.815629297e-05	
5.927758484e+02	1.931405834e-05	1.931405834e-05	
5.909811807e+02	2.054313238e-05	2.054313238e-05	
5.891910381e+02	2.184776143e-05	2.184776143e-05	
5.874054093e+02	2.323234760e-05	2.323234760e-05	
5.856242828e+02	2.470172615e-05	2.470172615e-05	
5.838476474e+02	2.626070391e-05	2.626070391e-05	
5.820754916e+02	2.791475574e-05	2.791475574e-05	
5.803078042e+02	2.966933975e-05	2.966933975e-05	
5.785445740e+02	3.153039277e-05	3.153039277e-05	
5.767857896e+02	3.350411931e-05	3.350411931e-05	
5.750314399e+02	3.559697084e-05	3.559697084e-05	
5.732815137e+02	3.781618209e-05	3.781618209e-05	
5.715359998e+02	4.016875668e-05	4.016875668e-05	
5.697948871e+02	4.266258734e-05	4.266258734e-05	
5.680581646e+02	4.530568683e-05	4.530568683e-05	
5.663258210e+02	4.810682308e-05	4.810682308e-05	
5.645978455e+02	5.107507972e-05	5.107507972e-05	
5.628742270e+02	5.421992095e-05	5.421992095e-05	
5.611549545e+02	5.755145675e-05	5.755145675e-05	
5.594400171e+02	6.108056480e-05	6.108056480e-05	
5.577294037e+02	6.481814366e-05	6.481814366e-05	
5.560231036e+02	6.877639447e-05	6.877639447e-05	
5.543211058e+02	7.296770125e-05	7.296770125e-05	
5.526233995e+02	7.740524832e-05	7.740524832e-05	
5.509299738e+02	8.210309469e-05	8.210309469e-05	
5.492408181e+02	8.707551285e-05	8.707551285e-05	
5.475559214e+02	9.233853816e-05	9.233853816e-05	
5.458752731e+02	9.790799037e-05	9.790799037e-05	
5.441988625e+02	1.038008784e-04	1.038008784e-04	
5.425266788e+02	1.100358685e-04	1.100358685e-04	
5.408587115e+02	1.166317886e-04	1.166317886e-04	
5.391949498e+02	1.236083810e-04	1.236083810e-04	
5.375353832e+02	1.309872763e-04	1.309872763e-04	
5.358800011e+02	1.387905079e-04	1.387905079e-04	
5.342287930e+02	1.470414429e-04	1.470414429e-04	
5.325817483e+02	1.557650633e-04	1.557650633e-04	
5.309388565e+02	1.649872247e-04	1.649872247e-04	
5.293001072e+02	1.747347571e-04	1.747347571e-04	
5.276654899e+02	1.850373675e-04	1.850373675e-04	
5.260349942e+02	1.959248078e-04	1.959248078e-04	
5.244086096e+02	2.074284525e-04	2.074284525e-04	
5.227863260e+02	2.195833748e-04	2.195833748e-04	
5.211681328e+02	2.324231827e-04	2.324231827e-04	
5.195540198e+02	2.459870431e-04	2.459870431e-04	
5.179439766e+02	2.603115799e-04	2.603115799e-04	
5.163379932e+02	2.754395389e-04	2.754395389e-04	
5.147360591e+02	2.914132345e-04	2.914132345e-04	
5.131381641e+02	3.082791972e-04	3.082791972e-04	
5.115442982e+02	3.260843755e-04	3.260843755e-04	
5.099544512e+02	3.448794091e-04	3.448794091e-04	
5.083686128e+02	3.647161386e-04	3.647161386e-04	
5.067867730e+02	3.856508405e-04	3.856508405e-04	
5.052089218e+02	4.077427227e-04	4.077427227e-04	
5.036350490e+02	4.310510306e-04	4.310510306e-04	
5.020651447e+02	4.556410095e-04	4.556410095e-04	
5.004991987e+02	4.815803693e-04	4.815803693e-04	
4.989372012e+02	5.089404573e-04	5.089404573e-04	
4.973791422e+02	5.377961769e-04	5.377961769e-04	
4.958250118e+02	5.682252332e-04	5.682252332e-04	
4.942748000e+02	6.003084073e-04	6.003084073e-04	
4.927284970e+02	6.341353102e-04	6.341353102e-04	
4.911860928e+02	6.697941656e-04	6.697941656e-04	
4.896475778e+02	7.073823283e-04	7.073823283e-04	
4.881129421e+02	7.469966006e-04	7.469966006e-04	
4.865821758e+02	7.887453908e-04	7.887453908e-04	
4.850552693e+02	8.327365036e-04	8.327365036e-04	
4.835322128e+02	8.790870648e-04	8.790870648e-04	
4.820129965e+02	9.279161977e-04	9.279161977e-04	
4.804976109e+02	9.793526208e-04	9.793526208e-04	
4.789860463e+02	1.033529746e-03	1.033529746e-03	
4.774782930e+02	1.090588612e-03	1.090588612e-03	
4.759743414e+02	1.150673724e-03	1.150673724e-03	
4.744741819e+02	1.213939312e-03	1.213939312e-03	
4.729778050e+02	1.280548282e-03	1.280548282e-03	
4.714852011e+02	1.350668165e-03	1.350668165e-03	
4.699963607e+02	1.424477675e-03	1.424477675e-03	
4.685112743e+02	1.502163928e-03	1.502163928e-03	
4.670299326e+02	1.583918357e-03	1.583918357e-03	
4.655523259e+02	1.669946938e-03	1.669946938e-03	
4.640784449e+02	1.760471590e-03	1.760471590e-03	
4.626082802e+02	1.855703453e-03	1.855703453e-03	
4.611418225e+02	1.955883466e-03	1.955883466e-03	
4.596790624e+02	2.061257812e-03	2.061257812e-03	
4.582199905e+02	2.172084336e-03	2.172084336e-03	
4.567645976e+02	2.288636820e-03	2.288636820e-03	
4.553128743e+02	2.411193876e-03	2.411193876e-03	
4.538648115e+02	2.540056262e-03	2.540056262e-03	
4.524204000e+02	2.675526572e-03	2.675526572e-03	
4.509796304e+02	2.817934966e-03	2.817934966e-03	
4.495424936e+02	2.967630429e-03	2.967630429e-03	
4.481089805e+02	3.124954205e-03	3.124954205e-03	
4.466790819e+02	3.290285384e-03	3.290285384e-03	
4.452527887e+02	3.464021811e-03	3.464021811e-03	
4.438300919e+02	3.646560659e-03	3.646560659e-03	
4.424109822e+02	3.838329156e-03	3.838329156e-03	
4.409954508e+02	4.039780679e-03	4.039780679e-03	
4.395834886e+02	4.251386003e-03	4.251386003e-03	
4.381750865e+02	4.473626982e-03	4.473626982e-03	
4.367702357e+02	4.707013713e-03	4.707013713e-03	
4.353689271e+02	4.952100951e-03	4.952100951e-03	
4.339711518e+02	5.209425625e-03	5.209425625e-03	
4.325769009e+02	5.479582885e-03	5.479582885e-03	
4.311861656e+02	5.763195738e-03	5.763195738e-03	
4.297989369e+02	6.060878174e-03	6.060878174e-03	
4.284152060e+02	6.373338154e-03	6.373338154e-03	
4.270349641e+02	6.701246993e-03	6.701246993e-03	
4.256582024e+02	7.045339678e-03	7.045339678e-03	
4.242849122e+02	7.406381288e-03	7.406381288e-03	
4.229150846e+02	7.785187494e-03	7.785187494e-03	
4.215487110e+02	8.182574295e-03	8.182574295e-03	
4.201857825e+02	8.599419876e-03	8.599419876e-03	
4.188262907e+02	9.036641720e-03	9.036641720e-03	
4.174702267e+02	9.495201643e-03	9.495201643e-03	
4.161175820e+02	9.976054313e-03	9.976054313e-03	
4.147683478e+02	1.048029762e-02	1.048029762e-02	
4.134225157e+02	1.100897368e-02	1.100897368e-02	
4.120800770e+02	1.156322849e-02	1.156322849e-02	
4.107410232e+02	1.214424752e-02	1.214424752e-02	
4.094053458e+02	1.275327431e-02	1.275327431e-02	
4.080730362e+02	1.339159453e-02	1.339159453e-02	
4.067440859e+02	1.406053951e-02	1.406053951e-02	
4.054184865e+02	1.476156651e-02	1.476156651e-02	
4.040962295e+02	1.549608824e-02	1.549608824e-02	
4.027773065e+02	1.626565153e-02	1.626565153e-02	
4.014617091e+02	1.707189676e-02	1.707189676e-02	
4.001494289e+02	1.791643148e-02	1.791643148e-02	
3.988404576e+02	1.880103855e-02	1.880103855e-02	
3.975347867e+02	1.972753564e-02	1.972753564e-02	
3.962324080e+02	2.069783691e-02	2.069783691e-02	
3.949333132e+02	2.171387553e-02	2.171387553e-02	
3.936374940e+02	2.277778405e-02	2.277778405e-02	
3.923449421e+02	2.389157310e-02	2.389157310e-02	
3.910556493e+02	2.505764307e-02	2.505764307e-02	
3.897696073e+02	2.627828673e-02	2.627828673e-02	
3.884868081e+02	2.755591587e-02	2.755591587e-02	
3.872072434e+02	2.889307507e-02	2.889307507e-02	
3.859309050e+02	3.029249720e-02	3.029249720e-02	
3.846577848e+02	3.175688571e-02	3.175688571e-02	
3.833878747e+02	3.328910089e-02	3.328910089e-02	
3.821211667e+02	3.489221755e-02	3.489221755e-02	
3.808576525e+02	3.656936432e-02	3.656936432e-02	
3.795973243e+02	3.832375278e-02	3.832375278e-02	
3.783401738e+02	4.015885806e-02	4.015885806e-02	
3.770861932e+02	4.207821828e-02	4.207821828e-02	
3.758353745e+02	4.408547053e-02	4.408547053e-02	
3.745877096e+02	4.618456066e-02	4.618456066e-02	
3.733431907e+02	4.837942812e-02	4.837942812e-02	
3.721018097e+02	5.067434102e-02	5.067434102e-02	
3.708635588e+02	5.307354571e-02	5.307354571e-02	
3.696284300e+02	5.558169996e-02	5.558169996e-02	
3.683964156e+02	5.820343349e-02	5.820343349e-02	
3.671675076e+02	6.094380840e-02	6.094380840e-02	
3.659416983e+02	6.380797219e-02	6.380797219e-02	
3.647189797e+02	6.680103490e-02	6.680103490e-02	
3.634993442e+02	6.992882797e-02	6.992882797e-02	
3.622827839e+02	7.319696693e-02	7.319696693e-02	
3.610692911e+02	7.661163822e-02	7.661163822e-02	
3.598588580e+02	8.017909139e-02	8.017909139e-02	
3.586514770e+02	8.390577415e-02	8.390577415e-02	
3.574471403e+02	8.779862364e-02	8.779862364e-02	
3.562458403e+02	9.186465527e-02	9.186465527e-02	
3.550475693e+02	9.611134807e-02	9.611134807e-02	
3.538523197e+02	1.005463625e-01	1.005463625e-01	
3.526600838e+02	1.051777119e-01	1.051777119e-01	
3.514708541e+02	1.100136668e-01	1.100136668e-01	
3.502846229e+02	1.150628929e-01	1.150628929e-01	
3.491013828e+02	1.203346791e-01	1.203346791e-01	
3.479211261e+02	1.258379984e-01	1.258379984e-01	
3.467438454e+02	1.315828304e-01	1.315828304e-01	
3.455695331e+02	1.375794654e-01	1.375794654e-01	
3.443981818e+02	1.438381022e-01	1.438381022e-01	
3.432297840e+02	1.503703119e-01	1.503703119e-01	
3.420643322e+02	1.571872119e-01	1.571872119e-01	
3.409018191e+02	1.643005948e-01	1.643005948e-01	
3.397422371e+02	1.717230728e-01	1.717230728e-01	
3.385855790e+02	1.794677301e-01	1.794677301e-01	
3.374318373e+02	1.875473456e-01	1.875473456e-01	
3.362810047e+02	1.959762671e-01	1.959762671e-01	
3.351330739e+02	2.047690387e-01	2.047690387e-01	
3.339880375e+02	2.139406590e-01	2.139406590e-01	
3.328458883e+02	2.235067144e-01	2.235067144e-01	
3.317066189e+02	2.334836026e-01	2.334836026e-01	
3.305702221e+02	2.438880441e-01	2.438880441e-01	
3.294366907e+02	2.547379162e-01	2.547379162e-01	
3.283060174e+02	2.660513427e-01	2.660513427e-01	
3.271781950e+02	2.778472672e-01	2.778472672e-01	
3.260532164e+02	2.901458488e-01	2.901458488e-01	
3.249310744e+02	3.029672736e-01	3.029672736e-01	
3.238117617e+02	3.163324211e-01	3.163324211e-01	
3.226952714e+02	3.302645376e-01	3.302645376e-01	
3.215815962e+02	3.447859922e-01	3.447859922e-01	
3.204707291e+02	3.599206253e-01	3.599206253e-01	
3.193626629e+02	3.756933608e-01	3.756933608e-01	
3.182573907e+02	3.921303236e-01	3.921303236e-01	
3.171549054e+02	4.092579939e-01	4.092579939e-01	
3.160551999e+02	4.271039594e-01	4.271039594e-01	
3.149582673e+02	4.456975618e-01	4.456975618e-01	
3.138641005e+02	4.650687129e-01	4.650687129e-01	
3.127726926e+02	4.852485402e-01	4.852485402e-01	
3.116840366e+02	5.062692846e-01	5.062692846e-01	
3.105981256e+02	5.281650505e-01	5.281650505e-01	
3.095149527e+02	5.509692391e-01	5.509692391e-01	
3.084345109e+02	5.747187648e-01	5.747187648e-01	
3.073567934e+02	5.994524621e-01	5.994524621e-01	
3.062817933e+02	6.252060222e-01	6.252060222e-01	
3.052095037e+02	6.520234743e-01	6.520234743e-01	
3.041399179e+02	6.799444017e-01	6.799444017e-01	
3.030730290e+02	7.090126767e-01	7.090126767e-01	
3.020088301e+02	7.392743832e-01	7.392743832e-01	
3.009473146e+02	7.707732708e-01	7.707732708e-01	
2.998884756e+02	8.035625503e-01	8.035625503e-01	
2.988323065e+02	8.376901118e-01	8.376901118e-01	
2.977788003e+02	8.732061336e-01	8.732061336e-01	
2.967279506e+02	9.101682499e-01	9.101682499e-01	
2.956797505e+02	9.486288219e-01	9.486288219e-01	
2.946341934e+02	9.886482661e-01	9.886482661e-01	
2.935912726e+02	1.030285133e+00	1.030285133e+00	
2.925509814e+02	1.073601753e+00	1.073601753e+00	
2.915133133e+02	1.118665282e+00	1.118665282e+00	
2.904782616e+02	1.165538750e+00	1.165538750e+00	
2.894458198e+02	1.214293836e+00	1.214293836e+00	
2.884159812e+02	1.265002048e+00	1.265002048e+00	
2.873887392e+02	1.317737423e+00	1.317737423e+00	
2.863640874e+02	1.372576482e+00	1.372576482e+00	
2.853420192e+02	1.429598018e+00	1.429598018e+00	
2.843225281e+02	1.488885230e+00	1.488885230e+00	
2.833056075e+02	1.550525843e+00	1.550525843e+00	
2.822912511e+02	1.614604217e+00	1.614604217e+00	
2.812794523e+02	1.681213690e+00	1.681213690e+00	
2.802702047e+02	1.750449763e+00	1.750449763e+00	
2.792635019e+02	1.822410755e+00	1.822410755e+00	
2.782593374e+02	1.897193242e+00	1.897193242e+00	
2.772577048e+02	1.974909215e+00	1.974909215e+00	
2.762585978e+02	2.055659652e+00	2.055659652e+00	
2.752620100e+02	2.139561218e+00	2.139561218e+00	
2.742679350e+02	2.226729336e+00	2.226729336e+00	
2.732763666e+02	2.317282989e+00	2.317282989e+00	
2.722872983e+02	2.411346186e+00	2.411346186e+00	
2.713007239e+02	2.509048643e+00	2.509048643e+00	
2.703166371e+02	2.610519158e+00	2.610519158e+00	
2.693350316e+02	2.715899973e+00	2.715899973e+00	
2.683559011e+02	2.825327772e+00	2.825327772e+00	
2.673792395e+02	2.938946860e+00	2.938946860e+00	
2.664050405e+02	3.056914825e+00	3.056914825e+00	
2.654332979e+02	3.179381634e+00	3.179381634e+00	
2.644640054e+02	3.306509381e+00	3.306509381e+00	
2.634971570e+02	3.438470402e+00	3.438470402e+00	
2.625327464e+02	3.575430170e+00	3.575430170e+00	
2.615707676e+02	3.717568012e+00	3.717568012e+00	
2.606112143e+02	3.865067297e+00	3.865067297e+00	
2.596540804e+02	4.018115549e+00	4.018115549e+00	
2.586993600e+02	4.176905865e+00	4.176905865e+00	
2.577470467e+02	4.341651104e+00	4.341651104e+00	
2.567971347e+02	4.512542578e+00	4.512542578e+00	
2.558496179e+02	4.689808241e+00	4.689808241e+00	
2.549044901e+02	4.873663393e+00	4.873663393e+00	
2.539617455e+02	5.064341679e+00	5.064341679e+00	
2.530213779e+02	5.262073727e+00	5.262073727e+00	
2.520833814e+02	5.467105561e+00	5.467105561e+00	
2.511477500e+02	5.679676065e+00	5.679676065e+00	
2.502144777e+02	5.900054976e+00	5.900054976e+00	
2.492835587e+02	6.128505861e+00	6.128505861e+00	
2.483549869e+02	6.365300673e+00	6.365300673e+00	
2.474287564e+02	6.610722137e+00	6.610722137e+00	
2.465048614e+02	6.865067386e+00	6.865067386e+00	
2.455832959e+02	7.128644391e+00	7.128644391e+00	
2.446640541e+02	7.401759622e+00	7.401759622e+00	
2.437471301e+02	7.684724100e+00	7.684724100e+00	
2.428325181e+02	7.977895215e+00	7.977895215e+00	
2.419202122e+02	8.281601525e+00	8.281601525e+00	
2.410102066e+02	8.596200460e+00	8.596200460e+00	
2.401024956e+02	8.922057020e+00	8.922057020e+00	
2.391970733e+02	9.259556206e+00	9.259556206e+00	
2.382939340e+02	9.609076010e+00	9.609076010e+00	
2.373930719e+02	9.971030817e+00	9.971030817e+00	
2.364944812e+02	1.034583435e+01	1.034583435e+01	
2.355981563e+02	1.073391236e+01	1.073391236e+01	
2.347040915e+02	1.113572195e+01	1.113572195e+01	
2.338122810e+02	1.155172038e+01	1.155172038e+01	
2.329227191e+02	1.198237894e+01	1.198237894e+01	
2.320354002e+02	1.242818864e+01	1.242818864e+01	
2.311503186e+02	1.288966671e+01	1.288966671e+01	
2.302674687e+02	1.336732819e+01	1.336732819e+01	
2.293868449e+02	1.386173953e+01	1.386173953e+01	
2.285084415e+02	1.437343971e+01	1.437343971e+01	
2.276322529e+02	1.490303154e+01	1.490303154e+01	
2.267582736e+02	1.545111067e+01	1.545111067e+01	
2.258864980e+02	1.601830016e+01	1.601830016e+01	
2.250169205e+02	1.660525336e+01	1.660525336e+01	
2.241495357e+02	1.721263525e+01	1.721263525e+01	
2.232843378e+02	1.784114365e+01	1.784114365e+01	
2.224213216e+02	1.849149384e+01	1.849149384e+01	
2.215604813e+02	1.916443994e+01	1.916443994e+01	
2.207018116e+02	1.986074261e+01	1.986074261e+01	
2.198453071e+02	2.058122052e+01	2.058122052e+01	
2.189909621e+02	2.132669131e+01	2.132669131e+01	
2.181387713e+02	2.209801752e+01	2.209801752e+01	
2.172887293e+02	2.289609830e+01	2.289609830e+01	
2.164408306e+02	2.372185629e+01	2.372185629e+01	
2.155950698e+02	2.457625742e+01	2.457625742e+01	
2.147514416e+02	2.546026844e+01	2.546026844e+01	
2.139099405e+02	2.637494157e+01	2.637494157e+01	
2.130705612e+02	2.732135344e+01	2.732135344e+01	
2.122332984e+02	2.830059504e+01	2.830059504e+01	
2.113981467e+02	2.931382903e+01	2.931382903e+01	
2.105651007e+02	3.036225277e+01	3.036225277e+01	
2.097341553e+02	3.144710745e+01	3.144710745e+01	
2.089053050e+02	3.256969129e+01	3.256969129e+01	
2.080785446e+02	3.373134318e+01	3.373134318e+01	
2.072538689e+02	3.493341206e+01	3.493341206e+01	
2.064312725e+02	3.617737362e+01	3.617737362e+01	
2.056107502e+02	3.746473151e+01	3.746473151e+01	
2.047922969e+02	3.879697532e+01	3.879697532e+01	
2.039759072e+02	4.017577873e+01	4.017577873e+01	
2.031615760e+02	4.160274309e+01	4.160274309e+01	
2.023492981e+02	4.307965357e+01	4.307965357e+01	
2.015390683e+02	4.460832635e+01	4.460832635e+01	
2.007308815e+02	4.619056186e+01	4.619056186e+01	
1.999247324e+02	4.782835943e+01	4.782835943e+01	
1.991206161e+02	4.952371125e+01	4.952371125e+01	
1.983185272e+02	5.127877176e+01	5.127877176e+01	
1.975184608e+02	5.309566580e+01	5.309566580e+01	
1.967204117e+02	5.497666701e+01	5.497666701e+01	
1.959243748e+02	5.692414975e+01	5.692414975e+01	
1.951303451e+02	5.894055032e+01	5.894055032e+01	
1.943383174e+02	6.102837107e+01	6.102837107e+01	
1.935482869e+02	6.319029530e+01	6.319029530e+01	
1.927602483e+02	6.542905308e+01	6.542905308e+01	
1.919741968e+02	6.774753179e+01	6.774753179e+01	
1.911901272e+02	7.014869514e+01	7.014869514e+01	
1.904080346e+02	7.263564773e+01	7.263564773e+01	
1.896279140e+02	7.521166055e+01	7.521166055e+01	
1.888497605e+02	7.788003077e+01	7.788003077e+01	
1.880735690e+02	8.064448769e+01	8.064448769e+01	
1.872993346e+02	8.350839057e+01	8.350839057e+01	
1.865270524e+02	8.647573551e+01	8.647573551e+01	
1.857567175e+02	8.955046931e+01	8.955046931e+01	
1.849883250e+02	9.273661128e+01	9.273661128e+01	
1.842218699e+02	9.603852591e+01	9.603852591e+01	
1.834573473e+02	9.946058865e+01	9.946058865e+01	
1.826947525e+02	1.030075687e+02	1.030075687e+02	
1.819340805e+02	1.066843180e+02	1.066843180e+02	
1.811753265e+02	1.104959393e+02	1.104959393e+02	
1.804184857e+02	1.144477736e+02	1.144477736e+02	
1.796635532e+02	1.185454356e+02	1.185454356e+02	
1.789105242e+02	1.227947922e+02	1.227947922e+02	
1.781593939e+02	1.272018975e+02	1.272018975e+02	
1.774101575e+02	1.317732109e+02	1.317732109e+02	
1.766628103e+02	1.365153197e+02	1.365153197e+02	
1.759173475e+02	1.414353295e+02	1.414353295e+02	
1.751737644e+02	1.465403942e+02	1.465403942e+02	
1.744320561e+02	1.518383061e+02	1.518383061e+02	
1.736922180e+02	1.573369228e+02	1.573369228e+02	
1.729542454e+02	1.630448191e+02	1.630448191e+02	
1.722181336e+02	1.689706597e+02	1.689706597e+02	
1.714838778e+02	1.751239719e+02	1.751239719e+02	
1.707514733e+02	1.815140953e+02	1.815140953e+02	
1.700209156e+02	1.881515881e+02	1.881515881e+02	
1.692922000e+02	1.950469882e+02	1.950469882e+02	
1.685653218e+02	2.022116655e+02	2.022116655e+02	
1.678402763e+02	2.096573427e+02	2.096573427e+02	
1.671170590e+02	2.173963946e+02	2.173963946e+02	
1.663956653e+02	2.254422486e+02	2.254422486e+02	
1.656760905e+02	2.338084184e+02	2.338084184e+02	
1.649583301e+02	2.425094010e+02	2.425094010e+02	
1.642423794e+02	2.515606202e+02	2.515606202e+02	
1.635282340e+02	2.609784637e+02	2.609784637e+02	
1.628158893e+02	2.707794521e+02	2.707794521e+02	
1.621053407e+02	2.809818055e+02	2.809818055e+02	
1.613965837e+02	2.916043882e+02	2.916043882e+02	
1.606896138e+02	3.026670687e+02	3.026670687e+02	
1.599844265e+02	3.142463641e+02	3.142463641e+02	
1.592810173e+02	3.262579955e+02	3.262579955e+02	
1.585793817e+02	3.387779474e+02	3.387779474e+02	
1.578795152e+02	3.518302224e+02	3.518302224e+02	
1.571814134e+02	3.654421096e+02	3.654421096e+02	
1.564850718e+02	3.796406098e+02	3.796406098e+02	
1.557904860e+02	3.944566961e+02	3.944566961e+02	
1.550976516e+02	4.099209654e+02	4.099209654e+02	
1.544065641e+02	4.260671903e+02	4.260671903e+02	
1.537172191e+02	4.429311096e+02	4.429311096e+02	
1.530296123e+02	4.605503889e+02	4.605503889e+02	
1.523437392e+02	4.789650425e+02	4.789650425e+02	
1.516595956e+02	4.982176123e+02	4.982176123e+02	
1.509771769e+02	5.183537353e+02	5.183537353e+02	
1.502964790e+02	5.394217474e+02	5.394217474e+02	
1.496174973e+02	5.614733234e+02	5.614733234e+02	
1.489402277e+02	5.845629828e+02	5.845629828e+02	
1.482646658e+02	6.087500093e+02	6.087500093e+02	
1.475908073e+02	6.340965882e+02	6.340965882e+02	
1.469186479e+02	6.606693471e+02	6.606693471e+02	
1.462481833e+02	6.885410716e+02	6.885410716e+02	
1.455794092e+02	7.177874603e+02	7.177874603e+02	
1.449123214e+02	7.484903439e+02	7.484903439e+02	
1.442469156e+02	7.807383849e+02	7.807383849e+02	
1.435831876e+02	8.146255539e+02	8.146255539e+02	
1.429211332e+02	8.502541062e+02	8.502541062e+02	
1.422607480e+02	8.877315495e+02	8.877315495e+02	
1.416020281e+02	9.271751216e+02	9.271751216e+02	
1.409449690e+02	9.687130299e+02	9.687130299e+02	
1.402895667e+02	1.012479170e+03	1.012479170e+03	
1.396358169e+02	1.058620987e+03	1.058620987e+03	
1.389837155e+02	1.107297275e+03	1.107297275e+03	
1.383332584e+02	1.158680038e+03	1.158680038e+03	
1.376844413e+02	1.212951838e+03	1.212951838e+03	
1.370372602e+02	1.270316870e+03	1.270316870e+03	
1.363917109e+02	1.330991802e+03	1.330991802e+03	
1.357477894e+02	1.395213020e+03	1.395213020e+03	
1.351054914e+02	1.463238029e+03	1.463238029e+03	
1.344648130e+02	1.535346086e+03	1.535346086e+03	
1.338257500e+02	1.611843537e+03	1.611843537e+03	
1.331882984e+02	1.693061513e+03	1.693061513e+03	
1.325524540e+02	1.779361558e+03	1.779361558e+03	
1.319182130e+02	1.871145302e+03	1.871145302e+03	
1.312855711e+02	1.968844105e+03	1.968844105e+03	
1.306545244e+02	2.072933269e+03	2.072933269e+03	
1.300250688e+02	2.183936713e+03	2.183936713e+03	
1.293972003e+02	2.302428391e+03	2.302428391e+03	
1.287709150e+02	2.429037594e+03	2.429037594e+03	
1.281462089e+02	2.564460087e+03	2.564460087e+03	
1.275230779e+02	2.709461288e+03	2.709461288e+03	
1.269015181e+02	2.864885491e+03	2.864885491e+03	
1.262815255e+02	3.031668898e+03	3.031668898e+03	
1.256630962e+02	3.210844800e+03	3.210844800e+03	
1.250462262e+02	3.403559301e+03	3.403559301e+03	
1.244309116e+02	3.611088783e+03	3.611088783e+03	
1.238171485e+02	3.834845420e+03	3.834845420e+03	
1.232049330e+02	4.076407423e+03	4.076407423e+03	
1.225942612e+02	4.333048788e+03	4.333048788e+03	
1.219851291e+02	4.618548118e+03	4.618548118e+03	
1.213775329e+02	4.928540065e+03	4.928540065e+03	
1.207714687e+02	5.264661021e+03	5.264661021e+03	
1.201669327e+02	5.628590133e+03	5.628590133e+03	
1.195639210e+02	6.022018944e+03	6.022018944e+03	
1.189624297e+02	6.446629067e+03	6.446629067e+03	
1.183624551e+02	6.904068926e+03	6.904068926e+03	
1.177639933e+02	7.395875475e+03	7.395875475e+03	
1.171670404e+02	7.923432485e+03	7.923432485e+03	
1.165715928e+02	8.487889647e+03	8.487889647e+03	
1.159776465e+02	9.090088340e+03	9.090088340e+03	
1.153851978e+02	9.730405139e+03	9.730405139e+03	
1.147942430e+02	1.040866734e+04	1.040866734e+04	
1.142047782e+02	1.112393194e+04	1.112393194e+04	
1.136167997e+02	1.187433446e+04	1.187433446e+04	
1.130303037e+02	1.265681155e+04	1.265681155e+04	
1.124452866e+02	1.346687313e+04	1.346687313e+04	
1.118617446e+02	1.429827666e+04	1.429827666e+04	
1.112796739e+02	1.514270203e+04	1.514270203e+04	
1.106990709e+02	1.598927603e+04	1.598927603e+04	
1.101199319e+02	1.682436702e+04	1.682436702e+04	
1.095422531e+02	1.763087889e+04	1.763087889e+04	
1.089660309e+02	1.838722660e+04	1.838722660e+04	
1.083912616e+02	1.906735562e+04	1.906735562e+04	
1.078179415e+02	1.964054631e+04	1.964054631e+04	
1.072460671e+02	2.007153476e+04	2.007153476e+04	
1.066756346e+02	2.032084603e+04	2.032084603e+04	
1.061066404e+02	2.034566964e+04	2.034566964e+04	
1.055390809e+02	2.010207565e+04	2.010207565e+04	
1.049729525e+02	1.954798845e+04	1.954798845e+04	
1.044082515e+02	1.864844577e+04	1.864844577e+04	
1.038449744e+02	1.738196192e+04	1.738196192e+04	
1.032831175e+02	1.574957069e+04	1.574957069e+04	
1.027226774e+02	1.378500672e+04	1.378500672e+04	
1.021636503e+02	1.156451798e+04	1.156451798e+04	
1.016060329e+02	9.212062428e+03	9.212062428e+03	
1.010498214e+02	6.892508559e+03	6.892508559e+03	
1.004950123e+02	4.786342861e+03	4.786342861e+03	
9.994160224e+01	3.047030253e+03	3.047030253e+03	
9.938958752e+01	1.757224148e+03	1.757224148e+03	
9.883896468e+01	9.082577387e+02	9.082577387e+02	
9.828973020e+01	4.169454429e+02	4.169454429e+02	
9.774188058e+01	1.687640528e+02	1.687640528e+02	
9.719541233e+01	5.990075419e+01	5.990075419e+01	
9.665032197e+01	1.857228270e+01	1.857228270e+01	
9.610660603e+01	5.017760026e+00	5.017760026e+00	
9.556426103e+01	1.179738687e+00	1.179738687e+00	
9.502328353e+01	2.412668397e-01	2.412668397e-01	
9.448367007e+01	4.292788327e-02	4.292788327e-02	
9.394541721e+01	6.650200929e-03	6.650200929e-03	
9.340852152e+01	8.979395065e-04	8.979395065e-04	
9.287297959e+01	1.058191028e-04	1.058191028e-04	
9.233878800e+01	1.090022928e-05	1.090022928e-05	
9.180594334e+01	9.830254801e-07	9.830254801e-07	
9.127444221e+01	7.774533980e-08	7.774533980e-08	
9.074428124e+01	5.401230021e-09	5.401230021e-09	
9.021545703e+01	3.301641526e-10	3.301641526e-10	
8.968796622e+01	1.778619416e-11	1.778619416e-11	
8.916180546e+01	8.456967741e-13	8.456967741e-13	
8.863697137e+01	3.554416031e-14	3.554416031e-14	
8.811346063e+01	1.322415846e-15	1.322415846e-15	
8.759126988e+01	4.361223787e-17	4.361223787e-17	
8.707039581e+01	1.276693963e-18	1.276693963e-18	
8.655083510e+01	3.321936789e-20	3.321936789e-20	
8.603258442e+01	7.693170647e-22	7.693170647e-22	
8.551564049e+01	1.587582661e-23	1.587582661e-23	
8.500000000e+01	1.250202938e-26	1.250202938e-26	
#	AeroPlanets 1.01
#	Copyright G Gronoff 2009
#	Report bugs : guillaume.gronoff@gmail.com
#
#	Launched :Tue Dec 19 13:05:08 2017
# Planet:Earth
# Electron impact ionization used
# Electron impact ionization error: -27.5547% (>0 : gain)

