# Volume profile of  emissions
# Emission in ph cm-3s-1 
# Altitude in Km
# Total : 4.972631654e+03 R
# 1.354000000e+02 : 4.972631654e+03 R
6.000000000e+02	8.479832190e-07	8.479832190e-07	
5.981871170e+02	9.027084621e-07	9.027084621e-07	
5.963788051e+02	9.608542173e-07	9.608542173e-07	
5.945750527e+02	1.022621175e-06	1.022621175e-06	
5.927758484e+02	1.088232862e-06	1.088232862e-06	
5.909811807e+02	1.157918847e-06	1.157918847e-06	
5.891910381e+02	1.231924951e-06	1.231924951e-06	
5.874054093e+02	1.310505430e-06	1.310505430e-06	
5.856242828e+02	1.393940423e-06	1.393940423e-06	
5.838476474e+02	1.482508807e-06	1.482508807e-06	
5.820754916e+02	1.576527345e-06	1.576527345e-06	
5.803078042e+02	1.676313362e-06	1.676313362e-06	
5.785445740e+02	1.782211917e-06	1.782211917e-06	
5.767857896e+02	1.894584084e-06	1.894584084e-06	
5.750314399e+02	2.013805413e-06	2.013805413e-06	
5.732815137e+02	2.140297760e-06	2.140297760e-06	
5.715359998e+02	2.274469824e-06	2.274469824e-06	
5.697948871e+02	2.416782985e-06	2.416782985e-06	
5.680581646e+02	2.567705805e-06	2.567705805e-06	
5.663258210e+02	2.727751941e-06	2.727751941e-06	
5.645978455e+02	2.897453509e-06	2.897453509e-06	
5.628742270e+02	3.077366683e-06	3.077366683e-06	
5.611549545e+02	3.268085627e-06	3.268085627e-06	
5.594400171e+02	3.470249943e-06	3.470249943e-06	
5.577294037e+02	3.684502643e-06	3.684502643e-06	
5.560231036e+02	3.911563100e-06	3.911563100e-06	
5.543211058e+02	4.152163192e-06	4.152163192e-06	
5.526233995e+02	4.407083389e-06	4.407083389e-06	
5.509299738e+02	4.677155638e-06	4.677155638e-06	
5.492408181e+02	4.963228190e-06	4.963228190e-06	
5.475559214e+02	5.266252613e-06	5.266252613e-06	
5.458752731e+02	5.587171332e-06	5.587171332e-06	
5.441988625e+02	5.926998742e-06	5.926998742e-06	
5.425266788e+02	6.286847865e-06	6.286847865e-06	
5.408587115e+02	6.667844736e-06	6.667844736e-06	
5.391949498e+02	7.071172806e-06	7.071172806e-06	
5.375353832e+02	7.498128155e-06	7.498128155e-06	
5.358800011e+02	7.950035965e-06	7.950035965e-06	
5.342287930e+02	8.428303381e-06	8.428303381e-06	
5.325817483e+02	8.934435917e-06	8.934435917e-06	
5.309388565e+02	9.469996462e-06	9.469996462e-06	
5.293001072e+02	1.003661041e-05	1.003661041e-05	
5.276654899e+02	1.063607594e-05	1.063607594e-05	
5.260349942e+02	1.127020341e-05	1.127020341e-05	
5.244086096e+02	1.194090542e-05	1.194090542e-05	
5.227863260e+02	1.265031611e-05	1.265031611e-05	
5.211681328e+02	1.340049601e-05	1.340049601e-05	
5.195540198e+02	1.419383706e-05	1.419383706e-05	
5.179439766e+02	1.503259662e-05	1.503259662e-05	
5.163379932e+02	1.591939885e-05	1.591939885e-05	
5.147360591e+02	1.685685725e-05	1.685685725e-05	
5.131381641e+02	1.784784393e-05	1.784784393e-05	
5.115442982e+02	1.889526981e-05	1.889526981e-05	
5.099544512e+02	2.000227833e-05	2.000227833e-05	
5.083686128e+02	2.117209978e-05	2.117209978e-05	
5.067867730e+02	2.240824222e-05	2.240824222e-05	
5.052089218e+02	2.371440708e-05	2.371440708e-05	
5.036350490e+02	2.509431977e-05	2.509431977e-05	
5.020651447e+02	2.655207919e-05	2.655207919e-05	
5.004991987e+02	2.809195329e-05	2.809195329e-05	
4.989372012e+02	2.971845108e-05	2.971845108e-05	
4.973791422e+02	3.143631911e-05	3.143631911e-05	
4.958250118e+02	3.325050157e-05	3.325050157e-05	
4.942748000e+02	3.516615774e-05	3.516615774e-05	
4.927284970e+02	3.718900031e-05	3.718900031e-05	
4.911860928e+02	3.932470076e-05	3.932470076e-05	
4.896475778e+02	4.157950839e-05	4.157950839e-05	
4.881129421e+02	4.395968667e-05	4.395968667e-05	
4.865821758e+02	4.647222985e-05	4.647222985e-05	
4.850552693e+02	4.912415379e-05	4.912415379e-05	
4.835322128e+02	5.192307898e-05	5.192307898e-05	
4.820129965e+02	5.487680250e-05	5.487680250e-05	
4.804976109e+02	5.799375346e-05	5.799375346e-05	
4.789860463e+02	6.128270711e-05	6.128270711e-05	
4.774782930e+02	6.475296581e-05	6.475296581e-05	
4.759743414e+02	6.841411669e-05	6.841411669e-05	
4.744741819e+02	7.227641198e-05	7.227641198e-05	
4.729778050e+02	7.635071093e-05	7.635071093e-05	
4.714852011e+02	8.064824260e-05	8.064824260e-05	
4.699963607e+02	8.518100626e-05	8.518100626e-05	
4.685112743e+02	8.996161371e-05	8.996161371e-05	
4.670299326e+02	9.500305319e-05	9.500305319e-05	
4.655523259e+02	1.003193107e-04	1.003193107e-04	
4.640784449e+02	1.059254695e-04	1.059254695e-04	
4.626082802e+02	1.118361071e-04	1.118361071e-04	
4.611418225e+02	1.180677433e-04	1.180677433e-04	
4.596790624e+02	1.246373785e-04	1.246373785e-04	
4.582199905e+02	1.315628920e-04	1.315628920e-04	
4.567645976e+02	1.388633142e-04	1.388633142e-04	
4.553128743e+02	1.465581671e-04	1.465581671e-04	
4.538648115e+02	1.546685343e-04	1.546685343e-04	
4.524204000e+02	1.632158333e-04	1.632158333e-04	
4.509796304e+02	1.722233977e-04	1.722233977e-04	
4.495424936e+02	1.817159685e-04	1.817159685e-04	
4.481089805e+02	1.917180837e-04	1.917180837e-04	
4.466790819e+02	2.022568879e-04	2.022568879e-04	
4.452527887e+02	2.133609899e-04	2.133609899e-04	
4.438300919e+02	2.250592904e-04	2.250592904e-04	
4.424109822e+02	2.373828888e-04	2.373828888e-04	
4.409954508e+02	2.503648654e-04	2.503648654e-04	
4.395834886e+02	2.640397784e-04	2.640397784e-04	
4.381750865e+02	2.784432894e-04	2.784432894e-04	
4.367702357e+02	2.936132594e-04	2.936132594e-04	
4.353689271e+02	3.095908096e-04	3.095908096e-04	
4.339711518e+02	3.264164590e-04	3.264164590e-04	
4.325769009e+02	3.441349005e-04	3.441349005e-04	
4.311861656e+02	3.627931455e-04	3.627931455e-04	
4.297989369e+02	3.824382401e-04	3.824382401e-04	
4.284152060e+02	4.031237888e-04	4.031237888e-04	
4.270349641e+02	4.249017757e-04	4.249017757e-04	
4.256582024e+02	4.478289250e-04	4.478289250e-04	
4.242849122e+02	4.719646399e-04	4.719646399e-04	
4.229150846e+02	4.973723714e-04	4.973723714e-04	
4.215487110e+02	5.241164483e-04	5.241164483e-04	
4.201857825e+02	5.522660903e-04	5.522660903e-04	
4.188262907e+02	5.818940108e-04	5.818940108e-04	
4.174702267e+02	6.130768099e-04	6.130768099e-04	
4.161175820e+02	6.458917132e-04	6.458917132e-04	
4.147683478e+02	6.804263643e-04	6.804263643e-04	
4.134225157e+02	7.167660334e-04	7.167660334e-04	
4.120800770e+02	7.550040296e-04	7.550040296e-04	
4.107410232e+02	7.952376197e-04	7.952376197e-04	
4.094053458e+02	8.375693442e-04	8.375693442e-04	
4.080730362e+02	8.821060564e-04	8.821060564e-04	
4.067440859e+02	9.289592423e-04	9.289592423e-04	
4.054184865e+02	9.782504599e-04	9.782504599e-04	
4.040962295e+02	1.030100160e-03	1.030100160e-03	
4.027773065e+02	1.084639621e-03	1.084639621e-03	
4.014617091e+02	1.142008438e-03	1.142008438e-03	
4.001494289e+02	1.202346226e-03	1.202346226e-03	
3.988404576e+02	1.265809339e-03	1.265809339e-03	
3.975347867e+02	1.332556807e-03	1.332556807e-03	
3.962324080e+02	1.402753712e-03	1.402753712e-03	
3.949333132e+02	1.476571779e-03	1.476571779e-03	
3.936374940e+02	1.554199188e-03	1.554199188e-03	
3.923449421e+02	1.635818871e-03	1.635818871e-03	
3.910556493e+02	1.721643662e-03	1.721643662e-03	
3.897696073e+02	1.811882614e-03	1.811882614e-03	
3.884868081e+02	1.906756609e-03	1.906756609e-03	
3.872072434e+02	2.006499602e-03	2.006499602e-03	
3.859309050e+02	2.111362761e-03	2.111362761e-03	
3.846577848e+02	2.221599616e-03	2.221599616e-03	
3.833878747e+02	2.337479224e-03	2.337479224e-03	
3.821211667e+02	2.459290468e-03	2.459290468e-03	
3.808576525e+02	2.587331291e-03	2.587331291e-03	
3.795973243e+02	2.721911034e-03	2.721911034e-03	
3.783401738e+02	2.863363531e-03	2.863363531e-03	
3.770861932e+02	3.012033294e-03	3.012033294e-03	
3.758353745e+02	3.168278419e-03	3.168278419e-03	
3.745877096e+02	3.332486026e-03	3.332486026e-03	
3.733431907e+02	3.505050129e-03	3.505050129e-03	
3.721018097e+02	3.686395927e-03	3.686395927e-03	
3.708635588e+02	3.876955231e-03	3.876955231e-03	
3.696284300e+02	4.077198581e-03	4.077198581e-03	
3.683964156e+02	4.287603669e-03	4.287603669e-03	
3.671675076e+02	4.508689588e-03	4.508689588e-03	
3.659416983e+02	4.740992092e-03	4.740992092e-03	
3.647189797e+02	4.985054828e-03	4.985054828e-03	
3.634993442e+02	5.241486532e-03	5.241486532e-03	
3.622827839e+02	5.510891584e-03	5.510891584e-03	
3.610692911e+02	5.793929773e-03	5.793929773e-03	
3.598588580e+02	6.091279282e-03	6.091279282e-03	
3.586514770e+02	6.403647553e-03	6.403647553e-03	
3.574471403e+02	6.731794222e-03	6.731794222e-03	
3.562458403e+02	7.076500758e-03	7.076500758e-03	
3.550475693e+02	7.438600902e-03	7.438600902e-03	
3.538523197e+02	7.818960123e-03	7.818960123e-03	
3.526600838e+02	8.218489688e-03	8.218489688e-03	
3.514708541e+02	8.638139371e-03	8.638139371e-03	
3.502846229e+02	9.078910606e-03	9.078910606e-03	
3.491013828e+02	9.541876100e-03	9.541876100e-03	
3.479211261e+02	1.002810628e-02	1.002810628e-02	
3.467438454e+02	1.053877536e-02	1.053877536e-02	
3.455695331e+02	1.107510795e-02	1.107510795e-02	
3.443981818e+02	1.163834781e-02	1.163834781e-02	
3.432297840e+02	1.222987751e-02	1.222987751e-02	
3.420643322e+02	1.285107205e-02	1.285107205e-02	
3.409018191e+02	1.350339060e-02	1.350339060e-02	
3.397422371e+02	1.418839253e-02	1.418839253e-02	
3.385855790e+02	1.490771088e-02	1.490771088e-02	
3.374318373e+02	1.566298890e-02	1.566298890e-02	
3.362810047e+02	1.645603776e-02	1.645603776e-02	
3.351330739e+02	1.728872506e-02	1.728872506e-02	
3.339880375e+02	1.816299817e-02	1.816299817e-02	
3.328458883e+02	1.908089774e-02	1.908089774e-02	
3.317066189e+02	2.004457765e-02	2.004457765e-02	
3.305702221e+02	2.105626497e-02	2.105626497e-02	
3.294366907e+02	2.211833724e-02	2.211833724e-02	
3.283060174e+02	2.323324584e-02	2.323324584e-02	
3.271781950e+02	2.440356798e-02	2.440356798e-02	
3.260532164e+02	2.563204492e-02	2.563204492e-02	
3.249310744e+02	2.692148060e-02	2.692148060e-02	
3.238117617e+02	2.827480244e-02	2.827480244e-02	
3.226952714e+02	2.969521526e-02	2.969521526e-02	
3.215815962e+02	3.118591310e-02	3.118591310e-02	
3.204707291e+02	3.275028854e-02	3.275028854e-02	
3.193626629e+02	3.439190941e-02	3.439190941e-02	
3.182573907e+02	3.611453057e-02	3.611453057e-02	
3.171549054e+02	3.792202103e-02	3.792202103e-02	
3.160551999e+02	3.981843643e-02	3.981843643e-02	
3.149582673e+02	4.180808430e-02	4.180808430e-02	
3.138641005e+02	4.389541885e-02	4.389541885e-02	
3.127726926e+02	4.608510557e-02	4.608510557e-02	
3.116840366e+02	4.838201678e-02	4.838201678e-02	
3.105981256e+02	5.079129476e-02	5.079129476e-02	
3.095149527e+02	5.331812757e-02	5.331812757e-02	
3.084345109e+02	5.596815075e-02	5.596815075e-02	
3.073567934e+02	5.874730554e-02	5.874730554e-02	
3.062817933e+02	6.166134750e-02	6.166134750e-02	
3.052095037e+02	6.471697735e-02	6.471697735e-02	
3.041399179e+02	6.792059264e-02	6.792059264e-02	
3.030730290e+02	7.127915628e-02	7.127915628e-02	
3.020088301e+02	7.479999696e-02	7.479999696e-02	
3.009473146e+02	7.849034513e-02	7.849034513e-02	
2.998884756e+02	8.235870224e-02	8.235870224e-02	
2.988323065e+02	8.641305974e-02	8.641305974e-02	
2.977788003e+02	9.066153921e-02	9.066153921e-02	
2.967279506e+02	9.511342015e-02	9.511342015e-02	
2.956797505e+02	9.977760868e-02	9.977760868e-02	
2.946341934e+02	1.046640299e-01	1.046640299e-01	
2.935912726e+02	1.097826011e-01	1.097826011e-01	
2.925509814e+02	1.151438293e-01	1.151438293e-01	
2.915133133e+02	1.207589422e-01	1.207589422e-01	
2.904782616e+02	1.266389038e-01	1.266389038e-01	
2.894458198e+02	1.327958055e-01	1.327958055e-01	
2.884159812e+02	1.392419442e-01	1.392419442e-01	
2.873887392e+02	1.459900922e-01	1.459900922e-01	
2.863640874e+02	1.530535182e-01	1.530535182e-01	
2.853420192e+02	1.604459701e-01	1.604459701e-01	
2.843225281e+02	1.681819201e-01	1.681819201e-01	
2.833056075e+02	1.762765959e-01	1.762765959e-01	
2.822912511e+02	1.847450896e-01	1.847450896e-01	
2.812794523e+02	1.936037678e-01	1.936037678e-01	
2.802702047e+02	2.028694709e-01	2.028694709e-01	
2.792635019e+02	2.125595870e-01	2.125595870e-01	
2.782593374e+02	2.226915810e-01	2.226915810e-01	
2.772577048e+02	2.332849316e-01	2.332849316e-01	
2.762585978e+02	2.443580904e-01	2.443580904e-01	
2.752620100e+02	2.559316217e-01	2.559316217e-01	
2.742679350e+02	2.680262175e-01	2.680262175e-01	
2.732763666e+02	2.806632622e-01	2.806632622e-01	
2.722872983e+02	2.938650141e-01	2.938650141e-01	
2.713007239e+02	3.076547083e-01	3.076547083e-01	
2.703166371e+02	3.220557522e-01	3.220557522e-01	
2.693350316e+02	3.370932677e-01	3.370932677e-01	
2.683559011e+02	3.527921416e-01	3.527921416e-01	
2.673792395e+02	3.691782727e-01	3.691782727e-01	
2.664050405e+02	3.862794876e-01	3.862794876e-01	
2.654332979e+02	4.041229064e-01	4.041229064e-01	
2.644640054e+02	4.227374069e-01	4.227374069e-01	
2.634971570e+02	4.421534047e-01	4.421534047e-01	
2.625327464e+02	4.624006557e-01	4.624006557e-01	
2.615707676e+02	4.835109101e-01	4.835109101e-01	
2.606112143e+02	5.055166837e-01	5.055166837e-01	
2.596540804e+02	5.284510764e-01	5.284510764e-01	
2.586993600e+02	5.523480070e-01	5.523480070e-01	
2.577470467e+02	5.772442524e-01	5.772442524e-01	
2.567971347e+02	6.031736482e-01	6.031736482e-01	
2.558496179e+02	6.301750365e-01	6.301750365e-01	
2.549044901e+02	6.582856749e-01	6.582856749e-01	
2.539617455e+02	6.875453460e-01	6.875453460e-01	
2.530213779e+02	7.179935172e-01	7.179935172e-01	
2.520833814e+02	7.496717210e-01	7.496717210e-01	
2.511477500e+02	7.826209190e-01	7.826209190e-01	
2.502144777e+02	8.168860530e-01	8.168860530e-01	
2.492835587e+02	8.525108257e-01	8.525108257e-01	
2.483549869e+02	8.895400522e-01	8.895400522e-01	
2.474287564e+02	9.280199783e-01	9.280199783e-01	
2.465048614e+02	9.679983972e-01	9.679983972e-01	
2.455832959e+02	1.009524539e+00	1.009524539e+00	
2.446640541e+02	1.052647238e+00	1.052647238e+00	
2.437471301e+02	1.097415709e+00	1.097415709e+00	
2.428325181e+02	1.143885509e+00	1.143885509e+00	
2.419202122e+02	1.192107808e+00	1.192107808e+00	
2.410102066e+02	1.242137673e+00	1.242137673e+00	
2.401024956e+02	1.294031105e+00	1.294031105e+00	
2.391970733e+02	1.347846370e+00	1.347846370e+00	
2.382939340e+02	1.403639642e+00	1.403639642e+00	
2.373930719e+02	1.461472959e+00	1.461472959e+00	
2.364944812e+02	1.521406634e+00	1.521406634e+00	
2.355981563e+02	1.583502560e+00	1.583502560e+00	
2.347040915e+02	1.647826835e+00	1.647826835e+00	
2.338122810e+02	1.714445115e+00	1.714445115e+00	
2.329227191e+02	1.783424651e+00	1.783424651e+00	
2.320354002e+02	1.854835146e+00	1.854835146e+00	
2.311503186e+02	1.928749806e+00	1.928749806e+00	
2.302674687e+02	2.005241296e+00	2.005241296e+00	
2.293868449e+02	2.084390815e+00	2.084390815e+00	
2.285084415e+02	2.166270693e+00	2.166270693e+00	
2.276322529e+02	2.250966449e+00	2.250966449e+00	
2.267582736e+02	2.338559233e+00	2.338559233e+00	
2.258864980e+02	2.429133349e+00	2.429133349e+00	
2.250169205e+02	2.522777874e+00	2.522777874e+00	
2.241495357e+02	2.619583361e+00	2.619583361e+00	
2.232843378e+02	2.719645070e+00	2.719645070e+00	
2.224213216e+02	2.823060714e+00	2.823060714e+00	
2.215604813e+02	2.929933809e+00	2.929933809e+00	
2.207018116e+02	3.040368938e+00	3.040368938e+00	
2.198453071e+02	3.154480026e+00	3.154480026e+00	
2.189909621e+02	3.272384463e+00	3.272384463e+00	
2.181387713e+02	3.394194145e+00	3.394194145e+00	
2.172887293e+02	3.520040208e+00	3.520040208e+00	
2.164408306e+02	3.650046772e+00	3.650046772e+00	
2.155950698e+02	3.784345780e+00	3.784345780e+00	
2.147514416e+02	3.923070366e+00	3.923070366e+00	
2.139099405e+02	4.066367173e+00	4.066367173e+00	
2.130705612e+02	4.214387023e+00	4.214387023e+00	
2.122332984e+02	4.367283441e+00	4.367283441e+00	
2.113981467e+02	4.525221633e+00	4.525221633e+00	
2.105651007e+02	4.688373015e+00	4.688373015e+00	
2.097341553e+02	4.856917177e+00	4.856917177e+00	
2.089053050e+02	5.031048277e+00	5.031048277e+00	
2.080785446e+02	5.210953279e+00	5.210953279e+00	
2.072538689e+02	5.396830513e+00	5.396830513e+00	
2.064312725e+02	5.588894771e+00	5.588894771e+00	
2.056107502e+02	5.787357944e+00	5.787357944e+00	
2.047922969e+02	5.992433561e+00	5.992433561e+00	
2.039759072e+02	6.204364413e+00	6.204364413e+00	
2.031615760e+02	6.423382874e+00	6.423382874e+00	
2.023492981e+02	6.649750289e+00	6.649750289e+00	
2.015390683e+02	6.883733543e+00	6.883733543e+00	
2.007308815e+02	7.125598044e+00	7.125598044e+00	
1.999247324e+02	7.375641147e+00	7.375641147e+00	
1.991206161e+02	7.634161678e+00	7.634161678e+00	
1.983185272e+02	7.901496179e+00	7.901496179e+00	
1.975184608e+02	8.177931872e+00	8.177931872e+00	
1.967204117e+02	8.463832047e+00	8.463832047e+00	
1.959243748e+02	8.759531379e+00	8.759531379e+00	
1.951303451e+02	9.065382993e+00	9.065382993e+00	
1.943383174e+02	9.381752246e+00	9.381752246e+00	
1.935482869e+02	9.709033444e+00	9.709033444e+00	
1.927602483e+02	1.004762920e+01	1.004762920e+01	
1.919741968e+02	1.039796766e+01	1.039796766e+01	
1.911901272e+02	1.076049105e+01	1.076049105e+01	
1.904080346e+02	1.113566675e+01	1.113566675e+01	
1.896279140e+02	1.152399383e+01	1.152399383e+01	
1.888497605e+02	1.192598789e+01	1.192598789e+01	
1.880735690e+02	1.234229492e+01	1.234229492e+01	
1.872993346e+02	1.277327918e+01	1.277327918e+01	
1.865270524e+02	1.321965306e+01	1.321965306e+01	
1.857567175e+02	1.368191705e+01	1.368191705e+01	
1.849883250e+02	1.416060726e+01	1.416060726e+01	
1.842218699e+02	1.465632931e+01	1.465632931e+01	
1.834573473e+02	1.516969618e+01	1.516969618e+01	
1.826947525e+02	1.570138436e+01	1.570138436e+01	
1.819340805e+02	1.625208587e+01	1.625208587e+01	
1.811753265e+02	1.682253358e+01	1.682253358e+01	
1.804184857e+02	1.741349953e+01	1.741349953e+01	
1.796635532e+02	1.802580172e+01	1.802580172e+01	
1.789105242e+02	1.866030370e+01	1.866030370e+01	
1.781593939e+02	1.931792242e+01	1.931792242e+01	
1.774101575e+02	1.999959854e+01	1.999959854e+01	
1.766628103e+02	2.070625341e+01	2.070625341e+01	
1.759173475e+02	2.143896252e+01	2.143896252e+01	
1.751737644e+02	2.219869685e+01	2.219869685e+01	
1.744320561e+02	2.298655934e+01	2.298655934e+01	
1.736922180e+02	2.380367002e+01	2.380367002e+01	
1.729542454e+02	2.465126070e+01	2.465126070e+01	
1.722181336e+02	2.553057805e+01	2.553057805e+01	
1.714838778e+02	2.644299918e+01	2.644299918e+01	
1.707514733e+02	2.738987124e+01	2.738987124e+01	
1.700209156e+02	2.837272339e+01	2.837272339e+01	
1.692922000e+02	2.939307662e+01	2.939307662e+01	
1.685653218e+02	3.045257030e+01	3.045257030e+01	
1.678402763e+02	3.155287420e+01	3.155287420e+01	
1.671170590e+02	3.269578160e+01	3.269578160e+01	
1.663956653e+02	3.388326589e+01	3.388326589e+01	
1.656760905e+02	3.511725392e+01	3.511725392e+01	
1.649583301e+02	3.639989459e+01	3.639989459e+01	
1.642423794e+02	3.773344301e+01	3.773344301e+01	
1.635282340e+02	3.912028647e+01	3.912028647e+01	
1.628158893e+02	4.056282072e+01	4.056282072e+01	
1.621053407e+02	4.206368513e+01	4.206368513e+01	
1.613965837e+02	4.362559760e+01	4.362559760e+01	
1.606896138e+02	4.525138370e+01	4.525138370e+01	
1.599844265e+02	4.695234697e+01	4.695234697e+01	
1.592810173e+02	4.871600036e+01	4.871600036e+01	
1.585793817e+02	5.055359735e+01	5.055359735e+01	
1.578795152e+02	5.246857670e+01	5.246857670e+01	
1.571814134e+02	5.446492252e+01	5.446492252e+01	
1.564850718e+02	5.654647053e+01	5.654647053e+01	
1.557904860e+02	5.871777081e+01	5.871777081e+01	
1.550976516e+02	6.098321825e+01	6.098321825e+01	
1.544065641e+02	6.334768843e+01	6.334768843e+01	
1.537172191e+02	6.581635438e+01	6.581635438e+01	
1.530296123e+02	6.839467283e+01	6.839467283e+01	
1.523437392e+02	7.108844385e+01	7.108844385e+01	
1.516595956e+02	7.390383403e+01	7.390383403e+01	
1.509771769e+02	7.684746020e+01	7.684746020e+01	
1.502964790e+02	7.992633020e+01	7.992633020e+01	
1.496174973e+02	8.314793573e+01	8.314793573e+01	
1.489402277e+02	8.652018063e+01	8.652018063e+01	
1.482646658e+02	9.005166069e+01	9.005166069e+01	
1.475908073e+02	9.375138514e+01	9.375138514e+01	
1.469186479e+02	9.762897279e+01	9.762897279e+01	
1.462481833e+02	1.016950492e+02	1.016950492e+02	
1.455794092e+02	1.059605310e+02	1.059605310e+02	
1.449123214e+02	1.104373140e+02	1.104373140e+02	
1.442469156e+02	1.151382773e+02	1.151382773e+02	
1.435831876e+02	1.200770571e+02	1.200770571e+02	
1.429211332e+02	1.252684902e+02	1.252684902e+02	
1.422607480e+02	1.307281762e+02	1.307281762e+02	
1.416020281e+02	1.364731309e+02	1.364731309e+02	
1.409449690e+02	1.425219700e+02	1.425219700e+02	
1.402895667e+02	1.488941300e+02	1.488941300e+02	
1.396358169e+02	1.556110307e+02	1.556110307e+02	
1.389837155e+02	1.626957414e+02	1.626957414e+02	
1.383332584e+02	1.701732608e+02	1.701732608e+02	
1.376844413e+02	1.780701300e+02	1.780701300e+02	
1.370372602e+02	1.864159977e+02	1.864159977e+02	
1.363917109e+02	1.952422536e+02	1.952422536e+02	
1.357477894e+02	2.045836752e+02	2.045836752e+02	
1.351054914e+02	2.144773680e+02	2.144773680e+02	
1.344648130e+02	2.249642527e+02	2.249642527e+02	
1.338257500e+02	2.360890167e+02	2.360890167e+02	
1.331882984e+02	2.478999689e+02	2.478999689e+02	
1.325524540e+02	2.604498898e+02	2.604498898e+02	
1.319182130e+02	2.737974468e+02	2.737974468e+02	
1.312855711e+02	2.880056887e+02	2.880056887e+02	
1.306545244e+02	3.031441296e+02	3.031441296e+02	
1.300250688e+02	3.192894474e+02	3.192894474e+02	
1.293972003e+02	3.365256924e+02	3.365256924e+02	
1.287709150e+02	3.549450818e+02	3.549450818e+02	
1.281462089e+02	3.746496412e+02	3.746496412e+02	
1.275230779e+02	3.957516784e+02	3.957516784e+02	
1.269015181e+02	4.183751528e+02	4.183751528e+02	
1.262815255e+02	4.426572123e+02	4.426572123e+02	
1.256630962e+02	4.687505949e+02	4.687505949e+02	
1.250462262e+02	4.968231801e+02	4.968231801e+02	
1.244309116e+02	5.270631165e+02	5.270631165e+02	
1.238171485e+02	5.596785608e+02	5.596785608e+02	
1.232049330e+02	5.949023323e+02	5.949023323e+02	
1.225942612e+02	6.323398534e+02	6.323398534e+02	
1.219851291e+02	6.740043218e+02	6.740043218e+02	
1.213775329e+02	7.192633037e+02	7.192633037e+02	
1.207714687e+02	7.683606257e+02	7.683606257e+02	
1.201669327e+02	8.215473134e+02	8.215473134e+02	
1.195639210e+02	8.790773152e+02	8.790773152e+02	
1.189624297e+02	9.412043149e+02	9.412043149e+02	
1.183624551e+02	1.008178501e+03	1.008178501e+03	
1.177639933e+02	1.080235247e+03	1.080235247e+03	
1.171670404e+02	1.157589138e+03	1.157589138e+03	
1.165715928e+02	1.240422249e+03	1.240422249e+03	
1.159776465e+02	1.328873557e+03	1.328873557e+03	
1.153851978e+02	1.423015655e+03	1.423015655e+03	
1.147942430e+02	1.522843145e+03	1.522843145e+03	
1.142047782e+02	1.628239544e+03	1.628239544e+03	
1.136167997e+02	1.738955376e+03	1.738955376e+03	
1.130303037e+02	1.854566999e+03	1.854566999e+03	
1.124452866e+02	1.974442875e+03	1.974442875e+03	
1.118617446e+02	2.097694998e+03	2.097694998e+03	
1.112796739e+02	2.223130192e+03	2.223130192e+03	
1.106990709e+02	2.349179504e+03	2.349179504e+03	
1.101199319e+02	2.473866910e+03	2.473866910e+03	
1.095422531e+02	2.594704594e+03	2.594704594e+03	
1.089660309e+02	2.708541395e+03	2.708541395e+03	
1.083912616e+02	2.811563537e+03	2.811563537e+03	
1.078179415e+02	2.899262886e+03	2.899262886e+03	
1.072460671e+02	2.966448522e+03	2.966448522e+03	
1.066756346e+02	3.007284875e+03	3.007284875e+03	
1.061066404e+02	3.015405727e+03	3.015405727e+03	
1.055390809e+02	2.984221920e+03	2.984221920e+03	
1.049729525e+02	2.907327130e+03	2.907327130e+03	
1.044082515e+02	2.779283570e+03	2.779283570e+03	
1.038449744e+02	2.596526532e+03	2.596526532e+03	
1.032831175e+02	2.358735042e+03	2.358735042e+03	
1.027226774e+02	2.070384677e+03	2.070384677e+03	
1.021636503e+02	1.742297921e+03	1.742297921e+03	
1.016060329e+02	1.392558295e+03	1.392558295e+03	
1.010498214e+02	1.045663463e+03	1.045663463e+03	
1.004950123e+02	7.288708321e+02	7.288708321e+02	
9.994160224e+01	4.658017052e+02	4.658017052e+02	
9.938958752e+01	2.696767275e+02	2.696767275e+02	
9.883896468e+01	1.399274077e+02	1.399274077e+02	
9.828973020e+01	6.447802960e+01	6.447802960e+01	
9.774188058e+01	2.619362166e+01	2.619362166e+01	
9.719541233e+01	9.329627548e+00	9.329627548e+00	
9.665032197e+01	2.902297341e+00	2.902297341e+00	
9.610660603e+01	7.866070032e-01	7.866070032e-01	
9.556426103e+01	1.854956153e-01	1.854956153e-01	
9.502328353e+01	3.804324352e-02	3.804324352e-02	
9.448367007e+01	6.787156688e-03	6.787156688e-03	
9.394541721e+01	1.054127512e-03	1.054127512e-03	
9.340852152e+01	1.426795921e-04	1.426795921e-04	
9.287297959e+01	1.685336878e-05	1.685336878e-05	
9.233878800e+01	1.739888854e-06	1.739888854e-06	
9.180594334e+01	1.572439741e-07	1.572439741e-07	
9.127444221e+01	1.246150994e-08	1.246150994e-08	
9.074428124e+01	8.674481948e-10	8.674481948e-10	
9.021545703e+01	5.312577369e-11	5.312577369e-11	
8.968796622e+01	2.867181211e-12	2.867181211e-12	
8.916180546e+01	1.365712478e-13	1.365712478e-13	
8.863697137e+01	5.749936279e-15	5.749936279e-15	
8.811346063e+01	2.142849366e-16	2.142849366e-16	
8.759126988e+01	7.078512654e-18	7.078512654e-18	
8.707039581e+01	2.075453020e-19	2.075453020e-19	
8.655083510e+01	5.408698613e-21	5.408698613e-21	
8.603258442e+01	1.254490618e-22	1.254490618e-22	
8.551564049e+01	2.592651907e-24	2.592651907e-24	
8.500000000e+01	6.963910394e-28	6.963910394e-28	
#	AeroPlanets 1.01
#	Copyright G Gronoff 2009
#	Report bugs : guillaume.gronoff@gmail.com
#
#	Launched :Tue Dec 19 13:05:08 2017
# Planet:Earth
# Electron impact ionization used
# Electron impact ionization error: -27.5547% (>0 : gain)

