# Volume profile of  emissions
# Emission in ph cm-3s-1 
# Altitude in Km
# Total : 6.520652109e+04 R
# 3.914000000e+02 : 6.520652109e+04 R
6.000000000e+02	3.059113752e-05	3.059113752e-05	
5.981871170e+02	3.255334945e-05	3.255334945e-05	
5.963788051e+02	3.463722459e-05	3.463722459e-05	
5.945750527e+02	3.684979479e-05	3.684979479e-05	
5.927758484e+02	3.919893386e-05	3.919893386e-05	
5.909811807e+02	4.169270412e-05	4.169270412e-05	
5.891910381e+02	4.433971598e-05	4.433971598e-05	
5.874054093e+02	4.714889051e-05	4.714889051e-05	
5.856242828e+02	5.013003038e-05	5.013003038e-05	
5.838476474e+02	5.329287840e-05	5.329287840e-05	
5.820754916e+02	5.664852940e-05	5.664852940e-05	
5.803078042e+02	6.020804751e-05	6.020804751e-05	
5.785445740e+02	6.398346210e-05	6.398346210e-05	
5.767857896e+02	6.798734752e-05	6.798734752e-05	
5.750314399e+02	7.223277600e-05	7.223277600e-05	
5.732815137e+02	7.673441012e-05	7.673441012e-05	
5.715359998e+02	8.150643516e-05	8.150643516e-05	
5.697948871e+02	8.656484647e-05	8.656484647e-05	
5.680581646e+02	9.192587617e-05	9.192587617e-05	
5.663258210e+02	9.760728599e-05	9.760728599e-05	
5.645978455e+02	1.036274760e-04	1.036274760e-04	
5.628742270e+02	1.100056177e-04	1.100056177e-04	
5.611549545e+02	1.167621877e-04	1.167621877e-04	
5.594400171e+02	1.239192169e-04	1.239192169e-04	
5.577294037e+02	1.314987756e-04	1.314987756e-04	
5.560231036e+02	1.395255727e-04	1.395255727e-04	
5.543211058e+02	1.480246836e-04	1.480246836e-04	
5.526233995e+02	1.570228054e-04	1.570228054e-04	
5.509299738e+02	1.665483987e-04	1.665483987e-04	
5.492408181e+02	1.766303585e-04	1.766303585e-04	
5.475559214e+02	1.873011473e-04	1.873011473e-04	
5.458752731e+02	1.985927837e-04	1.985927837e-04	
5.441988625e+02	2.105396902e-04	2.105396902e-04	
5.425266788e+02	2.231796509e-04	2.231796509e-04	
5.408587115e+02	2.365507612e-04	2.365507612e-04	
5.391949498e+02	2.506929686e-04	2.506929686e-04	
5.375353832e+02	2.656500421e-04	2.656500421e-04	
5.358800011e+02	2.814665517e-04	2.814665517e-04	
5.342287930e+02	2.981897689e-04	2.981897689e-04	
5.325817483e+02	3.158702248e-04	3.158702248e-04	
5.309388565e+02	3.345602144e-04	3.345602144e-04	
5.293001072e+02	3.543139917e-04	3.543139917e-04	
5.276654899e+02	3.751916315e-04	3.751916315e-04	
5.260349942e+02	3.972532867e-04	3.972532867e-04	
5.244086096e+02	4.205623807e-04	4.205623807e-04	
5.227863260e+02	4.451898220e-04	4.451898220e-04	
5.211681328e+02	4.712035293e-04	4.712035293e-04	
5.195540198e+02	4.986826717e-04	4.986826717e-04	
5.179439766e+02	5.277012401e-04	5.277012401e-04	
5.163379932e+02	5.583456135e-04	5.583456135e-04	
5.147360591e+02	5.907012693e-04	5.907012693e-04	
5.131381641e+02	6.248622087e-04	6.248622087e-04	
5.115442982e+02	6.609232461e-04	6.609232461e-04	
5.099544512e+02	6.989866538e-04	6.989866538e-04	
5.083686128e+02	7.391570988e-04	7.391570988e-04	
5.067867730e+02	7.815482040e-04	7.815482040e-04	
5.052089218e+02	8.262794957e-04	8.262794957e-04	
5.036350490e+02	8.734705320e-04	8.734705320e-04	
5.020651447e+02	9.232529881e-04	9.232529881e-04	
5.004991987e+02	9.757634864e-04	9.757634864e-04	
4.989372012e+02	1.031145966e-03	1.031145966e-03	
4.973791422e+02	1.089551520e-03	1.089551520e-03	
4.958250118e+02	1.151136853e-03	1.151136853e-03	
4.942748000e+02	1.216064839e-03	1.216064839e-03	
4.927284970e+02	1.284516177e-03	1.284516177e-03	
4.911860928e+02	1.356668678e-03	1.356668678e-03	
4.896475778e+02	1.432718572e-03	1.432718572e-03	
4.881129421e+02	1.512860893e-03	1.512860893e-03	
4.865821758e+02	1.597314082e-03	1.597314082e-03	
4.850552693e+02	1.686295267e-03	1.686295267e-03	
4.835322128e+02	1.780040343e-03	1.780040343e-03	
4.820129965e+02	1.878789144e-03	1.878789144e-03	
4.804976109e+02	1.982800817e-03	1.982800817e-03	
4.789860463e+02	2.092343885e-03	2.092343885e-03	
4.774782930e+02	2.207702178e-03	2.207702178e-03	
4.759743414e+02	2.329166395e-03	2.329166395e-03	
4.744741819e+02	2.457046765e-03	2.457046765e-03	
4.729778050e+02	2.591670915e-03	2.591670915e-03	
4.714852011e+02	2.733375658e-03	2.733375658e-03	
4.699963607e+02	2.882520250e-03	2.882520250e-03	
4.685112743e+02	3.039480752e-03	3.039480752e-03	
4.670299326e+02	3.204641740e-03	3.204641740e-03	
4.655523259e+02	3.378416990e-03	3.378416990e-03	
4.640784449e+02	3.561252277e-03	3.561252277e-03	
4.626082802e+02	3.753571312e-03	3.753571312e-03	
4.611418225e+02	3.955857809e-03	3.955857809e-03	
4.596790624e+02	4.168605794e-03	4.168605794e-03	
4.582199905e+02	4.392332557e-03	4.392332557e-03	
4.567645976e+02	4.627587281e-03	4.627587281e-03	
4.553128743e+02	4.874928546e-03	4.874928546e-03	
4.538648115e+02	5.134959321e-03	5.134959321e-03	
4.524204000e+02	5.408285880e-03	5.408285880e-03	
4.509796304e+02	5.695569791e-03	5.695569791e-03	
4.495424936e+02	5.997510203e-03	5.997510203e-03	
4.481089805e+02	6.314790119e-03	6.314790119e-03	
4.466790819e+02	6.648168509e-03	6.648168509e-03	
4.452527887e+02	6.998441669e-03	6.998441669e-03	
4.438300919e+02	7.366403932e-03	7.366403932e-03	
4.424109822e+02	7.752909721e-03	7.752909721e-03	
4.409954508e+02	8.158865611e-03	8.158865611e-03	
4.395834886e+02	8.585212587e-03	8.585212587e-03	
4.381750865e+02	9.032913252e-03	9.032913252e-03	
4.367702357e+02	9.502986434e-03	9.502986434e-03	
4.353689271e+02	9.996540253e-03	9.996540253e-03	
4.339711518e+02	1.051464593e-02	1.051464593e-02	
4.325769009e+02	1.105849123e-02	1.105849123e-02	
4.311861656e+02	1.162931911e-02	1.162931911e-02	
4.297989369e+02	1.222835324e-02	1.222835324e-02	
4.284152060e+02	1.285700575e-02	1.285700575e-02	
4.270349641e+02	1.351661357e-02	1.351661357e-02	
4.256582024e+02	1.420864081e-02	1.420864081e-02	
4.242849122e+02	1.493461084e-02	1.493461084e-02	
4.229150846e+02	1.569614762e-02	1.569614762e-02	
4.215487110e+02	1.649487416e-02	1.649487416e-02	
4.201857825e+02	1.733253726e-02	1.733253726e-02	
4.188262907e+02	1.821096112e-02	1.821096112e-02	
4.174702267e+02	1.913205745e-02	1.913205745e-02	
4.161175820e+02	2.009772163e-02	2.009772163e-02	
4.147683478e+02	2.111013545e-02	2.111013545e-02	
4.134225157e+02	2.217136622e-02	2.217136622e-02	
4.120800770e+02	2.328368807e-02	2.328368807e-02	
4.107410232e+02	2.444945221e-02	2.444945221e-02	
4.094053458e+02	2.567112410e-02	2.567112410e-02	
4.080730362e+02	2.695125129e-02	2.695125129e-02	
4.067440859e+02	2.829247027e-02	2.829247027e-02	
4.054184865e+02	2.969766782e-02	2.969766782e-02	
4.040962295e+02	3.116963782e-02	3.116963782e-02	
4.027773065e+02	3.271144056e-02	3.271144056e-02	
4.014617091e+02	3.432632072e-02	3.432632072e-02	
4.001494289e+02	3.601745307e-02	3.601745307e-02	
3.988404576e+02	3.778835564e-02	3.778835564e-02	
3.975347867e+02	3.964261612e-02	3.964261612e-02	
3.962324080e+02	4.158401739e-02	4.158401739e-02	
3.949333132e+02	4.361637068e-02	4.361637068e-02	
3.936374940e+02	4.574388261e-02	4.574388261e-02	
3.923449421e+02	4.797050955e-02	4.797050955e-02	
3.910556493e+02	5.030098481e-02	5.030098481e-02	
3.897696073e+02	5.273981935e-02	5.273981935e-02	
3.884868081e+02	5.529175662e-02	5.529175662e-02	
3.872072434e+02	5.796179977e-02	5.796179977e-02	
3.859309050e+02	6.075532238e-02	6.075532238e-02	
3.846577848e+02	6.367763143e-02	6.367763143e-02	
3.833878747e+02	6.673434039e-02	6.673434039e-02	
3.821211667e+02	6.993148443e-02	6.993148443e-02	
3.808576525e+02	7.327519746e-02	7.327519746e-02	
3.795973243e+02	7.677177005e-02	7.677177005e-02	
3.783401738e+02	8.042801069e-02	8.042801069e-02	
3.770861932e+02	8.425084334e-02	8.425084334e-02	
3.758353745e+02	8.824737889e-02	8.824737889e-02	
3.745877096e+02	9.242533445e-02	9.242533445e-02	
3.733431907e+02	9.679240166e-02	9.679240166e-02	
3.721018097e+02	1.013569169e-01	1.013569169e-01	
3.708635588e+02	1.061271589e-01	1.061271589e-01	
3.696284300e+02	1.111122143e-01	1.111122143e-01	
3.683964156e+02	1.163210977e-01	1.163210977e-01	
3.671675076e+02	1.217636716e-01	1.217636716e-01	
3.659416983e+02	1.274499515e-01	1.274499515e-01	
3.647189797e+02	1.333898594e-01	1.333898594e-01	
3.634993442e+02	1.395947390e-01	1.395947390e-01	
3.622827839e+02	1.460754827e-01	1.460754827e-01	
3.610692911e+02	1.528441006e-01	1.528441006e-01	
3.598588580e+02	1.599127058e-01	1.599127058e-01	
3.586514770e+02	1.672937826e-01	1.672937826e-01	
3.574471403e+02	1.750007658e-01	1.750007658e-01	
3.562458403e+02	1.830472193e-01	1.830472193e-01	
3.550475693e+02	1.914476030e-01	1.914476030e-01	
3.538523197e+02	2.002167080e-01	2.002167080e-01	
3.526600838e+02	2.093699976e-01	2.093699976e-01	
3.514708541e+02	2.189234148e-01	2.189234148e-01	
3.502846229e+02	2.288936546e-01	2.288936546e-01	
3.491013828e+02	2.392986152e-01	2.392986152e-01	
3.479211261e+02	2.501555279e-01	2.501555279e-01	
3.467438454e+02	2.614835855e-01	2.614835855e-01	
3.455695331e+02	2.733025559e-01	2.733025559e-01	
3.443981818e+02	2.856319805e-01	2.856319805e-01	
3.432297840e+02	2.984940802e-01	2.984940802e-01	
3.420643322e+02	3.119101255e-01	3.119101255e-01	
3.409018191e+02	3.259026786e-01	3.259026786e-01	
3.397422371e+02	3.404958733e-01	3.404958733e-01	
3.385855790e+02	3.557147216e-01	3.557147216e-01	
3.374318373e+02	3.715835721e-01	3.715835721e-01	
3.362810047e+02	3.881298210e-01	3.881298210e-01	
3.351330739e+02	4.053811879e-01	4.053811879e-01	
3.339880375e+02	4.233662242e-01	4.233662242e-01	
3.328458883e+02	4.421145742e-01	4.421145742e-01	
3.317066189e+02	4.616574144e-01	4.616574144e-01	
3.305702221e+02	4.820264856e-01	4.820264856e-01	
3.294366907e+02	5.032557327e-01	5.032557327e-01	
3.283060174e+02	5.253795030e-01	5.253795030e-01	
3.271781950e+02	5.484336760e-01	5.484336760e-01	
3.260532164e+02	5.724564382e-01	5.724564382e-01	
3.249310744e+02	5.974859330e-01	5.974859330e-01	
3.238117617e+02	6.235615729e-01	6.235615729e-01	
3.226952714e+02	6.507273319e-01	6.507273319e-01	
3.215815962e+02	6.790253474e-01	6.790253474e-01	
3.204707291e+02	7.085005487e-01	7.085005487e-01	
3.193626629e+02	7.391998790e-01	7.391998790e-01	
3.182573907e+02	7.711725234e-01	7.711725234e-01	
3.171549054e+02	8.044682390e-01	8.044682390e-01	
3.160551999e+02	8.391388300e-01	8.391388300e-01	
3.149582673e+02	8.752394094e-01	8.752394094e-01	
3.138641005e+02	9.128260674e-01	9.128260674e-01	
3.127726926e+02	9.519571317e-01	9.519571317e-01	
3.116840366e+02	9.926929618e-01	9.926929618e-01	
3.105981256e+02	1.035097427e+00	1.035097427e+00	
3.095149527e+02	1.079232848e+00	1.079232848e+00	
3.084345109e+02	1.125168265e+00	1.125168265e+00	
3.073567934e+02	1.172976299e+00	1.172976299e+00	
3.062817933e+02	1.222723239e+00	1.222723239e+00	
3.052095037e+02	1.274491498e+00	1.274491498e+00	
3.041399179e+02	1.328354595e+00	1.328354595e+00	
3.030730290e+02	1.384394229e+00	1.384394229e+00	
3.020088301e+02	1.442696205e+00	1.442696205e+00	
3.009473146e+02	1.503341577e+00	1.503341577e+00	
2.998884756e+02	1.566429353e+00	1.566429353e+00	
2.988323065e+02	1.632048153e+00	1.632048153e+00	
2.977788003e+02	1.700291276e+00	1.700291276e+00	
2.967279506e+02	1.771265937e+00	1.771265937e+00	
2.956797505e+02	1.845068840e+00	1.845068840e+00	
2.946341934e+02	1.921812115e+00	1.921812115e+00	
2.935912726e+02	2.001604003e+00	2.001604003e+00	
2.925509814e+02	2.084559827e+00	2.084559827e+00	
2.915133133e+02	2.170804004e+00	2.170804004e+00	
2.904782616e+02	2.260452692e+00	2.260452692e+00	
2.894458198e+02	2.353638570e+00	2.353638570e+00	
2.884159812e+02	2.450493679e+00	2.450493679e+00	
2.873887392e+02	2.551154692e+00	2.551154692e+00	
2.863640874e+02	2.655762812e+00	2.655762812e+00	
2.853420192e+02	2.764463330e+00	2.764463330e+00	
2.843225281e+02	2.877409764e+00	2.877409764e+00	
2.833056075e+02	2.994764067e+00	2.994764067e+00	
2.822912511e+02	3.116681376e+00	3.116681376e+00	
2.812794523e+02	3.243333845e+00	3.243333845e+00	
2.802702047e+02	3.374897531e+00	3.374897531e+00	
2.792635019e+02	3.511553635e+00	3.511553635e+00	
2.782593374e+02	3.653479664e+00	3.653479664e+00	
2.772577048e+02	3.800882563e+00	3.800882563e+00	
2.762585978e+02	3.953947764e+00	3.953947764e+00	
2.752620100e+02	4.112890578e+00	4.112890578e+00	
2.742679350e+02	4.277923614e+00	4.277923614e+00	
2.732763666e+02	4.449266026e+00	4.449266026e+00	
2.722872983e+02	4.627146321e+00	4.627146321e+00	
2.713007239e+02	4.811803656e+00	4.811803656e+00	
2.703166371e+02	5.003475130e+00	5.003475130e+00	
2.693350316e+02	5.202423585e+00	5.202423585e+00	
2.683559011e+02	5.408900704e+00	5.408900704e+00	
2.673792395e+02	5.623172758e+00	5.623172758e+00	
2.664050405e+02	5.845531192e+00	5.845531192e+00	
2.654332979e+02	6.076252645e+00	6.076252645e+00	
2.644640054e+02	6.315636768e+00	6.315636768e+00	
2.634971570e+02	6.564002587e+00	6.564002587e+00	
2.625327464e+02	6.821655866e+00	6.821655866e+00	
2.615707676e+02	7.088928677e+00	7.088928677e+00	
2.606112143e+02	7.366160639e+00	7.366160639e+00	
2.596540804e+02	7.653699383e+00	7.653699383e+00	
2.586993600e+02	7.951903192e+00	7.951903192e+00	
2.577470467e+02	8.261167805e+00	8.261167805e+00	
2.567971347e+02	8.581848234e+00	8.581848234e+00	
2.558496179e+02	8.914369242e+00	8.914369242e+00	
2.549044901e+02	9.259131579e+00	9.259131579e+00	
2.539617455e+02	9.616571017e+00	9.616571017e+00	
2.530213779e+02	9.987117536e+00	9.987117536e+00	
2.520833814e+02	1.037123072e+01	1.037123072e+01	
2.511477500e+02	1.076935637e+01	1.076935637e+01	
2.502144777e+02	1.118199940e+01	1.118199940e+01	
2.492835587e+02	1.160965376e+01	1.160965376e+01	
2.483549869e+02	1.205282955e+01	1.205282955e+01	
2.474287564e+02	1.251205763e+01	1.251205763e+01	
2.465048614e+02	1.298789698e+01	1.298789698e+01	
2.455832959e+02	1.348092750e+01	1.348092750e+01	
2.446640541e+02	1.399172677e+01	1.399172677e+01	
2.437471301e+02	1.452088161e+01	1.452088161e+01	
2.428325181e+02	1.506906713e+01	1.506906713e+01	
2.419202122e+02	1.563690459e+01	1.563690459e+01	
2.410102066e+02	1.622507068e+01	1.622507068e+01	
2.401024956e+02	1.683425681e+01	1.683425681e+01	
2.391970733e+02	1.746519315e+01	1.746519315e+01	
2.382939340e+02	1.811859827e+01	1.811859827e+01	
2.373930719e+02	1.879525890e+01	1.879525890e+01	
2.364944812e+02	1.949596290e+01	1.949596290e+01	
2.355981563e+02	2.022152138e+01	2.022152138e+01	
2.347040915e+02	2.097280539e+01	2.097280539e+01	
2.338122810e+02	2.175068717e+01	2.175068717e+01	
2.329227191e+02	2.255606640e+01	2.255606640e+01	
2.320354002e+02	2.338988082e+01	2.338988082e+01	
2.311503186e+02	2.425311833e+01	2.425311833e+01	
2.302674687e+02	2.514676347e+01	2.514676347e+01	
2.293868449e+02	2.607189692e+01	2.607189692e+01	
2.285084415e+02	2.702955385e+01	2.702955385e+01	
2.276322529e+02	2.802088517e+01	2.802088517e+01	
2.267582736e+02	2.904703248e+01	2.904703248e+01	
2.258864980e+02	3.010919053e+01	3.010919053e+01	
2.250169205e+02	3.120861128e+01	3.120861128e+01	
2.241495357e+02	3.234656928e+01	3.234656928e+01	
2.232843378e+02	3.352440155e+01	3.352440155e+01	
2.224213216e+02	3.474347859e+01	3.474347859e+01	
2.215604813e+02	3.600524453e+01	3.600524453e+01	
2.207018116e+02	3.731115615e+01	3.731115615e+01	
2.198453071e+02	3.866277927e+01	3.866277927e+01	
2.189909621e+02	4.006167415e+01	4.006167415e+01	
2.181387713e+02	4.150950101e+01	4.150950101e+01	
2.172887293e+02	4.300797167e+01	4.300797167e+01	
2.164408306e+02	4.455885522e+01	4.455885522e+01	
2.155950698e+02	4.616400145e+01	4.616400145e+01	
2.147514416e+02	4.782526108e+01	4.782526108e+01	
2.139099405e+02	4.954464572e+01	4.954464572e+01	
2.130705612e+02	5.132421299e+01	5.132421299e+01	
2.122332984e+02	5.316604777e+01	5.316604777e+01	
2.113981467e+02	5.507236966e+01	5.507236966e+01	
2.105651007e+02	5.704546346e+01	5.704546346e+01	
2.097341553e+02	5.908769575e+01	5.908769575e+01	
2.089053050e+02	6.120153478e+01	6.120153478e+01	
2.080785446e+02	6.338954306e+01	6.338954306e+01	
2.072538689e+02	6.565428944e+01	6.565428944e+01	
2.064312725e+02	6.799858456e+01	6.799858456e+01	
2.056107502e+02	7.042530198e+01	7.042530198e+01	
2.047922969e+02	7.293728571e+01	7.293728571e+01	
2.039759072e+02	7.553772639e+01	7.553772639e+01	
2.031615760e+02	7.822967933e+01	7.822967933e+01	
2.023492981e+02	8.101654645e+01	8.101654645e+01	
2.015390683e+02	8.390178898e+01	8.390178898e+01	
2.007308815e+02	8.688883943e+01	8.688883943e+01	
1.999247324e+02	8.998150494e+01	8.998150494e+01	
1.991206161e+02	9.318357799e+01	9.318357799e+01	
1.983185272e+02	9.649914466e+01	9.649914466e+01	
1.975184608e+02	9.993229269e+01	9.993229269e+01	
1.967204117e+02	1.034873218e+02	1.034873218e+02	
1.959243748e+02	1.071687766e+02	1.071687766e+02	
1.951303451e+02	1.109813112e+02	1.109813112e+02	
1.943383174e+02	1.149297041e+02	1.149297041e+02	
1.935482869e+02	1.190190762e+02	1.190190762e+02	
1.927602483e+02	1.232546387e+02	1.232546387e+02	
1.919741968e+02	1.276419007e+02	1.276419007e+02	
1.911901272e+02	1.321865163e+02	1.321865163e+02	
1.904080346e+02	1.368944051e+02	1.368944051e+02	
1.896279140e+02	1.417717982e+02	1.417717982e+02	
1.888497605e+02	1.468249669e+02	1.468249669e+02	
1.880735690e+02	1.520609291e+02	1.520609291e+02	
1.872993346e+02	1.574862865e+02	1.574862865e+02	
1.865270524e+02	1.631085069e+02	1.631085069e+02	
1.857567175e+02	1.689352130e+02	1.689352130e+02	
1.849883250e+02	1.749741421e+02	1.749741421e+02	
1.842218699e+02	1.812336686e+02	1.812336686e+02	
1.834573473e+02	1.877221867e+02	1.877221867e+02	
1.826947525e+02	1.944488351e+02	1.944488351e+02	
1.819340805e+02	2.014229111e+02	2.014229111e+02	
1.811753265e+02	2.086541889e+02	2.086541889e+02	
1.804184857e+02	2.161528958e+02	2.161528958e+02	
1.796635532e+02	2.239297781e+02	2.239297781e+02	
1.789105242e+02	2.319960579e+02	2.319960579e+02	
1.781593939e+02	2.403632910e+02	2.403632910e+02	
1.774101575e+02	2.490438559e+02	2.490438559e+02	
1.766628103e+02	2.580504177e+02	2.580504177e+02	
1.759173475e+02	2.673965165e+02	2.673965165e+02	
1.751737644e+02	2.770959298e+02	2.770959298e+02	
1.744320561e+02	2.871636101e+02	2.871636101e+02	
1.736922180e+02	2.976146354e+02	2.976146354e+02	
1.729542454e+02	3.084654463e+02	3.084654463e+02	
1.722181336e+02	3.197326622e+02	3.197326622e+02	
1.714838778e+02	3.314345451e+02	3.314345451e+02	
1.707514733e+02	3.435890138e+02	3.435890138e+02	
1.700209156e+02	3.562163071e+02	3.562163071e+02	
1.692922000e+02	3.693366422e+02	3.693366422e+02	
1.685653218e+02	3.829718303e+02	3.829718303e+02	
1.678402763e+02	3.971443886e+02	3.971443886e+02	
1.671170590e+02	4.118780478e+02	4.118780478e+02	
1.663956653e+02	4.271985278e+02	4.271985278e+02	
1.656760905e+02	4.431318129e+02	4.431318129e+02	
1.649583301e+02	4.597056742e+02	4.597056742e+02	
1.642423794e+02	4.769496920e+02	4.769496920e+02	
1.635282340e+02	4.948953049e+02	4.948953049e+02	
1.628158893e+02	5.135742346e+02	5.135742346e+02	
1.621053407e+02	5.330214568e+02	5.330214568e+02	
1.613965837e+02	5.532732136e+02	5.532732136e+02	
1.606896138e+02	5.743677258e+02	5.743677258e+02	
1.599844265e+02	5.964508092e+02	5.964508092e+02	
1.592810173e+02	6.193626257e+02	6.193626257e+02	
1.585793817e+02	6.432479667e+02	6.432479667e+02	
1.578795152e+02	6.681530077e+02	6.681530077e+02	
1.571814134e+02	6.941301316e+02	6.941301316e+02	
1.564850718e+02	7.212313321e+02	7.212313321e+02	
1.557904860e+02	7.495160174e+02	7.495160174e+02	
1.550976516e+02	7.790430327e+02	7.790430327e+02	
1.544065641e+02	8.098772905e+02	8.098772905e+02	
1.537172191e+02	8.420874772e+02	8.420874772e+02	
1.530296123e+02	8.757459879e+02	8.757459879e+02	
1.523437392e+02	9.109297356e+02	9.109297356e+02	
1.516595956e+02	9.477205020e+02	9.477205020e+02	
1.509771769e+02	9.862060139e+02	9.862060139e+02	
1.502964790e+02	1.026479203e+03	1.026479203e+03	
1.496174973e+02	1.068639421e+03	1.068639421e+03	
1.489402277e+02	1.112791512e+03	1.112791512e+03	
1.482646658e+02	1.159049469e+03	1.159049469e+03	
1.475908073e+02	1.207532899e+03	1.207532899e+03	
1.469186479e+02	1.258370000e+03	1.258370000e+03	
1.462481833e+02	1.311700661e+03	1.311700661e+03	
1.455794092e+02	1.367670596e+03	1.367670596e+03	
1.449123214e+02	1.426437208e+03	1.426437208e+03	
1.442469156e+02	1.488171055e+03	1.488171055e+03	
1.435831876e+02	1.553052954e+03	1.553052954e+03	
1.429211332e+02	1.621279665e+03	1.621279665e+03	
1.422607480e+02	1.693058114e+03	1.693058114e+03	
1.416020281e+02	1.768613949e+03	1.768613949e+03	
1.409449690e+02	1.848193933e+03	1.848193933e+03	
1.402895667e+02	1.932055873e+03	1.932055873e+03	
1.396358169e+02	2.020483647e+03	2.020483647e+03	
1.389837155e+02	2.113783035e+03	2.113783035e+03	
1.383332584e+02	2.212285294e+03	2.212285294e+03	
1.376844413e+02	2.316342111e+03	2.316342111e+03	
1.370372602e+02	2.426346871e+03	2.426346871e+03	
1.363917109e+02	2.542717204e+03	2.542717204e+03	
1.357477894e+02	2.665908194e+03	2.665908194e+03	
1.351054914e+02	2.796416671e+03	2.796416671e+03	
1.344648130e+02	2.934780744e+03	2.934780744e+03	
1.338257500e+02	3.081591050e+03	3.081591050e+03	
1.331882984e+02	3.237486214e+03	3.237486214e+03	
1.325524540e+02	3.403163646e+03	3.403163646e+03	
1.319182130e+02	3.579398155e+03	3.579398155e+03	
1.312855711e+02	3.767022229e+03	3.767022229e+03	
1.306545244e+02	3.966953322e+03	3.966953322e+03	
1.300250688e+02	4.180202952e+03	4.180202952e+03	
1.293972003e+02	4.407879532e+03	4.407879532e+03	
1.287709150e+02	4.651198721e+03	4.651198721e+03	
1.281462089e+02	4.911504914e+03	4.911504914e+03	
1.275230779e+02	5.190277567e+03	5.190277567e+03	
1.269015181e+02	5.489149129e+03	5.489149129e+03	
1.262815255e+02	5.809930753e+03	5.809930753e+03	
1.256630962e+02	6.154620695e+03	6.154620695e+03	
1.250462262e+02	6.525438237e+03	6.525438237e+03	
1.244309116e+02	6.924854626e+03	6.924854626e+03	
1.238171485e+02	7.355605510e+03	7.355605510e+03	
1.232049330e+02	7.820749632e+03	7.820749632e+03	
1.225942612e+02	8.315088860e+03	8.315088860e+03	
1.219851291e+02	8.865107648e+03	8.865107648e+03	
1.213775329e+02	9.462483068e+03	9.462483068e+03	
1.207714687e+02	1.011041323e+04	1.011041323e+04	
1.201669327e+02	1.081218622e+04	1.081218622e+04	
1.195639210e+02	1.157112273e+04	1.157112273e+04	
1.189624297e+02	1.239053409e+04	1.239053409e+04	
1.183624551e+02	1.327367871e+04	1.327367871e+04	
1.177639933e+02	1.422361267e+04	1.422361267e+04	
1.171670404e+02	1.524311070e+04	1.524311070e+04	
1.165715928e+02	1.633451174e+04	1.633451174e+04	
1.159776465e+02	1.749957689e+04	1.749957689e+04	
1.153851978e+02	1.873918959e+04	1.873918959e+04	
1.147942430e+02	2.005319233e+04	2.005319233e+04	
1.142047782e+02	2.143996163e+04	2.143996163e+04	
1.136167997e+02	2.289611482e+04	2.289611482e+04	
1.130303037e+02	2.441597357e+04	2.441597357e+04	
1.124452866e+02	2.599112120e+04	2.599112120e+04	
1.118617446e+02	2.760977045e+04	2.760977045e+04	
1.112796739e+02	2.925613320e+04	2.925613320e+04	
1.106990709e+02	3.090949833e+04	3.090949833e+04	
1.101199319e+02	3.254383345e+04	3.254383345e+04	
1.095422531e+02	3.412641854e+04	3.412641854e+04	
1.089660309e+02	3.561585372e+04	3.561585372e+04	
1.083912616e+02	3.696207152e+04	3.696207152e+04	
1.078179415e+02	3.810590499e+04	3.810590499e+04	
1.072460671e+02	3.897922593e+04	3.897922593e+04	
1.066756346e+02	3.950544060e+04	3.950544060e+04	
1.061066404e+02	3.960098132e+04	3.960098132e+04	
1.055390809e+02	3.917936835e+04	3.917936835e+04	
1.049729525e+02	3.815675903e+04	3.815675903e+04	
1.044082515e+02	3.646196212e+04	3.646196212e+04	
1.038449744e+02	3.404882278e+04	3.404882278e+04	
1.032831175e+02	3.091404022e+04	3.091404022e+04	
1.027226774e+02	2.711763067e+04	2.711763067e+04	
1.021636503e+02	2.280316740e+04	2.280316740e+04	
1.016060329e+02	1.820948345e+04	1.820948345e+04	
1.010498214e+02	1.365903642e+04	1.365903642e+04	
1.004950123e+02	9.509354823e+03	9.509354823e+03	
9.994160224e+01	6.068802983e+03	6.068802983e+03	
9.938958752e+01	3.508177857e+03	3.508177857e+03	
9.883896468e+01	1.817278392e+03	1.817278392e+03	
9.828973020e+01	8.359250560e+02	8.359250560e+02	
9.774188058e+01	3.389665255e+02	3.389665255e+02	
9.719541233e+01	1.205068117e+02	1.205068117e+02	
9.665032197e+01	3.741667118e+01	3.741667118e+01	
9.610660603e+01	1.012173525e+01	1.012173525e+01	
9.556426103e+01	2.382364480e+00	2.382364480e+00	
9.502328353e+01	4.876821408e-01	4.876821408e-01	
9.448367007e+01	8.684447595e-02	8.684447595e-02	
9.394541721e+01	1.346338100e-02	1.346338100e-02	
9.340852152e+01	1.819038972e-03	1.819038972e-03	
9.287297959e+01	2.144857500e-04	2.144857500e-04	
9.233878800e+01	2.210435518e-05	2.210435518e-05	
9.180594334e+01	1.994283310e-06	1.994283310e-06	
9.127444221e+01	1.577798971e-07	1.577798971e-07	
9.074428124e+01	1.096486597e-08	1.096486597e-08	
9.021545703e+01	6.704314591e-10	6.704314591e-10	
8.968796622e+01	3.612467375e-11	3.612467375e-11	
8.916180546e+01	1.717973301e-12	1.717973301e-12	
8.863697137e+01	7.221652889e-14	7.221652889e-14	
8.811346063e+01	2.687141346e-15	2.687141346e-15	
8.759126988e+01	8.862843367e-17	8.862843367e-17	
8.707039581e+01	2.594676044e-18	2.594676044e-18	
8.655083510e+01	6.751647654e-20	6.751647654e-20	
8.603258442e+01	1.563640273e-21	1.563640273e-21	
8.551564049e+01	3.226805914e-23	3.226805914e-23	
8.500000000e+01	2.878021030e-26	2.878021030e-26	
#	AeroPlanets 1.01
#	Copyright G Gronoff 2009
#	Report bugs : guillaume.gronoff@gmail.com
#
#	Launched :Tue Dec 19 13:05:08 2017
# Planet:Earth
# Electron impact ionization used
# Electron impact ionization error: -27.5547% (>0 : gain)

