# Volume profile of  emissions
# Emission in ph cm-3s-1 
# Altitude in Km
# Total : 1.285816627e+04 R
# 1.200000000e+02 : 1.285816627e+04 R
6.000000000e+02	6.485186781e-06	6.485186781e-06	
5.981871170e+02	6.901084834e-06	6.901084834e-06	
5.963788051e+02	7.342762877e-06	7.342762877e-06	
5.945750527e+02	7.811709826e-06	7.811709826e-06	
5.927758484e+02	8.309593744e-06	8.309593744e-06	
5.909811807e+02	8.838122403e-06	8.838122403e-06	
5.891910381e+02	9.399118805e-06	9.399118805e-06	
5.874054093e+02	9.994472790e-06	9.994472790e-06	
5.856242828e+02	1.062625992e-05	1.062625992e-05	
5.838476474e+02	1.129654323e-05	1.129654323e-05	
5.820754916e+02	1.200767276e-05	1.200767276e-05	
5.803078042e+02	1.276199074e-05	1.276199074e-05	
5.785445740e+02	1.356204456e-05	1.356204456e-05	
5.767857896e+02	1.441049641e-05	1.441049641e-05	
5.750314399e+02	1.531011415e-05	1.531011415e-05	
5.732815137e+02	1.626400155e-05	1.626400155e-05	
5.715359998e+02	1.727516242e-05	1.727516242e-05	
5.697948871e+02	1.834698211e-05	1.834698211e-05	
5.680581646e+02	1.948289689e-05	1.948289689e-05	
5.663258210e+02	2.068666638e-05	2.068666638e-05	
5.645978455e+02	2.196218554e-05	2.196218554e-05	
5.628742270e+02	2.331351148e-05	2.331351148e-05	
5.611549545e+02	2.474497787e-05	2.474497787e-05	
5.594400171e+02	2.626124735e-05	2.626124735e-05	
5.577294037e+02	2.786699005e-05	2.786699005e-05	
5.560231036e+02	2.956743461e-05	2.956743461e-05	
5.543211058e+02	3.136788671e-05	3.136788671e-05	
5.526233995e+02	3.327399433e-05	3.327399433e-05	
5.509299738e+02	3.529177979e-05	3.529177979e-05	
5.492408181e+02	3.742735484e-05	3.742735484e-05	
5.475559214e+02	3.968758689e-05	3.968758689e-05	
5.458752731e+02	4.207924850e-05	4.207924850e-05	
5.441988625e+02	4.460962040e-05	4.460962040e-05	
5.425266788e+02	4.728669338e-05	4.728669338e-05	
5.408587115e+02	5.011852436e-05	5.011852436e-05	
5.391949498e+02	5.311356018e-05	5.311356018e-05	
5.375353832e+02	5.628105579e-05	5.628105579e-05	
5.358800011e+02	5.963043493e-05	5.963043493e-05	
5.342287930e+02	6.317169078e-05	6.317169078e-05	
5.325817483e+02	6.691550598e-05	6.691550598e-05	
5.309388565e+02	7.087293403e-05	7.087293403e-05	
5.293001072e+02	7.505544172e-05	7.505544172e-05	
5.276654899e+02	7.947572657e-05	7.947572657e-05	
5.260349942e+02	8.414649916e-05	8.414649916e-05	
5.244086096e+02	8.908116053e-05	8.908116053e-05	
5.227863260e+02	9.429469398e-05	9.429469398e-05	
5.211681328e+02	9.980144643e-05	9.980144643e-05	
5.195540198e+02	1.056181437e-04	1.056181437e-04	
5.179439766e+02	1.117604114e-04	1.117604114e-04	
5.163379932e+02	1.182464946e-04	1.182464946e-04	
5.147360591e+02	1.250944425e-04	1.250944425e-04	
5.131381641e+02	1.323241046e-04	1.323241046e-04	
5.115442982e+02	1.399554988e-04	1.399554988e-04	
5.099544512e+02	1.480102146e-04	1.480102146e-04	
5.083686128e+02	1.565103444e-04	1.565103444e-04	
5.067867730e+02	1.654798700e-04	1.654798700e-04	
5.052089218e+02	1.749440152e-04	1.749440152e-04	
5.036350490e+02	1.849280044e-04	1.849280044e-04	
5.020651447e+02	1.954596183e-04	1.954596183e-04	
5.004991987e+02	2.065676776e-04	2.065676776e-04	
4.989372012e+02	2.182825419e-04	2.182825419e-04	
4.973791422e+02	2.306360756e-04	2.306360756e-04	
4.958250118e+02	2.436613199e-04	2.436613199e-04	
4.942748000e+02	2.573926108e-04	2.573926108e-04	
4.927284970e+02	2.718680444e-04	2.718680444e-04	
4.911860928e+02	2.871250932e-04	2.871250932e-04	
4.896475778e+02	3.032051135e-04	3.032051135e-04	
4.881129421e+02	3.201491926e-04	3.201491926e-04	
4.865821758e+02	3.380033572e-04	3.380033572e-04	
4.850552693e+02	3.568133349e-04	3.568133349e-04	
4.835322128e+02	3.766288085e-04	3.766288085e-04	
4.820129965e+02	3.975002740e-04	3.975002740e-04	
4.804976109e+02	4.194822909e-04	4.194822909e-04	
4.789860463e+02	4.426313814e-04	4.426313814e-04	
4.774782930e+02	4.670072795e-04	4.670072795e-04	
4.759743414e+02	4.926711468e-04	4.926711468e-04	
4.744741819e+02	5.196882471e-04	5.196882471e-04	
4.729778050e+02	5.481274947e-04	5.481274947e-04	
4.714852011e+02	5.780597135e-04	5.780597135e-04	
4.699963607e+02	6.095604411e-04	6.095604411e-04	
4.685112743e+02	6.427087314e-04	6.427087314e-04	
4.670299326e+02	6.775853994e-04	6.775853994e-04	
4.655523259e+02	7.142773921e-04	7.142773921e-04	
4.640784449e+02	7.528783769e-04	7.528783769e-04	
4.626082802e+02	7.934773079e-04	7.934773079e-04	
4.611418225e+02	8.361757748e-04	8.361757748e-04	
4.596790624e+02	8.810774911e-04	8.810774911e-04	
4.582199905e+02	9.282910305e-04	9.282910305e-04	
4.567645976e+02	9.779316441e-04	9.779316441e-04	
4.553128743e+02	1.030116504e-03	1.030116504e-03	
4.538648115e+02	1.084972090e-03	1.084972090e-03	
4.524204000e+02	1.142625504e-03	1.142625504e-03	
4.509796304e+02	1.203215457e-03	1.203215457e-03	
4.495424936e+02	1.266888505e-03	1.266888505e-03	
4.481089805e+02	1.333787711e-03	1.333787711e-03	
4.466790819e+02	1.404072084e-03	1.404072084e-03	
4.452527887e+02	1.477908412e-03	1.477908412e-03	
4.438300919e+02	1.555462962e-03	1.555462962e-03	
4.424109822e+02	1.636914572e-03	1.636914572e-03	
4.409954508e+02	1.722452970e-03	1.722452970e-03	
4.395834886e+02	1.812275015e-03	1.812275015e-03	
4.381750865e+02	1.906581995e-03	1.906581995e-03	
4.367702357e+02	2.005586912e-03	2.005586912e-03	
4.353689271e+02	2.109521461e-03	2.109521461e-03	
4.339711518e+02	2.218609381e-03	2.218609381e-03	
4.325769009e+02	2.333098828e-03	2.333098828e-03	
4.311861656e+02	2.453249412e-03	2.453249412e-03	
4.297989369e+02	2.579316475e-03	2.579316475e-03	
4.284152060e+02	2.711594908e-03	2.711594908e-03	
4.270349641e+02	2.850363508e-03	2.850363508e-03	
4.256582024e+02	2.995927657e-03	2.995927657e-03	
4.242849122e+02	3.148604994e-03	3.148604994e-03	
4.229150846e+02	3.308734080e-03	3.308734080e-03	
4.215487110e+02	3.476653006e-03	3.476653006e-03	
4.201857825e+02	3.652725651e-03	3.652725651e-03	
4.188262907e+02	3.837331897e-03	3.837331897e-03	
4.174702267e+02	4.030869722e-03	4.030869722e-03	
4.161175820e+02	4.233733313e-03	4.233733313e-03	
4.147683478e+02	4.446376824e-03	4.446376824e-03	
4.134225157e+02	4.669229885e-03	4.669229885e-03	
4.120800770e+02	4.902765281e-03	4.902765281e-03	
4.107410232e+02	5.147471571e-03	5.147471571e-03	
4.094053458e+02	5.403860905e-03	5.403860905e-03	
4.080730362e+02	5.672462212e-03	5.672462212e-03	
4.067440859e+02	5.953822616e-03	5.953822616e-03	
4.054184865e+02	6.248541363e-03	6.248541363e-03	
4.040962295e+02	6.557197557e-03	6.557197557e-03	
4.027773065e+02	6.880425743e-03	6.880425743e-03	
4.014617091e+02	7.218898586e-03	7.218898586e-03	
4.001494289e+02	7.573273349e-03	7.573273349e-03	
3.988404576e+02	7.944277781e-03	7.944277781e-03	
3.975347867e+02	8.332654265e-03	8.332654265e-03	
3.962324080e+02	8.739186508e-03	8.739186508e-03	
3.949333132e+02	9.164662376e-03	9.164662376e-03	
3.936374940e+02	9.609951903e-03	9.609951903e-03	
3.923449421e+02	1.007587159e-02	1.007587159e-02	
3.910556493e+02	1.056340013e-02	1.056340013e-02	
3.897696073e+02	1.107346840e-02	1.107346840e-02	
3.884868081e+02	1.160705497e-02	1.160705497e-02	
3.872072434e+02	1.216519173e-02	1.216519173e-02	
3.859309050e+02	1.274898704e-02	1.274898704e-02	
3.846577848e+02	1.335953394e-02	1.335953394e-02	
3.833878747e+02	1.399798835e-02	1.399798835e-02	
3.821211667e+02	1.466559319e-02	1.466559319e-02	
3.808576525e+02	1.536361046e-02	1.536361046e-02	
3.795973243e+02	1.609333335e-02	1.609333335e-02	
3.783401738e+02	1.685616185e-02	1.685616185e-02	
3.770861932e+02	1.765351829e-02	1.765351829e-02	
3.758353745e+02	1.848686216e-02	1.848686216e-02	
3.745877096e+02	1.935777794e-02	1.935777794e-02	
3.733431907e+02	2.026784250e-02	2.026784250e-02	
3.721018097e+02	2.121876549e-02	2.121876549e-02	
3.708635588e+02	2.221224201e-02	2.221224201e-02	
3.696284300e+02	2.325013367e-02	2.325013367e-02	
3.683964156e+02	2.433428426e-02	2.433428426e-02	
3.671675076e+02	2.546671210e-02	2.546671210e-02	
3.659416983e+02	2.664946438e-02	2.664946438e-02	
3.647189797e+02	2.788456563e-02	2.788456563e-02	
3.634993442e+02	2.917433417e-02	2.917433417e-02	
3.622827839e+02	3.052099047e-02	3.052099047e-02	
3.610692911e+02	3.192698484e-02	3.192698484e-02	
3.598588580e+02	3.339478508e-02	3.339478508e-02	
3.586514770e+02	3.492693232e-02	3.492693232e-02	
3.574471403e+02	3.652616176e-02	3.652616176e-02	
3.562458403e+02	3.819523092e-02	3.819523092e-02	
3.550475693e+02	3.993707940e-02	3.993707940e-02	
3.538523197e+02	4.175471073e-02	4.175471073e-02	
3.526600838e+02	4.365126326e-02	4.365126326e-02	
3.514708541e+02	4.562996985e-02	4.562996985e-02	
3.502846229e+02	4.769421409e-02	4.769421409e-02	
3.491013828e+02	4.984762399e-02	4.984762399e-02	
3.479211261e+02	5.209368196e-02	5.209368196e-02	
3.467438454e+02	5.443627215e-02	5.443627215e-02	
3.455695331e+02	5.687939107e-02	5.687939107e-02	
3.443981818e+02	5.942698056e-02	5.942698056e-02	
3.432297840e+02	6.208353196e-02	6.208353196e-02	
3.420643322e+02	6.485333048e-02	6.485333048e-02	
3.409018191e+02	6.774092161e-02	6.774092161e-02	
3.397422371e+02	7.075116818e-02	7.075116818e-02	
3.385855790e+02	7.388910582e-02	7.388910582e-02	
3.374318373e+02	7.715962235e-02	7.715962235e-02	
3.362810047e+02	8.056822816e-02	8.056822816e-02	
3.351330739e+02	8.412048963e-02	8.412048963e-02	
3.339880375e+02	8.782213433e-02	8.782213433e-02	
3.328458883e+02	9.167910460e-02	9.167910460e-02	
3.317066189e+02	9.569764828e-02	9.569764828e-02	
3.305702221e+02	9.988411755e-02	9.988411755e-02	
3.294366907e+02	1.042453076e-01	1.042453076e-01	
3.283060174e+02	1.087880829e-01	1.087880829e-01	
3.271781950e+02	1.135196106e-01	1.135196106e-01	
3.260532164e+02	1.184475201e-01	1.184475201e-01	
3.249310744e+02	1.235794158e-01	1.235794158e-01	
3.238117617e+02	1.289231484e-01	1.289231484e-01	
3.226952714e+02	1.344874945e-01	1.344874945e-01	
3.215815962e+02	1.402808333e-01	1.402808333e-01	
3.204707291e+02	1.463121031e-01	1.463121031e-01	
3.193626629e+02	1.525906388e-01	1.525906388e-01	
3.182573907e+02	1.591262181e-01	1.591262181e-01	
3.171549054e+02	1.659287162e-01	1.659287162e-01	
3.160551999e+02	1.730084095e-01	1.730084095e-01	
3.149582673e+02	1.803762343e-01	1.803762343e-01	
3.138641005e+02	1.880433055e-01	1.880433055e-01	
3.127726926e+02	1.960211751e-01	1.960211751e-01	
3.116840366e+02	2.043217889e-01	2.043217889e-01	
3.105981256e+02	2.129577918e-01	2.129577918e-01	
3.095149527e+02	2.219414829e-01	2.219414829e-01	
3.084345109e+02	2.312865178e-01	2.312865178e-01	
3.073567934e+02	2.410072596e-01	2.410072596e-01	
3.062817933e+02	2.511167418e-01	2.511167418e-01	
3.052095037e+02	2.616312812e-01	2.616312812e-01	
3.041399179e+02	2.725653367e-01	2.725653367e-01	
3.030730290e+02	2.839350142e-01	2.839350142e-01	
3.020088301e+02	2.957572305e-01	2.957572305e-01	
3.009473146e+02	3.080478970e-01	3.080478970e-01	
2.998884756e+02	3.208265181e-01	3.208265181e-01	
2.988323065e+02	3.341104757e-01	3.341104757e-01	
2.977788003e+02	3.479181532e-01	3.479181532e-01	
2.967279506e+02	3.622706820e-01	3.622706820e-01	
2.956797505e+02	3.771870047e-01	3.771870047e-01	
2.946341934e+02	3.926891827e-01	3.926891827e-01	
2.935912726e+02	4.087984419e-01	4.087984419e-01	
2.925509814e+02	4.255374170e-01	4.255374170e-01	
2.915133133e+02	4.429305583e-01	4.429305583e-01	
2.904782616e+02	4.610005928e-01	4.610005928e-01	
2.894458198e+02	4.797735787e-01	4.797735787e-01	
2.884159812e+02	4.992754000e-01	4.992754000e-01	
2.873887392e+02	5.195328460e-01	5.195328460e-01	
2.863640874e+02	5.405735861e-01	5.405735861e-01	
2.853420192e+02	5.624260795e-01	5.624260795e-01	
2.843225281e+02	5.851204173e-01	5.851204173e-01	
2.833056075e+02	6.086883605e-01	6.086883605e-01	
2.822912511e+02	6.331602415e-01	6.331602415e-01	
2.812794523e+02	6.585698067e-01	6.585698067e-01	
2.802702047e+02	6.849515554e-01	6.849515554e-01	
2.792635019e+02	7.123409919e-01	7.123409919e-01	
2.782593374e+02	7.407728246e-01	7.407728246e-01	
2.772577048e+02	7.702876974e-01	7.702876974e-01	
2.762585978e+02	8.009218505e-01	8.009218505e-01	
2.752620100e+02	8.327175405e-01	8.327175405e-01	
2.742679350e+02	8.657164345e-01	8.657164345e-01	
2.732763666e+02	8.999614860e-01	8.999614860e-01	
2.722872983e+02	9.354975042e-01	9.354975042e-01	
2.713007239e+02	9.723714143e-01	9.723714143e-01	
2.703166371e+02	1.010629690e+00	1.010629690e+00	
2.693350316e+02	1.050324001e+00	1.050324001e+00	
2.683559011e+02	1.091503705e+00	1.091503705e+00	
2.673792395e+02	1.134221105e+00	1.134221105e+00	
2.664050405e+02	1.178533555e+00	1.178533555e+00	
2.654332979e+02	1.224495404e+00	1.224495404e+00	
2.644640054e+02	1.272165621e+00	1.272165621e+00	
2.634971570e+02	1.321607065e+00	1.321607065e+00	
2.625327464e+02	1.372879911e+00	1.372879911e+00	
2.615707676e+02	1.426049627e+00	1.426049627e+00	
2.606112143e+02	1.481183190e+00	1.481183190e+00	
2.596540804e+02	1.538349211e+00	1.538349211e+00	
2.586993600e+02	1.597618463e+00	1.597618463e+00	
2.577470467e+02	1.659069237e+00	1.659069237e+00	
2.567971347e+02	1.722771695e+00	1.722771695e+00	
2.558496179e+02	1.788810032e+00	1.788810032e+00	
2.549044901e+02	1.857263655e+00	1.857263655e+00	
2.539617455e+02	1.928219040e+00	1.928219040e+00	
2.530213779e+02	2.001761450e+00	2.001761450e+00	
2.520833814e+02	2.077982214e+00	2.077982214e+00	
2.511477500e+02	2.156968735e+00	2.156968735e+00	
2.502144777e+02	2.238821336e+00	2.238821336e+00	
2.492835587e+02	2.323638318e+00	2.323638318e+00	
2.483549869e+02	2.411521267e+00	2.411521267e+00	
2.474287564e+02	2.502575971e+00	2.502575971e+00	
2.465048614e+02	2.596913966e+00	2.596913966e+00	
2.455832959e+02	2.694651039e+00	2.694651039e+00	
2.446640541e+02	2.795902594e+00	2.795902594e+00	
2.437471301e+02	2.900785973e+00	2.900785973e+00	
2.428325181e+02	3.009436248e+00	3.009436248e+00	
2.419202122e+02	3.121977822e+00	3.121977822e+00	
2.410102066e+02	3.238546666e+00	3.238546666e+00	
2.401024956e+02	3.359281558e+00	3.359281558e+00	
2.391970733e+02	3.484329009e+00	3.484329009e+00	
2.382939340e+02	3.613833411e+00	3.613833411e+00	
2.373930719e+02	3.747952710e+00	3.747952710e+00	
2.364944812e+02	3.886845349e+00	3.886845349e+00	
2.355981563e+02	4.030674493e+00	4.030674493e+00	
2.347040915e+02	4.179615355e+00	4.179615355e+00	
2.338122810e+02	4.333843491e+00	4.333843491e+00	
2.329227191e+02	4.493540030e+00	4.493540030e+00	
2.320354002e+02	4.658893788e+00	4.658893788e+00	
2.311503186e+02	4.830103666e+00	4.830103666e+00	
2.302674687e+02	5.007367944e+00	5.007367944e+00	
2.293868449e+02	5.190903987e+00	5.190903987e+00	
2.285084415e+02	5.380920784e+00	5.380920784e+00	
2.276322529e+02	5.577649799e+00	5.577649799e+00	
2.267582736e+02	5.781321067e+00	5.781321067e+00	
2.258864980e+02	5.992175361e+00	5.992175361e+00	
2.250169205e+02	6.210464817e+00	6.210464817e+00	
2.241495357e+02	6.436446096e+00	6.436446096e+00	
2.232843378e+02	6.670388316e+00	6.670388316e+00	
2.224213216e+02	6.912567272e+00	6.912567272e+00	
2.215604813e+02	7.163273403e+00	7.163273403e+00	
2.207018116e+02	7.422799647e+00	7.422799647e+00	
2.198453071e+02	7.691460545e+00	7.691460545e+00	
2.189909621e+02	7.969569057e+00	7.969569057e+00	
2.181387713e+02	8.257459759e+00	8.257459759e+00	
2.172887293e+02	8.555475301e+00	8.555475301e+00	
2.164408306e+02	8.863971115e+00	8.863971115e+00	
2.155950698e+02	9.183318536e+00	9.183318536e+00	
2.147514416e+02	9.513888892e+00	9.513888892e+00	
2.139099405e+02	9.856085441e+00	9.856085441e+00	
2.130705612e+02	1.021032050e+01	1.021032050e+01	
2.122332984e+02	1.057701170e+01	1.057701170e+01	
2.113981467e+02	1.095660339e+01	1.095660339e+01	
2.105651007e+02	1.134955275e+01	1.134955275e+01	
2.097341553e+02	1.175633304e+01	1.175633304e+01	
2.089053050e+02	1.217743701e+01	1.217743701e+01	
2.080785446e+02	1.261337812e+01	1.261337812e+01	
2.072538689e+02	1.306466939e+01	1.306466939e+01	
2.064312725e+02	1.353187207e+01	1.353187207e+01	
2.056107502e+02	1.401556103e+01	1.401556103e+01	
2.047922969e+02	1.451630474e+01	1.451630474e+01	
2.039759072e+02	1.503474056e+01	1.503474056e+01	
2.031615760e+02	1.557147883e+01	1.557147883e+01	
2.023492981e+02	1.612719883e+01	1.612719883e+01	
2.015390683e+02	1.670259159e+01	1.670259159e+01	
2.007308815e+02	1.729834235e+01	1.729834235e+01	
1.999247324e+02	1.791521081e+01	1.791521081e+01	
1.991206161e+02	1.855395331e+01	1.855395331e+01	
1.983185272e+02	1.921538316e+01	1.921538316e+01	
1.975184608e+02	1.990032066e+01	1.990032066e+01	
1.967204117e+02	2.060961958e+01	2.060961958e+01	
1.959243748e+02	2.134418875e+01	2.134418875e+01	
1.951303451e+02	2.210495761e+01	2.210495761e+01	
1.943383174e+02	2.289288019e+01	2.289288019e+01	
1.935482869e+02	2.370897861e+01	2.370897861e+01	
1.927602483e+02	2.455429286e+01	2.455429286e+01	
1.919741968e+02	2.542992226e+01	2.542992226e+01	
1.911901272e+02	2.633699475e+01	2.633699475e+01	
1.904080346e+02	2.727669093e+01	2.727669093e+01	
1.896279140e+02	2.825025288e+01	2.825025288e+01	
1.888497605e+02	2.925892943e+01	2.925892943e+01	
1.880735690e+02	3.030410990e+01	3.030410990e+01	
1.872993346e+02	3.138713365e+01	3.138713365e+01	
1.865270524e+02	3.250947028e+01	3.250947028e+01	
1.857567175e+02	3.367264850e+01	3.367264850e+01	
1.849883250e+02	3.487821674e+01	3.487821674e+01	
1.842218699e+02	3.612784822e+01	3.612784822e+01	
1.834573473e+02	3.742321928e+01	3.742321928e+01	
1.826947525e+02	3.876615432e+01	3.876615432e+01	
1.819340805e+02	4.015850881e+01	4.015850881e+01	
1.811753265e+02	4.160223299e+01	4.160223299e+01	
1.804184857e+02	4.309936702e+01	4.309936702e+01	
1.796635532e+02	4.465205408e+01	4.465205408e+01	
1.789105242e+02	4.626253120e+01	4.626253120e+01	
1.781593939e+02	4.793309881e+01	4.793309881e+01	
1.774101575e+02	4.966622728e+01	4.966622728e+01	
1.766628103e+02	5.146444735e+01	5.146444735e+01	
1.759173475e+02	5.333044963e+01	5.333044963e+01	
1.751737644e+02	5.526698774e+01	5.526698774e+01	
1.744320561e+02	5.727704476e+01	5.727704476e+01	
1.736922180e+02	5.936362756e+01	5.936362756e+01	
1.729542454e+02	6.153001399e+01	6.153001399e+01	
1.722181336e+02	6.377951698e+01	6.377951698e+01	
1.714838778e+02	6.611577665e+01	6.611577665e+01	
1.707514733e+02	6.854236400e+01	6.854236400e+01	
1.700209156e+02	7.106331255e+01	7.106331255e+01	
1.692922000e+02	7.368265101e+01	7.368265101e+01	
1.685653218e+02	7.640472612e+01	7.640472612e+01	
1.678402763e+02	7.923402704e+01	7.923402704e+01	
1.671170590e+02	8.217527980e+01	8.217527980e+01	
1.663956653e+02	8.523360452e+01	8.523360452e+01	
1.656760905e+02	8.841418350e+01	8.841418350e+01	
1.649583301e+02	9.172254383e+01	9.172254383e+01	
1.642423794e+02	9.516457580e+01	9.516457580e+01	
1.635282340e+02	9.874654073e+01	9.874654073e+01	
1.628158893e+02	1.024747559e+02	1.024747559e+02	
1.621053407e+02	1.063561879e+02	1.063561879e+02	
1.613965837e+02	1.103980571e+02	1.103980571e+02	
1.606896138e+02	1.146079841e+02	1.146079841e+02	
1.599844265e+02	1.190150744e+02	1.190150744e+02	
1.592810173e+02	1.235873360e+02	1.235873360e+02	
1.585793817e+02	1.283536591e+02	1.283536591e+02	
1.578795152e+02	1.333232426e+02	1.333232426e+02	
1.571814134e+02	1.385065132e+02	1.385065132e+02	
1.564850718e+02	1.439138314e+02	1.439138314e+02	
1.557904860e+02	1.495570143e+02	1.495570143e+02	
1.550976516e+02	1.554477756e+02	1.554477756e+02	
1.544065641e+02	1.615990360e+02	1.615990360e+02	
1.537172191e+02	1.680244651e+02	1.680244651e+02	
1.530296123e+02	1.747384683e+02	1.747384683e+02	
1.523437392e+02	1.817563487e+02	1.817563487e+02	
1.516595956e+02	1.890943778e+02	1.890943778e+02	
1.509771769e+02	1.967700079e+02	1.967700079e+02	
1.502964790e+02	2.048017260e+02	2.048017260e+02	
1.496174973e+02	2.132092947e+02	2.132092947e+02	
1.489402277e+02	2.220135656e+02	2.220135656e+02	
1.482646658e+02	2.312372107e+02	2.312372107e+02	
1.475908073e+02	2.409040143e+02	2.409040143e+02	
1.469186479e+02	2.510394717e+02	2.510394717e+02	
1.462481833e+02	2.616713863e+02	2.616713863e+02	
1.455794092e+02	2.728287333e+02	2.728287333e+02	
1.449123214e+02	2.845427970e+02	2.845427970e+02	
1.442469156e+02	2.968474753e+02	2.968474753e+02	
1.435831876e+02	3.097786996e+02	3.097786996e+02	
1.429211332e+02	3.233755672e+02	3.233755672e+02	
1.422607480e+02	3.376791851e+02	3.376791851e+02	
1.416020281e+02	3.527343751e+02	3.527343751e+02	
1.409449690e+02	3.685901514e+02	3.685901514e+02	
1.402895667e+02	3.852977031e+02	3.852977031e+02	
1.396358169e+02	4.029133940e+02	4.029133940e+02	
1.389837155e+02	4.214979238e+02	4.214979238e+02	
1.383332584e+02	4.411170392e+02	4.411170392e+02	
1.376844413e+02	4.618405185e+02	4.618405185e+02	
1.370372602e+02	4.837464200e+02	4.837464200e+02	
1.363917109e+02	5.069175907e+02	5.069175907e+02	
1.357477894e+02	5.314442255e+02	5.314442255e+02	
1.351054914e+02	5.574248847e+02	5.574248847e+02	
1.344648130e+02	5.849662016e+02	5.849662016e+02	
1.338257500e+02	6.141852211e+02	6.141852211e+02	
1.331882984e+02	6.452084604e+02	6.452084604e+02	
1.325524540e+02	6.781740451e+02	6.781740451e+02	
1.319182130e+02	7.132354035e+02	7.132354035e+02	
1.312855711e+02	7.505573178e+02	7.505573178e+02	
1.306545244e+02	7.903213416e+02	7.903213416e+02	
1.300250688e+02	8.327275855e+02	8.327275855e+02	
1.293972003e+02	8.779952557e+02	8.779952557e+02	
1.287709150e+02	9.263646824e+02	9.263646824e+02	
1.281462089e+02	9.781015586e+02	9.781015586e+02	
1.275230779e+02	1.033498161e+03	1.033498161e+03	
1.269015181e+02	1.092876860e+03	1.092876860e+03	
1.262815255e+02	1.156595230e+03	1.156595230e+03	
1.256630962e+02	1.225047449e+03	1.225047449e+03	
1.250462262e+02	1.298671317e+03	1.298671317e+03	
1.244309116e+02	1.377954005e+03	1.377954005e+03	
1.238171485e+02	1.463434528e+03	1.463434528e+03	
1.232049330e+02	1.555715326e+03	1.555715326e+03	
1.225942612e+02	1.653755482e+03	1.653755482e+03	
1.219851291e+02	1.762814609e+03	1.762814609e+03	
1.213775329e+02	1.881226731e+03	1.881226731e+03	
1.207714687e+02	2.009616417e+03	2.009616417e+03	
1.201669327e+02	2.148624486e+03	2.148624486e+03	
1.195639210e+02	2.298896402e+03	2.298896402e+03	
1.189624297e+02	2.461073735e+03	2.461073735e+03	
1.183624551e+02	2.635785308e+03	2.635785308e+03	
1.177639933e+02	2.823617300e+03	2.823617300e+03	
1.171670404e+02	3.025097385e+03	3.025097385e+03	
1.165715928e+02	3.240663905e+03	3.240663905e+03	
1.159776465e+02	3.470637509e+03	3.470637509e+03	
1.153851978e+02	3.715161702e+03	3.715161702e+03	
1.147942430e+02	3.974170381e+03	3.974170381e+03	
1.142047782e+02	4.247303948e+03	4.247303948e+03	
1.136167997e+02	4.533851432e+03	4.533851432e+03	
1.130303037e+02	4.832644928e+03	4.832644928e+03	
1.124452866e+02	5.141972732e+03	5.141972732e+03	
1.118617446e+02	5.459455176e+03	5.459455176e+03	
1.112796739e+02	5.781921097e+03	5.781921097e+03	
1.106990709e+02	6.105226576e+03	6.105226576e+03	
1.101199319e+02	6.424177356e+03	6.424177356e+03	
1.095422531e+02	6.732260126e+03	6.732260126e+03	
1.089660309e+02	7.021251834e+03	7.021251834e+03	
1.083912616e+02	7.281227520e+03	7.281227520e+03	
1.078179415e+02	7.500484482e+03	7.500484482e+03	
1.072460671e+02	7.665586159e+03	7.665586159e+03	
1.066756346e+02	7.761484765e+03	7.761484765e+03	
1.061066404e+02	7.771848704e+03	7.771848704e+03	
1.055390809e+02	7.679900306e+03	7.679900306e+03	
1.049729525e+02	7.469545696e+03	7.469545696e+03	
1.044082515e+02	7.127364601e+03	7.127364601e+03	
1.038449744e+02	6.645045296e+03	6.645045296e+03	
1.032831175e+02	6.022832375e+03	6.022832375e+03	
1.027226774e+02	5.273429319e+03	5.273429319e+03	
1.021636503e+02	4.425775886e+03	4.425775886e+03	
1.016060329e+02	3.527081662e+03	3.527081662e+03	
1.010498214e+02	2.640290183e+03	2.640290183e+03	
1.004950123e+02	1.834463285e+03	1.834463285e+03	
9.994160224e+01	1.168484380e+03	1.168484380e+03	
9.938958752e+01	6.742462890e+02	6.742462890e+02	
9.883896468e+01	3.486941574e+02	3.486941574e+02	
9.828973020e+01	1.601597517e+02	1.601597517e+02	
9.774188058e+01	6.486104504e+01	6.486104504e+01	
9.719541233e+01	2.303326055e+01	2.303326055e+01	
9.665032197e+01	7.144896532e+00	7.144896532e+00	
9.610660603e+01	1.931240537e+00	1.931240537e+00	
9.556426103e+01	4.542518781e-01	4.542518781e-01	
9.502328353e+01	9.293562011e-02	9.293562011e-02	
9.448367007e+01	1.654199180e-02	1.654199180e-02	
9.394541721e+01	2.563526099e-03	2.563526099e-03	
9.340852152e+01	3.462553577e-04	3.462553577e-04	
9.287297959e+01	4.081806136e-05	4.081806136e-05	
9.233878800e+01	4.205873653e-06	4.205873653e-06	
9.180594334e+01	3.794123353e-07	3.794123353e-07	
9.127444221e+01	3.001523391e-08	3.001523391e-08	
9.074428124e+01	2.085814935e-09	2.085814935e-09	
9.021545703e+01	1.275334882e-10	1.275334882e-10	
8.968796622e+01	6.872021601e-12	6.872021601e-12	
8.916180546e+01	3.268283804e-13	3.268283804e-13	
8.863697137e+01	1.373957552e-14	1.373957552e-14	
8.811346063e+01	5.112938085e-16	5.112938085e-16	
8.759126988e+01	1.686571798e-17	1.686571798e-17	
8.707039581e+01	4.938270785e-19	4.938270785e-19	
8.655083510e+01	1.285193949e-20	1.285193949e-20	
8.603258442e+01	2.976938247e-22	2.976938247e-22	
8.551564049e+01	6.144485716e-24	6.144485716e-24	
8.500000000e+01	5.690119155e-27	5.690119155e-27	
#	AeroPlanets 1.01
#	Copyright G Gronoff 2009
#	Report bugs : guillaume.gronoff@gmail.com
#
#	Launched :Tue Dec 19 13:05:08 2017
# Planet:Earth
# Electron impact ionization used
# Electron impact ionization error: -27.5547% (>0 : gain)

