# Volume profile of  emissions
# Emission in ph cm-3s-1 
# Altitude in Km
# Total : 1.325783424e+03 R
# 6.300304000e+02 : 1.001785120e+03 R
# 6.363776000e+02 : 3.238452785e+02 R
# 6.391733000e+02 : 1.530257909e-01 R
6.000000000e+02	1.788242224e-02	1.351227069e-02	4.368087506e-03	2.064041349e-06	
5.981871170e+02	1.855274212e-02	1.401877610e-02	4.531824602e-03	2.141411625e-06	
5.963788051e+02	1.924729732e-02	1.454359415e-02	4.701481591e-03	2.221579213e-06	
5.945750527e+02	1.996685963e-02	1.508730800e-02	4.877246992e-03	2.304633194e-06	
5.927758484e+02	2.071238418e-02	1.565063938e-02	5.059354115e-03	2.390683812e-06	
5.909811807e+02	2.148476430e-02	1.623426330e-02	5.248021172e-03	2.479834180e-06	
5.891910381e+02	2.228493424e-02	1.683888568e-02	5.443476365e-03	2.572192129e-06	
5.874054093e+02	2.311385340e-02	1.746523149e-02	5.645954050e-03	2.667868397e-06	
5.856242828e+02	2.397259166e-02	1.811410911e-02	5.855715557e-03	2.766986472e-06	
5.838476474e+02	2.486208213e-02	1.878622366e-02	6.072988820e-03	2.869654058e-06	
5.820754916e+02	2.578352062e-02	1.948247868e-02	6.298065931e-03	2.976009176e-06	
5.803078042e+02	2.673797362e-02	2.020368004e-02	6.531207403e-03	3.086174927e-06	
5.785445740e+02	2.772811183e-02	2.095184577e-02	6.773065597e-03	3.200459568e-06	
5.767857896e+02	2.875591338e-02	2.172847058e-02	7.024123705e-03	3.319091421e-06	
5.750314399e+02	2.982083994e-02	2.253314770e-02	7.284250234e-03	3.442008352e-06	
5.732815137e+02	3.092443424e-02	2.336704284e-02	7.553822018e-03	3.569388426e-06	
5.715359998e+02	3.206786795e-02	2.423104132e-02	7.833125258e-03	3.701366880e-06	
5.697948871e+02	3.325278099e-02	2.512638232e-02	8.122560536e-03	3.838133000e-06	
5.680581646e+02	3.448258694e-02	2.605564518e-02	8.422961674e-03	3.980080791e-06	
5.663258210e+02	3.575909378e-02	2.702019605e-02	8.734770305e-03	4.127418935e-06	
5.645978455e+02	3.708233119e-02	2.802005736e-02	9.057993676e-03	4.280150858e-06	
5.628742270e+02	3.845411972e-02	2.905660475e-02	9.393076490e-03	4.438486693e-06	
5.611549545e+02	3.987621508e-02	3.013116485e-02	9.740447606e-03	4.602629088e-06	
5.594400171e+02	4.135071862e-02	3.124532549e-02	1.010062032e-02	4.772820589e-06	
5.577294037e+02	4.288153735e-02	3.240203887e-02	1.047454898e-02	4.949512154e-06	
5.560231036e+02	4.447092148e-02	3.360300528e-02	1.086278323e-02	5.132963506e-06	
5.543211058e+02	4.611951773e-02	3.484871341e-02	1.126548107e-02	5.323249296e-06	
5.526233995e+02	4.782965071e-02	3.614091977e-02	1.168321030e-02	5.520637834e-06	
5.509299738e+02	4.960375520e-02	3.748146412e-02	1.211656567e-02	5.725410150e-06	
5.492408181e+02	5.144432477e-02	3.887223065e-02	1.256615627e-02	5.937854060e-06	
5.475559214e+02	5.335598568e-02	4.031671503e-02	1.303311214e-02	6.158503540e-06	
5.458752731e+02	5.534178298e-02	4.181721817e-02	1.351817710e-02	6.387710058e-06	
5.441988625e+02	5.740295899e-02	4.337467878e-02	1.402165460e-02	6.625617007e-06	
5.425266788e+02	5.954288900e-02	4.499164728e-02	1.454436910e-02	6.872613972e-06	
5.408587115e+02	6.176464809e-02	4.667044727e-02	1.508707176e-02	7.129055889e-06	
5.391949498e+02	6.407163327e-02	4.841364558e-02	1.565059236e-02	7.395334849e-06	
5.375353832e+02	6.646859955e-02	5.022483518e-02	1.623609237e-02	7.671999690e-06	
5.358800011e+02	6.896038361e-02	5.210767076e-02	1.684475325e-02	7.959608677e-06	
5.342287930e+02	7.154909650e-02	5.406374745e-02	1.747709065e-02	8.258405471e-06	
5.325817483e+02	7.423921580e-02	5.609644859e-02	1.813419830e-02	8.568906890e-06	
5.309388565e+02	7.703489882e-02	5.820891553e-02	1.881709170e-02	8.891592780e-06	
5.293001072e+02	7.994063745e-02	6.040454241e-02	1.952686806e-02	9.226981611e-06	
5.276654899e+02	8.296166573e-02	6.268728416e-02	2.026480589e-02	9.575677509e-06	
5.260349942e+02	8.610466557e-02	6.506218976e-02	2.103253736e-02	9.938451721e-06	
5.244086096e+02	8.937326673e-02	6.753200191e-02	2.183094911e-02	1.031572320e-05	
5.227863260e+02	9.277338769e-02	7.010119271e-02	2.266148681e-02	1.070817509e-05	
5.211681328e+02	9.631056645e-02	7.277394678e-02	2.352550322e-02	1.111644658e-05	
5.195540198e+02	9.999146098e-02	7.555529500e-02	2.442462467e-02	1.154130616e-05	
5.179439766e+02	1.038220782e-01	7.844977628e-02	2.536031844e-02	1.198344718e-05	
5.163379932e+02	1.078100582e-01	8.146316367e-02	2.633445078e-02	1.244375147e-05	
5.147360591e+02	1.119621482e-01	8.460055542e-02	2.734866978e-02	1.292299781e-05	
5.131381641e+02	1.162861304e-01	8.786783194e-02	2.840487640e-02	1.342208445e-05	
5.115442982e+02	1.207897692e-01	9.127086012e-02	2.950496721e-02	1.394190759e-05	
5.099544512e+02	1.254816736e-01	9.481614502e-02	3.065104510e-02	1.448346087e-05	
5.083686128e+02	1.303703244e-01	9.851009503e-02	3.184518170e-02	1.504772322e-05	
5.067867730e+02	1.354648481e-01	1.023596061e-01	3.308960623e-02	1.563574800e-05	
5.052089218e+02	1.407742426e-01	1.063714773e-01	3.438651665e-02	1.624857380e-05	
5.036350490e+02	1.463098030e-01	1.105542436e-01	3.573867198e-02	1.688750434e-05	
5.020651447e+02	1.520821380e-01	1.149159207e-01	3.714866354e-02	1.755376409e-05	
5.004991987e+02	1.581029381e-01	1.194653425e-01	3.861934695e-02	1.824870241e-05	
4.989372012e+02	1.643841566e-01	1.242115409e-01	4.015364199e-02	1.897369896e-05	
4.973791422e+02	1.709385586e-01	1.291641615e-01	4.175466678e-02	1.973022716e-05	
4.958250118e+02	1.777755372e-01	1.343303021e-01	4.342471576e-02	2.051937118e-05	
4.942748000e+02	1.849104318e-01	1.397215531e-01	4.516753582e-02	2.134290154e-05	
4.927284970e+02	1.923600289e-01	1.453505989e-01	4.698722734e-02	2.220275578e-05	
4.911860928e+02	2.001392324e-01	1.512287009e-01	4.888743084e-02	2.310065413e-05	
4.896475778e+02	2.082646515e-01	1.573684095e-01	5.087220343e-02	2.403851371e-05	
4.881129421e+02	2.167529728e-01	1.637823334e-01	5.294562110e-02	2.501826052e-05	
4.865821758e+02	2.256224068e-01	1.704842328e-01	5.511213208e-02	2.604199648e-05	
4.850552693e+02	2.348814983e-01	1.774805641e-01	5.737382356e-02	2.711070784e-05	
4.835322128e+02	2.445593653e-01	1.847933294e-01	5.973780809e-02	2.822775547e-05	
4.820129965e+02	2.546768391e-01	1.924382694e-01	6.220917414e-02	2.939554382e-05	
4.804976109e+02	2.652560196e-01	2.004320830e-01	6.479331991e-02	3.061662369e-05	
4.789860463e+02	2.763200659e-01	2.087922698e-01	6.749590248e-02	3.189366820e-05	
4.774782930e+02	2.878936122e-01	2.175374435e-01	7.032293912e-02	3.322952068e-05	
4.759743414e+02	2.999971758e-01	2.266831077e-01	7.327944157e-02	3.462654931e-05	
4.744741819e+02	3.126459335e-01	2.362407300e-01	7.636911699e-02	3.608650583e-05	
4.729778050e+02	3.258824000e-01	2.462424354e-01	7.960235034e-02	3.761429741e-05	
4.714852011e+02	3.397361352e-01	2.567105598e-01	8.298636212e-02	3.921333595e-05	
4.699963607e+02	3.542382764e-01	2.676686310e-01	8.652875817e-02	4.088721540e-05	
4.685112743e+02	3.694219481e-01	2.791416787e-01	9.023762969e-02	4.263975908e-05	
4.670299326e+02	3.853212976e-01	2.911555049e-01	9.412131776e-02	4.447490839e-05	
4.655523259e+02	4.019595267e-01	3.037276415e-01	9.818548981e-02	4.639534134e-05	
4.640784449e+02	4.193586442e-01	3.168747187e-01	1.024355219e-01	4.840359824e-05	
4.626082802e+02	4.375820488e-01	3.306446416e-01	1.068869001e-01	5.050699677e-05	
4.611418225e+02	4.566718910e-01	3.450692600e-01	1.115499206e-01	5.271040206e-05	
4.596790624e+02	4.766720699e-01	3.601817446e-01	1.164353064e-01	5.501888105e-05	
4.582199905e+02	4.976289070e-01	3.760170968e-01	1.215543723e-01	5.743778034e-05	
4.567645976e+02	5.195906769e-01	3.926117939e-01	1.269189103e-01	5.997267190e-05	
4.553128743e+02	5.425821776e-01	4.099845736e-01	1.325349776e-01	6.262641799e-05	
4.538648115e+02	5.666113865e-01	4.281414637e-01	1.384045229e-01	6.539993939e-05	
4.524204000e+02	5.917926673e-01	4.471688794e-01	1.445554814e-01	6.830643628e-05	
4.509796304e+02	6.181844691e-01	4.671109860e-01	1.510021305e-01	7.135265505e-05	
4.495424936e+02	6.458485853e-01	4.880144756e-01	1.577595640e-01	7.454572806e-05	
4.481089805e+02	6.748465626e-01	5.099258538e-01	1.648428160e-01	7.789275920e-05	
4.466790819e+02	7.052465211e-01	5.328965937e-01	1.722685258e-01	8.140161111e-05	
4.452527887e+02	7.370877775e-01	5.569564033e-01	1.800462974e-01	8.507682183e-05	
4.438300919e+02	7.702423703e-01	5.820085929e-01	1.881448737e-01	8.890362166e-05	
4.424109822e+02	8.049861901e-01	6.082616302e-01	1.966316460e-01	9.291385471e-05	
4.409954508e+02	8.413978457e-01	6.357749134e-01	2.055258157e-01	9.711659423e-05	
4.395834886e+02	8.795588948e-01	6.646100689e-01	2.148473047e-01	1.015212539e-04	
4.381750865e+02	9.195548109e-01	6.948316819e-01	2.246169913e-01	1.061376992e-04	
4.367702357e+02	9.614738097e-01	7.265064098e-01	2.348564238e-01	1.109761123e-04	
4.353689271e+02	1.005411499e+00	7.597064955e-01	2.455889559e-01	1.160475286e-04	
4.339711518e+02	1.050791632e+00	7.939965166e-01	2.566738295e-01	1.212854359e-04	
4.325769009e+02	1.098165983e+00	8.297934044e-01	2.682458252e-01	1.267535218e-04	
4.311861656e+02	1.147764409e+00	8.672708418e-01	2.803610892e-01	1.324783169e-04	
4.297989369e+02	1.199687299e+00	9.065046846e-01	2.930441432e-01	1.384714083e-04	
4.284152060e+02	1.254046136e+00	9.475791715e-01	3.063222189e-01	1.447456639e-04	
4.270349641e+02	1.310951369e+00	9.905777601e-01	3.202222954e-01	1.513138319e-04	
4.256582024e+02	1.370522554e+00	1.035590788e+00	3.347735763e-01	1.581897119e-04	
4.242849122e+02	1.431849277e+00	1.081930331e+00	3.497536773e-01	1.652682211e-04	
4.229150846e+02	1.494350125e+00	1.129157064e+00	3.650205785e-01	1.724822514e-04	
4.215487110e+02	1.559601380e+00	1.178462053e+00	3.809593137e-01	1.800137416e-04	
4.201857825e+02	1.627719682e+00	1.229933432e+00	3.975983740e-01	1.878761548e-04	
4.188262907e+02	1.698827884e+00	1.283664031e+00	4.149677686e-01	1.960836709e-04	
4.174702267e+02	1.773050960e+00	1.339748285e+00	4.330980245e-01	2.046507149e-04	
4.161175820e+02	1.850518495e+00	1.398284108e+00	4.520207950e-01	2.135922438e-04	
4.147683478e+02	1.931368403e+00	1.459375711e+00	4.717697679e-01	2.229241760e-04	
4.134225157e+02	2.009555573e+00	1.518455303e+00	4.908683216e-01	2.319487673e-04	
4.120800770e+02	2.089463335e+00	1.578835004e+00	5.103871593e-01	2.411719544e-04	
4.107410232e+02	2.172428119e+00	1.641524644e+00	5.306527268e-01	2.507479918e-04	
4.094053458e+02	2.258555551e+00	1.706604036e+00	5.516908253e-01	2.606890713e-04	
4.080730362e+02	2.347955452e+00	1.774156163e+00	5.735282802e-01	2.710078687e-04	
4.067440859e+02	2.440741765e+00	1.844267123e+00	5.961929245e-01	2.817175357e-04	
4.054184865e+02	2.537030596e+00	1.917024646e+00	6.197131184e-01	2.928314735e-04	
4.040962295e+02	2.635371333e+00	1.991332625e+00	6.437345255e-01	3.041822483e-04	
4.027773065e+02	2.723754510e+00	2.058116498e+00	6.653236282e-01	3.143836925e-04	
4.014617091e+02	2.814828877e+00	2.126933881e+00	6.875701002e-01	3.248957616e-04	
4.001494289e+02	2.908655877e+00	2.197831202e+00	7.104889499e-01	3.357255477e-04	
3.988404576e+02	3.009860126e+00	2.274302900e+00	7.352098186e-01	3.474068373e-04	
3.975347867e+02	3.109676417e+00	2.349725834e+00	7.595916550e-01	3.589279249e-04	
3.962324080e+02	3.212475843e+00	2.427402876e+00	7.847021731e-01	3.707933346e-04	
3.949333132e+02	3.318329596e+00	2.507387822e+00	8.105587631e-01	3.830112836e-04	
3.936374940e+02	3.423030303e+00	2.586501505e+00	8.361337015e-01	3.950961447e-04	
3.923449421e+02	3.516207762e+00	2.656908021e+00	8.588938896e-01	4.058509588e-04	
3.910556493e+02	3.611580124e+00	2.728973045e+00	8.821902205e-01	4.168591152e-04	
3.897696073e+02	3.709190712e+00	2.802729310e+00	9.060332761e-01	4.281256140e-04	
3.884868081e+02	3.809067322e+00	2.878197822e+00	9.304298465e-01	4.396536637e-04	
3.872072434e+02	3.911256430e+00	2.955413698e+00	9.553912841e-01	4.514486288e-04	
3.859309050e+02	4.015804401e+00	3.034411971e+00	9.809289142e-01	4.635158605e-04	
3.846577848e+02	4.122743243e+00	3.115216828e+00	1.007050556e+00	4.758590537e-04	
3.833878747e+02	4.229221076e+00	3.195673339e+00	1.033059587e+00	4.881490358e-04	
3.821211667e+02	4.326262586e+00	3.268999600e+00	1.056763636e+00	4.993498501e-04	
3.808576525e+02	4.425218025e+00	3.343772058e+00	1.080935195e+00	5.107715755e-04	
3.795973243e+02	4.526118538e+00	3.420014249e+00	1.105581871e+00	5.224178072e-04	
3.783401738e+02	4.628990162e+00	3.497745846e+00	1.130710025e+00	5.342915501e-04	
3.770861932e+02	4.733870557e+00	3.576995305e+00	1.156328855e+00	5.463971513e-04	
3.758353745e+02	4.840780953e+00	3.657778668e+00	1.182443548e+00	5.587370612e-04	
3.745877096e+02	4.949764635e+00	3.740128642e+00	1.209064677e+00	5.713162758e-04	
3.733431907e+02	5.060838422e+00	3.824057936e+00	1.236196349e+00	5.841367363e-04	
3.721018097e+02	5.165190198e+00	3.902907962e+00	1.261686055e+00	5.961813227e-04	
3.708635588e+02	5.271439922e+00	3.983192109e+00	1.287639367e+00	6.084449758e-04	
3.696284300e+02	5.379626181e+00	4.064939537e+00	1.314065712e+00	6.209321495e-04	
3.683964156e+02	5.489777158e+00	4.148171540e+00	1.340971972e+00	6.336460967e-04	
3.671675076e+02	5.601932430e+00	4.232918023e+00	1.368367816e+00	6.465913854e-04	
3.659416983e+02	5.716122242e+00	4.319201840e+00	1.396260630e+00	6.597715067e-04	
3.647189797e+02	5.832379436e+00	4.407047807e+00	1.424658439e+00	6.731902512e-04	
3.634993442e+02	5.950743818e+00	4.496486003e+00	1.453570964e+00	6.868522135e-04	
3.622827839e+02	6.067910746e+00	4.585019381e+00	1.482190990e+00	7.003759622e-04	
3.610692911e+02	6.185184526e+00	4.673633497e+00	1.510837116e+00	7.139120440e-04	
3.598588580e+02	6.304557349e+00	4.763833688e+00	1.539995970e+00	7.276904036e-04	
3.586514770e+02	6.426069911e+00	4.855650703e+00	1.569677492e+00	7.417157380e-04	
3.574471403e+02	6.549762954e+00	4.949115328e+00	1.599891634e+00	7.559927499e-04	
3.562458403e+02	6.675673384e+00	5.044255449e+00	1.630647410e+00	7.705256991e-04	
3.550475693e+02	6.803850542e+00	5.141108348e+00	1.661956873e+00	7.853202806e-04	
3.538523197e+02	6.934335390e+00	5.239704980e+00	1.693830029e+00	8.003812225e-04	
3.526600838e+02	7.066885892e+00	5.339862455e+00	1.726207756e+00	8.156805882e-04	
3.514708541e+02	7.198226023e+00	5.439105353e+00	1.758289830e+00	8.308402493e-04	
3.502846229e+02	7.331948850e+00	5.540148657e+00	1.790953918e+00	8.462749281e-04	
3.491013828e+02	7.468107018e+00	5.643032148e+00	1.824212879e+00	8.619907012e-04	
3.479211261e+02	7.606749503e+00	5.747792832e+00	1.858078678e+00	8.779932213e-04	
3.467438454e+02	7.747921850e+00	5.854465124e+00	1.892562438e+00	8.942877454e-04	
3.455695331e+02	7.891684971e+00	5.963095050e+00	1.927679039e+00	9.108813043e-04	
3.443981818e+02	8.038084401e+00	6.073717017e+00	1.963439604e+00	9.277791536e-04	
3.432297840e+02	8.187188646e+00	6.186382790e+00	1.999860867e+00	9.449892007e-04	
3.420643322e+02	8.337874383e+00	6.300243566e+00	2.036668435e+00	9.623817880e-04	
3.409018191e+02	8.488978426e+00	6.414420421e+00	2.073578182e+00	9.798226576e-04	
3.397422371e+02	8.642921690e+00	6.530742641e+00	2.111181458e+00	9.975912383e-04	
3.385855790e+02	8.799766304e+00	6.649257172e+00	2.149493437e+00	1.015694701e-03	
3.374318373e+02	8.959574686e+00	6.770011177e+00	2.188529368e+00	1.034140251e-03	
3.362810047e+02	9.122411315e+00	6.893053379e+00	2.228305000e+00	1.052935330e-03	
3.351330739e+02	9.288346914e+00	7.018437218e+00	2.268837609e+00	1.072088101e-03	
3.339880375e+02	9.457449144e+00	7.146213817e+00	2.310143721e+00	1.091606374e-03	
3.328458883e+02	9.629790787e+00	7.276438174e+00	2.352241115e+00	1.111498549e-03	
3.317066189e+02	9.803866902e+00	7.407973127e+00	2.394762183e+00	1.131590922e-03	
3.305702221e+02	9.978866159e+00	7.540205624e+00	2.437508745e+00	1.151789847e-03	
3.294366907e+02	1.015730559e+01	7.675037578e+00	2.481095629e+00	1.172385847e-03	
3.283060174e+02	1.033926432e+01	7.812528771e+00	2.525542160e+00	1.193388054e-03	
3.271781950e+02	1.052481705e+01	7.952735654e+00	2.570866588e+00	1.214805091e-03	
3.260532164e+02	1.071405506e+01	8.095727200e+00	2.617091208e+00	1.236647494e-03	
3.249310744e+02	1.090706205e+01	8.241566655e+00	2.664236467e+00	1.258924924e-03	
3.238117617e+02	1.110391038e+01	8.390308694e+00	2.712320040e+00	1.281645733e-03	
3.226952714e+02	1.130470941e+01	8.542035953e+00	2.761368638e+00	1.304822543e-03	
3.215815962e+02	1.150770713e+01	8.695424575e+00	2.810954303e+00	1.328253132e-03	
3.204707291e+02	1.170917570e+01	8.847657744e+00	2.860166447e+00	1.351507222e-03	
3.193626629e+02	1.191487230e+01	9.003085688e+00	2.910411359e+00	1.375249324e-03	
3.182573907e+02	1.212489084e+01	9.161779372e+00	2.961711982e+00	1.399490277e-03	
3.171549054e+02	1.233933485e+01	9.323817009e+00	3.014093598e+00	1.424242030e-03	
3.160551999e+02	1.255830880e+01	9.489277551e+00	3.067581730e+00	1.449516642e-03	
3.149582673e+02	1.278190969e+01	9.658234292e+00	3.122200073e+00	1.475325309e-03	
3.138641005e+02	1.301025552e+01	9.830776390e+00	3.177977448e+00	1.501681651e-03	
3.127726926e+02	1.324345371e+01	1.000698501e+01	3.234940093e+00	1.528598066e-03	
3.116840366e+02	1.348161919e+01	1.018694702e+01	3.293116087e+00	1.556087822e-03	
3.105981256e+02	1.370287627e+01	1.035413273e+01	3.347161912e+00	1.581625959e-03	
3.095149527e+02	1.392670255e+01	1.052325978e+01	3.401835309e+00	1.607460641e-03	
3.084345109e+02	1.415618641e+01	1.069666179e+01	3.457890668e+00	1.633948338e-03	
3.073567934e+02	1.439146384e+01	1.087444153e+01	3.515361205e+00	1.661104745e-03	
3.062817933e+02	1.463264844e+01	1.105668483e+01	3.574274670e+00	1.688942976e-03	
3.052095037e+02	1.487989092e+01	1.124350556e+01	3.634667873e+00	1.717480423e-03	
3.041399179e+02	1.513332569e+01	1.143500530e+01	3.696573650e+00	1.746732604e-03	
3.030730290e+02	1.539327714e+01	1.163142916e+01	3.760071240e+00	1.776736959e-03	
3.020088301e+02	1.565952211e+01	1.183260851e+01	3.825106127e+00	1.807467730e-03	
3.009473146e+02	1.591813742e+01	1.202802276e+01	3.888277340e+00	1.837317864e-03	
2.998884756e+02	1.615996505e+01	1.221075194e+01	3.947347875e+00	1.865230315e-03	
2.988323065e+02	1.640133217e+01	1.239313316e+01	4.006305924e+00	1.893089612e-03	
2.977788003e+02	1.665157631e+01	1.258222200e+01	4.067432335e+00	1.921973521e-03	
2.967279506e+02	1.691084129e+01	1.277812715e+01	4.130762239e+00	1.951898641e-03	
2.956797505e+02	1.717922765e+01	1.298092458e+01	4.196320200e+00	1.982876578e-03	
2.946341934e+02	1.745687915e+01	1.319072290e+01	4.264141328e+00	2.014923924e-03	
2.935912726e+02	1.774391258e+01	1.340761037e+01	4.334254153e+00	2.048054160e-03	
2.925509814e+02	1.804045569e+01	1.363168353e+01	4.406689879e+00	2.082282031e-03	
2.915133133e+02	1.834665981e+01	1.386305671e+01	4.481485473e+00	2.117625004e-03	
2.904782616e+02	1.865013135e+01	1.409236511e+01	4.555613587e+00	2.152652574e-03	
2.894458198e+02	1.895051012e+01	1.431933656e+01	4.628986241e+00	2.187323169e-03	
2.884159812e+02	1.926270431e+01	1.455523594e+01	4.705245010e+00	2.223357532e-03	
2.873887392e+02	1.958675373e+01	1.480009335e+01	4.784399626e+00	2.260760263e-03	
2.863640874e+02	1.992271007e+01	1.505394782e+01	4.866462707e+00	2.299537323e-03	
2.853420192e+02	2.027063389e+01	1.531684514e+01	4.951449051e+00	2.339695705e-03	
2.843225281e+02	2.063057291e+01	1.558882135e+01	5.039370314e+00	2.381240917e-03	
2.833056075e+02	2.100261792e+01	1.586994507e+01	5.130248672e+00	2.424183439e-03	
2.822912511e+02	2.138681805e+01	1.616025340e+01	5.224096125e+00	2.468528938e-03	
2.812794523e+02	2.178326522e+01	1.645981580e+01	5.320935126e+00	2.514288027e-03	
2.802702047e+02	2.218854452e+01	1.676605193e+01	5.419931528e+00	2.561066546e-03	
2.792635019e+02	2.260120094e+01	1.707786233e+01	5.520729917e+00	2.608696554e-03	
2.782593374e+02	2.302697804e+01	1.739958694e+01	5.624733256e+00	2.657840989e-03	
2.772577048e+02	2.346589465e+01	1.773124000e+01	5.731946145e+00	2.708502025e-03	
2.762585978e+02	2.391796513e+01	1.807283236e+01	5.842372094e+00	2.760681319e-03	
2.752620100e+02	2.438322261e+01	1.842438904e+01	5.956019191e+00	2.814382695e-03	
2.742679350e+02	2.486171264e+01	1.878594446e+01	6.072898565e+00	2.869611410e-03	
2.732763666e+02	2.535347013e+01	1.915752501e+01	6.193018743e+00	2.926371494e-03	
2.722872983e+02	2.585855692e+01	1.953917742e+01	6.316394831e+00	2.984670085e-03	
2.713007239e+02	2.637703208e+01	1.993094631e+01	6.443041257e+00	3.044514001e-03	
2.703166371e+02	2.690872074e+01	2.033269955e+01	6.572915306e+00	3.105883057e-03	
2.693350316e+02	2.744908954e+01	2.074101166e+01	6.704909630e+00	3.168254001e-03	
2.683559011e+02	2.800327798e+01	2.115976612e+01	6.840279635e+00	3.232220047e-03	
2.673792395e+02	2.857128780e+01	2.158896427e+01	6.979025750e+00	3.297781398e-03	
2.664050405e+02	2.915313680e+01	2.202861954e+01	7.121152321e+00	3.364940108e-03	
2.654332979e+02	2.974883284e+01	2.247873787e+01	7.266661267e+00	3.433697082e-03	
2.644640054e+02	3.035842223e+01	2.293935427e+01	7.415563902e+00	3.504057668e-03	
2.634971570e+02	3.098193654e+01	2.341049257e+01	7.567867937e+00	3.576025509e-03	
2.625327464e+02	3.161942524e+01	2.389219018e+01	7.723585458e+00	3.649606315e-03	
2.615707676e+02	3.227094098e+01	2.438448685e+01	7.882729320e+00	3.724806162e-03	
2.606112143e+02	3.293655832e+01	2.488743895e+01	8.045317741e+00	3.801633658e-03	
2.596540804e+02	3.361436693e+01	2.539960297e+01	8.210884088e+00	3.879868305e-03	
2.586993600e+02	3.430377253e+01	2.592052989e+01	8.379283197e+00	3.959441511e-03	
2.577470467e+02	3.500739951e+01	2.645220273e+01	8.551156123e+00	4.040656190e-03	
2.567971347e+02	3.572521531e+01	2.699459689e+01	8.726494910e+00	4.123508584e-03	
2.558496179e+02	3.645723679e+01	2.754772511e+01	8.905303678e+00	4.208000639e-03	
2.549044901e+02	3.720347338e+01	2.811159452e+01	9.087584730e+00	4.294133444e-03	
2.539617455e+02	3.796394065e+01	2.868621688e+01	9.273341867e+00	4.381908795e-03	
2.530213779e+02	3.873866699e+01	2.927161364e+01	9.462582028e+00	4.471329969e-03	
2.520833814e+02	3.952767575e+01	2.986780244e+01	9.655310912e+00	4.562399662e-03	
2.511477500e+02	4.033101009e+01	3.047481590e+01	9.851539066e+00	4.655122856e-03	
2.502144777e+02	4.114873856e+01	3.109270582e+01	1.005128323e+01	4.749507461e-03	
2.492835587e+02	4.197806572e+01	3.171935991e+01	1.025386058e+01	4.845230821e-03	
2.483549869e+02	4.281902859e+01	3.235480615e+01	1.045928014e+01	4.942297210e-03	
2.474287564e+02	4.367413952e+01	3.300094291e+01	1.066815561e+01	5.040996609e-03	
2.465048614e+02	4.454334046e+01	3.365772633e+01	1.088047281e+01	5.141322317e-03	
2.455832959e+02	4.542660100e+01	3.432513342e+01	1.109622430e+01	5.243270825e-03	
2.446640541e+02	4.632389703e+01	3.500314599e+01	1.131540421e+01	5.346839351e-03	
2.437471301e+02	4.723520798e+01	3.569174846e+01	1.153800750e+01	5.452025520e-03	
2.428325181e+02	4.816050896e+01	3.639092205e+01	1.176402809e+01	5.558826459e-03	
2.419202122e+02	4.909979619e+01	3.710066389e+01	1.199346506e+01	5.667241731e-03	
2.410102066e+02	5.005307176e+01	3.782097556e+01	1.222631892e+01	5.777271578e-03	
2.401024956e+02	5.102035481e+01	3.855187154e+01	1.246259435e+01	5.888918211e-03	
2.391970733e+02	5.199882460e+01	3.929122041e+01	1.270160233e+01	6.001856048e-03	
2.382939340e+02	5.298422239e+01	4.003580420e+01	1.294230260e+01	6.115593536e-03	
2.373930719e+02	5.398287043e+01	4.079040010e+01	1.318623947e+01	6.230860407e-03	
2.364944812e+02	5.499460779e+01	4.155488653e+01	1.343337362e+01	6.347638085e-03	
2.355981563e+02	5.601931811e+01	4.232917555e+01	1.368367664e+01	6.465913139e-03	
2.347040915e+02	5.705690694e+01	4.311319580e+01	1.393712546e+01	6.585674670e-03	
2.338122810e+02	5.810727751e+01	4.390687415e+01	1.419369644e+01	6.706911505e-03	
2.329227191e+02	5.917035895e+01	4.471015707e+01	1.445337227e+01	6.829615467e-03	
2.320354002e+02	6.024606635e+01	4.552298037e+01	1.471613220e+01	6.953776753e-03	
2.311503186e+02	6.133434163e+01	4.634530019e+01	1.498196205e+01	7.079388661e-03	
2.302674687e+02	6.243514827e+01	4.717708892e+01	1.525085290e+01	7.206446975e-03	
2.293868449e+02	6.354860427e+01	4.801843573e+01	1.552283357e+01	7.334965315e-03	
2.285084415e+02	6.465188271e+01	4.885209220e+01	1.579232821e+01	7.462308933e-03	
2.276322529e+02	6.575848032e+01	4.968825668e+01	1.606263360e+01	7.590035657e-03	
2.267582736e+02	6.687512822e+01	5.053201535e+01	1.633539395e+01	7.718922416e-03	
2.258864980e+02	6.800147825e+01	5.138310511e+01	1.661052421e+01	7.848929022e-03	
2.250169205e+02	6.913726987e+01	5.224132910e+01	1.688796074e+01	7.980025405e-03	
2.241495357e+02	7.028223430e+01	5.310648423e+01	1.716763789e+01	8.112180540e-03	
2.232843378e+02	7.143615151e+01	5.397840424e+01	1.744950190e+01	8.245369031e-03	
2.224213216e+02	7.259878968e+01	5.485691395e+01	1.773349616e+01	8.379564120e-03	
2.215604813e+02	7.376994575e+01	5.574185995e+01	1.801957107e+01	8.514742372e-03	
2.207018116e+02	7.494943973e+01	5.663310621e+01	1.830768265e+01	8.650883008e-03	
2.198453071e+02	7.613714931e+01	5.753056032e+01	1.859780103e+01	8.787971913e-03	
2.189909621e+02	7.733326895e+01	5.843436921e+01	1.888997371e+01	8.926031532e-03	
2.181387713e+02	7.848163438e+01	5.930209419e+01	1.917048160e+01	9.058579220e-03	
2.172887293e+02	7.962589682e+01	6.016671889e+01	1.944998728e+01	9.190653329e-03	
2.164408306e+02	8.077387226e+01	6.103414919e+01	1.973039992e+01	9.323156004e-03	
2.155950698e+02	8.192499461e+01	6.190395735e+01	2.001158124e+01	9.456021904e-03	
2.147514416e+02	8.307880349e+01	6.277579550e+01	2.029341879e+01	9.589197892e-03	
2.139099405e+02	8.423480891e+01	6.364929339e+01	2.057579289e+01	9.722627410e-03	
2.130705612e+02	8.539259321e+01	6.452413544e+01	2.085860151e+01	9.856262251e-03	
2.122332984e+02	8.655177944e+01	6.540003681e+01	2.114175257e+01	9.990058908e-03	
2.113981467e+02	8.771198892e+01	6.627671136e+01	2.142515358e+01	1.012397367e-02	
2.105651007e+02	8.887289575e+01	6.715391284e+01	2.170872493e+01	1.025796892e-02	
2.097341553e+02	9.003423433e+01	6.803144057e+01	2.199240175e+01	1.039201401e-02	
2.089053050e+02	9.119612374e+01	6.890938451e+01	2.227621311e+01	1.052612268e-02	
2.080785446e+02	9.228878077e+01	6.973501525e+01	2.254311328e+01	1.065224034e-02	
2.072538689e+02	9.333229676e+01	7.052351417e+01	2.279800991e+01	1.077268600e-02	
2.064312725e+02	9.437096016e+01	7.130834638e+01	2.305172121e+01	1.089257156e-02	
2.056107502e+02	9.540379699e+01	7.208877593e+01	2.330400927e+01	1.101178460e-02	
2.047922969e+02	9.643018152e+01	7.286433002e+01	2.355472125e+01	1.113025290e-02	
2.039759072e+02	9.744946006e+01	7.363451469e+01	2.380369747e+01	1.124790100e-02	
2.031615760e+02	9.846111036e+01	7.439893534e+01	2.405081036e+01	1.136466863e-02	
2.023492981e+02	9.946459961e+01	7.515718934e+01	2.429592977e+01	1.148049429e-02	
2.015390683e+02	1.004594690e+02	7.590893003e+01	2.453894363e+01	1.159532501e-02	
2.007308815e+02	1.014863666e+02	7.668487183e+01	2.478978095e+01	1.171385254e-02	
1.999247324e+02	1.024825467e+02	7.743760290e+01	2.503311497e+01	1.182883455e-02	
1.991206161e+02	1.034686986e+02	7.818275653e+01	2.527399945e+01	1.194265908e-02	
1.983185272e+02	1.044462203e+02	7.892138894e+01	2.551277582e+01	1.205548748e-02	
1.975184608e+02	1.052114473e+02	7.949960785e+01	2.569969561e+01	1.214381221e-02	
1.967204117e+02	1.059541717e+02	8.006082343e+01	2.588111877e+01	1.222953964e-02	
1.959243748e+02	1.066838651e+02	8.061219248e+01	2.605935885e+01	1.231376297e-02	
1.951303451e+02	1.073998464e+02	8.115320046e+01	2.623424953e+01	1.239640362e-02	
1.943383174e+02	1.081016264e+02	8.168347772e+01	2.640567131e+01	1.247740512e-02	
1.935482869e+02	1.087888454e+02	8.220275242e+01	2.657353631e+01	1.255672595e-02	
1.927602483e+02	1.094612774e+02	8.271085373e+01	2.673778931e+01	1.263434000e-02	
1.919741968e+02	1.101187696e+02	8.320766638e+01	2.689839304e+01	1.271022968e-02	
1.911901272e+02	1.107613935e+02	8.369324418e+01	2.705536491e+01	1.278440320e-02	
1.904080346e+02	1.113893727e+02	8.416775627e+01	2.720875958e+01	1.285688639e-02	
1.896279140e+02	1.120031477e+02	8.463153538e+01	2.735868462e+01	1.292773009e-02	
1.888497605e+02	1.126035923e+02	8.508524180e+01	2.750535348e+01	1.299703516e-02	
1.880735690e+02	1.131938053e+02	8.553121708e+01	2.764952311e+01	1.306515927e-02	
1.872993346e+02	1.130142288e+02	8.539552590e+01	2.760565846e+01	1.304443202e-02	
1.865270524e+02	1.127620643e+02	8.520498603e+01	2.754406298e+01	1.301532646e-02	
1.857567175e+02	1.125375064e+02	8.503530613e+01	2.748921086e+01	1.298940733e-02	
1.849883250e+02	1.123356258e+02	8.488276159e+01	2.743989806e+01	1.296610568e-02	
1.842218699e+02	1.121522182e+02	8.474417562e+01	2.739509763e+01	1.294493624e-02	
1.834573473e+02	1.119835030e+02	8.461669145e+01	2.735388605e+01	1.292546264e-02	
1.826947525e+02	1.118259844e+02	8.449766766e+01	2.731540944e+01	1.290728138e-02	
1.819340805e+02	1.116764926e+02	8.438470905e+01	2.727889351e+01	1.289002660e-02	
1.811753265e+02	1.115322051e+02	8.427568291e+01	2.724364883e+01	1.287337252e-02	
1.804184857e+02	1.113905341e+02	8.416863382e+01	2.720904326e+01	1.285702044e-02	
1.796635532e+02	1.112492524e+02	8.406187890e+01	2.717453279e+01	1.284071330e-02	
1.789105242e+02	1.111065489e+02	8.395404964e+01	2.713967502e+01	1.282424204e-02	
1.781593939e+02	1.109613441e+02	8.384433034e+01	2.710420626e+01	1.280748208e-02	
1.774101575e+02	1.106893271e+02	8.363878956e+01	2.703776146e+01	1.277608508e-02	
1.766628103e+02	1.102271682e+02	8.328957419e+01	2.692487123e+01	1.272274135e-02	
1.759173475e+02	1.097990500e+02	8.296608066e+01	2.682029606e+01	1.267332671e-02	
1.751737644e+02	1.093967019e+02	8.266205934e+01	2.672201563e+01	1.262688651e-02	
1.744320561e+02	1.090132866e+02	8.237234406e+01	2.662835989e+01	1.258263160e-02	
1.736922180e+02	1.086429034e+02	8.209247605e+01	2.653788746e+01	1.253988089e-02	
1.729542454e+02	1.082802261e+02	8.181843075e+01	2.644929733e+01	1.249801962e-02	
1.722181336e+02	1.079206147e+02	8.154670211e+01	2.636145610e+01	1.245651222e-02	
1.714838778e+02	1.075599161e+02	8.127415194e+01	2.627334929e+01	1.241487934e-02	
1.707514733e+02	1.071945855e+02	8.099810174e+01	2.618411104e+01	1.237271181e-02	
1.700209156e+02	1.068214066e+02	8.071612123e+01	2.609295571e+01	1.232963841e-02	
1.692922000e+02	1.064376978e+02	8.042618414e+01	2.599922827e+01	1.228534962e-02	
1.685653218e+02	1.060409683e+02	8.012640840e+01	2.590232030e+01	1.223955794e-02	
1.678402763e+02	1.056289427e+02	7.981507467e+01	2.580167600e+01	1.219200075e-02	
1.671170590e+02	1.052148655e+02	7.950219072e+01	2.570053057e+01	1.214420675e-02	
1.663956653e+02	1.048042491e+02	7.919192183e+01	2.560023050e+01	1.209681222e-02	
1.656760905e+02	1.043697881e+02	7.886363546e+01	2.549410596e+01	1.204666545e-02	
1.649583301e+02	1.039127553e+02	7.851829353e+01	2.538246789e+01	1.199391340e-02	
1.642423794e+02	1.034341222e+02	7.815662999e+01	2.526555357e+01	1.193866817e-02	
1.635282340e+02	1.029347993e+02	7.777933288e+01	2.514358541e+01	1.188103486e-02	
1.628158893e+02	1.024157126e+02	7.738710187e+01	2.501678959e+01	1.182112036e-02	
1.621053407e+02	1.018776760e+02	7.698055202e+01	2.488536495e+01	1.175901860e-02	
1.613965837e+02	1.013215321e+02	7.656031995e+01	2.474951729e+01	1.169482685e-02	
1.606896138e+02	1.007480565e+02	7.612699176e+01	2.460943606e+01	1.162863462e-02	
1.599844265e+02	1.001478866e+02	7.567349294e+01	2.446283431e+01	1.155936127e-02	
1.592810173e+02	9.954152539e+01	7.521531581e+01	2.431472021e+01	1.148937329e-02	
1.585793817e+02	9.891977849e+01	7.474551299e+01	2.416284789e+01	1.141760944e-02	
1.578795152e+02	9.828348804e+01	7.426472081e+01	2.400742307e+01	1.134416694e-02	
1.571814134e+02	9.763360909e+01	7.377366091e+01	2.384867902e+01	1.126915602e-02	
1.564850718e+02	9.695812361e+01	7.326325229e+01	2.368368014e+01	1.119118951e-02	
1.557904860e+02	9.626970653e+01	7.274307231e+01	2.351552249e+01	1.111173041e-02	
1.550976516e+02	9.556987896e+01	7.221427038e+01	2.334457763e+01	1.103095427e-02	
1.544065641e+02	9.485816950e+01	7.167649027e+01	2.317073042e+01	1.094880668e-02	
1.537172191e+02	9.413421322e+01	7.112945626e+01	2.299389172e+01	1.086524554e-02	
1.530296123e+02	9.339781766e+01	7.057302290e+01	2.281401451e+01	1.078024861e-02	
1.523437392e+02	9.264885895e+01	7.000709661e+01	2.263106853e+01	1.069380161e-02	
1.516595956e+02	9.188723085e+01	6.943159712e+01	2.244502784e+01	1.060589228e-02	
1.509771769e+02	9.111289083e+01	6.884649227e+01	2.225588205e+01	1.051651569e-02	
1.502964790e+02	9.032577817e+01	6.825173619e+01	2.206361632e+01	1.042566485e-02	
1.496174973e+02	8.952584387e+01	6.764729185e+01	2.186821868e+01	1.033333410e-02	
1.489402277e+02	8.871304827e+01	6.703312930e+01	2.166967945e+01	1.023951886e-02	
1.482646658e+02	8.788728354e+01	6.640916704e+01	2.146797229e+01	1.014420669e-02	
1.475908073e+02	8.704835205e+01	6.577525575e+01	2.126304893e+01	1.004737477e-02	
1.469186479e+02	8.619590231e+01	6.513112983e+01	2.105482350e+01	9.948982531e-03	
1.462481833e+02	8.533276838e+01	6.447893075e+01	2.084398827e+01	9.849357095e-03	
1.455794092e+02	8.445627511e+01	6.381663712e+01	2.062988980e+01	9.748189685e-03	
1.449123214e+02	8.356612493e+01	6.314402410e+01	2.041245539e+01	9.645445954e-03	
1.442469156e+02	8.266251243e+01	6.246123870e+01	2.019173258e+01	9.541148362e-03	
1.435831876e+02	8.174555175e+01	6.176836719e+01	1.996774925e+01	9.435310085e-03	
1.429211332e+02	8.081518256e+01	6.106536397e+01	1.974049066e+01	9.327924159e-03	
1.422607480e+02	7.987132170e+01	6.035216622e+01	1.950993650e+01	9.218980985e-03	
1.416020281e+02	7.891380534e+01	5.962865012e+01	1.927604675e+01	9.108461653e-03	
1.409449690e+02	7.794237238e+01	5.889461841e+01	1.903875764e+01	8.996336027e-03	
1.402895667e+02	7.695682158e+01	5.814991900e+01	1.879802000e+01	8.882580878e-03	
1.396358169e+02	7.595682300e+01	5.739430260e+01	1.855375324e+01	8.767158124e-03	
1.389837155e+02	7.494206494e+01	5.662753368e+01	1.830588123e+01	8.650031788e-03	
1.383332584e+02	7.391212961e+01	5.584929655e+01	1.805430191e+01	8.531153648e-03	
1.376844413e+02	7.286654563e+01	5.505923503e+01	1.779890013e+01	8.410469294e-03	
1.370372602e+02	7.180436828e+01	5.425663526e+01	1.753944515e+01	8.287869685e-03	
1.363917109e+02	7.072523592e+01	5.344122400e+01	1.727584861e+01	8.163313080e-03	
1.357477894e+02	6.963297978e+01	5.261589617e+01	1.700904636e+01	8.037241689e-03	
1.351054914e+02	6.852229430e+01	5.177664282e+01	1.673774244e+01	7.909043131e-03	
1.344648130e+02	6.739412862e+01	5.092418112e+01	1.646216867e+01	7.778826956e-03	
1.338257500e+02	6.624861499e+01	5.005861100e+01	1.618235738e+01	7.646608430e-03	
1.331882984e+02	6.508557476e+01	4.917979749e+01	1.589826491e+01	7.512366934e-03	
1.325524540e+02	6.390472264e+01	4.828752499e+01	1.560982158e+01	7.376069537e-03	
1.319182130e+02	6.270566742e+01	4.738149792e+01	1.531693183e+01	7.237671085e-03	
1.312855711e+02	6.148805034e+01	4.646144518e+01	1.501950803e+01	7.097130170e-03	
1.306545244e+02	6.025156167e+01	4.552713274e+01	1.471747453e+01	6.954411039e-03	
1.300250688e+02	5.899582000e+01	4.457827238e+01	1.441073814e+01	6.809469671e-03	
1.293972003e+02	5.772051301e+01	4.361462814e+01	1.409922260e+01	6.662270018e-03	
1.287709150e+02	5.642537990e+01	4.263600294e+01	1.378286418e+01	6.512781976e-03	
1.281462089e+02	5.511013358e+01	4.164217984e+01	1.346159277e+01	6.360972408e-03	
1.275230779e+02	5.377456488e+01	4.063300079e+01	1.313535727e+01	6.206817172e-03	
1.269015181e+02	5.241831988e+01	3.960819837e+01	1.280407123e+01	6.050275417e-03	
1.262815255e+02	5.104005594e+01	3.856675806e+01	1.246740669e+01	5.891192172e-03	
1.256630962e+02	4.964539551e+01	3.751292827e+01	1.212673703e+01	5.730216397e-03	
1.250462262e+02	4.822890092e+01	3.644260020e+01	1.178073399e+01	5.566720458e-03	
1.244309116e+02	4.679195298e+01	3.535681723e+01	1.142973488e+01	5.400863734e-03	
1.238171485e+02	4.533520781e+01	3.425607513e+01	1.107389995e+01	5.232721956e-03	
1.232049330e+02	4.385900447e+01	3.314063010e+01	1.071331204e+01	5.062334260e-03	
1.225942612e+02	4.237537154e+01	3.201957113e+01	1.035090932e+01	4.891089018e-03	
1.219851291e+02	4.085659918e+01	3.087196020e+01	9.979923192e+00	4.715787882e-03	
1.213775329e+02	3.931938665e+01	2.971041556e+01	9.604432738e+00	4.538358327e-03	
1.207714687e+02	3.776619488e+01	2.853679672e+01	9.225039081e+00	4.359084401e-03	
1.201669327e+02	3.619988514e+01	2.735326571e+01	8.842441136e+00	4.178296361e-03	
1.195639210e+02	3.462353386e+01	2.616214714e+01	8.457390371e+00	3.996349296e-03	
1.189624297e+02	3.304047641e+01	2.496596127e+01	8.070701512e+00	3.813628187e-03	
1.183624551e+02	3.145422639e+01	2.376736304e+01	7.683232812e+00	3.630538581e-03	
1.177639933e+02	2.986850799e+01	2.256916651e+01	7.295893970e+00	3.447510337e-03	
1.171670404e+02	2.828717771e+01	2.137428572e+01	6.909627002e+00	3.264988583e-03	
1.165715928e+02	2.671422320e+01	2.018573381e+01	6.525405955e+00	3.083433583e-03	
1.159776465e+02	2.515379929e+01	1.900665024e+01	6.144245725e+00	2.903324903e-03	
1.153851978e+02	2.360926028e+01	1.783956957e+01	5.766965652e+00	2.725049704e-03	
1.147942430e+02	2.208543407e+01	1.668813987e+01	5.394745038e+00	2.549165238e-03	
1.142047782e+02	2.058654732e+01	1.555555485e+01	5.028616311e+00	2.376159356e-03	
1.136167997e+02	1.911672765e+01	1.444493343e+01	4.669587716e+00	2.206508481e-03	
1.130303037e+02	1.768005561e+01	1.335935893e+01	4.318655994e+00	2.040683602e-03	
1.124452866e+02	1.628049074e+01	1.230182326e+01	3.976788337e+00	1.879141741e-03	
1.118617446e+02	1.492186934e+01	1.127522519e+01	3.644921821e+00	1.722325696e-03	
1.112796739e+02	1.360786293e+01	1.028233899e+01	3.323953280e+00	1.570659242e-03	
1.106990709e+02	1.234199249e+01	9.325825167e+00	3.014742772e+00	1.424548782e-03	
1.101199319e+02	1.112753287e+01	8.408158258e+00	2.718090236e+00	1.284372309e-03	
1.095422531e+02	9.967579275e+00	7.531677057e+00	2.434751731e+00	1.150487082e-03	
1.089660309e+02	8.865116983e+00	6.698637287e+00	2.165456459e+00	1.023237667e-03	
1.083912616e+02	7.822822159e+00	5.911061107e+00	1.910858120e+00	9.029329577e-04	
1.078179415e+02	6.843009687e+00	5.170697683e+00	1.671522164e+00	7.898401434e-04	
1.072460671e+02	5.927573766e+00	4.478978306e+00	1.447911282e+00	6.841778585e-04	
1.066756346e+02	5.078035293e+00	3.837052193e+00	1.240396979e+00	5.861216493e-04	
1.061066404e+02	4.295640446e+00	3.245860976e+00	1.049283655e+00	4.958153533e-04	
1.055390809e+02	3.558949553e+00	2.689204465e+00	8.693343032e-01	4.107843411e-04	
1.049729525e+02	2.886992160e+00	2.181461718e+00	7.051972162e-01	3.332250582e-04	
1.044082515e+02	2.311930556e+00	1.746935123e+00	5.647285833e-01	2.668497701e-04	
1.038449744e+02	1.806334507e+00	1.364897914e+00	4.412281002e-01	2.084923990e-04	
1.032831175e+02	1.370055517e+00	1.035237887e+00	3.346594945e-01	1.581358051e-04	
1.027226774e+02	1.002483122e+00	7.574937630e-01	2.448736498e-01	1.157095269e-04	
1.021636503e+02	7.021856277e-01	5.305837291e-01	1.715208503e-01	8.104831386e-05	
1.016060329e+02	4.664467734e-01	3.524553319e-01	1.139376029e-01	5.383864750e-05	
1.010498214e+02	2.906789745e-01	2.196421119e-01	7.100331150e-02	3.355101532e-05	
1.004950123e+02	1.679170739e-01	1.268810750e-01	4.101661748e-02	1.938147859e-05	
9.994160224e+01	8.881187200e-02	6.710780224e-02	2.169381884e-02	1.025092539e-05	
9.938958752e+01	4.249430947e-02	3.210944271e-02	1.037996194e-02	4.904817181e-06	
9.883896468e+01	1.819394541e-02	1.374766304e-02	4.444182369e-03	2.099998262e-06	
9.828973020e+01	6.905583294e-03	5.217979394e-03	1.686806838e-03	7.970625717e-07	
9.774188058e+01	2.306116800e-03	1.742542148e-03	5.633084740e-04	2.661787295e-07	
9.719541233e+01	6.737325903e-04	5.090841170e-04	1.645707092e-04	7.776418128e-08	
9.665032197e+01	1.714928317e-04	1.295829800e-04	4.189005749e-05	1.979420299e-08	
9.610660603e+01	3.793133295e-05	2.866157793e-05	9.265376879e-06	4.378145119e-09	
9.556426103e+01	7.279127735e-06	5.500236100e-06	1.778051457e-06	8.401781610e-10	
9.502328353e+01	1.211212767e-06	9.152135294e-07	2.958594358e-07	1.398017114e-10	
9.448367007e+01	1.747674341e-07	1.320573268e-07	4.268993512e-08	2.017216715e-11	
9.394541721e+01	2.188152903e-08	1.653406565e-08	5.344937742e-09	2.525629922e-12	
9.340852152e+01	2.379683795e-09	1.798130654e-09	5.812784709e-10	2.746700467e-13	
9.287297959e+01	2.250989127e-10	1.700886714e-10	5.498425969e-11	2.598157326e-14	
9.233878800e+01	1.854944771e-11	1.401628679e-11	4.531019887e-12	2.141031375e-15	
9.180594334e+01	1.334062565e-12	1.008040983e-12	3.258676003e-13	1.539813936e-16	
9.127444221e+01	8.389768482e-14	6.339455654e-14	2.049344457e-14	9.683715564e-18	
9.074428124e+01	4.623434958e-15	3.493548237e-15	1.129353071e-15	5.336503523e-19	
9.021545703e+01	2.237617806e-16	1.690783111e-16	5.465764231e-17	2.582723757e-20	
8.968796622e+01	9.532939782e-18	7.203255862e-18	2.328583600e-18	1.100319723e-21	
8.916180546e+01	3.584023643e-19	2.708150886e-19	8.754590786e-20	4.136784657e-23	
8.863697137e+01	1.192288814e-20	9.009142598e-21	2.912369366e-21	1.376174535e-24	
8.811346063e+01	3.519420203e-22	2.659335398e-22	8.596785833e-23	4.062217482e-26	
8.759126988e+01	9.244430647e-24	6.985253318e-24	2.258110309e-24	1.067019157e-27	
8.707039581e+01	2.167143388e-25	1.637531409e-25	5.293618410e-26	2.501380128e-29	
8.655083510e+01	4.547201012e-27	3.435944535e-27	1.110731626e-27	5.248512079e-31	
8.603258442e+01	8.563483870e-29	6.470718036e-29	2.091777411e-29	9.884222933e-33	
8.551564049e+01	1.450861127e-30	1.096296017e-30	3.543976468e-31	1.674626243e-34	
8.500000000e+01	8.459167986e-34	6.391895132e-34	2.066296472e-34	9.763818496e-38	
#	AeroPlanets 1.01
#	Copyright G Gronoff 2009
#	Report bugs : guillaume.gronoff@gmail.com
#
#	Launched :Tue Dec 19 13:05:08 2017
# Planet:Earth
# Electron impact ionization used
# Electron impact ionization error: -27.5547% (>0 : gain)

