# Volume profile of  emissions
# Emission in ph cm-3s-1 
# Altitude in Km
# Total : 1.522191274e+03 R
# 1.356000000e+02 : 1.522191274e+03 R
6.000000000e+02	7.161426281e-04	7.161426281e-04	
5.981871170e+02	7.424543931e-04	7.424543931e-04	
5.963788051e+02	7.696859714e-04	7.696859714e-04	
5.945750527e+02	7.978646448e-04	7.978646448e-04	
5.927758484e+02	8.270248116e-04	8.270248116e-04	
5.909811807e+02	8.571981610e-04	8.571981610e-04	
5.891910381e+02	8.884177503e-04	8.884177503e-04	
5.874054093e+02	9.207173866e-04	9.207173866e-04	
5.856242828e+02	9.541350044e-04	9.541350044e-04	
5.838476474e+02	9.887027799e-04	9.887027799e-04	
5.820754916e+02	1.024463055e-03	1.024463055e-03	
5.803078042e+02	1.061452680e-03	1.061452680e-03	
5.785445740e+02	1.099714133e-03	1.099714133e-03	
5.767857896e+02	1.139286695e-03	1.139286695e-03	
5.750314399e+02	1.180211021e-03	1.180211021e-03	
5.732815137e+02	1.222539017e-03	1.222539017e-03	
5.715359998e+02	1.266307241e-03	1.266307241e-03	
5.697948871e+02	1.311570141e-03	1.311570141e-03	
5.680581646e+02	1.358370588e-03	1.358370588e-03	
5.663258210e+02	1.406763362e-03	1.406763362e-03	
5.645978455e+02	1.456796430e-03	1.456796430e-03	
5.628742270e+02	1.508525301e-03	1.508525301e-03	
5.611549545e+02	1.562001737e-03	1.562001737e-03	
5.594400171e+02	1.617289845e-03	1.617289845e-03	
5.577294037e+02	1.674437422e-03	1.674437422e-03	
5.560231036e+02	1.733513732e-03	1.733513732e-03	
5.543211058e+02	1.794577743e-03	1.794577743e-03	
5.526233995e+02	1.857693307e-03	1.857693307e-03	
5.509299738e+02	1.922926590e-03	1.922926590e-03	
5.492408181e+02	1.990343956e-03	1.990343956e-03	
5.475559214e+02	2.060022388e-03	2.060022388e-03	
5.458752731e+02	2.132029379e-03	2.132029379e-03	
5.441988625e+02	2.206435236e-03	2.206435236e-03	
5.425266788e+02	2.283327583e-03	2.283327583e-03	
5.408587115e+02	2.362779256e-03	2.362779256e-03	
5.391949498e+02	2.444872141e-03	2.444872141e-03	
5.375353832e+02	2.529697705e-03	2.529697705e-03	
5.358800011e+02	2.617338601e-03	2.617338601e-03	
5.342287930e+02	2.707880671e-03	2.707880671e-03	
5.325817483e+02	2.801428930e-03	2.801428930e-03	
5.309388565e+02	2.898071275e-03	2.898071275e-03	
5.293001072e+02	2.997903330e-03	2.997903330e-03	
5.276654899e+02	3.101036734e-03	3.101036734e-03	
5.260349942e+02	3.207572640e-03	3.207572640e-03	
5.244086096e+02	3.317614929e-03	3.317614929e-03	
5.227863260e+02	3.431287350e-03	3.431287350e-03	
5.211681328e+02	3.548692420e-03	3.548692420e-03	
5.195540198e+02	3.669966874e-03	3.669966874e-03	
5.179439766e+02	3.795215384e-03	3.795215384e-03	
5.163379932e+02	3.924580711e-03	3.924580711e-03	
5.147360591e+02	4.058181986e-03	4.058181986e-03	
5.131381641e+02	4.196166205e-03	4.196166205e-03	
5.115442982e+02	4.338665444e-03	4.338665444e-03	
5.099544512e+02	4.485831913e-03	4.485831913e-03	
5.083686128e+02	4.637802043e-03	4.637802043e-03	
5.067867730e+02	4.794739943e-03	4.794739943e-03	
5.052089218e+02	4.956807288e-03	4.956807288e-03	
5.036350490e+02	5.124163120e-03	5.124163120e-03	
5.020651447e+02	5.296969265e-03	5.296969265e-03	
5.004991987e+02	5.475411137e-03	5.475411137e-03	
4.989372012e+02	5.659667881e-03	5.659667881e-03	
4.973791422e+02	5.849930714e-03	5.849930714e-03	
4.958250118e+02	6.046381608e-03	6.046381608e-03	
4.942748000e+02	6.249212305e-03	6.249212305e-03	
4.927284970e+02	6.458651496e-03	6.458651496e-03	
4.911860928e+02	6.674892186e-03	6.674892186e-03	
4.896475778e+02	6.898164675e-03	6.898164675e-03	
4.881129421e+02	7.128679934e-03	7.128679934e-03	
4.865821758e+02	7.366685996e-03	7.366685996e-03	
4.850552693e+02	7.612416781e-03	7.612416781e-03	
4.835322128e+02	7.866121098e-03	7.866121098e-03	
4.820129965e+02	8.128052941e-03	8.128052941e-03	
4.804976109e+02	8.398480310e-03	8.398480310e-03	
4.789860463e+02	8.677676573e-03	8.677676573e-03	
4.774782930e+02	8.965932349e-03	8.965932349e-03	
4.759743414e+02	9.263521410e-03	9.263521410e-03	
4.744741819e+02	9.570753599e-03	9.570753599e-03	
4.729778050e+02	9.887944324e-03	9.887944324e-03	
4.714852011e+02	1.021541200e-02	1.021541200e-02	
4.699963607e+02	1.055348690e-02	1.055348690e-02	
4.685112743e+02	1.090252137e-02	1.090252137e-02	
4.670299326e+02	1.126285854e-02	1.126285854e-02	
4.655523259e+02	1.163485406e-02	1.163485406e-02	
4.640784449e+02	1.201892892e-02	1.201892892e-02	
4.626082802e+02	1.241542458e-02	1.241542458e-02	
4.611418225e+02	1.282475788e-02	1.282475788e-02	
4.596790624e+02	1.324734767e-02	1.324734767e-02	
4.582199905e+02	1.368363214e-02	1.368363214e-02	
4.567645976e+02	1.413405278e-02	1.413405278e-02	
4.553128743e+02	1.459906233e-02	1.459906233e-02	
4.538648115e+02	1.507914791e-02	1.507914791e-02	
4.524204000e+02	1.557476637e-02	1.557476637e-02	
4.509796304e+02	1.608644261e-02	1.608644261e-02	
4.495424936e+02	1.661473051e-02	1.661473051e-02	
4.481089805e+02	1.716011458e-02	1.716011458e-02	
4.466790819e+02	1.772318982e-02	1.772318982e-02	
4.452527887e+02	1.830452628e-02	1.830452628e-02	
4.438300919e+02	1.890470424e-02	1.890470424e-02	
4.424109822e+02	1.952433048e-02	1.952433048e-02	
4.409954508e+02	2.016405786e-02	2.016405786e-02	
4.395834886e+02	2.082454153e-02	2.082454153e-02	
4.381750865e+02	2.150646019e-02	2.150646019e-02	
4.367702357e+02	2.221048434e-02	2.221048434e-02	
4.353689271e+02	2.293738635e-02	2.293738635e-02	
4.339711518e+02	2.368784738e-02	2.368784738e-02	
4.325769009e+02	2.446267806e-02	2.446267806e-02	
4.311861656e+02	2.526270338e-02	2.526270338e-02	
4.297989369e+02	2.608866770e-02	2.608866770e-02	
4.284152060e+02	2.694149464e-02	2.694149464e-02	
4.270349641e+02	2.782200378e-02	2.782200378e-02	
4.256582024e+02	2.873113960e-02	2.873113960e-02	
4.242849122e+02	2.966979466e-02	2.966979466e-02	
4.229150846e+02	3.063899012e-02	3.063899012e-02	
4.215487110e+02	3.163968119e-02	3.163968119e-02	
4.201857825e+02	3.267289547e-02	3.267289547e-02	
4.188262907e+02	3.373973105e-02	3.373973105e-02	
4.174702267e+02	3.484126732e-02	3.484126732e-02	
4.161175820e+02	3.597861716e-02	3.597861716e-02	
4.147683478e+02	3.715300319e-02	3.715300319e-02	
4.134225157e+02	3.836561539e-02	3.836561539e-02	
4.120800770e+02	3.961766695e-02	3.961766695e-02	
4.107410232e+02	4.091051090e-02	4.091051090e-02	
4.094053458e+02	4.224545445e-02	4.224545445e-02	
4.080730362e+02	4.362387101e-02	4.362387101e-02	
4.067440859e+02	4.504719852e-02	4.504719852e-02	
4.054184865e+02	4.651690203e-02	4.651690203e-02	
4.040962295e+02	4.803452693e-02	4.803452693e-02	
4.027773065e+02	4.960159588e-02	4.960159588e-02	
4.014617091e+02	5.121983169e-02	5.121983169e-02	
4.001494289e+02	5.289077102e-02	5.289077102e-02	
3.988404576e+02	5.470759022e-02	5.470759022e-02	
3.975347867e+02	5.649509693e-02	5.649509693e-02	
3.962324080e+02	5.834110984e-02	5.834110984e-02	
3.949333132e+02	6.024751295e-02	6.024751295e-02	
3.936374940e+02	6.221646192e-02	6.221646192e-02	
3.923449421e+02	6.424976785e-02	6.424976785e-02	
3.910556493e+02	6.634974823e-02	6.634974823e-02	
3.897696073e+02	6.851869417e-02	6.851869417e-02	
3.884868081e+02	7.075864298e-02	7.075864298e-02	
3.872072434e+02	7.307209090e-02	7.307209090e-02	
3.859309050e+02	7.546161174e-02	7.546161174e-02	
3.846577848e+02	7.792955110e-02	7.792955110e-02	
3.833878747e+02	8.047856557e-02	8.047856557e-02	
3.821211667e+02	8.311140345e-02	8.311140345e-02	
3.808576525e+02	8.583086436e-02	8.583086436e-02	
3.795973243e+02	8.863987018e-02	8.863987018e-02	
3.783401738e+02	9.154132138e-02	9.154132138e-02	
3.770861932e+02	9.453847636e-02	9.453847636e-02	
3.758353745e+02	9.763431432e-02	9.763431432e-02	
3.745877096e+02	1.008324322e-01	1.008324322e-01	
3.733431907e+02	1.041360446e-01	1.041360446e-01	
3.721018097e+02	1.075489309e-01	1.075489309e-01	
3.708635588e+02	1.110745278e-01	1.110745278e-01	
3.696284300e+02	1.147168148e-01	1.147168148e-01	
3.683964156e+02	1.184796274e-01	1.184796274e-01	
3.671675076e+02	1.223672180e-01	1.223672180e-01	
3.659416983e+02	1.263837241e-01	1.263837241e-01	
3.647189797e+02	1.305334705e-01	1.305334705e-01	
3.634993442e+02	1.348211150e-01	1.348211150e-01	
3.622827839e+02	1.392512006e-01	1.392512006e-01	
3.610692911e+02	1.438287153e-01	1.438287153e-01	
3.598588580e+02	1.485585926e-01	1.485585926e-01	
3.586514770e+02	1.534460693e-01	1.534460693e-01	
3.574471403e+02	1.584965457e-01	1.584965457e-01	
3.562458403e+02	1.637154548e-01	1.637154548e-01	
3.550475693e+02	1.691087759e-01	1.691087759e-01	
3.538523197e+02	1.746824008e-01	1.746824008e-01	
3.526600838e+02	1.804424526e-01	1.804424526e-01	
3.514708541e+02	1.863953320e-01	1.863953320e-01	
3.502846229e+02	1.925475926e-01	1.925475926e-01	
3.491013828e+02	1.989061990e-01	1.989061990e-01	
3.479211261e+02	2.054781656e-01	2.054781656e-01	
3.467438454e+02	2.122705959e-01	2.122705959e-01	
3.455695331e+02	2.192913356e-01	2.192913356e-01	
3.443981818e+02	2.265478657e-01	2.265478657e-01	
3.432297840e+02	2.340487590e-01	2.340487590e-01	
3.420643322e+02	2.418020880e-01	2.418020880e-01	
3.409018191e+02	2.498163502e-01	2.498163502e-01	
3.397422371e+02	2.581006140e-01	2.581006140e-01	
3.385855790e+02	2.666640940e-01	2.666640940e-01	
3.374318373e+02	2.755162154e-01	2.755162154e-01	
3.362810047e+02	2.846667760e-01	2.846667760e-01	
3.351330739e+02	2.941260747e-01	2.941260747e-01	
3.339880375e+02	3.039045324e-01	3.039045324e-01	
3.328458883e+02	3.140130526e-01	3.140130526e-01	
3.317066189e+02	3.244626353e-01	3.244626353e-01	
3.305702221e+02	3.352648822e-01	3.352648822e-01	
3.294366907e+02	3.464316497e-01	3.464316497e-01	
3.283060174e+02	3.579752307e-01	3.579752307e-01	
3.271781950e+02	3.699079909e-01	3.699079909e-01	
3.260532164e+02	3.822434514e-01	3.822434514e-01	
3.249310744e+02	3.949950271e-01	3.949950271e-01	
3.238117617e+02	4.081757995e-01	4.081757995e-01	
3.226952714e+02	4.218012421e-01	4.218012421e-01	
3.215815962e+02	4.358855991e-01	4.358855991e-01	
3.204707291e+02	4.504438877e-01	4.504438877e-01	
3.193626629e+02	4.654918597e-01	4.654918597e-01	
3.182573907e+02	4.810453779e-01	4.810453779e-01	
3.171549054e+02	4.971211859e-01	4.971211859e-01	
3.160551999e+02	5.137364427e-01	5.137364427e-01	
3.149582673e+02	5.309082287e-01	5.309082287e-01	
3.138641005e+02	5.486552796e-01	5.486552796e-01	
3.127726926e+02	5.669960118e-01	5.669960118e-01	
3.116840366e+02	5.859496667e-01	5.859496667e-01	
3.105981256e+02	6.055362317e-01	6.055362317e-01	
3.095149527e+02	6.257747788e-01	6.257747788e-01	
3.084345109e+02	6.466866370e-01	6.466866370e-01	
3.073567934e+02	6.682938721e-01	6.682938721e-01	
3.062817933e+02	6.906167544e-01	6.906167544e-01	
3.052095037e+02	7.136795617e-01	7.136795617e-01	
3.041399179e+02	7.375051061e-01	7.375051061e-01	
3.030730290e+02	7.621329696e-01	7.621329696e-01	
3.020088301e+02	7.875570193e-01	7.875570193e-01	
3.009473146e+02	8.138160935e-01	8.138160935e-01	
2.998884756e+02	8.418165533e-01	8.418165533e-01	
2.988323065e+02	8.698792708e-01	8.698792708e-01	
2.977788003e+02	8.988579095e-01	8.988579095e-01	
2.967279506e+02	9.287828113e-01	9.287828113e-01	
2.956797505e+02	9.596796491e-01	9.596796491e-01	
2.946341934e+02	9.915797736e-01	9.915797736e-01	
2.935912726e+02	1.024511764e+00	1.024511764e+00	
2.925509814e+02	1.058505933e+00	1.058505933e+00	
2.915133133e+02	1.093596018e+00	1.093596018e+00	
2.904782616e+02	1.129811303e+00	1.129811303e+00	
2.894458198e+02	1.167184915e+00	1.167184915e+00	
2.884159812e+02	1.205751224e+00	1.205751224e+00	
2.873887392e+02	1.245543060e+00	1.245543060e+00	
2.863640874e+02	1.286594811e+00	1.286594811e+00	
2.853420192e+02	1.328942103e+00	1.328942103e+00	
2.843225281e+02	1.372619256e+00	1.372619256e+00	
2.833056075e+02	1.417666805e+00	1.417666805e+00	
2.822912511e+02	1.464118292e+00	1.464118292e+00	
2.812794523e+02	1.512014016e+00	1.512014016e+00	
2.802702047e+02	1.561393042e+00	1.561393042e+00	
2.792635019e+02	1.612293330e+00	1.612293330e+00	
2.782593374e+02	1.664754126e+00	1.664754126e+00	
2.772577048e+02	1.718817856e+00	1.718817856e+00	
2.762585978e+02	1.774522183e+00	1.774522183e+00	
2.752620100e+02	1.831909853e+00	1.831909853e+00	
2.742679350e+02	1.891023971e+00	1.891023971e+00	
2.732763666e+02	1.951905111e+00	1.951905111e+00	
2.722872983e+02	2.014597809e+00	2.014597809e+00	
2.713007239e+02	2.079145319e+00	2.079145319e+00	
2.703166371e+02	2.145590917e+00	2.145590917e+00	
2.693350316e+02	2.213979972e+00	2.213979972e+00	
2.683559011e+02	2.284354718e+00	2.284354718e+00	
2.673792395e+02	2.356759223e+00	2.356759223e+00	
2.664050405e+02	2.431240682e+00	2.431240682e+00	
2.654332979e+02	2.507838918e+00	2.507838918e+00	
2.644640054e+02	2.586602155e+00	2.586602155e+00	
2.634971570e+02	2.667575811e+00	2.667575811e+00	
2.625327464e+02	2.750803797e+00	2.750803797e+00	
2.615707676e+02	2.836331193e+00	2.836331193e+00	
2.606112143e+02	2.924203898e+00	2.924203898e+00	
2.596540804e+02	3.014465480e+00	3.014465480e+00	
2.586993600e+02	3.107158870e+00	3.107158870e+00	
2.577470467e+02	3.202335178e+00	3.202335178e+00	
2.567971347e+02	3.300026569e+00	3.300026569e+00	
2.558496179e+02	3.400283990e+00	3.400283990e+00	
2.549044901e+02	3.503146666e+00	3.503146666e+00	
2.539617455e+02	3.608657545e+00	3.608657545e+00	
2.530213779e+02	3.716857512e+00	3.716857512e+00	
2.520833814e+02	3.827786586e+00	3.827786586e+00	
2.511477500e+02	3.941483799e+00	3.941483799e+00	
2.502144777e+02	4.057995566e+00	4.057995566e+00	
2.492835587e+02	4.177357427e+00	4.177357427e+00	
2.483549869e+02	4.299605084e+00	4.299605084e+00	
2.474287564e+02	4.424776136e+00	4.424776136e+00	
2.465048614e+02	4.552906162e+00	4.552906162e+00	
2.455832959e+02	4.684032684e+00	4.684032684e+00	
2.446640541e+02	4.818187402e+00	4.818187402e+00	
2.437471301e+02	4.955398255e+00	4.955398255e+00	
2.428325181e+02	5.095706283e+00	5.095706283e+00	
2.419202122e+02	5.239139167e+00	5.239139167e+00	
2.410102066e+02	5.385731563e+00	5.385731563e+00	
2.401024956e+02	5.535511606e+00	5.535511606e+00	
2.391970733e+02	5.688517022e+00	5.688517022e+00	
2.382939340e+02	5.844764645e+00	5.844764645e+00	
2.373930719e+02	6.004293901e+00	6.004293901e+00	
2.364944812e+02	6.167127308e+00	6.167127308e+00	
2.355981563e+02	6.333287599e+00	6.333287599e+00	
2.347040915e+02	6.502807873e+00	6.502807873e+00	
2.338122810e+02	6.675711466e+00	6.675711466e+00	
2.329227191e+02	6.852029061e+00	6.852029061e+00	
2.320354002e+02	7.031784751e+00	7.031784751e+00	
2.311503186e+02	7.215015319e+00	7.215015319e+00	
2.302674687e+02	7.401744214e+00	7.401744214e+00	
2.293868449e+02	7.592022225e+00	7.592022225e+00	
2.285084415e+02	7.785866290e+00	7.785866290e+00	
2.276322529e+02	7.983315994e+00	7.983315994e+00	
2.267582736e+02	8.184401152e+00	8.184401152e+00	
2.258864980e+02	8.389149624e+00	8.389149624e+00	
2.250169205e+02	8.597604175e+00	8.597604175e+00	
2.241495357e+02	8.809791879e+00	8.809791879e+00	
2.232843378e+02	9.025763967e+00	9.025763967e+00	
2.224213216e+02	9.245560183e+00	9.245560183e+00	
2.215604813e+02	9.469235886e+00	9.469235886e+00	
2.207018116e+02	9.696840000e+00	9.696840000e+00	
2.198453071e+02	9.928446176e+00	9.928446176e+00	
2.189909621e+02	1.016412597e+01	1.016412597e+01	
2.181387713e+02	1.040391940e+01	1.040391940e+01	
2.172887293e+02	1.064792741e+01	1.064792741e+01	
2.164408306e+02	1.089619498e+01	1.089619498e+01	
2.155950698e+02	1.114880153e+01	1.114880153e+01	
2.147514416e+02	1.140581956e+01	1.140581956e+01	
2.139099405e+02	1.166732562e+01	1.166732562e+01	
2.130705612e+02	1.193341899e+01	1.193341899e+01	
2.122332984e+02	1.220419754e+01	1.220419754e+01	
2.113981467e+02	1.247976871e+01	1.247976871e+01	
2.105651007e+02	1.276024850e+01	1.276024850e+01	
2.097341553e+02	1.304575871e+01	1.304575871e+01	
2.089053050e+02	1.333646280e+01	1.333646280e+01	
2.080785446e+02	1.363246567e+01	1.363246567e+01	
2.072538689e+02	1.393391179e+01	1.393391179e+01	
2.064312725e+02	1.424095076e+01	1.424095076e+01	
2.056107502e+02	1.455369855e+01	1.455369855e+01	
2.047922969e+02	1.487229139e+01	1.487229139e+01	
2.039759072e+02	1.519689179e+01	1.519689179e+01	
2.031615760e+02	1.552764359e+01	1.552764359e+01	
2.023492981e+02	1.586473041e+01	1.586473041e+01	
2.015390683e+02	1.620833496e+01	1.620833496e+01	
2.007308815e+02	1.655862624e+01	1.655862624e+01	
1.999247324e+02	1.691581825e+01	1.691581825e+01	
1.991206161e+02	1.728012808e+01	1.728012808e+01	
1.983185272e+02	1.765182219e+01	1.765182219e+01	
1.975184608e+02	1.803102251e+01	1.803102251e+01	
1.967204117e+02	1.841802154e+01	1.841802154e+01	
1.959243748e+02	1.881300379e+01	1.881300379e+01	
1.951303451e+02	1.921616552e+01	1.921616552e+01	
1.943383174e+02	1.962771066e+01	1.962771066e+01	
1.935482869e+02	2.004789665e+01	2.004789665e+01	
1.927602483e+02	2.047697168e+01	2.047697168e+01	
1.919741968e+02	2.091518821e+01	2.091518821e+01	
1.911901272e+02	2.136283428e+01	2.136283428e+01	
1.904080346e+02	2.182021661e+01	2.182021661e+01	
1.896279140e+02	2.228766829e+01	2.228766829e+01	
1.888497605e+02	2.276554860e+01	2.276554860e+01	
1.880735690e+02	2.325447056e+01	2.325447056e+01	
1.872993346e+02	2.375436419e+01	2.375436419e+01	
1.865270524e+02	2.426586153e+01	2.426586153e+01	
1.857567175e+02	2.478904446e+01	2.478904446e+01	
1.849883250e+02	2.532407314e+01	2.532407314e+01	
1.842218699e+02	2.587119458e+01	2.587119458e+01	
1.834573473e+02	2.643065316e+01	2.643065316e+01	
1.826947525e+02	2.700276900e+01	2.700276900e+01	
1.819340805e+02	2.758785542e+01	2.758785542e+01	
1.811753265e+02	2.818629113e+01	2.818629113e+01	
1.804184857e+02	2.879843552e+01	2.879843552e+01	
1.796635532e+02	2.942470667e+01	2.942470667e+01	
1.789105242e+02	3.006558852e+01	3.006558852e+01	
1.781593939e+02	3.072158977e+01	3.072158977e+01	
1.774101575e+02	3.139318847e+01	3.139318847e+01	
1.766628103e+02	3.208078602e+01	3.208078602e+01	
1.759173475e+02	3.278495560e+01	3.278495560e+01	
1.751737644e+02	3.350603090e+01	3.350603090e+01	
1.744320561e+02	3.424446387e+01	3.424446387e+01	
1.736922180e+02	3.500075820e+01	3.500075820e+01	
1.729542454e+02	3.577547506e+01	3.577547506e+01	
1.722181336e+02	3.656916843e+01	3.656916843e+01	
1.714838778e+02	3.738248283e+01	3.738248283e+01	
1.707514733e+02	3.821600562e+01	3.821600562e+01	
1.700209156e+02	3.907044082e+01	3.907044082e+01	
1.692922000e+02	3.994648865e+01	3.994648865e+01	
1.685653218e+02	4.084484659e+01	4.084484659e+01	
1.678402763e+02	4.176622264e+01	4.176622264e+01	
1.671170590e+02	4.271138437e+01	4.271138437e+01	
1.663956653e+02	4.368126500e+01	4.368126500e+01	
1.656760905e+02	4.467666052e+01	4.467666052e+01	
1.649583301e+02	4.569856112e+01	4.569856112e+01	
1.642423794e+02	4.674797479e+01	4.674797479e+01	
1.635282340e+02	4.782595274e+01	4.782595274e+01	
1.628158893e+02	4.893346680e+01	4.893346680e+01	
1.621053407e+02	5.007161490e+01	5.007161490e+01	
1.613965837e+02	5.124150714e+01	5.124150714e+01	
1.606896138e+02	5.244420546e+01	5.244420546e+01	
1.599844265e+02	5.368095515e+01	5.368095515e+01	
1.592810173e+02	5.495325552e+01	5.495325552e+01	
1.585793817e+02	5.626254359e+01	5.626254359e+01	
1.578795152e+02	5.761006579e+01	5.761006579e+01	
1.571814134e+02	5.899745219e+01	5.899745219e+01	
1.564850718e+02	6.042597034e+01	6.042597034e+01	
1.557904860e+02	6.189745256e+01	6.189745256e+01	
1.550976516e+02	6.341341420e+01	6.341341420e+01	
1.544065641e+02	6.497562584e+01	6.497562584e+01	
1.537172191e+02	6.658589336e+01	6.658589336e+01	
1.530296123e+02	6.824615682e+01	6.824615682e+01	
1.523437392e+02	6.995846237e+01	6.995846237e+01	
1.516595956e+02	7.172489082e+01	7.172489082e+01	
1.509771769e+02	7.354772438e+01	7.354772438e+01	
1.502964790e+02	7.542929136e+01	7.542929136e+01	
1.496174973e+02	7.737205942e+01	7.737205942e+01	
1.489402277e+02	7.937857805e+01	7.937857805e+01	
1.482646658e+02	8.145165462e+01	8.145165462e+01	
1.475908073e+02	8.359405700e+01	8.359405700e+01	
1.469186479e+02	8.580870189e+01	8.580870189e+01	
1.462481833e+02	8.809899585e+01	8.809899585e+01	
1.455794092e+02	9.046802482e+01	9.046802482e+01	
1.449123214e+02	9.291940463e+01	9.291940463e+01	
1.442469156e+02	9.545684300e+01	9.545684300e+01	
1.435831876e+02	9.808423126e+01	9.808423126e+01	
1.429211332e+02	1.008057311e+02	1.008057311e+02	
1.422607480e+02	1.036255274e+02	1.036255274e+02	
1.416020281e+02	1.065482209e+02	1.065482209e+02	
1.409449690e+02	1.095787747e+02	1.095787747e+02	
1.402895667e+02	1.127221185e+02	1.127221185e+02	
1.396358169e+02	1.159836430e+02	1.159836430e+02	
1.389837155e+02	1.193690803e+02	1.193690803e+02	
1.383332584e+02	1.228844994e+02	1.228844994e+02	
1.376844413e+02	1.265360718e+02	1.265360718e+02	
1.370372602e+02	1.303307213e+02	1.303307213e+02	
1.363917109e+02	1.342753218e+02	1.342753218e+02	
1.357477894e+02	1.383778413e+02	1.383778413e+02	
1.351054914e+02	1.426459440e+02	1.426459440e+02	
1.344648130e+02	1.470883885e+02	1.470883885e+02	
1.338257500e+02	1.517143751e+02	1.517143751e+02	
1.331882984e+02	1.565333779e+02	1.565333779e+02	
1.325524540e+02	1.615555392e+02	1.615555392e+02	
1.319182130e+02	1.667920267e+02	1.667920267e+02	
1.312855711e+02	1.722540717e+02	1.722540717e+02	
1.306545244e+02	1.779539992e+02	1.779539992e+02	
1.300250688e+02	1.839047651e+02	1.839047651e+02	
1.293972003e+02	1.901202081e+02	1.901202081e+02	
1.287709150e+02	1.966148531e+02	1.966148531e+02	
1.281462089e+02	2.034041506e+02	2.034041506e+02	
1.275230779e+02	2.105046343e+02	2.105046343e+02	
1.269015181e+02	2.179336046e+02	2.179336046e+02	
1.262815255e+02	2.257092173e+02	2.257092173e+02	
1.256630962e+02	2.338515524e+02	2.338515524e+02	
1.250462262e+02	2.423806586e+02	2.423806586e+02	
1.244309116e+02	2.513187088e+02	2.513187088e+02	
1.238171485e+02	2.606887212e+02	2.606887212e+02	
1.232049330e+02	2.705153146e+02	2.705153146e+02	
1.225942612e+02	2.805442819e+02	2.805442819e+02	
1.219851291e+02	2.915539554e+02	2.915539554e+02	
1.213775329e+02	3.031353325e+02	3.031353325e+02	
1.207714687e+02	3.152647507e+02	3.152647507e+02	
1.201669327e+02	3.279120081e+02	3.279120081e+02	
1.195639210e+02	3.410376035e+02	3.410376035e+02	
1.189624297e+02	3.545927980e+02	3.545927980e+02	
1.183624551e+02	3.685181513e+02	3.685181513e+02	
1.177639933e+02	3.827412364e+02	3.827412364e+02	
1.171670404e+02	3.971751649e+02	3.971751649e+02	
1.165715928e+02	4.117173068e+02	4.117173068e+02	
1.159776465e+02	4.262481656e+02	4.262481656e+02	
1.153851978e+02	4.406277074e+02	4.406277074e+02	
1.147942430e+02	4.546960567e+02	4.546960567e+02	
1.142047782e+02	4.682693309e+02	4.682693309e+02	
1.136167997e+02	4.811404154e+02	4.811404154e+02	
1.130303037e+02	4.930758381e+02	4.930758381e+02	
1.124452866e+02	5.038162363e+02	5.038162363e+02	
1.118617446e+02	5.130759134e+02	5.130759134e+02	
1.112796739e+02	5.205438130e+02	5.205438130e+02	
1.106990709e+02	5.258834598e+02	5.258834598e+02	
1.101199319e+02	5.287405062e+02	5.287405062e+02	
1.095422531e+02	5.287412334e+02	5.287412334e+02	
1.089660309e+02	5.254832983e+02	5.254832983e+02	
1.083912616e+02	5.185606477e+02	5.185606477e+02	
1.078179415e+02	5.075841837e+02	5.075841837e+02	
1.072460671e+02	4.922031231e+02	4.922031231e+02	
1.066756346e+02	4.721311351e+02	4.721311351e+02	
1.061066404e+02	4.471777731e+02	4.471777731e+02	
1.055390809e+02	4.172976745e+02	4.172976745e+02	
1.049729525e+02	3.826381114e+02	3.826381114e+02	
1.044082515e+02	3.436092353e+02	3.436092353e+02	
1.038449744e+02	3.009369577e+02	3.009369577e+02	
1.032831175e+02	2.557259998e+02	2.557259998e+02	
1.027226774e+02	2.094906377e+02	2.094906377e+02	
1.021636503e+02	1.641331436e+02	1.641331436e+02	
1.016060329e+02	1.218206863e+02	1.218206863e+02	
1.010498214e+02	8.470953395e+01	8.470953395e+01	
1.004950123e+02	5.451827746e+01	5.451827746e+01	
9.994160224e+01	3.206836188e+01	3.206836188e+01	
9.938958752e+01	1.703115899e+01	1.703115899e+01	
9.883896468e+01	8.077425812e+00	8.077425812e+00	
9.828973020e+01	3.389163559e+00	3.389163559e+00	
9.774188058e+01	1.248588100e+00	1.248588100e+00	
9.719541233e+01	4.015602022e-01	4.015602022e-01	
9.665032197e+01	1.122776556e-01	1.122776556e-01	
9.610660603e+01	2.721796237e-02	2.721796237e-02	
9.556426103e+01	5.711313014e-03	5.711313014e-03	
9.502328353e+01	1.036611501e-03	1.036611501e-03	
9.448367007e+01	1.627299359e-04	1.627299359e-04	
9.394541721e+01	2.210496675e-05	2.210496675e-05	
9.340852152e+01	2.600297252e-06	2.600297252e-06	
9.287297959e+01	2.651738396e-07	2.651738396e-07	
9.233878800e+01	2.347143821e-08	2.347143821e-08	
9.180594334e+01	1.805634892e-09	1.805634892e-09	
9.127444221e+01	1.208933259e-10	1.208933259e-10	
9.074428124e+01	7.054504925e-12	7.054504925e-12	
9.021545703e+01	3.592662940e-13	3.592662940e-13	
8.968796622e+01	1.598952322e-14	1.598952322e-14	
8.916180546e+01	6.226983626e-16	6.226983626e-16	
8.863697137e+01	2.124634017e-17	2.124634017e-17	
8.811346063e+01	6.358850977e-19	6.358850977e-19	
8.759126988e+01	1.671340099e-20	1.671340099e-20	
8.707039581e+01	3.862405565e-22	3.862405565e-22	
8.655083510e+01	7.857233979e-24	7.857233979e-24	
8.603258442e+01	1.408702610e-25	1.408702610e-25	
8.551564049e+01	2.228218334e-27	2.228218334e-27	
8.500000000e+01	3.610423087e-31	3.610423087e-31	
#	AeroPlanets 1.01
#	Copyright G Gronoff 2009
#	Report bugs : guillaume.gronoff@gmail.com
#
#	Launched :Tue Dec 19 13:05:08 2017
# Planet:Earth
# Electron impact ionization used
# Electron impact ionization error: -27.5547% (>0 : gain)

