# Volume profile of  emissions
# Emission in ph cm-3s-1 
# Altitude in Km
# Total : 1.186726501e+04 R
# 1.304000000e+02 : 1.186726501e+04 R
6.000000000e+02	9.051292968e-03	9.051292968e-03	
5.981871170e+02	9.381013212e-03	9.381013212e-03	
5.963788051e+02	9.722113283e-03	9.722113283e-03	
5.945750527e+02	1.007491837e-02	1.007491837e-02	
5.927758484e+02	1.043984881e-02	1.043984881e-02	
5.909811807e+02	1.081728778e-02	1.081728778e-02	
5.891910381e+02	1.120763219e-02	1.120763219e-02	
5.874054093e+02	1.161129165e-02	1.161129165e-02	
5.856242828e+02	1.202872266e-02	1.202872266e-02	
5.838476474e+02	1.246030978e-02	1.246030978e-02	
5.820754916e+02	1.290656659e-02	1.290656659e-02	
5.803078042e+02	1.336793318e-02	1.336793318e-02	
5.785445740e+02	1.384491904e-02	1.384491904e-02	
5.767857896e+02	1.433799255e-02	1.433799255e-02	
5.750314399e+02	1.484763981e-02	1.484763981e-02	
5.732815137e+02	1.537448299e-02	1.537448299e-02	
5.715359998e+02	1.591895410e-02	1.591895410e-02	
5.697948871e+02	1.648170449e-02	1.648170449e-02	
5.680581646e+02	1.706324131e-02	1.706324131e-02	
5.663258210e+02	1.766421573e-02	1.766421573e-02	
5.645978455e+02	1.828519514e-02	1.828519514e-02	
5.628742270e+02	1.892683699e-02	1.892683699e-02	
5.611549545e+02	1.958975047e-02	1.958975047e-02	
5.594400171e+02	2.027469768e-02	2.027469768e-02	
5.577294037e+02	2.098223293e-02	2.098223293e-02	
5.560231036e+02	2.171317662e-02	2.171317662e-02	
5.543211058e+02	2.246821828e-02	2.246821828e-02	
5.526233995e+02	2.324810485e-02	2.324810485e-02	
5.509299738e+02	2.405361191e-02	2.405361191e-02	
5.492408181e+02	2.488551155e-02	2.488551155e-02	
5.475559214e+02	2.574470572e-02	2.574470572e-02	
5.458752731e+02	2.663197527e-02	2.663197527e-02	
5.441988625e+02	2.754813119e-02	2.754813119e-02	
5.425266788e+02	2.849419807e-02	2.849419807e-02	
5.408587115e+02	2.947101241e-02	2.947101241e-02	
5.391949498e+02	3.047951882e-02	3.047951882e-02	
5.375353832e+02	3.152077765e-02	3.152077765e-02	
5.358800011e+02	3.259573231e-02	3.259573231e-02	
5.342287930e+02	3.370536232e-02	3.370536232e-02	
5.325817483e+02	3.485088205e-02	3.485088205e-02	
5.309388565e+02	3.603328654e-02	3.603328654e-02	
5.293001072e+02	3.725366251e-02	3.725366251e-02	
5.276654899e+02	3.851329047e-02	3.851329047e-02	
5.260349942e+02	3.981331113e-02	3.981331113e-02	
5.244086096e+02	4.115489272e-02	4.115489272e-02	
5.227863260e+02	4.253944648e-02	4.253944648e-02	
5.211681328e+02	4.396811237e-02	4.396811237e-02	
5.195540198e+02	4.544244756e-02	4.544244756e-02	
5.179439766e+02	4.696360416e-02	4.696360416e-02	
5.163379932e+02	4.853319581e-02	4.853319581e-02	
5.147360591e+02	5.015253485e-02	5.015253485e-02	
5.131381641e+02	5.182327035e-02	5.182327035e-02	
5.115442982e+02	5.354686011e-02	5.354686011e-02	
5.099544512e+02	5.532499868e-02	5.532499868e-02	
5.083686128e+02	5.715917766e-02	5.715917766e-02	
5.067867730e+02	5.905121804e-02	5.905121804e-02	
5.052089218e+02	6.100289678e-02	6.100289678e-02	
5.036350490e+02	6.301594788e-02	6.301594788e-02	
5.020651447e+02	6.509212930e-02	6.509212930e-02	
5.004991987e+02	6.723347765e-02	6.723347765e-02	
4.989372012e+02	6.944193795e-02	6.944193795e-02	
4.973791422e+02	7.171959011e-02	7.171959011e-02	
4.958250118e+02	7.406838355e-02	7.406838355e-02	
4.942748000e+02	7.649037123e-02	7.649037123e-02	
4.927284970e+02	7.898804527e-02	7.898804527e-02	
4.911860928e+02	8.156344510e-02	8.156344510e-02	
4.896475778e+02	8.421904981e-02	8.421904981e-02	
4.881129421e+02	8.695708422e-02	8.695708422e-02	
4.865821758e+02	8.978020703e-02	8.978020703e-02	
4.850552693e+02	9.269087995e-02	9.269087995e-02	
4.835322128e+02	9.569172641e-02	9.569172641e-02	
4.820129965e+02	9.878541573e-02	9.878541573e-02	
4.804976109e+02	1.019747653e-01	1.019747653e-01	
4.789860463e+02	1.052626348e-01	1.052626348e-01	
4.774782930e+02	1.086520695e-01	1.086520695e-01	
4.759743414e+02	1.121458840e-01	1.121458840e-01	
4.744741819e+02	1.157472998e-01	1.157472998e-01	
4.729778050e+02	1.194595794e-01	1.194595794e-01	
4.714852011e+02	1.232859968e-01	1.232859968e-01	
4.699963607e+02	1.272299399e-01	1.272299399e-01	
4.685112743e+02	1.312950330e-01	1.312950330e-01	
4.670299326e+02	1.354847567e-01	1.354847567e-01	
4.655523259e+02	1.398027084e-01	1.398027084e-01	
4.640784449e+02	1.442532313e-01	1.442532313e-01	
4.626082802e+02	1.488396790e-01	1.488396790e-01	
4.611418225e+02	1.535662767e-01	1.535662767e-01	
4.596790624e+02	1.584372357e-01	1.584372357e-01	
4.582199905e+02	1.634569573e-01	1.634569573e-01	
4.567645976e+02	1.686298405e-01	1.686298405e-01	
4.553128743e+02	1.739603741e-01	1.739603741e-01	
4.538648115e+02	1.794534056e-01	1.794534056e-01	
4.524204000e+02	1.851133794e-01	1.851133794e-01	
4.509796304e+02	1.909455031e-01	1.909455031e-01	
4.495424936e+02	1.969552772e-01	1.969552772e-01	
4.481089805e+02	2.031473280e-01	2.031473280e-01	
4.466790819e+02	2.095275367e-01	2.095275367e-01	
4.452527887e+02	2.161014315e-01	2.161014315e-01	
4.438300919e+02	2.228745977e-01	2.228745977e-01	
4.424109822e+02	2.298528740e-01	2.298528740e-01	
4.409954508e+02	2.370425847e-01	2.370425847e-01	
4.395834886e+02	2.444500128e-01	2.444500128e-01	
4.381750865e+02	2.520816513e-01	2.520816513e-01	
4.367702357e+02	2.599438289e-01	2.599438289e-01	
4.353689271e+02	2.680439932e-01	2.680439932e-01	
4.339711518e+02	2.763884454e-01	2.763884454e-01	
4.325769009e+02	2.849849222e-01	2.849849222e-01	
4.311861656e+02	2.938412463e-01	2.938412463e-01	
4.297989369e+02	3.029642202e-01	3.029642202e-01	
4.284152060e+02	3.123626452e-01	3.123626452e-01	
4.270349641e+02	3.220440216e-01	3.220440216e-01	
4.256582024e+02	3.320172065e-01	3.320172065e-01	
4.242849122e+02	3.422903594e-01	3.422903594e-01	
4.229150846e+02	3.528730191e-01	3.528730191e-01	
4.215487110e+02	3.637738644e-01	3.637738644e-01	
4.201857825e+02	3.750023003e-01	3.750023003e-01	
4.188262907e+02	3.865684300e-01	3.865684300e-01	
4.174702267e+02	3.984820267e-01	3.984820267e-01	
4.161175820e+02	4.107531288e-01	4.107531288e-01	
4.147683478e+02	4.233929037e-01	4.233929037e-01	
4.134225157e+02	4.364120169e-01	4.364120169e-01	
4.120800770e+02	4.498212675e-01	4.498212675e-01	
4.107410232e+02	4.636329081e-01	4.636329081e-01	
4.094053458e+02	4.778585217e-01	4.778585217e-01	
4.080730362e+02	4.925102965e-01	4.925102965e-01	
4.067440859e+02	5.076009989e-01	5.076009989e-01	
4.054184865e+02	5.231435356e-01	5.231435356e-01	
4.040962295e+02	5.391515581e-01	5.391515581e-01	
4.027773065e+02	5.556382948e-01	5.556382948e-01	
4.014617091e+02	5.726190418e-01	5.726190418e-01	
4.001494289e+02	5.901068215e-01	5.901068215e-01	
3.988404576e+02	6.091340682e-01	6.091340682e-01	
3.975347867e+02	6.277433447e-01	6.277433447e-01	
3.962324080e+02	6.469104695e-01	6.469104695e-01	
3.949333132e+02	6.666515045e-01	6.666515045e-01	
3.936374940e+02	6.869852991e-01	6.869852991e-01	
3.923449421e+02	7.079266787e-01	7.079266787e-01	
3.910556493e+02	7.294958210e-01	7.294958210e-01	
3.897696073e+02	7.517123371e-01	7.517123371e-01	
3.884868081e+02	7.745928007e-01	7.745928007e-01	
3.872072434e+02	7.981585545e-01	7.981585545e-01	
3.859309050e+02	8.224315008e-01	8.224315008e-01	
3.846577848e+02	8.474307630e-01	8.474307630e-01	
3.833878747e+02	8.731785669e-01	8.731785669e-01	
3.821211667e+02	8.996978576e-01	8.996978576e-01	
3.808576525e+02	9.270118025e-01	9.270118025e-01	
3.795973243e+02	9.551445379e-01	9.551445379e-01	
3.783401738e+02	9.841196280e-01	9.841196280e-01	
3.770861932e+02	1.013964135e+00	1.013964135e+00	
3.758353745e+02	1.044701750e+00	1.044701750e+00	
3.745877096e+02	1.076362405e+00	1.076362405e+00	
3.733431907e+02	1.108971540e+00	1.108971540e+00	
3.721018097e+02	1.142560280e+00	1.142560280e+00	
3.708635588e+02	1.177155675e+00	1.177155675e+00	
3.696284300e+02	1.212790066e+00	1.212790066e+00	
3.683964156e+02	1.249493809e+00	1.249493809e+00	
3.671675076e+02	1.287301192e+00	1.287301192e+00	
3.659416983e+02	1.326244802e+00	1.326244802e+00	
3.647189797e+02	1.366358703e+00	1.366358703e+00	
3.634993442e+02	1.407679926e+00	1.407679926e+00	
3.622827839e+02	1.450243843e+00	1.450243843e+00	
3.610692911e+02	1.494089946e+00	1.494089946e+00	
3.598588580e+02	1.539256560e+00	1.539256560e+00	
3.586514770e+02	1.585784547e+00	1.585784547e+00	
3.574471403e+02	1.633715856e+00	1.633715856e+00	
3.562458403e+02	1.683092163e+00	1.683092163e+00	
3.550475693e+02	1.733960119e+00	1.733960119e+00	
3.538523197e+02	1.786364801e+00	1.786364801e+00	
3.526600838e+02	1.840353001e+00	1.840353001e+00	
3.514708541e+02	1.895973819e+00	1.895973819e+00	
3.502846229e+02	1.953277159e+00	1.953277159e+00	
3.491013828e+02	2.012316294e+00	2.012316294e+00	
3.479211261e+02	2.073144247e+00	2.073144247e+00	
3.467438454e+02	2.135814172e+00	2.135814172e+00	
3.455695331e+02	2.200385900e+00	2.200385900e+00	
3.443981818e+02	2.266914769e+00	2.266914769e+00	
3.432297840e+02	2.335466213e+00	2.335466213e+00	
3.420643322e+02	2.406099854e+00	2.406099854e+00	
3.409018191e+02	2.478878877e+00	2.478878877e+00	
3.397422371e+02	2.553871160e+00	2.553871160e+00	
3.385855790e+02	2.631145036e+00	2.631145036e+00	
3.374318373e+02	2.710769980e+00	2.710769980e+00	
3.362810047e+02	2.792818168e+00	2.792818168e+00	
3.351330739e+02	2.877365682e+00	2.877365682e+00	
3.339880375e+02	2.964488763e+00	2.964488763e+00	
3.328458883e+02	3.054267296e+00	3.054267296e+00	
3.317066189e+02	3.146781193e+00	3.146781193e+00	
3.305702221e+02	3.242115353e+00	3.242115353e+00	
3.294366907e+02	3.340355899e+00	3.340355899e+00	
3.283060174e+02	3.441592003e+00	3.441592003e+00	
3.271781950e+02	3.545912383e+00	3.545912383e+00	
3.260532164e+02	3.653415633e+00	3.653415633e+00	
3.249310744e+02	3.764198066e+00	3.764198066e+00	
3.238117617e+02	3.878351584e+00	3.878351584e+00	
3.226952714e+02	3.995989529e+00	3.995989529e+00	
3.215815962e+02	4.117212367e+00	4.117212367e+00	
3.204707291e+02	4.242127022e+00	4.242127022e+00	
3.193626629e+02	4.370845794e+00	4.370845794e+00	
3.182573907e+02	4.503480687e+00	4.503480687e+00	
3.171549054e+02	4.640150567e+00	4.640150567e+00	
3.160551999e+02	4.780976708e+00	4.780976708e+00	
3.149582673e+02	4.926078177e+00	4.926078177e+00	
3.138641005e+02	5.075587906e+00	5.075587906e+00	
3.127726926e+02	5.229634243e+00	5.229634243e+00	
3.116840366e+02	5.388351556e+00	5.388351556e+00	
3.105981256e+02	5.551880388e+00	5.551880388e+00	
3.095149527e+02	5.720350959e+00	5.720350959e+00	
3.084345109e+02	5.893912747e+00	5.893912747e+00	
3.073567934e+02	6.072720243e+00	6.072720243e+00	
3.062817933e+02	6.256909919e+00	6.256909919e+00	
3.052095037e+02	6.446652918e+00	6.446652918e+00	
3.041399179e+02	6.642105206e+00	6.642105206e+00	
3.030730290e+02	6.843571436e+00	6.843571436e+00	
3.020088301e+02	7.050943482e+00	7.050943482e+00	
3.009473146e+02	7.264516612e+00	7.264516612e+00	
2.998884756e+02	7.492298178e+00	7.492298178e+00	
2.988323065e+02	7.719263094e+00	7.719263094e+00	
2.977788003e+02	7.952983564e+00	7.952983564e+00	
2.967279506e+02	8.193670915e+00	8.193670915e+00	
2.956797505e+02	8.441493297e+00	8.441493297e+00	
2.946341934e+02	8.696667132e+00	8.696667132e+00	
2.935912726e+02	8.959382450e+00	8.959382450e+00	
2.925509814e+02	9.229842604e+00	9.229842604e+00	
2.915133133e+02	9.508278654e+00	9.508278654e+00	
2.904782616e+02	9.794882018e+00	9.794882018e+00	
2.894458198e+02	1.008987635e+01	1.008987635e+01	
2.884159812e+02	1.039349382e+01	1.039349382e+01	
2.873887392e+02	1.070595219e+01	1.070595219e+01	
2.863640874e+02	1.102748083e+01	1.102748083e+01	
2.853420192e+02	1.135831782e+01	1.135831782e+01	
2.843225281e+02	1.169868839e+01	1.169868839e+01	
2.833056075e+02	1.204886880e+01	1.204886880e+01	
2.822912511e+02	1.240907389e+01	1.240907389e+01	
2.812794523e+02	1.277957391e+01	1.277957391e+01	
2.802702047e+02	1.316062813e+01	1.316062813e+01	
2.792635019e+02	1.355248631e+01	1.355248631e+01	
2.782593374e+02	1.395540670e+01	1.395540670e+01	
2.772577048e+02	1.436967438e+01	1.436967438e+01	
2.762585978e+02	1.479553301e+01	1.479553301e+01	
2.752620100e+02	1.523326740e+01	1.523326740e+01	
2.742679350e+02	1.568316392e+01	1.568316392e+01	
2.732763666e+02	1.614548669e+01	1.614548669e+01	
2.722872983e+02	1.662053152e+01	1.662053152e+01	
2.713007239e+02	1.710858210e+01	1.710858210e+01	
2.703166371e+02	1.760992076e+01	1.760992076e+01	
2.693350316e+02	1.812485250e+01	1.812485250e+01	
2.683559011e+02	1.865365061e+01	1.865365061e+01	
2.673792395e+02	1.919660820e+01	1.919660820e+01	
2.664050405e+02	1.975404274e+01	1.975404274e+01	
2.654332979e+02	2.032621132e+01	2.032621132e+01	
2.644640054e+02	2.091343921e+01	2.091343921e+01	
2.634971570e+02	2.151602890e+01	2.151602890e+01	
2.625327464e+02	2.213427094e+01	2.213427094e+01	
2.615707676e+02	2.276846539e+01	2.276846539e+01	
2.606112143e+02	2.341891824e+01	2.341891824e+01	
2.596540804e+02	2.408592096e+01	2.408592096e+01	
2.586993600e+02	2.476976298e+01	2.476976298e+01	
2.577470467e+02	2.547079813e+01	2.547079813e+01	
2.567971347e+02	2.618923547e+01	2.618923547e+01	
2.558496179e+02	2.692543417e+01	2.692543417e+01	
2.549044901e+02	2.767966165e+01	2.767966165e+01	
2.539617455e+02	2.845221689e+01	2.845221689e+01	
2.530213779e+02	2.924338272e+01	2.924338272e+01	
2.520833814e+02	3.005343898e+01	3.005343898e+01	
2.511477500e+02	3.088264076e+01	3.088264076e+01	
2.502144777e+02	3.173131832e+01	3.173131832e+01	
2.492835587e+02	3.259972737e+01	3.259972737e+01	
2.483549869e+02	3.348812799e+01	3.348812799e+01	
2.474287564e+02	3.439679804e+01	3.439679804e+01	
2.465048614e+02	3.532600908e+01	3.532600908e+01	
2.455832959e+02	3.627604942e+01	3.627604942e+01	
2.446640541e+02	3.724716565e+01	3.724716565e+01	
2.437471301e+02	3.823957945e+01	3.823957945e+01	
2.428325181e+02	3.925361782e+01	3.925361782e+01	
2.419202122e+02	4.028950869e+01	4.028950869e+01	
2.410102066e+02	4.134753378e+01	4.134753378e+01	
2.401024956e+02	4.242792736e+01	4.242792736e+01	
2.391970733e+02	4.353100662e+01	4.353100662e+01	
2.382939340e+02	4.465694501e+01	4.465694501e+01	
2.373930719e+02	4.580607965e+01	4.580607965e+01	
2.364944812e+02	4.697864121e+01	4.697864121e+01	
2.355981563e+02	4.817486133e+01	4.817486133e+01	
2.347040915e+02	4.939505374e+01	4.939505374e+01	
2.338122810e+02	5.063946163e+01	5.063946163e+01	
2.329227191e+02	5.190838785e+01	5.190838785e+01	
2.320354002e+02	5.320208849e+01	5.320208849e+01	
2.311503186e+02	5.452091813e+01	5.452091813e+01	
2.302674687e+02	5.586512956e+01	5.586512956e+01	
2.293868449e+02	5.723516607e+01	5.723516607e+01	
2.285084415e+02	5.863127592e+01	5.863127592e+01	
2.276322529e+02	6.005383305e+01	6.005383305e+01	
2.267582736e+02	6.150318026e+01	6.150318026e+01	
2.258864980e+02	6.297965254e+01	6.297965254e+01	
2.250169205e+02	6.448368974e+01	6.448368974e+01	
2.241495357e+02	6.601561334e+01	6.601561334e+01	
2.232843378e+02	6.757592583e+01	6.757592583e+01	
2.224213216e+02	6.916504219e+01	6.916504219e+01	
2.215604813e+02	7.078349213e+01	7.078349213e+01	
2.207018116e+02	7.243175266e+01	7.243175266e+01	
2.198453071e+02	7.411047626e+01	7.411047626e+01	
2.189909621e+02	7.582025193e+01	7.582025193e+01	
2.181387713e+02	7.756157109e+01	7.756157109e+01	
2.172887293e+02	7.933524020e+01	7.933524020e+01	
2.164408306e+02	8.114176824e+01	8.114176824e+01	
2.155950698e+02	8.298190006e+01	8.298190006e+01	
2.147514416e+02	8.485631322e+01	8.485631322e+01	
2.139099405e+02	8.676570774e+01	8.676570774e+01	
2.130705612e+02	8.871094524e+01	8.871094524e+01	
2.122332984e+02	9.069286853e+01	9.069286853e+01	
2.113981467e+02	9.271238133e+01	9.271238133e+01	
2.105651007e+02	9.477043907e+01	9.477043907e+01	
2.097341553e+02	9.686802164e+01	9.686802164e+01	
2.089053050e+02	9.900635469e+01	9.900635469e+01	
2.080785446e+02	1.011863553e+02	1.011863553e+02	
2.072538689e+02	1.034091580e+02	1.034091580e+02	
2.064312725e+02	1.056759798e+02	1.056759798e+02	
2.056107502e+02	1.079878482e+02	1.079878482e+02	
2.047922969e+02	1.103458967e+02	1.103458967e+02	
2.039759072e+02	1.127514398e+02	1.127514398e+02	
2.031615760e+02	1.152056411e+02	1.152056411e+02	
2.023492981e+02	1.177099480e+02	1.177099480e+02	
2.015390683e+02	1.202657876e+02	1.202657876e+02	
2.007308815e+02	1.228744693e+02	1.228744693e+02	
1.999247324e+02	1.255376185e+02	1.255376185e+02	
1.991206161e+02	1.282568604e+02	1.282568604e+02	
1.983185272e+02	1.310340573e+02	1.310340573e+02	
1.975184608e+02	1.338703637e+02	1.338703637e+02	
1.967204117e+02	1.367678128e+02	1.367678128e+02	
1.959243748e+02	1.397280008e+02	1.397280008e+02	
1.951303451e+02	1.427525172e+02	1.427525172e+02	
1.943383174e+02	1.458429770e+02	1.458429770e+02	
1.935482869e+02	1.490013719e+02	1.490013719e+02	
1.927602483e+02	1.522296013e+02	1.522296013e+02	
1.919741968e+02	1.555295725e+02	1.555295725e+02	
1.911901272e+02	1.589034215e+02	1.589034215e+02	
1.904080346e+02	1.623533791e+02	1.623533791e+02	
1.896279140e+02	1.658818035e+02	1.658818035e+02	
1.888497605e+02	1.694911268e+02	1.694911268e+02	
1.880735690e+02	1.731851468e+02	1.731851468e+02	
1.872993346e+02	1.769641964e+02	1.769641964e+02	
1.865270524e+02	1.808323296e+02	1.808323296e+02	
1.857567175e+02	1.847910269e+02	1.847910269e+02	
1.849883250e+02	1.888421071e+02	1.888421071e+02	
1.842218699e+02	1.929878747e+02	1.929878747e+02	
1.834573473e+02	1.972305441e+02	1.972305441e+02	
1.826947525e+02	2.015728434e+02	2.015728434e+02	
1.819340805e+02	2.060174020e+02	2.060174020e+02	
1.811753265e+02	2.105672953e+02	2.105672953e+02	
1.804184857e+02	2.152254041e+02	2.152254041e+02	
1.796635532e+02	2.199949936e+02	2.199949936e+02	
1.789105242e+02	2.248797423e+02	2.248797423e+02	
1.781593939e+02	2.298833139e+02	2.298833139e+02	
1.774101575e+02	2.350093475e+02	2.350093475e+02	
1.766628103e+02	2.402612262e+02	2.402612262e+02	
1.759173475e+02	2.456433059e+02	2.456433059e+02	
1.751737644e+02	2.511588147e+02	2.511588147e+02	
1.744320561e+02	2.568115943e+02	2.568115943e+02	
1.736922180e+02	2.626057946e+02	2.626057946e+02	
1.729542454e+02	2.685459461e+02	2.685459461e+02	
1.722181336e+02	2.746364921e+02	2.746364921e+02	
1.714838778e+02	2.808825357e+02	2.808825357e+02	
1.707514733e+02	2.872887395e+02	2.872887395e+02	
1.700209156e+02	2.938606440e+02	2.938606440e+02	
1.692922000e+02	3.006037789e+02	3.006037789e+02	
1.685653218e+02	3.075236920e+02	3.075236920e+02	
1.678402763e+02	3.146261411e+02	3.146261411e+02	
1.671170590e+02	3.219172008e+02	3.219172008e+02	
1.663956653e+02	3.294040029e+02	3.294040029e+02	
1.656760905e+02	3.370928467e+02	3.370928467e+02	
1.649583301e+02	3.449911006e+02	3.449911006e+02	
1.642423794e+02	3.531064674e+02	3.531064674e+02	
1.635282340e+02	3.614470607e+02	3.614470607e+02	
1.628158893e+02	3.700204585e+02	3.700204585e+02	
1.621053407e+02	3.788352470e+02	3.788352470e+02	
1.613965837e+02	3.879001735e+02	3.879001735e+02	
1.606896138e+02	3.972237408e+02	3.972237408e+02	
1.599844265e+02	4.068157295e+02	4.068157295e+02	
1.592810173e+02	4.166873990e+02	4.166873990e+02	
1.585793817e+02	4.268499219e+02	4.268499219e+02	
1.578795152e+02	4.373132019e+02	4.373132019e+02	
1.571814134e+02	4.480898347e+02	4.480898347e+02	
1.564850718e+02	4.591901657e+02	4.591901657e+02	
1.557904860e+02	4.706283796e+02	4.706283796e+02	
1.550976516e+02	4.824167319e+02	4.824167319e+02	
1.544065641e+02	4.945693434e+02	4.945693434e+02	
1.537172191e+02	5.071005507e+02	5.071005507e+02	
1.530296123e+02	5.200257049e+02	5.200257049e+02	
1.523437392e+02	5.333609769e+02	5.333609769e+02	
1.516595956e+02	5.471228249e+02	5.471228249e+02	
1.509771769e+02	5.613292831e+02	5.613292831e+02	
1.502964790e+02	5.759987648e+02	5.759987648e+02	
1.496174973e+02	5.911507961e+02	5.911507961e+02	
1.489402277e+02	6.068055596e+02	6.068055596e+02	
1.482646658e+02	6.229852703e+02	6.229852703e+02	
1.475908073e+02	6.397119126e+02	6.397119126e+02	
1.469186479e+02	6.570088205e+02	6.570088205e+02	
1.462481833e+02	6.749027016e+02	6.749027016e+02	
1.455794092e+02	6.934182692e+02	6.934182692e+02	
1.449123214e+02	7.125839999e+02	7.125839999e+02	
1.442469156e+02	7.324291933e+02	7.324291933e+02	
1.435831876e+02	7.529847030e+02	7.529847030e+02	
1.429211332e+02	7.742835483e+02	7.742835483e+02	
1.422607480e+02	7.963589897e+02	7.963589897e+02	
1.416020281e+02	8.192475631e+02	8.192475631e+02	
1.409449690e+02	8.429886737e+02	8.429886737e+02	
1.402895667e+02	8.676215567e+02	8.676215567e+02	
1.396358169e+02	8.931890672e+02	8.931890672e+02	
1.389837155e+02	9.197368026e+02	9.197368026e+02	
1.383332584e+02	9.473130406e+02	9.473130406e+02	
1.376844413e+02	9.759669784e+02	9.759669784e+02	
1.370372602e+02	1.005753951e+03	1.005753951e+03	
1.363917109e+02	1.036729400e+03	1.036729400e+03	
1.357477894e+02	1.068955580e+03	1.068955580e+03	
1.351054914e+02	1.102494866e+03	1.102494866e+03	
1.344648130e+02	1.137416126e+03	1.137416126e+03	
1.338257500e+02	1.173792657e+03	1.173792657e+03	
1.331882984e+02	1.211700111e+03	1.211700111e+03	
1.325524540e+02	1.251219488e+03	1.251219488e+03	
1.319182130e+02	1.292439930e+03	1.292439930e+03	
1.312855711e+02	1.335451262e+03	1.335451262e+03	
1.306545244e+02	1.380352013e+03	1.380352013e+03	
1.300250688e+02	1.427245795e+03	1.427245795e+03	
1.293972003e+02	1.476243359e+03	1.476243359e+03	
1.287709150e+02	1.527460984e+03	1.527460984e+03	
1.281462089e+02	1.581022424e+03	1.581022424e+03	
1.275230779e+02	1.637060113e+03	1.637060113e+03	
1.269015181e+02	1.695712787e+03	1.695712787e+03	
1.262815255e+02	1.757127370e+03	1.757127370e+03	
1.256630962e+02	1.821462619e+03	1.821462619e+03	
1.250462262e+02	1.888881543e+03	1.888881543e+03	
1.244309116e+02	1.959561225e+03	1.959561225e+03	
1.238171485e+02	2.033686307e+03	2.033686307e+03	
1.232049330e+02	2.111454225e+03	2.111454225e+03	
1.225942612e+02	2.190885163e+03	2.190885163e+03	
1.219851291e+02	2.278065173e+03	2.278065173e+03	
1.213775329e+02	2.369808992e+03	2.369808992e+03	
1.207714687e+02	2.465939135e+03	2.465939135e+03	
1.201669327e+02	2.566226211e+03	2.566226211e+03	
1.195639210e+02	2.670367289e+03	2.670367289e+03	
1.189624297e+02	2.777986142e+03	2.777986142e+03	
1.183624551e+02	2.888621601e+03	2.888621601e+03	
1.177639933e+02	3.001709344e+03	3.001709344e+03	
1.171670404e+02	3.116570057e+03	3.116570057e+03	
1.165715928e+02	3.232399094e+03	3.232399094e+03	
1.159776465e+02	3.348257067e+03	3.348257067e+03	
1.153851978e+02	3.463041600e+03	3.463041600e+03	
1.147942430e+02	3.575490990e+03	3.575490990e+03	
1.142047782e+02	3.684152358e+03	3.684152358e+03	
1.136167997e+02	3.787386744e+03	3.787386744e+03	
1.130303037e+02	3.883344281e+03	3.883344281e+03	
1.124452866e+02	3.969967315e+03	3.969967315e+03	
1.118617446e+02	4.044986740e+03	4.044986740e+03	
1.112796739e+02	4.105929475e+03	4.105929475e+03	
1.106990709e+02	4.150117654e+03	4.150117654e+03	
1.101199319e+02	4.174728236e+03	4.174728236e+03	
1.095422531e+02	4.176781412e+03	4.176781412e+03	
1.089660309e+02	4.153067091e+03	4.153067091e+03	
1.083912616e+02	4.100341859e+03	4.100341859e+03	
1.078179415e+02	4.015491978e+03	4.015491978e+03	
1.072460671e+02	3.895702375e+03	3.895702375e+03	
1.066756346e+02	3.738663318e+03	3.738663318e+03	
1.061066404e+02	3.542818842e+03	3.542818842e+03	
1.055390809e+02	3.307756142e+03	3.307756142e+03	
1.049729525e+02	3.034593886e+03	3.034593886e+03	
1.044082515e+02	2.726520307e+03	2.726520307e+03	
1.038449744e+02	2.389240327e+03	2.389240327e+03	
1.032831175e+02	2.031468730e+03	2.031468730e+03	
1.027226774e+02	1.665186962e+03	1.665186962e+03	
1.021636503e+02	1.305483472e+03	1.305483472e+03	
1.016060329e+02	9.695877868e+02	9.695877868e+02	
1.010498214e+02	6.746885369e+02	6.746885369e+02	
1.004950123e+02	4.345403558e+02	4.345403558e+02	
9.994160224e+01	2.557939764e+02	2.557939764e+02	
9.938958752e+01	1.359525723e+02	1.359525723e+02	
9.883896468e+01	6.452757751e+01	6.452757751e+01	
9.828973020e+01	2.709500850e+01	2.709500850e+01	
9.774188058e+01	9.989231064e+00	9.989231064e+00	
9.719541233e+01	3.214911236e+00	3.214911236e+00	
9.665032197e+01	8.995075723e-01	8.995075723e-01	
9.610660603e+01	2.181962838e-01	2.181962838e-01	
9.556426103e+01	4.581361395e-02	4.581361395e-02	
9.502328353e+01	8.320093828e-03	8.320093828e-03	
9.448367007e+01	1.306833945e-03	1.306833945e-03	
9.394541721e+01	1.776115506e-04	1.776115506e-04	
9.340852152e+01	2.090359250e-05	2.090359250e-05	
9.287297959e+01	2.132720491e-06	2.132720491e-06	
9.233878800e+01	1.888591269e-07	1.888591269e-07	
9.180594334e+01	1.453492988e-08	1.453492988e-08	
9.127444221e+01	9.735561327e-10	9.735561327e-10	
9.074428124e+01	5.683190472e-11	5.683190472e-11	
9.021545703e+01	2.895349984e-12	2.895349984e-12	
8.968796622e+01	1.289057020e-13	1.289057020e-13	
8.916180546e+01	5.021797097e-15	5.021797097e-15	
8.863697137e+01	1.713971363e-16	1.713971363e-16	
8.811346063e+01	5.131343397e-18	5.131343397e-18	
8.759126988e+01	1.349101283e-19	1.349101283e-19	
8.707039581e+01	3.118605213e-21	3.118605213e-21	
8.655083510e+01	6.345857955e-23	6.345857955e-23	
8.603258442e+01	1.138031214e-24	1.138031214e-24	
8.551564049e+01	1.800544905e-26	1.800544905e-26	
8.500000000e+01	4.837748152e-30	4.837748152e-30	
#	AeroPlanets 1.01
#	Copyright G Gronoff 2009
#	Report bugs : guillaume.gronoff@gmail.com
#
#	Launched :Tue Dec 19 13:05:08 2017
# Planet:Earth
# Electron impact ionization used
# Electron impact ionization error: -27.5547% (>0 : gain)

