# Volume profile of  emissions
# Emission in ph cm-3s-1 
# Altitude in Km
# Total : 2.459009306e+03 R
# 1.243000000e+02 : 2.459009306e+03 R
6.000000000e+02	8.690124388e-07	8.690124388e-07	
5.981871170e+02	9.247572881e-07	9.247572881e-07	
5.963788051e+02	9.839588098e-07	9.839588098e-07	
5.945750527e+02	1.046817094e-06	1.046817094e-06	
5.927758484e+02	1.113555752e-06	1.113555752e-06	
5.909811807e+02	1.184403832e-06	1.184403832e-06	
5.891910381e+02	1.259606304e-06	1.259606304e-06	
5.874054093e+02	1.339416443e-06	1.339416443e-06	
5.856242828e+02	1.424113038e-06	1.424113038e-06	
5.838476474e+02	1.513973118e-06	1.513973118e-06	
5.820754916e+02	1.609311744e-06	1.609311744e-06	
5.803078042e+02	1.710443602e-06	1.710443602e-06	
5.785445740e+02	1.817710583e-06	1.817710583e-06	
5.767857896e+02	1.931470199e-06	1.931470199e-06	
5.750314399e+02	2.052093888e-06	2.052093888e-06	
5.732815137e+02	2.179998761e-06	2.179998761e-06	
5.715359998e+02	2.315587770e-06	2.315587770e-06	
5.697948871e+02	2.459315963e-06	2.459315963e-06	
5.680581646e+02	2.611644650e-06	2.611644650e-06	
5.663258210e+02	2.773079001e-06	2.773079001e-06	
5.645978455e+02	2.944141956e-06	2.944141956e-06	
5.628742270e+02	3.125378876e-06	3.125378876e-06	
5.611549545e+02	3.317371937e-06	3.317371937e-06	
5.594400171e+02	3.520747640e-06	3.520747640e-06	
5.577294037e+02	3.736133599e-06	3.736133599e-06	
5.560231036e+02	3.964232592e-06	3.964232592e-06	
5.543211058e+02	4.205757645e-06	4.205757645e-06	
5.526233995e+02	4.461468371e-06	4.461468371e-06	
5.509299738e+02	4.732173900e-06	4.732173900e-06	
5.492408181e+02	5.018696461e-06	5.018696461e-06	
5.475559214e+02	5.321959472e-06	5.321959472e-06	
5.458752731e+02	5.642873702e-06	5.642873702e-06	
5.441988625e+02	5.982418374e-06	5.982418374e-06	
5.425266788e+02	6.341668813e-06	6.341668813e-06	
5.408587115e+02	6.721708642e-06	6.721708642e-06	
5.391949498e+02	7.123674799e-06	7.123674799e-06	
5.375353832e+02	7.548812744e-06	7.548812744e-06	
5.358800011e+02	7.998390791e-06	7.998390791e-06	
5.342287930e+02	8.473754425e-06	8.473754425e-06	
5.325817483e+02	8.976341668e-06	8.976341668e-06	
5.309388565e+02	9.507641505e-06	9.507641505e-06	
5.293001072e+02	1.006919821e-05	1.006919821e-05	
5.276654899e+02	1.066272188e-05	1.066272188e-05	
5.260349942e+02	1.128992529e-05	1.128992529e-05	
5.244086096e+02	1.195261442e-05	1.195261442e-05	
5.227863260e+02	1.265280821e-05	1.265280821e-05	
5.211681328e+02	1.339244122e-05	1.339244122e-05	
5.195540198e+02	1.417376794e-05	1.417376794e-05	
5.179439766e+02	1.499889628e-05	1.499889628e-05	
5.163379932e+02	1.587028664e-05	1.587028664e-05	
5.147360591e+02	1.679037422e-05	1.679037422e-05	
5.131381641e+02	1.776183743e-05	1.776183743e-05	
5.115442982e+02	1.878737774e-05	1.878737774e-05	
5.099544512e+02	1.986991011e-05	1.986991011e-05	
5.083686128e+02	2.101241754e-05	2.101241754e-05	
5.067867730e+02	2.221813858e-05	2.221813858e-05	
5.052089218e+02	2.349048087e-05	2.349048087e-05	
5.036350490e+02	2.483285311e-05	2.483285311e-05	
5.020651447e+02	2.624900998e-05	2.624900998e-05	
5.004991987e+02	2.774284775e-05	2.774284775e-05	
4.989372012e+02	2.931847168e-05	2.931847168e-05	
4.973791422e+02	3.098019187e-05	3.098019187e-05	
4.958250118e+02	3.273247914e-05	3.273247914e-05	
4.942748000e+02	3.457998101e-05	3.457998101e-05	
4.927284970e+02	3.652785364e-05	3.652785364e-05	
4.911860928e+02	3.858117278e-05	3.858117278e-05	
4.896475778e+02	4.074553928e-05	4.074553928e-05	
4.881129421e+02	4.302652257e-05	4.302652257e-05	
4.865821758e+02	4.543035916e-05	4.543035916e-05	
4.850552693e+02	4.796325114e-05	4.796325114e-05	
4.835322128e+02	5.063193603e-05	5.063193603e-05	
4.820129965e+02	5.344326638e-05	5.344326638e-05	
4.804976109e+02	5.640464685e-05	5.640464685e-05	
4.789860463e+02	5.952375179e-05	5.952375179e-05	
4.774782930e+02	6.280869433e-05	6.280869433e-05	
4.759743414e+02	6.626778645e-05	6.626778645e-05	
4.744741819e+02	6.990989907e-05	6.990989907e-05	
4.729778050e+02	7.374440264e-05	7.374440264e-05	
4.714852011e+02	7.778093302e-05	7.778093302e-05	
4.699963607e+02	8.202976962e-05	8.202976962e-05	
4.685112743e+02	8.650167493e-05	8.650167493e-05	
4.670299326e+02	9.120765863e-05	9.120765863e-05	
4.655523259e+02	9.615956807e-05	9.615956807e-05	
4.640784449e+02	1.013701665e-04	1.013701665e-04	
4.626082802e+02	1.068515968e-04	1.068515968e-04	
4.611418225e+02	1.126177163e-04	1.126177163e-04	
4.596790624e+02	1.186826833e-04	1.186826833e-04	
4.582199905e+02	1.250613273e-04	1.250613273e-04	
4.567645976e+02	1.317693940e-04	1.317693940e-04	
4.553128743e+02	1.388229067e-04	1.388229067e-04	
4.538648115e+02	1.462391618e-04	1.462391618e-04	
4.524204000e+02	1.540355612e-04	1.540355612e-04	
4.509796304e+02	1.622310932e-04	1.622310932e-04	
4.495424936e+02	1.708458283e-04	1.708458283e-04	
4.481089805e+02	1.798993908e-04	1.798993908e-04	
4.466790819e+02	1.894135831e-04	1.894135831e-04	
4.452527887e+02	1.994112859e-04	1.994112859e-04	
4.438300919e+02	2.099153403e-04	2.099153403e-04	
4.424109822e+02	2.209503164e-04	2.209503164e-04	
4.409954508e+02	2.325422897e-04	2.325422897e-04	
4.395834886e+02	2.447183355e-04	2.447183355e-04	
4.381750865e+02	2.575061667e-04	2.575061667e-04	
4.367702357e+02	2.709351208e-04	2.709351208e-04	
4.353689271e+02	2.850371055e-04	2.850371055e-04	
4.339711518e+02	2.998430016e-04	2.998430016e-04	
4.325769009e+02	3.153870407e-04	3.153870407e-04	
4.311861656e+02	3.317050569e-04	3.317050569e-04	
4.297989369e+02	3.488323652e-04	3.488323652e-04	
4.284152060e+02	3.668096902e-04	3.668096902e-04	
4.270349641e+02	3.856756458e-04	3.856756458e-04	
4.256582024e+02	4.054725110e-04	4.054725110e-04	
4.242849122e+02	4.262442976e-04	4.262442976e-04	
4.229150846e+02	4.480379282e-04	4.480379282e-04	
4.215487110e+02	4.709003454e-04	4.709003454e-04	
4.201857825e+02	4.948820721e-04	4.948820721e-04	
4.188262907e+02	5.200358926e-04	5.200358926e-04	
4.174702267e+02	5.464171446e-04	5.464171446e-04	
4.161175820e+02	5.740807559e-04	5.740807559e-04	
4.147683478e+02	6.030898965e-04	6.030898965e-04	
4.134225157e+02	6.335045321e-04	6.335045321e-04	
4.120800770e+02	6.653906057e-04	6.653906057e-04	
4.107410232e+02	6.988163351e-04	6.988163351e-04	
4.094053458e+02	7.338532827e-04	7.338532827e-04	
4.080730362e+02	7.705754391e-04	7.705754391e-04	
4.067440859e+02	8.090594248e-04	8.090594248e-04	
4.054184865e+02	8.493891102e-04	8.493891102e-04	
4.040962295e+02	8.916458081e-04	8.916458081e-04	
4.027773065e+02	9.359185544e-04	9.359185544e-04	
4.014617091e+02	9.823017718e-04	9.823017718e-04	
4.001494289e+02	1.030887999e-03	1.030887999e-03	
3.988404576e+02	1.081779889e-03	1.081779889e-03	
3.975347867e+02	1.135082083e-03	1.135082083e-03	
3.962324080e+02	1.190904773e-03	1.190904773e-03	
3.949333132e+02	1.249359263e-03	1.249359263e-03	
3.936374940e+02	1.310568335e-03	1.310568335e-03	
3.923449421e+02	1.374647769e-03	1.374647769e-03	
3.910556493e+02	1.441735780e-03	1.441735780e-03	
3.897696073e+02	1.511964398e-03	1.511964398e-03	
3.884868081e+02	1.585472510e-03	1.585472510e-03	
3.872072434e+02	1.662406654e-03	1.662406654e-03	
3.859309050e+02	1.742924214e-03	1.742924214e-03	
3.846577848e+02	1.827180892e-03	1.827180892e-03	
3.833878747e+02	1.915341424e-03	1.915341424e-03	
3.821211667e+02	2.007582912e-03	2.007582912e-03	
3.808576525e+02	2.104085562e-03	2.104085562e-03	
3.795973243e+02	2.205034364e-03	2.205034364e-03	
3.783401738e+02	2.310629485e-03	2.310629485e-03	
3.770861932e+02	2.421074733e-03	2.421074733e-03	
3.758353745e+02	2.536579619e-03	2.536579619e-03	
3.745877096e+02	2.657371441e-03	2.657371441e-03	
3.733431907e+02	2.783677136e-03	2.783677136e-03	
3.721018097e+02	2.915742589e-03	2.915742589e-03	
3.708635588e+02	3.053812441e-03	3.053812441e-03	
3.696284300e+02	3.198155020e-03	3.198155020e-03	
3.683964156e+02	3.349037053e-03	3.349037053e-03	
3.671675076e+02	3.506750168e-03	3.506750168e-03	
3.659416983e+02	3.671590921e-03	3.671590921e-03	
3.647189797e+02	3.843853730e-03	3.843853730e-03	
3.634993442e+02	4.023874542e-03	4.023874542e-03	
3.622827839e+02	4.211976923e-03	4.211976923e-03	
3.610692911e+02	4.408517308e-03	4.408517308e-03	
3.598588580e+02	4.613855789e-03	4.613855789e-03	
3.586514770e+02	4.828363872e-03	4.828363872e-03	
3.574471403e+02	5.052441250e-03	5.052441250e-03	
3.562458403e+02	5.286492147e-03	5.286492147e-03	
3.550475693e+02	5.530947495e-03	5.530947495e-03	
3.538523197e+02	5.786248690e-03	5.786248690e-03	
3.526600838e+02	6.052857477e-03	6.052857477e-03	
3.514708541e+02	6.331250465e-03	6.331250465e-03	
3.502846229e+02	6.621927041e-03	6.621927041e-03	
3.491013828e+02	6.925422494e-03	6.925422494e-03	
3.479211261e+02	7.242253957e-03	7.242253957e-03	
3.467438454e+02	7.572996549e-03	7.572996549e-03	
3.455695331e+02	7.918243320e-03	7.918243320e-03	
3.443981818e+02	8.278582107e-03	8.278582107e-03	
3.432297840e+02	8.654679795e-03	8.654679795e-03	
3.420643322e+02	9.047177227e-03	9.047177227e-03	
3.409018191e+02	9.456754277e-03	9.456754277e-03	
3.397422371e+02	9.884138037e-03	9.884138037e-03	
3.385855790e+02	1.033008284e-02	1.033008284e-02	
3.374318373e+02	1.079532556e-02	1.079532556e-02	
3.362810047e+02	1.128069348e-02	1.128069348e-02	
3.351330739e+02	1.178702530e-02	1.178702530e-02	
3.339880375e+02	1.231518603e-02	1.231518603e-02	
3.328458883e+02	1.286607462e-02	1.286607462e-02	
3.317066189e+02	1.344063697e-02	1.344063697e-02	
3.305702221e+02	1.403983786e-02	1.403983786e-02	
3.294366907e+02	1.466470876e-02	1.466470876e-02	
3.283060174e+02	1.531629557e-02	1.531629557e-02	
3.271781950e+02	1.599569165e-02	1.599569165e-02	
3.260532164e+02	1.670406056e-02	1.670406056e-02	
3.249310744e+02	1.744256769e-02	1.744256769e-02	
3.238117617e+02	1.821241868e-02	1.821241868e-02	
3.226952714e+02	1.901495570e-02	1.901495570e-02	
3.215815962e+02	1.985147091e-02	1.985147091e-02	
3.204707291e+02	2.072334175e-02	2.072334175e-02	
3.193626629e+02	2.163200842e-02	2.163200842e-02	
3.182573907e+02	2.257898075e-02	2.257898075e-02	
3.171549054e+02	2.356578960e-02	2.356578960e-02	
3.160551999e+02	2.459403013e-02	2.459403013e-02	
3.149582673e+02	2.566539910e-02	2.566539910e-02	
3.138641005e+02	2.678162676e-02	2.678162676e-02	
3.127726926e+02	2.794451403e-02	2.794451403e-02	
3.116840366e+02	2.915592673e-02	2.915592673e-02	
3.105981256e+02	3.041783938e-02	3.041783938e-02	
3.095149527e+02	3.173218669e-02	3.173218669e-02	
3.084345109e+02	3.310110685e-02	3.310110685e-02	
3.073567934e+02	3.452684977e-02	3.452684977e-02	
3.062817933e+02	3.601148549e-02	3.601148549e-02	
3.052095037e+02	3.755756559e-02	3.755756559e-02	
3.041399179e+02	3.916738691e-02	3.916738691e-02	
3.030730290e+02	4.084349480e-02	4.084349480e-02	
3.020088301e+02	4.258856346e-02	4.258856346e-02	
3.009473146e+02	4.440513463e-02	4.440513463e-02	
2.998884756e+02	4.629630036e-02	4.629630036e-02	
2.988323065e+02	4.826484445e-02	4.826484445e-02	
2.977788003e+02	5.031368814e-02	5.031368814e-02	
2.967279506e+02	5.244618325e-02	5.244618325e-02	
2.956797505e+02	5.466538054e-02	5.466538054e-02	
2.946341934e+02	5.697479804e-02	5.697479804e-02	
2.935912726e+02	5.937784941e-02	5.937784941e-02	
2.925509814e+02	6.187816964e-02	6.187816964e-02	
2.915133133e+02	6.447967557e-02	6.447967557e-02	
2.904782616e+02	6.718605147e-02	6.718605147e-02	
2.894458198e+02	7.000148533e-02	7.000148533e-02	
2.884159812e+02	7.293015976e-02	7.293015976e-02	
2.873887392e+02	7.597640964e-02	7.597640964e-02	
2.863640874e+02	7.914471922e-02	7.914471922e-02	
2.853420192e+02	8.243970979e-02	8.243970979e-02	
2.843225281e+02	8.586626406e-02	8.586626406e-02	
2.833056075e+02	8.942953307e-02	8.942953307e-02	
2.822912511e+02	9.313448205e-02	9.313448205e-02	
2.812794523e+02	9.698660225e-02	9.698660225e-02	
2.802702047e+02	1.009915214e-01	1.009915214e-01	
2.792635019e+02	1.051550416e-01	1.051550416e-01	
2.782593374e+02	1.094828746e-01	1.094828746e-01	
2.772577048e+02	1.139816364e-01	1.139816364e-01	
2.762585978e+02	1.186573211e-01	1.186573211e-01	
2.752620100e+02	1.235168426e-01	1.235168426e-01	
2.742679350e+02	1.285670591e-01	1.285670591e-01	
2.732763666e+02	1.338150515e-01	1.338150515e-01	
2.722872983e+02	1.392682088e-01	1.392682088e-01	
2.713007239e+02	1.449342692e-01	1.449342692e-01	
2.703166371e+02	1.508209385e-01	1.508209385e-01	
2.693350316e+02	1.569367322e-01	1.569367322e-01	
2.683559011e+02	1.632898597e-01	1.632898597e-01	
2.673792395e+02	1.698890070e-01	1.698890070e-01	
2.664050405e+02	1.767436565e-01	1.767436565e-01	
2.654332979e+02	1.838628816e-01	1.838628816e-01	
2.644640054e+02	1.912564904e-01	1.912564904e-01	
2.634971570e+02	1.989349205e-01	1.989349205e-01	
2.625327464e+02	2.069082513e-01	2.069082513e-01	
2.615707676e+02	2.151874056e-01	2.151874056e-01	
2.606112143e+02	2.237835825e-01	2.237835825e-01	
2.596540804e+02	2.327082780e-01	2.327082780e-01	
2.586993600e+02	2.419733650e-01	2.419733650e-01	
2.577470467e+02	2.515919119e-01	2.515919119e-01	
2.567971347e+02	2.615758097e-01	2.615758097e-01	
2.558496179e+02	2.719391357e-01	2.719391357e-01	
2.549044901e+02	2.826953035e-01	2.826953035e-01	
2.539617455e+02	2.938588656e-01	2.938588656e-01	
2.530213779e+02	3.054441896e-01	3.054441896e-01	
2.520833814e+02	3.174666774e-01	3.174666774e-01	
2.511477500e+02	3.299405946e-01	3.299405946e-01	
2.502144777e+02	3.428827647e-01	3.428827647e-01	
2.492835587e+02	3.563098107e-01	3.563098107e-01	
2.483549869e+02	3.702389300e-01	3.702389300e-01	
2.474287564e+02	3.846880392e-01	3.846880392e-01	
2.465048614e+02	3.996760138e-01	3.996760138e-01	
2.455832959e+02	4.152224657e-01	4.152224657e-01	
2.446640541e+02	4.313470337e-01	4.313470337e-01	
2.437471301e+02	4.480697405e-01	4.480697405e-01	
2.428325181e+02	4.654134384e-01	4.654134384e-01	
2.419202122e+02	4.833994294e-01	4.833994294e-01	
2.410102066e+02	5.020509031e-01	5.020509031e-01	
2.401024956e+02	5.213915884e-01	5.213915884e-01	
2.391970733e+02	5.414465207e-01	5.414465207e-01	
2.382939340e+02	5.622405136e-01	5.622405136e-01	
2.373930719e+02	5.838006132e-01	5.838006132e-01	
2.364944812e+02	6.061540571e-01	6.061540571e-01	
2.355981563e+02	6.293289460e-01	6.293289460e-01	
2.347040915e+02	6.533553929e-01	6.533553929e-01	
2.338122810e+02	6.782637040e-01	6.782637040e-01	
2.329227191e+02	7.040851982e-01	7.040851982e-01	
2.320354002e+02	7.308525456e-01	7.308525456e-01	
2.311503186e+02	7.586001530e-01	7.586001530e-01	
2.302674687e+02	7.873624920e-01	7.873624920e-01	
2.293868449e+02	8.171772067e-01	8.171772067e-01	
2.285084415e+02	8.480807641e-01	8.480807641e-01	
2.276322529e+02	8.801133856e-01	8.801133856e-01	
2.267582736e+02	9.133152381e-01	9.133152381e-01	
2.258864980e+02	9.477283677e-01	9.477283677e-01	
2.250169205e+02	9.833968208e-01	9.833968208e-01	
2.241495357e+02	1.020365568e+00	1.020365568e+00	
2.232843378e+02	1.058681768e+00	1.058681768e+00	
2.224213216e+02	1.098393859e+00	1.098393859e+00	
2.215604813e+02	1.139552837e+00	1.139552837e+00	
2.207018116e+02	1.182210332e+00	1.182210332e+00	
2.198453071e+02	1.226421663e+00	1.226421663e+00	
2.189909621e+02	1.272242171e+00	1.272242171e+00	
2.181387713e+02	1.319730809e+00	1.319730809e+00	
2.172887293e+02	1.368948214e+00	1.368948214e+00	
2.164408306e+02	1.419957272e+00	1.419957272e+00	
2.155950698e+02	1.472823700e+00	1.472823700e+00	
2.147514416e+02	1.527613520e+00	1.527613520e+00	
2.139099405e+02	1.584398177e+00	1.584398177e+00	
2.130705612e+02	1.643250893e+00	1.643250893e+00	
2.122332984e+02	1.704246071e+00	1.704246071e+00	
2.113981467e+02	1.767462742e+00	1.767462742e+00	
2.105651007e+02	1.832982358e+00	1.832982358e+00	
2.097341553e+02	1.900889330e+00	1.900889330e+00	
2.089053050e+02	1.971271611e+00	1.971271611e+00	
2.080785446e+02	2.044220766e+00	2.044220766e+00	
2.072538689e+02	2.119828770e+00	2.119828770e+00	
2.064312725e+02	2.198195822e+00	2.198195822e+00	
2.056107502e+02	2.279424674e+00	2.279424674e+00	
2.047922969e+02	2.363617483e+00	2.363617483e+00	
2.039759072e+02	2.450888053e+00	2.450888053e+00	
2.031615760e+02	2.541346237e+00	2.541346237e+00	
2.023492981e+02	2.635113591e+00	2.635113591e+00	
2.015390683e+02	2.732314073e+00	2.732314073e+00	
2.007308815e+02	2.833071152e+00	2.833071152e+00	
1.999247324e+02	2.937520973e+00	2.937520973e+00	
1.991206161e+02	3.045800036e+00	3.045800036e+00	
1.983185272e+02	3.158054527e+00	3.158054527e+00	
1.975184608e+02	3.274431925e+00	3.274431925e+00	
1.967204117e+02	3.395086373e+00	3.395086373e+00	
1.959243748e+02	3.520181318e+00	3.520181318e+00	
1.951303451e+02	3.649884298e+00	3.649884298e+00	
1.943383174e+02	3.784367563e+00	3.784367563e+00	
1.935482869e+02	3.923815293e+00	3.923815293e+00	
1.927602483e+02	4.068415322e+00	4.068415322e+00	
1.919741968e+02	4.218366033e+00	4.218366033e+00	
1.911901272e+02	4.373871315e+00	4.373871315e+00	
1.904080346e+02	4.535144573e+00	4.535144573e+00	
1.896279140e+02	4.702410271e+00	4.702410271e+00	
1.888497605e+02	4.875894880e+00	4.875894880e+00	
1.880735690e+02	5.055849603e+00	5.055849603e+00	
1.872993346e+02	5.242516166e+00	5.242516166e+00	
1.865270524e+02	5.436161750e+00	5.436161750e+00	
1.857567175e+02	5.637062688e+00	5.637062688e+00	
1.849883250e+02	5.845499765e+00	5.845499765e+00	
1.842218699e+02	6.061775844e+00	6.061775844e+00	
1.834573473e+02	6.286195440e+00	6.286195440e+00	
1.826947525e+02	6.519089074e+00	6.519089074e+00	
1.819340805e+02	6.760793713e+00	6.760793713e+00	
1.811753265e+02	7.011663514e+00	7.011663514e+00	
1.804184857e+02	7.272069085e+00	7.272069085e+00	
1.796635532e+02	7.542399783e+00	7.542399783e+00	
1.789105242e+02	7.823062267e+00	7.823062267e+00	
1.781593939e+02	8.114475558e+00	8.114475558e+00	
1.774101575e+02	8.417088567e+00	8.417088567e+00	
1.766628103e+02	8.731361898e+00	8.731361898e+00	
1.759173475e+02	9.057785953e+00	9.057785953e+00	
1.751737644e+02	9.396862611e+00	9.396862611e+00	
1.744320561e+02	9.749134872e+00	9.749134872e+00	
1.736922180e+02	1.011515180e+01	1.011515180e+01	
1.729542454e+02	1.049551068e+01	1.049551068e+01	
1.722181336e+02	1.089081696e+01	1.089081696e+01	
1.714838778e+02	1.130173425e+01	1.130173425e+01	
1.707514733e+02	1.172891675e+01	1.172891675e+01	
1.700209156e+02	1.217310027e+01	1.217310027e+01	
1.692922000e+02	1.263502250e+01	1.263502250e+01	
1.685653218e+02	1.311547844e+01	1.311547844e+01	
1.678402763e+02	1.361529037e+01	1.361529037e+01	
1.671170590e+02	1.413532468e+01	1.413532468e+01	
1.663956653e+02	1.467651898e+01	1.467651898e+01	
1.656760905e+02	1.523982440e+01	1.523982440e+01	
1.649583301e+02	1.582625584e+01	1.582625584e+01	
1.642423794e+02	1.643689460e+01	1.643689460e+01	
1.635282340e+02	1.707289028e+01	1.707289028e+01	
1.628158893e+02	1.773540646e+01	1.773540646e+01	
1.621053407e+02	1.842572375e+01	1.842572375e+01	
1.613965837e+02	1.914517157e+01	1.914517157e+01	
1.606896138e+02	1.989515371e+01	1.989515371e+01	
1.599844265e+02	2.068081190e+01	2.068081190e+01	
1.592810173e+02	2.149668570e+01	2.149668570e+01	
1.585793817e+02	2.234788653e+01	2.234788653e+01	
1.578795152e+02	2.323611665e+01	2.323611665e+01	
1.571814134e+02	2.416329956e+01	2.416329956e+01	
1.564850718e+02	2.513135401e+01	2.513135401e+01	
1.557904860e+02	2.614246206e+01	2.614246206e+01	
1.550976516e+02	2.719879553e+01	2.719879553e+01	
1.544065641e+02	2.830274619e+01	2.830274619e+01	
1.537172191e+02	2.945684649e+01	2.945684649e+01	
1.530296123e+02	3.066376797e+01	3.066376797e+01	
1.523437392e+02	3.192635031e+01	3.192635031e+01	
1.516595956e+02	3.324761438e+01	3.324761438e+01	
1.509771769e+02	3.463080079e+01	3.463080079e+01	
1.502964790e+02	3.607934514e+01	3.607934514e+01	
1.496174973e+02	3.759692125e+01	3.759692125e+01	
1.489402277e+02	3.918740950e+01	3.918740950e+01	
1.482646658e+02	4.085502711e+01	4.085502711e+01	
1.475908073e+02	4.260420436e+01	4.260420436e+01	
1.469186479e+02	4.443969168e+01	4.443969168e+01	
1.462481833e+02	4.636666805e+01	4.636666805e+01	
1.455794092e+02	4.839053963e+01	4.839053963e+01	
1.449123214e+02	5.051714466e+01	5.051714466e+01	
1.442469156e+02	5.275280928e+01	5.275280928e+01	
1.435831876e+02	5.510424707e+01	5.510424707e+01	
1.429211332e+02	5.757876280e+01	5.757876280e+01	
1.422607480e+02	6.018404979e+01	6.018404979e+01	
1.416020281e+02	6.292849665e+01	6.292849665e+01	
1.409449690e+02	6.582127668e+01	6.582127668e+01	
1.402895667e+02	6.887199208e+01	6.887199208e+01	
1.396358169e+02	7.209121386e+01	7.209121386e+01	
1.389837155e+02	7.549033770e+01	7.549033770e+01	
1.383332584e+02	7.908171714e+01	7.908171714e+01	
1.376844413e+02	8.287848776e+01	8.287848776e+01	
1.370372602e+02	8.689533701e+01	8.689533701e+01	
1.363917109e+02	9.114788567e+01	9.114788567e+01	
1.357477894e+02	9.565316018e+01	9.565316018e+01	
1.351054914e+02	1.004297773e+02	1.004297773e+02	
1.344648130e+02	1.054979133e+02	1.054979133e+02	
1.338257500e+02	1.108797338e+02	1.108797338e+02	
1.331882984e+02	1.165992387e+02	1.165992387e+02	
1.325524540e+02	1.226826652e+02	1.226826652e+02	
1.319182130e+02	1.291591737e+02	1.291591737e+02	
1.312855711e+02	1.360601536e+02	1.360601536e+02	
1.306545244e+02	1.434202255e+02	1.434202255e+02	
1.300250688e+02	1.512775930e+02	1.512775930e+02	
1.293972003e+02	1.596741674e+02	1.596741674e+02	
1.287709150e+02	1.686559655e+02	1.686559655e+02	
1.281462089e+02	1.782739197e+02	1.782739197e+02	
1.275230779e+02	1.885841374e+02	1.885841374e+02	
1.269015181e+02	1.996485897e+02	1.996485897e+02	
1.262815255e+02	2.115360939e+02	2.115360939e+02	
1.256630962e+02	2.243226436e+02	2.243226436e+02	
1.250462262e+02	2.380927420e+02	2.380927420e+02	
1.244309116e+02	2.529405635e+02	2.529405635e+02	
1.238171485e+02	2.689704956e+02	2.689704956e+02	
1.232049330e+02	2.862993696e+02	2.862993696e+02	
1.225942612e+02	3.047419355e+02	3.047419355e+02	
1.219851291e+02	3.252752044e+02	3.252752044e+02	
1.213775329e+02	3.476023771e+02	3.476023771e+02	
1.207714687e+02	3.718491326e+02	3.718491326e+02	
1.201669327e+02	3.981453603e+02	3.981453603e+02	
1.195639210e+02	4.266231279e+02	4.266231279e+02	
1.189624297e+02	4.574151611e+02	4.574151611e+02	
1.183624551e+02	4.906533120e+02	4.906533120e+02	
1.177639933e+02	5.264630439e+02	5.264630439e+02	
1.171670404e+02	5.649605655e+02	5.649605655e+02	
1.165715928e+02	6.062471139e+02	6.062471139e+02	
1.159776465e+02	6.504036924e+02	6.504036924e+02	
1.153851978e+02	6.974799191e+02	6.974799191e+02	
1.147942430e+02	7.474878503e+02	7.474878503e+02	
1.142047782e+02	8.003860223e+02	8.003860223e+02	
1.136167997e+02	8.560682188e+02	8.560682188e+02	
1.130303037e+02	9.143429988e+02	9.143429988e+02	
1.124452866e+02	9.749165082e+02	9.749165082e+02	
1.118617446e+02	1.037368021e+03	1.037368021e+03	
1.112796739e+02	1.101125396e+03	1.101125396e+03	
1.106990709e+02	1.165429426e+03	1.165429426e+03	
1.101199319e+02	1.229318149e+03	1.229318149e+03	
1.095422531e+02	1.291574788e+03	1.291574788e+03	
1.089660309e+02	1.350651854e+03	1.350651854e+03	
1.083912616e+02	1.404670730e+03	1.404670730e+03	
1.078179415e+02	1.451403306e+03	1.451403306e+03	
1.072460671e+02	1.488272558e+03	1.488272558e+03	
1.066756346e+02	1.512362374e+03	1.512362374e+03	
1.061066404e+02	1.520459741e+03	1.520459741e+03	
1.055390809e+02	1.509189838e+03	1.509189838e+03	
1.049729525e+02	1.475204200e+03	1.475204200e+03	
1.044082515e+02	1.415539959e+03	1.415539959e+03	
1.038449744e+02	1.328077536e+03	1.328077536e+03	
1.032831175e+02	1.212225194e+03	1.212225194e+03	
1.027226774e+02	1.069739206e+03	1.069739206e+03	
1.021636503e+02	9.055869913e+02	9.055869913e+02	
1.016060329e+02	7.285435811e+02	7.285435811e+02	
1.010498214e+02	5.509324143e+02	5.509324143e+02	
1.004950123e+02	3.869061061e+02	3.869061061e+02	
9.994160224e+01	2.491870271e+02	2.491870271e+02	
9.938958752e+01	1.454069172e+02	1.454069172e+02	
9.883896468e+01	7.603944468e+01	7.603944468e+01	
9.828973020e+01	3.530696481e+01	3.530696481e+01	
9.774188058e+01	1.444877296e+01	1.444877296e+01	
9.719541233e+01	5.182425431e+00	5.182425431e+00	
9.665032197e+01	1.622841758e+00	1.622841758e+00	
9.610660603e+01	4.425743326e-01	4.425743326e-01	
9.556426103e+01	1.049753749e-01	1.049753749e-01	
9.502328353e+01	2.164688382e-02	2.164688382e-02	
9.448367007e+01	3.881666671e-03	3.881666671e-03	
9.394541721e+01	6.057526633e-04	6.057526633e-04	
9.340852152e+01	8.235805464e-05	8.235805464e-05	
9.287297959e+01	9.769077484e-06	9.769077484e-06	
9.233878800e+01	1.012516456e-06	1.012516456e-06	
9.180594334e+01	9.184760132e-08	9.184760132e-08	
9.127444221e+01	7.304432297e-09	7.304432297e-09	
9.074428124e+01	5.101492962e-10	5.101492962e-10	
9.021545703e+01	3.134153011e-11	3.134153011e-11	
8.968796622e+01	1.696527280e-12	1.696527280e-12	
8.916180546e+01	8.103831391e-14	8.103831391e-14	
8.863697137e+01	3.421051119e-15	3.421051119e-15	
8.811346063e+01	1.278202620e-16	1.278202620e-16	
8.759126988e+01	4.232619297e-18	4.232619297e-18	
8.707039581e+01	1.243919099e-19	1.243919099e-19	
8.655083510e+01	3.248925180e-21	3.248925180e-21	
8.603258442e+01	7.551651208e-23	7.551651208e-23	
8.551564049e+01	1.563892754e-24	1.563892754e-24	
8.500000000e+01	1.112099708e-27	1.112099708e-27	
#	AeroPlanets 1.01
#	Copyright G Gronoff 2009
#	Report bugs : guillaume.gronoff@gmail.com
#
#	Launched :Tue Dec 19 13:05:08 2017
# Planet:Earth
# Electron impact ionization used
# Electron impact ionization error: -27.5547% (>0 : gain)

