# Volume profile of  emissions
# Emission in ph cm-3s-1 
# Altitude in Km
# Total : 4.954234574e+00 R
# 1.216000000e+02 : 4.954234574e+00 R
6.000000000e+02	1.529859473e-02	1.529859473e-02	
5.981871170e+02	1.533544532e-02	1.533544532e-02	
5.963788051e+02	1.537237098e-02	1.537237098e-02	
5.945750527e+02	1.540935553e-02	1.540935553e-02	
5.927758484e+02	1.544641371e-02	1.544641371e-02	
5.909811807e+02	1.548354983e-02	1.548354983e-02	
5.891910381e+02	1.552075322e-02	1.552075322e-02	
5.874054093e+02	1.555803316e-02	1.555803316e-02	
5.856242828e+02	1.559538931e-02	1.559538931e-02	
5.838476474e+02	1.563281714e-02	1.563281714e-02	
5.820754916e+02	1.567032985e-02	1.567032985e-02	
5.803078042e+02	1.570792573e-02	1.570792573e-02	
5.785445740e+02	1.574560102e-02	1.574560102e-02	
5.767857896e+02	1.578335974e-02	1.578335974e-02	
5.750314399e+02	1.582120704e-02	1.582120704e-02	
5.732815137e+02	1.585914387e-02	1.585914387e-02	
5.715359998e+02	1.589716947e-02	1.589716947e-02	
5.697948871e+02	1.593528926e-02	1.593528926e-02	
5.680581646e+02	1.597350031e-02	1.597350031e-02	
5.663258210e+02	1.601181100e-02	1.601181100e-02	
5.645978455e+02	1.605022149e-02	1.605022149e-02	
5.628742270e+02	1.608873124e-02	1.608873124e-02	
5.611549545e+02	1.612734562e-02	1.612734562e-02	
5.594400171e+02	1.616606876e-02	1.616606876e-02	
5.577294037e+02	1.620489740e-02	1.620489740e-02	
5.560231036e+02	1.624384083e-02	1.624384083e-02	
5.543211058e+02	1.628289780e-02	1.628289780e-02	
5.526233995e+02	1.632206677e-02	1.632206677e-02	
5.509299738e+02	1.636136146e-02	1.636136146e-02	
5.492408181e+02	1.640077429e-02	1.640077429e-02	
5.475559214e+02	1.644031263e-02	1.644031263e-02	
5.458752731e+02	1.647998149e-02	1.647998149e-02	
5.441988625e+02	1.651978203e-02	1.651978203e-02	
5.425266788e+02	1.655971726e-02	1.655971726e-02	
5.408587115e+02	1.659979080e-02	1.659979080e-02	
5.391949498e+02	1.664000394e-02	1.664000394e-02	
5.375353832e+02	1.668036244e-02	1.668036244e-02	
5.358800011e+02	1.672087010e-02	1.672087010e-02	
5.342287930e+02	1.676152767e-02	1.676152767e-02	
5.325817483e+02	1.680234705e-02	1.680234705e-02	
5.309388565e+02	1.684332038e-02	1.684332038e-02	
5.293001072e+02	1.688445494e-02	1.688445494e-02	
5.276654899e+02	1.692576284e-02	1.692576284e-02	
5.260349942e+02	1.696723764e-02	1.696723764e-02	
5.244086096e+02	1.700888677e-02	1.700888677e-02	
5.227863260e+02	1.705071790e-02	1.705071790e-02	
5.211681328e+02	1.709273070e-02	1.709273070e-02	
5.195540198e+02	1.713493728e-02	1.713493728e-02	
5.179439766e+02	1.717733294e-02	1.717733294e-02	
5.163379932e+02	1.721992550e-02	1.721992550e-02	
5.147360591e+02	1.726272057e-02	1.726272057e-02	
5.131381641e+02	1.730572273e-02	1.730572273e-02	
5.115442982e+02	1.734893601e-02	1.734893601e-02	
5.099544512e+02	1.739236949e-02	1.739236949e-02	
5.083686128e+02	1.743602240e-02	1.743602240e-02	
5.067867730e+02	1.747990156e-02	1.747990156e-02	
5.052089218e+02	1.752401598e-02	1.752401598e-02	
5.036350490e+02	1.756836850e-02	1.756836850e-02	
5.020651447e+02	1.761296453e-02	1.761296453e-02	
5.004991987e+02	1.765780673e-02	1.765780673e-02	
4.989372012e+02	1.770290706e-02	1.770290706e-02	
4.973791422e+02	1.774826981e-02	1.774826981e-02	
4.958250118e+02	1.779389824e-02	1.779389824e-02	
4.942748000e+02	1.783979749e-02	1.783979749e-02	
4.927284970e+02	1.788598020e-02	1.788598020e-02	
4.911860928e+02	1.793244475e-02	1.793244475e-02	
4.896475778e+02	1.797920236e-02	1.797920236e-02	
4.881129421e+02	1.802625791e-02	1.802625791e-02	
4.865821758e+02	1.807362129e-02	1.807362129e-02	
4.850552693e+02	1.812129496e-02	1.812129496e-02	
4.835322128e+02	1.816928645e-02	1.816928645e-02	
4.820129965e+02	1.821760576e-02	1.821760576e-02	
4.804976109e+02	1.826625537e-02	1.826625537e-02	
4.789860463e+02	1.831524552e-02	1.831524552e-02	
4.774782930e+02	1.836458516e-02	1.836458516e-02	
4.759743414e+02	1.841428016e-02	1.841428016e-02	
4.744741819e+02	1.846433540e-02	1.846433540e-02	
4.729778050e+02	1.851475901e-02	1.851475901e-02	
4.714852011e+02	1.856556172e-02	1.856556172e-02	
4.699963607e+02	1.861675300e-02	1.861675300e-02	
4.685112743e+02	1.866833442e-02	1.866833442e-02	
4.670299326e+02	1.872031890e-02	1.872031890e-02	
4.655523259e+02	1.877270980e-02	1.877270980e-02	
4.640784449e+02	1.882552067e-02	1.882552067e-02	
4.626082802e+02	1.887876016e-02	1.887876016e-02	
4.611418225e+02	1.893242871e-02	1.893242871e-02	
4.596790624e+02	1.898654280e-02	1.898654280e-02	
4.582199905e+02	1.904110954e-02	1.904110954e-02	
4.567645976e+02	1.909613276e-02	1.909613276e-02	
4.553128743e+02	1.915162943e-02	1.915162943e-02	
4.538648115e+02	1.920760083e-02	1.920760083e-02	
4.524204000e+02	1.926405783e-02	1.926405783e-02	
4.509796304e+02	1.932101759e-02	1.932101759e-02	
4.495424936e+02	1.937847634e-02	1.937847634e-02	
4.481089805e+02	1.943645142e-02	1.943645142e-02	
4.466790819e+02	1.949494889e-02	1.949494889e-02	
4.452527887e+02	1.955398310e-02	1.955398310e-02	
4.438300919e+02	1.961355418e-02	1.961355418e-02	
4.424109822e+02	1.967368001e-02	1.967368001e-02	
4.409954508e+02	1.973436539e-02	1.973436539e-02	
4.395834886e+02	1.979562492e-02	1.979562492e-02	
4.381750865e+02	1.985746520e-02	1.985746520e-02	
4.367702357e+02	1.991989449e-02	1.991989449e-02	
4.353689271e+02	1.998292600e-02	1.998292600e-02	
4.339711518e+02	2.004656508e-02	2.004656508e-02	
4.325769009e+02	2.011082691e-02	2.011082691e-02	
4.311861656e+02	2.017572178e-02	2.017572178e-02	
4.297989369e+02	2.024125672e-02	2.024125672e-02	
4.284152060e+02	2.030744205e-02	2.030744205e-02	
4.270349641e+02	2.037429157e-02	2.037429157e-02	
4.256582024e+02	2.044180918e-02	2.044180918e-02	
4.242849122e+02	2.051001212e-02	2.051001212e-02	
4.229150846e+02	2.057890958e-02	2.057890958e-02	
4.215487110e+02	2.064850911e-02	2.064850911e-02	
4.201857825e+02	2.071882494e-02	2.071882494e-02	
4.188262907e+02	2.078986474e-02	2.078986474e-02	
4.174702267e+02	2.086164460e-02	2.086164460e-02	
4.161175820e+02	2.093416910e-02	2.093416910e-02	
4.147683478e+02	2.100745792e-02	2.100745792e-02	
4.134225157e+02	2.108151251e-02	2.108151251e-02	
4.120800770e+02	2.115635443e-02	2.115635443e-02	
4.107410232e+02	2.123198371e-02	2.123198371e-02	
4.094053458e+02	2.130842397e-02	2.130842397e-02	
4.080730362e+02	2.138568057e-02	2.138568057e-02	
4.067440859e+02	2.146376735e-02	2.146376735e-02	
4.054184865e+02	2.154269510e-02	2.154269510e-02	
4.040962295e+02	2.162247969e-02	2.162247969e-02	
4.027773065e+02	2.170312698e-02	2.170312698e-02	
4.014617091e+02	2.178465996e-02	2.178465996e-02	
4.001494289e+02	2.186708166e-02	2.186708166e-02	
3.988404576e+02	2.195044332e-02	2.195044332e-02	
3.975347867e+02	2.203475527e-02	2.203475527e-02	
3.962324080e+02	2.212000554e-02	2.212000554e-02	
3.949333132e+02	2.220620494e-02	2.220620494e-02	
3.936374940e+02	2.229337145e-02	2.229337145e-02	
3.923449421e+02	2.238151265e-02	2.238151265e-02	
3.910556493e+02	2.247065027e-02	2.247065027e-02	
3.897696073e+02	2.256079815e-02	2.256079815e-02	
3.884868081e+02	2.265196868e-02	2.265196868e-02	
3.872072434e+02	2.274418154e-02	2.274418154e-02	
3.859309050e+02	2.283745690e-02	2.283745690e-02	
3.846577848e+02	2.293180481e-02	2.293180481e-02	
3.833878747e+02	2.302724087e-02	2.302724087e-02	
3.821211667e+02	2.312378920e-02	2.312378920e-02	
3.808576525e+02	2.322146767e-02	2.322146767e-02	
3.795973243e+02	2.332028971e-02	2.332028971e-02	
3.783401738e+02	2.342028157e-02	2.342028157e-02	
3.770861932e+02	2.352145403e-02	2.352145403e-02	
3.758353745e+02	2.362383085e-02	2.362383085e-02	
3.745877096e+02	2.372743806e-02	2.372743806e-02	
3.733431907e+02	2.383228977e-02	2.383228977e-02	
3.721018097e+02	2.393841023e-02	2.393841023e-02	
3.708635588e+02	2.404582264e-02	2.404582264e-02	
3.696284300e+02	2.415454596e-02	2.415454596e-02	
3.683964156e+02	2.426460337e-02	2.426460337e-02	
3.671675076e+02	2.437602219e-02	2.437602219e-02	
3.659416983e+02	2.448882860e-02	2.448882860e-02	
3.647189797e+02	2.460303833e-02	2.460303833e-02	
3.634993442e+02	2.471868231e-02	2.471868231e-02	
3.622827839e+02	2.483578913e-02	2.483578913e-02	
3.610692911e+02	2.495438039e-02	2.495438039e-02	
3.598588580e+02	2.507448233e-02	2.507448233e-02	
3.586514770e+02	2.519612580e-02	2.519612580e-02	
3.574471403e+02	2.531933288e-02	2.531933288e-02	
3.562458403e+02	2.544413168e-02	2.544413168e-02	
3.550475693e+02	2.557056205e-02	2.557056205e-02	
3.538523197e+02	2.569864200e-02	2.569864200e-02	
3.526600838e+02	2.582840472e-02	2.582840472e-02	
3.514708541e+02	2.595987809e-02	2.595987809e-02	
3.502846229e+02	2.609308721e-02	2.609308721e-02	
3.491013828e+02	2.622807548e-02	2.622807548e-02	
3.479211261e+02	2.636485989e-02	2.636485989e-02	
3.467438454e+02	2.650347682e-02	2.650347682e-02	
3.455695331e+02	2.664395727e-02	2.664395727e-02	
3.443981818e+02	2.678633442e-02	2.678633442e-02	
3.432297840e+02	2.693063594e-02	2.693063594e-02	
3.420643322e+02	2.707689860e-02	2.707689860e-02	
3.409018191e+02	2.722514778e-02	2.722514778e-02	
3.397422371e+02	2.737541378e-02	2.737541378e-02	
3.385855790e+02	2.752772744e-02	2.752772744e-02	
3.374318373e+02	2.768212949e-02	2.768212949e-02	
3.362810047e+02	2.783863694e-02	2.783863694e-02	
3.351330739e+02	2.799728866e-02	2.799728866e-02	
3.339880375e+02	2.815811953e-02	2.815811953e-02	
3.328458883e+02	2.832115247e-02	2.832115247e-02	
3.317066189e+02	2.848643101e-02	2.848643101e-02	
3.305702221e+02	2.865396631e-02	2.865396631e-02	
3.294366907e+02	2.882379269e-02	2.882379269e-02	
3.283060174e+02	2.899594649e-02	2.899594649e-02	
3.271781950e+02	2.917044531e-02	2.917044531e-02	
3.260532164e+02	2.934732505e-02	2.934732505e-02	
3.249310744e+02	2.952661521e-02	2.952661521e-02	
3.238117617e+02	2.970833239e-02	2.970833239e-02	
3.226952714e+02	2.989251814e-02	2.989251814e-02	
3.215815962e+02	3.007918733e-02	3.007918733e-02	
3.204707291e+02	3.026836795e-02	3.026836795e-02	
3.193626629e+02	3.048687465e-02	3.048687465e-02	
3.182573907e+02	3.068262138e-02	3.068262138e-02	
3.171549054e+02	3.088103842e-02	3.088103842e-02	
3.160551999e+02	3.108212874e-02	3.108212874e-02	
3.149582673e+02	3.128593574e-02	3.128593574e-02	
3.138641005e+02	3.149247878e-02	3.149247878e-02	
3.127726926e+02	3.170178125e-02	3.170178125e-02	
3.116840366e+02	3.191387286e-02	3.191387286e-02	
3.105981256e+02	3.212876819e-02	3.212876819e-02	
3.095149527e+02	3.234649026e-02	3.234649026e-02	
3.084345109e+02	3.256705814e-02	3.256705814e-02	
3.073567934e+02	3.279049480e-02	3.279049480e-02	
3.062817933e+02	3.301681826e-02	3.301681826e-02	
3.052095037e+02	3.324604594e-02	3.324604594e-02	
3.041399179e+02	3.347819510e-02	3.347819510e-02	
3.030730290e+02	3.371328845e-02	3.371328845e-02	
3.020088301e+02	3.395134301e-02	3.395134301e-02	
3.009473146e+02	3.419237383e-02	3.419237383e-02	
2.998884756e+02	3.443751848e-02	3.443751848e-02	
2.988323065e+02	3.468472581e-02	3.468472581e-02	
2.977788003e+02	3.493493520e-02	3.493493520e-02	
2.967279506e+02	3.518815755e-02	3.518815755e-02	
2.956797505e+02	3.544439329e-02	3.544439329e-02	
2.946341934e+02	3.570366537e-02	3.570366537e-02	
2.935912726e+02	3.596596492e-02	3.596596492e-02	
2.925509814e+02	3.623131082e-02	3.623131082e-02	
2.915133133e+02	3.649970978e-02	3.649970978e-02	
2.904782616e+02	3.677115213e-02	3.677115213e-02	
2.894458198e+02	3.704564386e-02	3.704564386e-02	
2.884159812e+02	3.732317907e-02	3.732317907e-02	
2.873887392e+02	3.760376186e-02	3.760376186e-02	
2.863640874e+02	3.788737016e-02	3.788737016e-02	
2.853420192e+02	3.817400573e-02	3.817400573e-02	
2.843225281e+02	3.846365619e-02	3.846365619e-02	
2.833056075e+02	3.875631319e-02	3.875631319e-02	
2.822912511e+02	3.905196964e-02	3.905196964e-02	
2.812794523e+02	3.935060234e-02	3.935060234e-02	
2.802702047e+02	3.965220144e-02	3.965220144e-02	
2.792635019e+02	3.995675807e-02	3.995675807e-02	
2.782593374e+02	4.026422590e-02	4.026422590e-02	
2.772577048e+02	4.057459712e-02	4.057459712e-02	
2.762585978e+02	4.088783371e-02	4.088783371e-02	
2.752620100e+02	4.120389281e-02	4.120389281e-02	
2.742679350e+02	4.152275656e-02	4.152275656e-02	
2.732763666e+02	4.184440257e-02	4.184440257e-02	
2.722872983e+02	4.216876544e-02	4.216876544e-02	
2.713007239e+02	4.249582776e-02	4.249582776e-02	
2.703166371e+02	4.282555523e-02	4.282555523e-02	
2.693350316e+02	4.315789476e-02	4.315789476e-02	
2.683559011e+02	4.349278551e-02	4.349278551e-02	
2.673792395e+02	4.383018204e-02	4.383018204e-02	
2.664050405e+02	4.417002492e-02	4.417002492e-02	
2.654332979e+02	4.451226466e-02	4.451226466e-02	
2.644640054e+02	4.485680926e-02	4.485680926e-02	
2.634971570e+02	4.520362142e-02	4.520362142e-02	
2.625327464e+02	4.555263576e-02	4.555263576e-02	
2.615707676e+02	4.590378229e-02	4.590378229e-02	
2.606112143e+02	4.625699756e-02	4.625699756e-02	
2.596540804e+02	4.661221362e-02	4.661221362e-02	
2.586993600e+02	4.696933726e-02	4.696933726e-02	
2.577470467e+02	4.732831559e-02	4.732831559e-02	
2.567971347e+02	4.768903452e-02	4.768903452e-02	
2.558496179e+02	4.805142912e-02	4.805142912e-02	
2.549044901e+02	4.841540100e-02	4.841540100e-02	
2.539617455e+02	4.878087750e-02	4.878087750e-02	
2.530213779e+02	4.914774313e-02	4.914774313e-02	
2.520833814e+02	4.951593297e-02	4.951593297e-02	
2.511477500e+02	4.988531673e-02	4.988531673e-02	
2.502144777e+02	5.025581764e-02	5.025581764e-02	
2.492835587e+02	5.062734721e-02	5.062734721e-02	
2.483549869e+02	5.099980954e-02	5.099980954e-02	
2.474287564e+02	5.137312055e-02	5.137312055e-02	
2.465048614e+02	5.174717855e-02	5.174717855e-02	
2.455832959e+02	5.212191693e-02	5.212191693e-02	
2.446640541e+02	5.249724990e-02	5.249724990e-02	
2.437471301e+02	5.287307754e-02	5.287307754e-02	
2.428325181e+02	5.324934762e-02	5.324934762e-02	
2.419202122e+02	5.362598559e-02	5.362598559e-02	
2.410102066e+02	5.400293800e-02	5.400293800e-02	
2.401024956e+02	5.438262783e-02	5.438262783e-02	
2.391970733e+02	5.476015443e-02	5.476015443e-02	
2.382939340e+02	5.513782858e-02	5.513782858e-02	
2.373930719e+02	5.551565266e-02	5.551565266e-02	
2.364944812e+02	5.589354804e-02	5.589354804e-02	
2.355981563e+02	5.627150111e-02	5.627150111e-02	
2.347040915e+02	5.664950538e-02	5.664950538e-02	
2.338122810e+02	5.702753288e-02	5.702753288e-02	
2.329227191e+02	5.740561860e-02	5.740561860e-02	
2.320354002e+02	5.778377029e-02	5.778377029e-02	
2.311503186e+02	5.816203788e-02	5.816203788e-02	
2.302674687e+02	5.854048169e-02	5.854048169e-02	
2.293868449e+02	5.891921173e-02	5.891921173e-02	
2.285084415e+02	5.929824533e-02	5.929824533e-02	
2.276322529e+02	5.967769588e-02	5.967769588e-02	
2.267582736e+02	6.005765768e-02	6.005765768e-02	
2.258864980e+02	6.043820064e-02	6.043820064e-02	
2.250169205e+02	6.081945121e-02	6.081945121e-02	
2.241495357e+02	6.120154505e-02	6.120154505e-02	
2.232843378e+02	6.158463261e-02	6.158463261e-02	
2.224213216e+02	6.196892174e-02	6.196892174e-02	
2.215604813e+02	6.235460093e-02	6.235460093e-02	
2.207018116e+02	6.274189758e-02	6.274189758e-02	
2.198453071e+02	6.313106982e-02	6.313106982e-02	
2.189909621e+02	6.352245348e-02	6.352245348e-02	
2.181387713e+02	6.391623982e-02	6.391623982e-02	
2.172887293e+02	6.431275673e-02	6.431275673e-02	
2.164408306e+02	6.471228657e-02	6.471228657e-02	
2.155950698e+02	6.511509219e-02	6.511509219e-02	
2.147514416e+02	6.552147448e-02	6.552147448e-02	
2.139099405e+02	6.593180075e-02	6.593180075e-02	
2.130705612e+02	6.634640985e-02	6.634640985e-02	
2.122332984e+02	6.676571984e-02	6.676571984e-02	
2.113981467e+02	6.719011955e-02	6.719011955e-02	
2.105651007e+02	6.762007827e-02	6.762007827e-02	
2.097341553e+02	6.805604972e-02	6.805604972e-02	
2.089053050e+02	6.849861225e-02	6.849861225e-02	
2.080785446e+02	6.894817236e-02	6.894817236e-02	
2.072538689e+02	6.940522289e-02	6.940522289e-02	
2.064312725e+02	6.987028236e-02	6.987028236e-02	
2.056107502e+02	7.034381976e-02	7.034381976e-02	
2.047922969e+02	7.082628956e-02	7.082628956e-02	
2.039759072e+02	7.131824648e-02	7.131824648e-02	
2.031615760e+02	7.182019645e-02	7.182019645e-02	
2.023492981e+02	7.233277663e-02	7.233277663e-02	
2.015390683e+02	7.285655071e-02	7.285655071e-02	
2.007308815e+02	7.339215610e-02	7.339215610e-02	
1.999247324e+02	7.394024729e-02	7.394024729e-02	
1.991206161e+02	7.450150994e-02	7.450150994e-02	
1.983185272e+02	7.507683405e-02	7.507683405e-02	
1.975184608e+02	7.566662056e-02	7.566662056e-02	
1.967204117e+02	7.627181938e-02	7.627181938e-02	
1.959243748e+02	7.689296677e-02	7.689296677e-02	
1.951303451e+02	7.753074721e-02	7.753074721e-02	
1.943383174e+02	7.818587609e-02	7.818587609e-02	
1.935482869e+02	7.885910437e-02	7.885910437e-02	
1.927602483e+02	7.955129150e-02	7.955129150e-02	
1.919741968e+02	8.026324206e-02	8.026324206e-02	
1.911901272e+02	8.099586127e-02	8.099586127e-02	
1.904080346e+02	8.175009361e-02	8.175009361e-02	
1.896279140e+02	8.252700593e-02	8.252700593e-02	
1.888497605e+02	8.332769259e-02	8.332769259e-02	
1.880735690e+02	8.415377449e-02	8.415377449e-02	
1.872993346e+02	8.500542160e-02	8.500542160e-02	
1.865270524e+02	8.588437763e-02	8.588437763e-02	
1.857567175e+02	8.679114312e-02	8.679114312e-02	
1.849883250e+02	8.772636600e-02	8.772636600e-02	
1.842218699e+02	8.869101431e-02	8.869101431e-02	
1.834573473e+02	8.968612033e-02	8.968612033e-02	
1.826947525e+02	9.071279172e-02	9.071279172e-02	
1.819340805e+02	9.177220560e-02	9.177220560e-02	
1.811753265e+02	9.286561713e-02	9.286561713e-02	
1.804184857e+02	9.399443441e-02	9.399443441e-02	
1.796635532e+02	9.516007248e-02	9.516007248e-02	
1.789105242e+02	9.636412987e-02	9.636412987e-02	
1.781593939e+02	9.760832137e-02	9.760832137e-02	
1.774101575e+02	9.889430859e-02	9.889430859e-02	
1.766628103e+02	1.002236102e-01	1.002236102e-01	
1.759173475e+02	1.015981395e-01	1.015981395e-01	
1.751737644e+02	1.030193253e-01	1.030193253e-01	
1.744320561e+02	1.044890467e-01	1.044890467e-01	
1.736922180e+02	1.060091014e-01	1.060091014e-01	
1.729542454e+02	1.075815704e-01	1.075815704e-01	
1.722181336e+02	1.092084923e-01	1.092084923e-01	
1.714838778e+02	1.108921839e-01	1.108921839e-01	
1.707514733e+02	1.126348823e-01	1.126348823e-01	
1.700209156e+02	1.144391105e-01	1.144391105e-01	
1.692922000e+02	1.163073553e-01	1.163073553e-01	
1.685653218e+02	1.182422345e-01	1.182422345e-01	
1.678402763e+02	1.202464102e-01	1.202464102e-01	
1.671170590e+02	1.223227460e-01	1.223227460e-01	
1.663956653e+02	1.244743636e-01	1.244743636e-01	
1.656760905e+02	1.267043412e-01	1.267043412e-01	
1.649583301e+02	1.290160755e-01	1.290160755e-01	
1.642423794e+02	1.314130411e-01	1.314130411e-01	
1.635282340e+02	1.338989600e-01	1.338989600e-01	
1.628158893e+02	1.364773490e-01	1.364773490e-01	
1.621053407e+02	1.391522034e-01	1.391522034e-01	
1.613965837e+02	1.419274325e-01	1.419274325e-01	
1.606896138e+02	1.448071145e-01	1.448071145e-01	
1.599844265e+02	1.477955337e-01	1.477955337e-01	
1.592810173e+02	1.508976888e-01	1.508976888e-01	
1.585793817e+02	1.541184090e-01	1.541184090e-01	
1.578795152e+02	1.574624411e-01	1.574624411e-01	
1.571814134e+02	1.609350625e-01	1.609350625e-01	
1.564850718e+02	1.645414089e-01	1.645414089e-01	
1.557904860e+02	1.682872143e-01	1.682872143e-01	
1.550976516e+02	1.721780779e-01	1.721780779e-01	
1.544065641e+02	1.762199828e-01	1.762199828e-01	
1.537172191e+02	1.804192909e-01	1.804192909e-01	
1.530296123e+02	1.847824353e-01	1.847824353e-01	
1.523437392e+02	1.893163419e-01	1.893163419e-01	
1.516595956e+02	1.940278691e-01	1.940278691e-01	
1.509771769e+02	1.989245591e-01	1.989245591e-01	
1.502964790e+02	2.040140135e-01	2.040140135e-01	
1.496174973e+02	2.093042243e-01	2.093042243e-01	
1.489402277e+02	2.148032923e-01	2.148032923e-01	
1.482646658e+02	2.205199964e-01	2.205199964e-01	
1.475908073e+02	2.264630900e-01	2.264630900e-01	
1.469186479e+02	2.326416906e-01	2.326416906e-01	
1.462481833e+02	2.390657151e-01	2.390657151e-01	
1.455794092e+02	2.457447910e-01	2.457447910e-01	
1.449123214e+02	2.526893386e-01	2.526893386e-01	
1.442469156e+02	2.599100627e-01	2.599100627e-01	
1.435831876e+02	2.674180647e-01	2.674180647e-01	
1.429211332e+02	2.752249159e-01	2.752249159e-01	
1.422607480e+02	2.833422739e-01	2.833422739e-01	
1.416020281e+02	2.917821797e-01	2.917821797e-01	
1.409449690e+02	3.005580161e-01	3.005580161e-01	
1.402895667e+02	3.096820964e-01	3.096820964e-01	
1.396358169e+02	3.191684190e-01	3.191684190e-01	
1.389837155e+02	3.290307417e-01	3.290307417e-01	
1.383332584e+02	3.392839279e-01	3.392839279e-01	
1.376844413e+02	3.499420588e-01	3.499420588e-01	
1.370372602e+02	3.610211892e-01	3.610211892e-01	
1.363917109e+02	3.725363859e-01	3.725363859e-01	
1.357477894e+02	3.845046488e-01	3.845046488e-01	
1.351054914e+02	3.969421150e-01	3.969421150e-01	
1.344648130e+02	4.098660382e-01	4.098660382e-01	
1.338257500e+02	4.232944636e-01	4.232944636e-01	
1.331882984e+02	4.372449811e-01	4.372449811e-01	
1.325524540e+02	4.517359981e-01	4.517359981e-01	
1.319182130e+02	4.667867005e-01	4.667867005e-01	
1.312855711e+02	4.824156505e-01	4.824156505e-01	
1.306545244e+02	4.986419034e-01	4.986419034e-01	
1.300250688e+02	5.154851092e-01	5.154851092e-01	
1.293972003e+02	5.329645709e-01	5.329645709e-01	
1.287709150e+02	5.510991660e-01	5.510991660e-01	
1.281462089e+02	5.699085145e-01	5.699085145e-01	
1.275230779e+02	5.894105045e-01	5.894105045e-01	
1.269015181e+02	6.096233094e-01	6.096233094e-01	
1.262815255e+02	6.305630606e-01	6.305630606e-01	
1.256630962e+02	6.522471003e-01	6.522471003e-01	
1.250462262e+02	6.746879446e-01	6.746879446e-01	
1.244309116e+02	6.978990366e-01	6.978990366e-01	
1.238171485e+02	7.218897035e-01	7.218897035e-01	
1.232049330e+02	7.466675020e-01	7.466675020e-01	
1.225942612e+02	7.718634927e-01	7.718634927e-01	
1.219851291e+02	7.985577741e-01	7.985577741e-01	
1.213775329e+02	8.260764838e-01	8.260764838e-01	
1.207714687e+02	8.543166494e-01	8.543166494e-01	
1.201669327e+02	8.831567795e-01	8.831567795e-01	
1.195639210e+02	9.124586323e-01	9.124586323e-01	
1.189624297e+02	9.420614126e-01	9.420614126e-01	
1.183624551e+02	9.717848472e-01	9.717848472e-01	
1.177639933e+02	1.001422890e+00	1.001422890e+00	
1.171670404e+02	1.030743961e+00	1.030743961e+00	
1.165715928e+02	1.059489496e+00	1.059489496e+00	
1.159776465e+02	1.087372347e+00	1.087372347e+00	
1.153851978e+02	1.114073929e+00	1.114073929e+00	
1.147942430e+02	1.139246211e+00	1.139246211e+00	
1.142047782e+02	1.162505042e+00	1.162505042e+00	
1.136167997e+02	1.183436811e+00	1.183436811e+00	
1.130303037e+02	1.201591259e+00	1.201591259e+00	
1.124452866e+02	1.216487526e+00	1.216487526e+00	
1.118617446e+02	1.227610974e+00	1.227610974e+00	
1.112796739e+02	1.234421436e+00	1.234421436e+00	
1.106990709e+02	1.236350854e+00	1.236350854e+00	
1.101199319e+02	1.232815651e+00	1.232815651e+00	
1.095422531e+02	1.223216799e+00	1.223216799e+00	
1.089660309e+02	1.206924751e+00	1.206924751e+00	
1.083912616e+02	1.183316283e+00	1.183316283e+00	
1.078179415e+02	1.151801129e+00	1.151801129e+00	
1.072460671e+02	1.111847094e+00	1.111847094e+00	
1.066756346e+02	1.063014862e+00	1.063014862e+00	
1.061066404e+02	1.005002400e+00	1.005002400e+00	
1.055390809e+02	9.377210121e-01	9.377210121e-01	
1.049729525e+02	8.613768936e-01	8.613768936e-01	
1.044082515e+02	7.765968387e-01	7.765968387e-01	
1.038449744e+02	6.845470364e-01	6.845470364e-01	
1.032831175e+02	5.870835343e-01	5.870835343e-01	
1.027226774e+02	4.868839391e-01	4.868839391e-01	
1.021636503e+02	3.875039341e-01	3.875039341e-01	
1.016060329e+02	2.932607578e-01	2.932607578e-01	
1.010498214e+02	2.087894853e-01	2.087894853e-01	
1.004950123e+02	1.382012101e-01	1.382012101e-01	
9.994160224e+01	8.401404112e-02	8.401404112e-02	
9.938958752e+01	4.635497216e-02	4.635497216e-02	
9.883896468e+01	2.296795532e-02	2.296795532e-02	
9.828973020e+01	1.012752354e-02	1.012752354e-02	
9.774188058e+01	3.945463685e-03	3.945463685e-03	
9.719541233e+01	1.350647820e-03	1.350647820e-03	
9.665032197e+01	4.047388762e-04	4.047388762e-04	
9.610660603e+01	1.059089210e-04	1.059089210e-04	
9.556426103e+01	2.416760652e-05	2.416760652e-05	
9.502328353e+01	4.806992628e-06	4.806992628e-06	
9.448367007e+01	8.335445225e-07	8.335445225e-07	
9.394541721e+01	1.260942167e-07	1.260942167e-07	
9.340852152e+01	1.665714171e-08	1.665714171e-08	
9.287297959e+01	1.923911478e-09	1.923911478e-09	
9.233878800e+01	1.945541409e-10	1.945541409e-10	
9.180594334e+01	1.725044597e-11	1.725044597e-11	
9.127444221e+01	1.343085771e-12	1.343085771e-12	
9.074428124e+01	9.195610180e-14	9.195610180e-14	
9.021545703e+01	5.543994186e-15	5.543994186e-15	
8.968796622e+01	2.947049653e-16	2.947049653e-16	
8.916180546e+01	1.382839776e-17	1.382839776e-17	
8.863697137e+01	5.733522782e-19	5.733522782e-19	
8.811346063e+01	2.102407856e-20	2.102407856e-20	
8.759126988e+01	6.822690988e-22	6.822690988e-22	
8.707039581e+01	1.960511457e-23	1.960511457e-23	
8.655083510e+01	4.989915447e-25	4.989915447e-25	
8.603258442e+01	1.124994523e-26	1.124994523e-26	
8.551564049e+01	2.245702546e-28	2.245702546e-28	
8.500000000e+01	9.711267851e-32	9.711267851e-32	
#	AeroPlanets 1.01
#	Copyright G Gronoff 2009
#	Report bugs : guillaume.gronoff@gmail.com
#
#	Launched :Tue Dec 19 13:05:08 2017
# Planet:Earth
# Electron impact ionization used
# Electron impact ionization error: -27.5547% (>0 : gain)

