# Volume profile of  emissions
# Emission in ph cm-3s-1 
# Altitude in Km
# Total : 2.979786922e+03 R
# 8.446000000e+02 : 2.979786922e+03 R
6.000000000e+02	1.625096855e-03	1.625096855e-03	
5.981871170e+02	1.684588538e-03	1.684588538e-03	
5.963788051e+02	1.746149642e-03	1.746149642e-03	
5.945750527e+02	1.809840958e-03	1.809840958e-03	
5.927758484e+02	1.875739449e-03	1.875739449e-03	
5.909811807e+02	1.943915838e-03	1.943915838e-03	
5.891910381e+02	2.014443881e-03	2.014443881e-03	
5.874054093e+02	2.087399010e-03	2.087399010e-03	
5.856242828e+02	2.162865896e-03	2.162865896e-03	
5.838476474e+02	2.240916136e-03	2.240916136e-03	
5.820754916e+02	2.321644300e-03	2.321644300e-03	
5.803078042e+02	2.405132420e-03	2.405132420e-03	
5.785445740e+02	2.491475148e-03	2.491475148e-03	
5.767857896e+02	2.580759814e-03	2.580759814e-03	
5.750314399e+02	2.673076822e-03	2.673076822e-03	
5.732815137e+02	2.768541927e-03	2.768541927e-03	
5.715359998e+02	2.867236102e-03	2.867236102e-03	
5.697948871e+02	2.969280700e-03	2.969280700e-03	
5.680581646e+02	3.074770749e-03	3.074770749e-03	
5.663258210e+02	3.183828055e-03	3.183828055e-03	
5.645978455e+02	3.296558944e-03	3.296558944e-03	
5.628742270e+02	3.413086767e-03	3.413086767e-03	
5.611549545e+02	3.533526230e-03	3.533526230e-03	
5.594400171e+02	3.658019850e-03	3.658019850e-03	
5.577294037e+02	3.786673078e-03	3.786673078e-03	
5.560231036e+02	3.919639741e-03	3.919639741e-03	
5.543211058e+02	4.057050267e-03	4.057050267e-03	
5.526233995e+02	4.199046033e-03	4.199046033e-03	
5.509299738e+02	4.345773496e-03	4.345773496e-03	
5.492408181e+02	4.497379418e-03	4.497379418e-03	
5.475559214e+02	4.654034264e-03	4.654034264e-03	
5.458752731e+02	4.815886892e-03	4.815886892e-03	
5.441988625e+02	4.983092309e-03	4.983092309e-03	
5.425266788e+02	5.155844581e-03	5.155844581e-03	
5.408587115e+02	5.334304114e-03	5.334304114e-03	
5.391949498e+02	5.518651593e-03	5.518651593e-03	
5.375353832e+02	5.709089055e-03	5.709089055e-03	
5.358800011e+02	5.905798276e-03	5.905798276e-03	
5.342287930e+02	6.108968011e-03	6.108968011e-03	
5.325817483e+02	6.318830192e-03	6.318830192e-03	
5.309388565e+02	6.535577837e-03	6.535577837e-03	
5.293001072e+02	6.759421152e-03	6.759421152e-03	
5.276654899e+02	6.990606183e-03	6.990606183e-03	
5.260349942e+02	7.229354778e-03	7.229354778e-03	
5.244086096e+02	7.475894655e-03	7.475894655e-03	
5.227863260e+02	7.730498202e-03	7.730498202e-03	
5.211681328e+02	7.993389614e-03	7.993389614e-03	
5.195540198e+02	8.264869841e-03	8.264869841e-03	
5.179439766e+02	8.545167285e-03	8.545167285e-03	
5.163379932e+02	8.834595453e-03	8.834595453e-03	
5.147360591e+02	9.133414275e-03	9.133414275e-03	
5.131381641e+02	9.441946138e-03	9.441946138e-03	
5.115442982e+02	9.760479468e-03	9.760479468e-03	
5.099544512e+02	1.008934758e-02	1.008934758e-02	
5.083686128e+02	1.042884787e-02	1.042884787e-02	
5.067867730e+02	1.077933932e-02	1.077933932e-02	
5.052089218e+02	1.114117484e-02	1.114117484e-02	
5.036350490e+02	1.151470076e-02	1.151470076e-02	
5.020651447e+02	1.190026952e-02	1.190026952e-02	
5.004991987e+02	1.229828593e-02	1.229828593e-02	
4.989372012e+02	1.270914016e-02	1.270914016e-02	
4.973791422e+02	1.313324883e-02	1.313324883e-02	
4.958250118e+02	1.357100696e-02	1.357100696e-02	
4.942748000e+02	1.402283061e-02	1.402283061e-02	
4.927284970e+02	1.448921840e-02	1.448921840e-02	
4.911860928e+02	1.497058823e-02	1.497058823e-02	
4.896475778e+02	1.546744089e-02	1.546744089e-02	
4.881129421e+02	1.598023313e-02	1.598023313e-02	
4.865821758e+02	1.650950391e-02	1.650950391e-02	
4.850552693e+02	1.705575928e-02	1.705575928e-02	
4.835322128e+02	1.761953772e-02	1.761953772e-02	
4.820129965e+02	1.820138880e-02	1.820138880e-02	
4.804976109e+02	1.880189265e-02	1.880189265e-02	
4.789860463e+02	1.942164025e-02	1.942164025e-02	
4.774782930e+02	2.006126036e-02	2.006126036e-02	
4.759743414e+02	2.072134277e-02	2.072134277e-02	
4.744741819e+02	2.140255632e-02	2.140255632e-02	
4.729778050e+02	2.210558139e-02	2.210558139e-02	
4.714852011e+02	2.283110412e-02	2.283110412e-02	
4.699963607e+02	2.357983597e-02	2.357983597e-02	
4.685112743e+02	2.435253649e-02	2.435253649e-02	
4.670299326e+02	2.514994322e-02	2.514994322e-02	
4.655523259e+02	2.597282005e-02	2.597282005e-02	
4.640784449e+02	2.682207489e-02	2.682207489e-02	
4.626082802e+02	2.769843669e-02	2.769843669e-02	
4.611418225e+02	2.860280147e-02	2.860280147e-02	
4.596790624e+02	2.953606811e-02	2.953606811e-02	
4.582199905e+02	3.049917686e-02	3.049917686e-02	
4.567645976e+02	3.149307348e-02	3.149307348e-02	
4.553128743e+02	3.251872687e-02	3.251872687e-02	
4.538648115e+02	3.357718004e-02	3.357718004e-02	
4.524204000e+02	3.466940675e-02	3.466940675e-02	
4.509796304e+02	3.579653052e-02	3.579653052e-02	
4.495424936e+02	3.695973724e-02	3.695973724e-02	
4.481089805e+02	3.816005619e-02	3.816005619e-02	
4.466790819e+02	3.939876000e-02	3.939876000e-02	
4.452527887e+02	4.067706344e-02	4.067706344e-02	
4.438300919e+02	4.199620065e-02	4.199620065e-02	
4.424109822e+02	4.335746218e-02	4.335746218e-02	
4.409954508e+02	4.476223856e-02	4.476223856e-02	
4.395834886e+02	4.621192259e-02	4.621192259e-02	
4.381750865e+02	4.770795610e-02	4.770795610e-02	
4.367702357e+02	4.925176001e-02	4.925176001e-02	
4.353689271e+02	5.084497751e-02	5.084497751e-02	
4.339711518e+02	5.248904580e-02	5.248904580e-02	
4.325769009e+02	5.418568535e-02	5.418568535e-02	
4.311861656e+02	5.593664502e-02	5.593664502e-02	
4.297989369e+02	5.774349150e-02	5.774349150e-02	
4.284152060e+02	5.960818397e-02	5.960818397e-02	
4.270349641e+02	6.153244736e-02	6.153244736e-02	
4.256582024e+02	6.351827839e-02	6.351827839e-02	
4.242849122e+02	6.556755430e-02	6.556755430e-02	
4.229150846e+02	6.768243134e-02	6.768243134e-02	
4.215487110e+02	6.986491533e-02	6.986491533e-02	
4.201857825e+02	7.211716673e-02	7.211716673e-02	
4.188262907e+02	7.444149600e-02	7.444149600e-02	
4.174702267e+02	7.684016686e-02	7.684016686e-02	
4.161175820e+02	7.931551069e-02	7.931551069e-02	
4.147683478e+02	8.187009463e-02	8.187009463e-02	
4.134225157e+02	8.450640715e-02	8.450640715e-02	
4.120800770e+02	8.722698096e-02	8.722698096e-02	
4.107410232e+02	9.003464989e-02	9.003464989e-02	
4.094053458e+02	9.293213890e-02	9.293213890e-02	
4.080730362e+02	9.592231067e-02	9.592231067e-02	
4.067440859e+02	9.900816217e-02	9.900816217e-02	
4.054184865e+02	1.021927404e-01	1.021927404e-01	
4.040962295e+02	1.054792607e-01	1.054792607e-01	
4.027773065e+02	1.088708789e-01	1.088708789e-01	
4.014617091e+02	1.123711812e-01	1.123711812e-01	
4.001494289e+02	1.159833336e-01	1.159833336e-01	
3.988404576e+02	1.199113350e-01	1.199113350e-01	
3.975347867e+02	1.237708626e-01	1.237708626e-01	
3.962324080e+02	1.277542746e-01	1.277542746e-01	
3.949333132e+02	1.318654517e-01	1.318654517e-01	
3.936374940e+02	1.361088560e-01	1.361088560e-01	
3.923449421e+02	1.404881845e-01	1.404881845e-01	
3.910556493e+02	1.450082271e-01	1.450082271e-01	
3.897696073e+02	1.496736990e-01	1.496736990e-01	
3.884868081e+02	1.544887460e-01	1.544887460e-01	
3.872072434e+02	1.594585000e-01	1.594585000e-01	
3.859309050e+02	1.645882442e-01	1.645882442e-01	
3.846577848e+02	1.698827467e-01	1.698827467e-01	
3.833878747e+02	1.753474357e-01	1.753474357e-01	
3.821211667e+02	1.809879246e-01	1.809879246e-01	
3.808576525e+02	1.868099169e-01	1.868099169e-01	
3.795973243e+02	1.928193586e-01	1.928193586e-01	
3.783401738e+02	1.990221273e-01	1.990221273e-01	
3.770861932e+02	2.054248558e-01	2.054248558e-01	
3.758353745e+02	2.120335462e-01	2.120335462e-01	
3.745877096e+02	2.188555176e-01	2.188555176e-01	
3.733431907e+02	2.258972323e-01	2.258972323e-01	
3.721018097e+02	2.331663606e-01	2.331663606e-01	
3.708635588e+02	2.406698010e-01	2.406698010e-01	
3.696284300e+02	2.484155942e-01	2.484155942e-01	
3.683964156e+02	2.564114378e-01	2.564114378e-01	
3.671675076e+02	2.646659002e-01	2.646659002e-01	
3.659416983e+02	2.731872674e-01	2.731872674e-01	
3.647189797e+02	2.819841967e-01	2.819841967e-01	
3.634993442e+02	2.910660283e-01	2.910660283e-01	
3.622827839e+02	3.004418268e-01	3.004418268e-01	
3.610692911e+02	3.101215844e-01	3.101215844e-01	
3.598588580e+02	3.201151298e-01	3.201151298e-01	
3.586514770e+02	3.304329004e-01	3.304329004e-01	
3.574471403e+02	3.410856422e-01	3.410856422e-01	
3.562458403e+02	3.520841270e-01	3.520841270e-01	
3.550475693e+02	3.634402532e-01	3.634402532e-01	
3.538523197e+02	3.751656816e-01	3.751656816e-01	
3.526600838e+02	3.872725202e-01	3.872725202e-01	
3.514708541e+02	3.997734455e-01	3.997734455e-01	
3.502846229e+02	4.126814034e-01	4.126814034e-01	
3.491013828e+02	4.260101522e-01	4.260101522e-01	
3.479211261e+02	4.397734983e-01	4.397734983e-01	
3.467438454e+02	4.539853778e-01	4.539853778e-01	
3.455695331e+02	4.686612492e-01	4.686612492e-01	
3.443981818e+02	4.838157220e-01	4.838157220e-01	
3.432297840e+02	4.994656694e-01	4.994656694e-01	
3.420643322e+02	5.156268336e-01	5.156268336e-01	
3.409018191e+02	5.323158164e-01	5.323158164e-01	
3.397422371e+02	5.495503494e-01	5.495503494e-01	
3.385855790e+02	5.673483848e-01	5.673483848e-01	
3.374318373e+02	5.857282378e-01	5.857282378e-01	
3.362810047e+02	6.047089276e-01	6.047089276e-01	
3.351330739e+02	6.243104430e-01	6.243104430e-01	
3.339880375e+02	6.445529346e-01	6.445529346e-01	
3.328458883e+02	6.654574719e-01	6.654574719e-01	
3.317066189e+02	6.870452500e-01	6.870452500e-01	
3.305702221e+02	7.093386664e-01	7.093386664e-01	
3.294366907e+02	7.323605303e-01	7.323605303e-01	
3.283060174e+02	7.561344505e-01	7.561344505e-01	
3.271781950e+02	7.806840665e-01	7.806840665e-01	
3.260532164e+02	8.060353271e-01	8.060353271e-01	
3.249310744e+02	8.322138223e-01	8.322138223e-01	
3.238117617e+02	8.592442981e-01	8.592442981e-01	
3.226952714e+02	8.871563872e-01	8.871563872e-01	
3.215815962e+02	9.159770042e-01	9.159770042e-01	
3.204707291e+02	9.457346116e-01	9.457346116e-01	
3.193626629e+02	9.764590284e-01	9.764590284e-01	
3.182573907e+02	1.008180136e+00	1.008180136e+00	
3.171549054e+02	1.040929493e+00	1.040929493e+00	
3.160551999e+02	1.074739340e+00	1.074739340e+00	
3.149582673e+02	1.109641566e+00	1.109641566e+00	
3.138641005e+02	1.145671318e+00	1.145671318e+00	
3.127726926e+02	1.182862862e+00	1.182862862e+00	
3.116840366e+02	1.221251961e+00	1.221251961e+00	
3.105981256e+02	1.260875872e+00	1.260875872e+00	
3.095149527e+02	1.301769677e+00	1.301769677e+00	
3.084345109e+02	1.343972951e+00	1.343972951e+00	
3.073567934e+02	1.387526552e+00	1.387526552e+00	
3.062817933e+02	1.432467360e+00	1.432467360e+00	
3.052095037e+02	1.478840308e+00	1.478840308e+00	
3.041399179e+02	1.526687010e+00	1.526687010e+00	
3.030730290e+02	1.576083464e+00	1.576083464e+00	
3.020088301e+02	1.627010788e+00	1.627010788e+00	
3.009473146e+02	1.679542934e+00	1.679542934e+00	
2.998884756e+02	1.735541828e+00	1.735541828e+00	
2.988323065e+02	1.791536910e+00	1.791536910e+00	
2.977788003e+02	1.849283610e+00	1.849283610e+00	
2.967279506e+02	1.908837141e+00	1.908837141e+00	
2.956797505e+02	1.970242783e+00	1.970242783e+00	
2.946341934e+02	2.033557146e+00	2.033557146e+00	
2.935912726e+02	2.098830788e+00	2.098830788e+00	
2.925509814e+02	2.166117452e+00	2.166117452e+00	
2.915133133e+02	2.235477481e+00	2.235477481e+00	
2.904782616e+02	2.306961919e+00	2.306961919e+00	
2.894458198e+02	2.380629431e+00	2.380629431e+00	
2.884159812e+02	2.456540802e+00	2.456540802e+00	
2.873887392e+02	2.534753391e+00	2.534753391e+00	
2.863640874e+02	2.615327333e+00	2.615327333e+00	
2.853420192e+02	2.698324863e+00	2.698324863e+00	
2.843225281e+02	2.783805163e+00	2.783805163e+00	
2.833056075e+02	2.871839573e+00	2.871839573e+00	
2.822912511e+02	2.962484815e+00	2.962484815e+00	
2.812794523e+02	3.055810797e+00	3.055810797e+00	
2.802702047e+02	3.151884722e+00	3.151884722e+00	
2.792635019e+02	3.250771442e+00	3.250771442e+00	
2.782593374e+02	3.352537872e+00	3.352537872e+00	
2.772577048e+02	3.457257186e+00	3.457257186e+00	
2.762585978e+02	3.564992512e+00	3.564992512e+00	
2.752620100e+02	3.675816774e+00	3.675816774e+00	
2.742679350e+02	3.789803173e+00	3.789803173e+00	
2.732763666e+02	3.907019417e+00	3.907019417e+00	
2.722872983e+02	4.027540712e+00	4.027540712e+00	
2.713007239e+02	4.151439200e+00	4.151439200e+00	
2.703166371e+02	4.278786490e+00	4.278786490e+00	
2.693350316e+02	4.409659241e+00	4.409659241e+00	
2.683559011e+02	4.544126602e+00	4.544126602e+00	
2.673792395e+02	4.682262006e+00	4.682262006e+00	
2.664050405e+02	4.824144587e+00	4.824144587e+00	
2.654332979e+02	4.969838488e+00	4.969838488e+00	
2.644640054e+02	5.119424220e+00	5.119424220e+00	
2.634971570e+02	5.272976441e+00	5.272976441e+00	
2.625327464e+02	5.430566578e+00	5.430566578e+00	
2.615707676e+02	5.592268052e+00	5.592268052e+00	
2.606112143e+02	5.758155423e+00	5.758155423e+00	
2.596540804e+02	5.928299149e+00	5.928299149e+00	
2.586993600e+02	6.102768838e+00	6.102768838e+00	
2.577470467e+02	6.281649818e+00	6.281649818e+00	
2.567971347e+02	6.464991079e+00	6.464991079e+00	
2.558496179e+02	6.652878231e+00	6.652878231e+00	
2.549044901e+02	6.845373839e+00	6.845373839e+00	
2.539617455e+02	7.042547843e+00	7.042547843e+00	
2.530213779e+02	7.244466006e+00	7.244466006e+00	
2.520833814e+02	7.451192734e+00	7.451192734e+00	
2.511477500e+02	7.662787100e+00	7.662787100e+00	
2.502144777e+02	7.879325327e+00	7.879325327e+00	
2.492835587e+02	8.100864350e+00	8.100864350e+00	
2.483549869e+02	8.327462065e+00	8.327462065e+00	
2.474287564e+02	8.559180585e+00	8.559180585e+00	
2.465048614e+02	8.796079803e+00	8.796079803e+00	
2.455832959e+02	9.038223439e+00	9.038223439e+00	
2.446640541e+02	9.285664535e+00	9.285664535e+00	
2.437471301e+02	9.538449564e+00	9.538449564e+00	
2.428325181e+02	9.796650982e+00	9.796650982e+00	
2.419202122e+02	1.006031629e+01	1.006031629e+01	
2.410102066e+02	1.032950621e+01	1.032950621e+01	
2.401024956e+02	1.060426944e+01	1.060426944e+01	
2.391970733e+02	1.088467494e+01	1.088467494e+01	
2.382939340e+02	1.117075544e+01	1.117075544e+01	
2.373930719e+02	1.146258569e+01	1.146258569e+01	
2.364944812e+02	1.176021294e+01	1.176021294e+01	
2.355981563e+02	1.206368481e+01	1.206368481e+01	
2.347040915e+02	1.237306954e+01	1.237306954e+01	
2.338122810e+02	1.268841783e+01	1.268841783e+01	
2.329227191e+02	1.300979548e+01	1.300979548e+01	
2.320354002e+02	1.333725678e+01	1.333725678e+01	
2.311503186e+02	1.367088096e+01	1.367088096e+01	
2.302674687e+02	1.401072205e+01	1.401072205e+01	
2.293868449e+02	1.435688240e+01	1.435688240e+01	
2.285084415e+02	1.470941356e+01	1.470941356e+01	
2.276322529e+02	1.506840281e+01	1.506840281e+01	
2.267582736e+02	1.543392935e+01	1.543392935e+01	
2.258864980e+02	1.580607033e+01	1.580607033e+01	
2.250169205e+02	1.618492998e+01	1.618492998e+01	
2.241495357e+02	1.657058346e+01	1.657058346e+01	
2.232843378e+02	1.696315203e+01	1.696315203e+01	
2.224213216e+02	1.736273567e+01	1.736273567e+01	
2.215604813e+02	1.776946380e+01	1.776946380e+01	
2.207018116e+02	1.818345328e+01	1.818345328e+01	
2.198453071e+02	1.860486574e+01	1.860486574e+01	
2.189909621e+02	1.903384796e+01	1.903384796e+01	
2.181387713e+02	1.947051768e+01	1.947051768e+01	
2.172887293e+02	1.991508233e+01	1.991508233e+01	
2.164408306e+02	2.036767191e+01	2.036767191e+01	
2.155950698e+02	2.082847595e+01	2.082847595e+01	
2.147514416e+02	2.129766800e+01	2.129766800e+01	
2.139099405e+02	2.177542778e+01	2.177542778e+01	
2.130705612e+02	2.226197615e+01	2.226197615e+01	
2.122332984e+02	2.275752972e+01	2.275752972e+01	
2.113981467e+02	2.326232074e+01	2.326232074e+01	
2.105651007e+02	2.377659464e+01	2.377659464e+01	
2.097341553e+02	2.430060310e+01	2.430060310e+01	
2.089053050e+02	2.483466003e+01	2.483466003e+01	
2.080785446e+02	2.537899635e+01	2.537899635e+01	
2.072538689e+02	2.593390614e+01	2.593390614e+01	
2.064312725e+02	2.649970695e+01	2.649970695e+01	
2.056107502e+02	2.707666542e+01	2.707666542e+01	
2.047922969e+02	2.766507513e+01	2.766507513e+01	
2.039759072e+02	2.826527470e+01	2.826527470e+01	
2.031615760e+02	2.887756450e+01	2.887756450e+01	
2.023492981e+02	2.950231551e+01	2.950231551e+01	
2.015390683e+02	3.013989296e+01	3.013989296e+01	
2.007308815e+02	3.079063166e+01	3.079063166e+01	
1.999247324e+02	3.145494476e+01	3.145494476e+01	
1.991206161e+02	3.213324497e+01	3.213324497e+01	
1.983185272e+02	3.282600358e+01	3.282600358e+01	
1.975184608e+02	3.353350039e+01	3.353350039e+01	
1.967204117e+02	3.425626295e+01	3.425626295e+01	
1.959243748e+02	3.499469789e+01	3.499469789e+01	
1.951303451e+02	3.574920942e+01	3.574920942e+01	
1.943383174e+02	3.652020717e+01	3.652020717e+01	
1.935482869e+02	3.730819353e+01	3.730819353e+01	
1.927602483e+02	3.811364619e+01	3.811364619e+01	
1.919741968e+02	3.893704314e+01	3.893704314e+01	
1.911901272e+02	3.977891739e+01	3.977891739e+01	
1.904080346e+02	4.063982306e+01	4.063982306e+01	
1.896279140e+02	4.152034304e+01	4.152034304e+01	
1.888497605e+02	4.242107463e+01	4.242107463e+01	
1.880735690e+02	4.334295683e+01	4.334295683e+01	
1.872993346e+02	4.428600594e+01	4.428600594e+01	
1.865270524e+02	4.525129357e+01	4.525129357e+01	
1.857567175e+02	4.623921307e+01	4.623921307e+01	
1.849883250e+02	4.725023806e+01	4.725023806e+01	
1.842218699e+02	4.828496182e+01	4.828496182e+01	
1.834573473e+02	4.934395271e+01	4.934395271e+01	
1.826947525e+02	5.042790496e+01	5.042790496e+01	
1.819340805e+02	5.153748598e+01	5.153748598e+01	
1.811753265e+02	5.267347211e+01	5.267347211e+01	
1.804184857e+02	5.383658807e+01	5.383658807e+01	
1.796635532e+02	5.502765188e+01	5.502765188e+01	
1.789105242e+02	5.624758149e+01	5.624758149e+01	
1.781593939e+02	5.749728776e+01	5.749728776e+01	
1.774101575e+02	5.877766097e+01	5.877766097e+01	
1.766628103e+02	6.008953811e+01	6.008953811e+01	
1.759173475e+02	6.143404584e+01	6.143404584e+01	
1.751737644e+02	6.281200567e+01	6.281200567e+01	
1.744320561e+02	6.422439169e+01	6.422439169e+01	
1.736922180e+02	6.567225151e+01	6.567225151e+01	
1.729542454e+02	6.715672584e+01	6.715672584e+01	
1.722181336e+02	6.867893155e+01	6.867893155e+01	
1.714838778e+02	7.024014873e+01	7.024014873e+01	
1.707514733e+02	7.184154663e+01	7.184154663e+01	
1.700209156e+02	7.348451339e+01	7.348451339e+01	
1.692922000e+02	7.517043494e+01	7.517043494e+01	
1.685653218e+02	7.690070255e+01	7.690070255e+01	
1.678402763e+02	7.867676152e+01	7.867676152e+01	
1.671170590e+02	8.050014517e+01	8.050014517e+01	
1.663956653e+02	8.237264266e+01	8.237264266e+01	
1.656760905e+02	8.429580711e+01	8.429580711e+01	
1.649583301e+02	8.627147218e+01	8.627147218e+01	
1.642423794e+02	8.830155769e+01	8.830155769e+01	
1.635282340e+02	9.038808871e+01	9.038808871e+01	
1.628158893e+02	9.253295833e+01	9.253295833e+01	
1.621053407e+02	9.473831278e+01	9.473831278e+01	
1.613965837e+02	9.700633674e+01	9.700633674e+01	
1.606896138e+02	9.933914637e+01	9.933914637e+01	
1.599844265e+02	1.017391535e+02	1.017391535e+02	
1.592810173e+02	1.042092862e+02	1.042092862e+02	
1.585793817e+02	1.067523129e+02	1.067523129e+02	
1.578795152e+02	1.093707025e+02	1.093707025e+02	
1.571814134e+02	1.120676034e+02	1.120676034e+02	
1.564850718e+02	1.148455920e+02	1.148455920e+02	
1.557904860e+02	1.177082408e+02	1.177082408e+02	
1.550976516e+02	1.206586348e+02	1.206586348e+02	
1.544065641e+02	1.237003219e+02	1.237003219e+02	
1.537172191e+02	1.268369033e+02	1.268369033e+02	
1.530296123e+02	1.300722338e+02	1.300722338e+02	
1.523437392e+02	1.334103748e+02	1.334103748e+02	
1.516595956e+02	1.368554580e+02	1.368554580e+02	
1.509771769e+02	1.404120138e+02	1.404120138e+02	
1.502964790e+02	1.440846660e+02	1.440846660e+02	
1.496174973e+02	1.478783220e+02	1.478783220e+02	
1.489402277e+02	1.517980526e+02	1.517980526e+02	
1.482646658e+02	1.558494409e+02	1.558494409e+02	
1.475908073e+02	1.600380171e+02	1.600380171e+02	
1.469186479e+02	1.643696507e+02	1.643696507e+02	
1.462481833e+02	1.688510701e+02	1.688510701e+02	
1.455794092e+02	1.734884823e+02	1.734884823e+02	
1.449123214e+02	1.782890463e+02	1.782890463e+02	
1.442469156e+02	1.832601310e+02	1.832601310e+02	
1.435831876e+02	1.884095031e+02	1.884095031e+02	
1.429211332e+02	1.937454755e+02	1.937454755e+02	
1.422607480e+02	1.992764279e+02	1.992764279e+02	
1.416020281e+02	2.050115639e+02	2.050115639e+02	
1.409449690e+02	2.109608108e+02	2.109608108e+02	
1.402895667e+02	2.171340626e+02	2.171340626e+02	
1.396358169e+02	2.235421247e+02	2.235421247e+02	
1.389837155e+02	2.301964982e+02	2.301964982e+02	
1.383332584e+02	2.371093612e+02	2.371093612e+02	
1.376844413e+02	2.442931381e+02	2.442931381e+02	
1.370372602e+02	2.517617997e+02	2.517617997e+02	
1.363917109e+02	2.595293692e+02	2.595293692e+02	
1.357477894e+02	2.676116036e+02	2.676116036e+02	
1.351054914e+02	2.760242291e+02	2.760242291e+02	
1.344648130e+02	2.847846475e+02	2.847846475e+02	
1.338257500e+02	2.939113966e+02	2.939113966e+02	
1.331882984e+02	3.034236237e+02	3.034236237e+02	
1.325524540e+02	3.133418408e+02	3.133418408e+02	
1.319182130e+02	3.236886184e+02	3.236886184e+02	
1.312855711e+02	3.344867254e+02	3.344867254e+02	
1.306545244e+02	3.457611398e+02	3.457611398e+02	
1.300250688e+02	3.575381396e+02	3.575381396e+02	
1.293972003e+02	3.698458331e+02	3.698458331e+02	
1.287709150e+02	3.827137367e+02	3.827137367e+02	
1.281462089e+02	3.961732885e+02	3.961732885e+02	
1.275230779e+02	4.102581384e+02	4.102581384e+02	
1.269015181e+02	4.250035607e+02	4.250035607e+02	
1.262815255e+02	4.404469474e+02	4.404469474e+02	
1.256630962e+02	4.566287195e+02	4.566287195e+02	
1.250462262e+02	4.735903637e+02	4.735903637e+02	
1.244309116e+02	4.913769552e+02	4.913769552e+02	
1.238171485e+02	5.100355450e+02	5.100355450e+02	
1.232049330e+02	5.296164203e+02	5.296164203e+02	
1.225942612e+02	5.496239295e+02	5.496239295e+02	
1.219851291e+02	5.715855738e+02	5.715855738e+02	
1.213775329e+02	5.947035238e+02	5.947035238e+02	
1.207714687e+02	6.189343517e+02	6.189343517e+02	
1.201669327e+02	6.442215841e+02	6.442215841e+02	
1.195639210e+02	6.704902538e+02	6.704902538e+02	
1.189624297e+02	6.976469420e+02	6.976469420e+02	
1.183624551e+02	7.255768228e+02	7.255768228e+02	
1.177639933e+02	7.541390378e+02	7.541390378e+02	
1.171670404e+02	7.831636961e+02	7.831636961e+02	
1.165715928e+02	8.124491904e+02	8.124491904e+02	
1.159776465e+02	8.417598153e+02	8.417598153e+02	
1.153851978e+02	8.708185758e+02	8.708185758e+02	
1.147942430e+02	8.993080625e+02	8.993080625e+02	
1.142047782e+02	9.268623449e+02	9.268623449e+02	
1.136167997e+02	9.530682055e+02	9.530682055e+02	
1.130303037e+02	9.774588001e+02	9.774588001e+02	
1.124452866e+02	9.995143667e+02	9.995143667e+02	
1.118617446e+02	1.018661232e+03	1.018661232e+03	
1.112796739e+02	1.034273587e+03	1.034273587e+03	
1.106990709e+02	1.045673227e+03	1.045673227e+03	
1.101199319e+02	1.052144507e+03	1.052144507e+03	
1.095422531e+02	1.052931377e+03	1.052931377e+03	
1.089660309e+02	1.047218901e+03	1.047218901e+03	
1.083912616e+02	1.034182926e+03	1.034182926e+03	
1.078179415e+02	1.013031404e+03	1.013031404e+03	
1.072460671e+02	9.830472579e+02	9.830472579e+02	
1.066756346e+02	9.436407688e+02	9.436407688e+02	
1.061066404e+02	8.944126589e+02	8.944126589e+02	
1.055390809e+02	8.352525710e+02	8.352525710e+02	
1.049729525e+02	7.664375895e+02	7.664375895e+02	
1.044082515e+02	6.887686361e+02	6.887686361e+02	
1.038449744e+02	6.036836413e+02	6.036836413e+02	
1.032831175e+02	5.133827805e+02	5.133827805e+02	
1.027226774e+02	4.208938627e+02	4.208938627e+02	
1.021636503e+02	3.300324110e+02	3.300324110e+02	
1.016060329e+02	2.451577764e+02	2.451577764e+02	
1.010498214e+02	1.706214517e+02	1.706214517e+02	
1.004950123e+02	1.099085709e+02	1.099085709e+02	
9.994160224e+01	6.470878620e+01	6.470878620e+01	
9.938958752e+01	3.439798446e+01	3.439798446e+01	
9.883896468e+01	1.632921040e+01	1.632921040e+01	
9.828973020e+01	6.857804238e+00	6.857804238e+00	
9.774188058e+01	2.528746512e+00	2.528746512e+00	
9.719541233e+01	8.139931831e-01	8.139931831e-01	
9.665032197e+01	2.277905320e-01	2.277905320e-01	
9.610660603e+01	5.526590211e-02	5.526590211e-02	
9.556426103e+01	1.160601343e-02	1.160601343e-02	
9.502328353e+01	2.108116063e-03	2.108116063e-03	
9.448367007e+01	3.311793181e-04	3.311793181e-04	
9.394541721e+01	4.501831736e-05	4.501831736e-05	
9.340852152e+01	5.299227725e-06	5.299227725e-06	
9.287297959e+01	5.407514843e-07	5.407514843e-07	
9.233878800e+01	4.789300654e-08	4.789300654e-08	
9.180594334e+01	3.686513433e-09	3.686513433e-09	
9.127444221e+01	2.469624605e-10	2.469624605e-10	
9.074428124e+01	1.441875915e-11	1.441875915e-11	
9.021545703e+01	7.346847670e-13	7.346847670e-13	
8.968796622e+01	3.271410466e-14	3.271410466e-14	
8.916180546e+01	1.274628971e-15	1.274628971e-15	
8.863697137e+01	4.350996763e-17	4.350996763e-17	
8.811346063e+01	1.302793497e-18	1.302793497e-18	
8.759126988e+01	3.425692187e-20	3.425692187e-20	
8.707039581e+01	7.919950578e-22	7.919950578e-22	
8.655083510e+01	1.611794142e-23	1.611794142e-23	
8.603258442e+01	2.890883973e-25	2.890883973e-25	
8.551564049e+01	4.574428616e-27	4.574428616e-27	
8.500000000e+01	7.695300048e-31	7.695300048e-31	
#	AeroPlanets 1.01
#	Copyright G Gronoff 2009
#	Report bugs : guillaume.gronoff@gmail.com
#
#	Launched :Tue Dec 19 13:05:08 2017
# Planet:Earth
# Electron impact ionization used
# Electron impact ionization error: -27.5547% (>0 : gain)

