# Volume profile of  emissions
# Emission in ph cm-3s-1 
# Altitude in Km
# Total : 1.051729053e+02 R
# 5.200000000e+02 : 1.051729053e+02 R
6.000000000e+02	4.834556835e-05	4.834556835e-05	
5.981871170e+02	5.095709307e-05	5.095709307e-05	
5.963788051e+02	5.370257058e-05	5.370257058e-05	
5.945750527e+02	5.658812446e-05	5.658812446e-05	
5.927758484e+02	5.962081504e-05	5.962081504e-05	
5.909811807e+02	6.280762337e-05	6.280762337e-05	
5.891910381e+02	6.615598344e-05	6.615598344e-05	
5.874054093e+02	6.967338447e-05	6.967338447e-05	
5.856242828e+02	7.336820837e-05	7.336820837e-05	
5.838476474e+02	7.724831465e-05	7.724831465e-05	
5.820754916e+02	8.132305555e-05	8.132305555e-05	
5.803078042e+02	8.560126563e-05	8.560126563e-05	
5.785445740e+02	9.007133101e-05	9.007133101e-05	
5.767857896e+02	9.473268240e-05	9.473268240e-05	
5.750314399e+02	9.962177925e-05	9.962177925e-05	
5.732815137e+02	1.047499326e-04	1.047499326e-04	
5.715359998e+02	1.101271827e-04	1.101271827e-04	
5.697948871e+02	1.157653678e-04	1.157653678e-04	
5.680581646e+02	1.216436981e-04	1.216436981e-04	
5.663258210e+02	1.277757677e-04	1.277757677e-04	
5.645978455e+02	1.341995622e-04	1.341995622e-04	
5.628742270e+02	1.409277422e-04	1.409277422e-04	
5.611549545e+02	1.479738259e-04	1.479738259e-04	
5.594400171e+02	1.553524002e-04	1.553524002e-04	
5.577294037e+02	1.630369623e-04	1.630369623e-04	
5.560231036e+02	1.710482998e-04	1.710482998e-04	
5.543211058e+02	1.794301408e-04	1.794301408e-04	
5.526233995e+02	1.881984701e-04	1.881984701e-04	
5.509299738e+02	1.973702738e-04	1.973702738e-04	
5.492408181e+02	2.069619256e-04	2.069619256e-04	
5.475559214e+02	2.169498282e-04	2.169498282e-04	
5.458752731e+02	2.273466642e-04	2.273466642e-04	
5.441988625e+02	2.382107904e-04	2.382107904e-04	
5.425266788e+02	2.495631440e-04	2.495631440e-04	
5.408587115e+02	2.614235907e-04	2.614235907e-04	
5.391949498e+02	2.738125667e-04	2.738125667e-04	
5.375353832e+02	2.867174048e-04	2.867174048e-04	
5.358800011e+02	3.001226720e-04	3.001226720e-04	
5.342287930e+02	3.141152719e-04	3.141152719e-04	
5.325817483e+02	3.287197116e-04	3.287197116e-04	
5.309388565e+02	3.439605634e-04	3.439605634e-04	
5.293001072e+02	3.598624989e-04	3.598624989e-04	
5.276654899e+02	3.764426481e-04	3.764426481e-04	
5.260349942e+02	3.936187198e-04	3.936187198e-04	
5.244086096e+02	4.115268020e-04	4.115268020e-04	
5.227863260e+02	4.301988770e-04	4.301988770e-04	
5.211681328e+02	4.496617483e-04	4.496617483e-04	
5.195540198e+02	4.699504143e-04	4.699504143e-04	
5.179439766e+02	4.910925729e-04	4.910925729e-04	
5.163379932e+02	5.130071236e-04	5.130071236e-04	
5.147360591e+02	5.357898131e-04	5.357898131e-04	
5.131381641e+02	5.595184921e-04	5.595184921e-04	
5.115442982e+02	5.842279409e-04	5.842279409e-04	
5.099544512e+02	6.099563957e-04	6.099563957e-04	
5.083686128e+02	6.367410996e-04	6.367410996e-04	
5.067867730e+02	6.645707425e-04	6.645707425e-04	
5.052089218e+02	6.933898982e-04	6.933898982e-04	
5.036350490e+02	7.233721695e-04	7.233721695e-04	
5.020651447e+02	7.545626054e-04	7.545626054e-04	
5.004991987e+02	7.870062104e-04	7.870062104e-04	
4.989372012e+02	8.207499570e-04	8.207499570e-04	
4.973791422e+02	8.558422706e-04	8.558422706e-04	
4.958250118e+02	8.921634978e-04	8.921634978e-04	
4.942748000e+02	9.298436291e-04	9.298436291e-04	
4.927284970e+02	9.690070153e-04	9.690070153e-04	
4.911860928e+02	1.009703575e-03	1.009703575e-03	
4.896475778e+02	1.051991766e-03	1.051991766e-03	
4.881129421e+02	1.095924197e-03	1.095924197e-03	
4.865821758e+02	1.141557715e-03	1.141557715e-03	
4.850552693e+02	1.188676901e-03	1.188676901e-03	
4.835322128e+02	1.237604152e-03	1.237604152e-03	
4.820129965e+02	1.288400216e-03	1.288400216e-03	
4.804976109e+02	1.341132961e-03	1.341132961e-03	
4.789860463e+02	1.395870169e-03	1.395870169e-03	
4.774782930e+02	1.452683142e-03	1.452683142e-03	
4.759743414e+02	1.511567012e-03	1.511567012e-03	
4.744741819e+02	1.572410842e-03	1.572410842e-03	
4.729778050e+02	1.635527356e-03	1.635527356e-03	
4.714852011e+02	1.700992203e-03	1.700992203e-03	
4.699963607e+02	1.768887258e-03	1.768887258e-03	
4.685112743e+02	1.839296420e-03	1.839296420e-03	
4.670299326e+02	1.912300718e-03	1.912300718e-03	
4.655523259e+02	1.987878776e-03	1.987878776e-03	
4.640784449e+02	2.065987877e-03	2.065987877e-03	
4.626082802e+02	2.146932164e-03	2.146932164e-03	
4.611418225e+02	2.230813069e-03	2.230813069e-03	
4.596790624e+02	2.317727934e-03	2.317727934e-03	
4.582199905e+02	2.407776862e-03	2.407776862e-03	
4.567645976e+02	2.501067162e-03	2.501067162e-03	
4.553128743e+02	2.597601631e-03	2.597601631e-03	
4.538648115e+02	2.697330415e-03	2.697330415e-03	
4.524204000e+02	2.800595082e-03	2.800595082e-03	
4.509796304e+02	2.907515692e-03	2.907515692e-03	
4.495424936e+02	3.018218709e-03	3.018218709e-03	
4.481089805e+02	3.132811339e-03	3.132811339e-03	
4.466790819e+02	3.251424424e-03	3.251424424e-03	
4.452527887e+02	3.374161719e-03	3.374161719e-03	
4.438300919e+02	3.500938455e-03	3.500938455e-03	
4.424109822e+02	3.632110555e-03	3.632110555e-03	
4.409954508e+02	3.767822695e-03	3.767822695e-03	
4.395834886e+02	3.908220496e-03	3.908220496e-03	
4.381750865e+02	4.053443876e-03	4.053443876e-03	
4.367702357e+02	4.203643027e-03	4.203643027e-03	
4.353689271e+02	4.358989344e-03	4.358989344e-03	
4.339711518e+02	4.519631439e-03	4.519631439e-03	
4.325769009e+02	4.685735051e-03	4.685735051e-03	
4.311861656e+02	4.857475420e-03	4.857475420e-03	
4.297989369e+02	5.035005335e-03	5.035005335e-03	
4.284152060e+02	5.218533109e-03	5.218533109e-03	
4.270349641e+02	5.408219141e-03	5.408219141e-03	
4.256582024e+02	5.604253246e-03	5.604253246e-03	
4.242849122e+02	5.807139276e-03	5.807139276e-03	
4.229150846e+02	6.017277456e-03	6.017277456e-03	
4.215487110e+02	6.234410730e-03	6.234410730e-03	
4.201857825e+02	6.458754745e-03	6.458754745e-03	
4.188262907e+02	6.690529673e-03	6.690529673e-03	
4.174702267e+02	6.929965231e-03	6.929965231e-03	
4.161175820e+02	7.177261015e-03	7.177261015e-03	
4.147683478e+02	7.432692405e-03	7.432692405e-03	
4.134225157e+02	7.698669902e-03	7.698669902e-03	
4.120800770e+02	7.973867017e-03	7.973867017e-03	
4.107410232e+02	8.258099657e-03	8.258099657e-03	
4.094053458e+02	8.551640976e-03	8.551640976e-03	
4.080730362e+02	8.854761972e-03	8.854761972e-03	
4.067440859e+02	9.167733045e-03	9.167733045e-03	
4.054184865e+02	9.490875998e-03	9.490875998e-03	
4.040962295e+02	9.825030755e-03	9.825030755e-03	
4.027773065e+02	1.017495392e-02	1.017495392e-02	
4.014617091e+02	1.053631306e-02	1.053631306e-02	
4.001494289e+02	1.090940835e-02	1.090940835e-02	
3.988404576e+02	1.129142683e-02	1.129142683e-02	
3.975347867e+02	1.168883696e-02	1.168883696e-02	
3.962324080e+02	1.209905152e-02	1.209905152e-02	
3.949333132e+02	1.252241321e-02	1.252241321e-02	
3.936374940e+02	1.296095393e-02	1.296095393e-02	
3.923449421e+02	1.341895118e-02	1.341895118e-02	
3.910556493e+02	1.389174327e-02	1.389174327e-02	
3.897696073e+02	1.437972152e-02	1.437972152e-02	
3.884868081e+02	1.488331195e-02	1.488331195e-02	
3.872072434e+02	1.540295233e-02	1.540295233e-02	
3.859309050e+02	1.593913286e-02	1.593913286e-02	
3.846577848e+02	1.649229121e-02	1.649229121e-02	
3.833878747e+02	1.706428988e-02	1.706428988e-02	
3.821211667e+02	1.766009459e-02	1.766009459e-02	
3.808576525e+02	1.827478884e-02	1.827478884e-02	
3.795973243e+02	1.890886997e-02	1.890886997e-02	
3.783401738e+02	1.956291565e-02	1.956291565e-02	
3.770861932e+02	2.023746427e-02	2.023746427e-02	
3.758353745e+02	2.093306111e-02	2.093306111e-02	
3.745877096e+02	2.165031454e-02	2.165031454e-02	
3.733431907e+02	2.238979430e-02	2.238979430e-02	
3.721018097e+02	2.315973272e-02	2.315973272e-02	
3.708635588e+02	2.395354609e-02	2.395354609e-02	
3.696284300e+02	2.477192673e-02	2.477192673e-02	
3.683964156e+02	2.561549692e-02	2.561549692e-02	
3.671675076e+02	2.648498437e-02	2.648498437e-02	
3.659416983e+02	2.738109074e-02	2.738109074e-02	
3.647189797e+02	2.830442485e-02	2.830442485e-02	
3.634993442e+02	2.925581591e-02	2.925581591e-02	
3.622827839e+02	3.024183167e-02	3.024183167e-02	
3.610692911e+02	3.126131111e-02	3.126131111e-02	
3.598588580e+02	3.231162814e-02	3.231162814e-02	
3.586514770e+02	3.339354668e-02	3.339354668e-02	
3.574471403e+02	3.450793736e-02	3.450793736e-02	
3.562458403e+02	3.565561658e-02	3.565561658e-02	
3.550475693e+02	3.683746592e-02	3.683746592e-02	
3.538523197e+02	3.805435409e-02	3.805435409e-02	
3.526600838e+02	3.930812351e-02	3.930812351e-02	
3.514708541e+02	4.061090245e-02	4.061090245e-02	
3.502846229e+02	4.195214242e-02	4.195214242e-02	
3.491013828e+02	4.333290275e-02	4.333290275e-02	
3.479211261e+02	4.475402600e-02	4.475402600e-02	
3.467438454e+02	4.621661173e-02	4.621661173e-02	
3.455695331e+02	4.772171483e-02	4.772171483e-02	
3.443981818e+02	4.927027633e-02	4.927027633e-02	
3.432297840e+02	5.086352976e-02	5.086352976e-02	
3.420643322e+02	5.250849086e-02	5.250849086e-02	
3.409018191e+02	5.421299576e-02	5.421299576e-02	
3.397422371e+02	5.596641285e-02	5.596641285e-02	
3.385855790e+02	5.776998418e-02	5.776998418e-02	
3.374318373e+02	5.962471581e-02	5.962471581e-02	
3.362810047e+02	6.153196586e-02	6.153196586e-02	
3.351330739e+02	6.349298363e-02	6.349298363e-02	
3.339880375e+02	6.550901719e-02	6.550901719e-02	
3.328458883e+02	6.758908472e-02	6.758908472e-02	
3.317066189e+02	7.361152642e-02	7.361152642e-02	
3.305702221e+02	7.599013524e-02	7.599013524e-02	
3.294366907e+02	7.843638592e-02	7.843638592e-02	
3.283060174e+02	8.095181789e-02	8.095181789e-02	
3.271781950e+02	8.353805389e-02	8.353805389e-02	
3.260532164e+02	8.619681390e-02	8.619681390e-02	
3.249310744e+02	8.892967333e-02	8.892967333e-02	
3.238117617e+02	9.173827375e-02	9.173827375e-02	
3.226952714e+02	9.462453948e-02	9.462453948e-02	
3.215815962e+02	9.775360570e-02	9.775360570e-02	
3.204707291e+02	1.015467826e-01	1.015467826e-01	
3.193626629e+02	1.055643278e-01	1.055643278e-01	
3.182573907e+02	1.098307726e-01	1.098307726e-01	
3.171549054e+02	1.143738917e-01	1.143738917e-01	
3.160551999e+02	1.192254341e-01	1.192254341e-01	
3.149582673e+02	1.244218947e-01	1.244218947e-01	
3.138641005e+02	1.300046902e-01	1.300046902e-01	
3.127726926e+02	1.360212466e-01	1.360212466e-01	
3.116840366e+02	1.425257018e-01	1.425257018e-01	
3.105981256e+02	1.509842564e-01	1.509842564e-01	
3.095149527e+02	1.607984768e-01	1.607984768e-01	
3.084345109e+02	1.720532317e-01	1.720532317e-01	
3.073567934e+02	1.850439534e-01	1.850439534e-01	
3.062817933e+02	2.001281519e-01	2.001281519e-01	
3.052095037e+02	2.177404589e-01	2.177404589e-01	
3.041399179e+02	2.384062887e-01	2.384062887e-01	
3.030730290e+02	2.627601871e-01	2.627601871e-01	
3.020088301e+02	2.915778088e-01	2.915778088e-01	
3.009473146e+02	3.251505105e-01	3.251505105e-01	
2.998884756e+02	3.629046261e-01	3.629046261e-01	
2.988323065e+02	4.074969073e-01	4.074969073e-01	
2.977788003e+02	4.600530477e-01	4.600530477e-01	
2.967279506e+02	5.220938640e-01	5.220938640e-01	
2.956797505e+02	5.954275797e-01	5.954275797e-01	
2.946341934e+02	6.822029047e-01	6.822029047e-01	
2.935912726e+02	7.849721795e-01	7.849721795e-01	
2.925509814e+02	9.067652503e-01	9.067652503e-01	
2.915133133e+02	1.051175879e+00	1.051175879e+00	
2.904782616e+02	1.194710667e+00	1.194710667e+00	
2.894458198e+02	1.324379782e+00	1.324379782e+00	
2.884159812e+02	1.469210775e+00	1.469210775e+00	
2.873887392e+02	1.630965883e+00	1.630965883e+00	
2.863640874e+02	1.811604791e+00	1.811604791e+00	
2.853420192e+02	2.013305899e+00	2.013305899e+00	
2.843225281e+02	2.238492247e+00	2.238492247e+00	
2.833056075e+02	2.489850756e+00	2.489850756e+00	
2.822912511e+02	2.770371425e+00	2.770371425e+00	
2.812794523e+02	3.083367866e+00	3.083367866e+00	
2.802702047e+02	3.367394681e+00	3.367394681e+00	
2.792635019e+02	3.568082513e+00	3.568082513e+00	
2.782593374e+02	3.779948997e+00	3.779948997e+00	
2.772577048e+02	4.003556375e+00	4.003556375e+00	
2.762585978e+02	4.239497079e+00	4.239497079e+00	
2.752620100e+02	4.488384889e+00	4.488384889e+00	
2.742679350e+02	4.750859713e+00	4.750859713e+00	
2.732763666e+02	5.027593603e+00	5.027593603e+00	
2.722872983e+02	5.319282261e+00	5.319282261e+00	
2.713007239e+02	5.626653994e+00	5.626653994e+00	
2.703166371e+02	5.943553911e+00	5.943553911e+00	
2.693350316e+02	6.134381062e+00	6.134381062e+00	
2.683559011e+02	6.329877044e+00	6.329877044e+00	
2.673792395e+02	6.530104053e+00	6.530104053e+00	
2.664050405e+02	6.735119981e+00	6.735119981e+00	
2.654332979e+02	6.944994423e+00	6.944994423e+00	
2.644640054e+02	7.159782190e+00	7.159782190e+00	
2.634971570e+02	7.379542875e+00	7.379542875e+00	
2.625327464e+02	7.604336978e+00	7.604336978e+00	
2.615707676e+02	7.834223211e+00	7.834223211e+00	
2.606112143e+02	8.069258001e+00	8.069258001e+00	
2.596540804e+02	8.267550165e+00	8.267550165e+00	
2.586993600e+02	8.412499079e+00	8.412499079e+00	
2.577470467e+02	8.558272699e+00	8.558272699e+00	
2.567971347e+02	8.704854897e+00	8.704854897e+00	
2.558496179e+02	8.852195287e+00	8.852195287e+00	
2.549044901e+02	9.000263703e+00	9.000263703e+00	
2.539617455e+02	9.149022354e+00	9.149022354e+00	
2.530213779e+02	9.298434636e+00	9.298434636e+00	
2.520833814e+02	9.448465248e+00	9.448465248e+00	
2.511477500e+02	9.599077121e+00	9.599077121e+00	
2.502144777e+02	9.750222466e+00	9.750222466e+00	
2.492835587e+02	9.866278194e+00	9.866278194e+00	
2.483549869e+02	9.948942072e+00	9.948942072e+00	
2.474287564e+02	1.003059868e+01	1.003059868e+01	
2.465048614e+02	1.011122260e+01	1.011122260e+01	
2.455832959e+02	1.019078659e+01	1.019078659e+01	
2.446640541e+02	1.026927154e+01	1.026927154e+01	
2.437471301e+02	1.034666385e+01	1.034666385e+01	
2.428325181e+02	1.042292982e+01	1.042292982e+01	
2.419202122e+02	1.049805472e+01	1.049805472e+01	
2.410102066e+02	1.057201417e+01	1.057201417e+01	
2.401024956e+02	1.064479553e+01	1.064479553e+01	
2.391970733e+02	1.069981541e+01	1.069981541e+01	
2.382939340e+02	1.071514224e+01	1.071514224e+01	
2.373930719e+02	1.072898792e+01	1.072898792e+01	
2.364944812e+02	1.074136721e+01	1.074136721e+01	
2.355981563e+02	1.075229470e+01	1.075229470e+01	
2.347040915e+02	1.076177511e+01	1.076177511e+01	
2.338122810e+02	1.076982520e+01	1.076982520e+01	
2.329227191e+02	1.077645347e+01	1.077645347e+01	
2.320354002e+02	1.078167939e+01	1.078167939e+01	
2.311503186e+02	1.078550764e+01	1.078550764e+01	
2.302674687e+02	1.078796307e+01	1.078796307e+01	
2.293868449e+02	1.078904842e+01	1.078904842e+01	
2.285084415e+02	1.074168604e+01	1.074168604e+01	
2.276322529e+02	1.067832839e+01	1.067832839e+01	
2.267582736e+02	1.061432205e+01	1.061432205e+01	
2.258864980e+02	1.054970832e+01	1.054970832e+01	
2.250169205e+02	1.048451930e+01	1.048451930e+01	
2.241495357e+02	1.041880646e+01	1.041880646e+01	
2.232843378e+02	1.035259942e+01	1.035259942e+01	
2.224213216e+02	1.028594185e+01	1.028594185e+01	
2.215604813e+02	1.021886719e+01	1.021886719e+01	
2.207018116e+02	1.015141743e+01	1.015141743e+01	
2.198453071e+02	1.008361923e+01	1.008361923e+01	
2.189909621e+02	1.001551924e+01	1.001551924e+01	
2.181387713e+02	9.887874424e+00	9.887874424e+00	
2.172887293e+02	9.752374359e+00	9.752374359e+00	
2.164408306e+02	9.618600083e+00	9.618600083e+00	
2.155950698e+02	9.486563741e+00	9.486563741e+00	
2.147514416e+02	9.356287856e+00	9.356287856e+00	
2.139099405e+02	9.227796431e+00	9.227796431e+00	
2.130705612e+02	9.101099360e+00	9.101099360e+00	
2.122332984e+02	8.976210770e+00	8.976210770e+00	
2.113981467e+02	8.853142365e+00	8.853142365e+00	
2.105651007e+02	8.731904665e+00	8.731904665e+00	
2.097341553e+02	8.612508884e+00	8.612508884e+00	
2.089053050e+02	8.494956674e+00	8.494956674e+00	
2.080785446e+02	8.338080479e+00	8.338080479e+00	
2.072538689e+02	8.158541890e+00	8.158541890e+00	
2.064312725e+02	7.984149655e+00	7.984149655e+00	
2.056107502e+02	7.814809645e+00	7.814809645e+00	
2.047922969e+02	7.650426590e+00	7.650426590e+00	
2.039759072e+02	7.490901058e+00	7.490901058e+00	
2.031615760e+02	7.336141912e+00	7.336141912e+00	
2.023492981e+02	7.186047574e+00	7.186047574e+00	
2.015390683e+02	7.040521323e+00	7.040521323e+00	
2.007308815e+02	6.899472947e+00	6.899472947e+00	
1.999247324e+02	6.763083327e+00	6.763083327e+00	
1.991206161e+02	6.630706434e+00	6.630706434e+00	
1.983185272e+02	6.502520997e+00	6.502520997e+00	
1.975184608e+02	6.326798128e+00	6.326798128e+00	
1.967204117e+02	6.156257560e+00	6.156257560e+00	
1.959243748e+02	5.993453019e+00	5.993453019e+00	
1.951303451e+02	5.838097777e+00	5.838097777e+00	
1.943383174e+02	5.689916540e+00	5.689916540e+00	
1.935482869e+02	5.548632828e+00	5.548632828e+00	
1.927602483e+02	5.413985230e+00	5.413985230e+00	
1.919741968e+02	5.285722607e+00	5.285722607e+00	
1.911901272e+02	5.163599050e+00	5.163599050e+00	
1.904080346e+02	5.047376066e+00	5.047376066e+00	
1.896279140e+02	4.936826042e+00	4.936826042e+00	
1.888497605e+02	4.831730175e+00	4.831730175e+00	
1.880735690e+02	4.731873610e+00	4.731873610e+00	
1.872993346e+02	4.560188225e+00	4.560188225e+00	
1.865270524e+02	4.392705185e+00	4.392705185e+00	
1.857567175e+02	4.239504514e+00	4.239504514e+00	
1.849883250e+02	4.099520695e+00	4.099520695e+00	
1.842218699e+02	3.971765192e+00	3.971765192e+00	
1.834573473e+02	3.855323446e+00	3.855323446e+00	
1.826947525e+02	3.749344077e+00	3.749344077e+00	
1.819340805e+02	3.653040383e+00	3.653040383e+00	
1.811753265e+02	3.565678771e+00	3.565678771e+00	
1.804184857e+02	3.486585031e+00	3.486585031e+00	
1.796635532e+02	3.415132208e+00	3.415132208e+00	
1.789105242e+02	3.350736654e+00	3.350736654e+00	
1.781593939e+02	3.292863443e+00	3.292863443e+00	
1.774101575e+02	3.236182629e+00	3.236182629e+00	
1.766628103e+02	3.178130977e+00	3.178130977e+00	
1.759173475e+02	3.127251444e+00	3.127251444e+00	
1.751737644e+02	3.082887969e+00	3.082887969e+00	
1.744320561e+02	3.044445324e+00	3.044445324e+00	
1.736922180e+02	3.011378681e+00	3.011378681e+00	
1.729542454e+02	2.983193307e+00	2.983193307e+00	
1.722181336e+02	2.959438301e+00	2.959438301e+00	
1.714838778e+02	2.939703169e+00	2.939703169e+00	
1.707514733e+02	2.923612660e+00	2.923612660e+00	
1.700209156e+02	2.910827867e+00	2.910827867e+00	
1.692922000e+02	2.901035492e+00	2.901035492e+00	
1.685653218e+02	2.893954703e+00	2.893954703e+00	
1.678402763e+02	2.889326741e+00	2.889326741e+00	
1.671170590e+02	2.889092012e+00	2.889092012e+00	
1.663956653e+02	2.893923455e+00	2.893923455e+00	
1.656760905e+02	2.899701800e+00	2.899701800e+00	
1.649583301e+02	2.906354206e+00	2.906354206e+00	
1.642423794e+02	2.913812263e+00	2.913812263e+00	
1.635282340e+02	2.922009766e+00	2.922009766e+00	
1.628158893e+02	2.930885563e+00	2.930885563e+00	
1.621053407e+02	2.940381857e+00	2.940381857e+00	
1.613965837e+02	2.950442499e+00	2.950442499e+00	
1.606896138e+02	2.961016510e+00	2.961016510e+00	
1.599844265e+02	2.972552695e+00	2.972552695e+00	
1.592810173e+02	2.984028482e+00	2.984028482e+00	
1.585793817e+02	2.995882034e+00	2.995882034e+00	
1.578795152e+02	3.008068620e+00	3.008068620e+00	
1.571814134e+02	3.020548526e+00	3.020548526e+00	
1.564850718e+02	3.031996865e+00	3.031996865e+00	
1.557904860e+02	3.043682062e+00	3.043682062e+00	
1.550976516e+02	3.055761286e+00	3.055761286e+00	
1.544065641e+02	3.068174586e+00	3.068174586e+00	
1.537172191e+02	3.080869141e+00	3.080869141e+00	
1.530296123e+02	3.093792906e+00	3.093792906e+00	
1.523437392e+02	3.106894458e+00	3.106894458e+00	
1.516595956e+02	3.120130194e+00	3.120130194e+00	
1.509771769e+02	3.133456046e+00	3.133456046e+00	
1.502964790e+02	3.146829676e+00	3.146829676e+00	
1.496174973e+02	3.160211889e+00	3.160211889e+00	
1.489402277e+02	3.173563848e+00	3.173563848e+00	
1.482646658e+02	3.186847583e+00	3.186847583e+00	
1.475908073e+02	3.200027481e+00	3.200027481e+00	
1.469186479e+02	3.213067549e+00	3.213067549e+00	
1.462481833e+02	3.226073745e+00	3.226073745e+00	
1.455794092e+02	3.238877586e+00	3.238877586e+00	
1.449123214e+02	3.251408837e+00	3.251408837e+00	
1.442469156e+02	3.263638874e+00	3.263638874e+00	
1.435831876e+02	3.275534952e+00	3.275534952e+00	
1.429211332e+02	3.287064463e+00	3.287064463e+00	
1.422607480e+02	3.298194606e+00	3.298194606e+00	
1.416020281e+02	3.308889406e+00	3.308889406e+00	
1.409449690e+02	3.319115047e+00	3.319115047e+00	
1.402895667e+02	3.328833291e+00	3.328833291e+00	
1.396358169e+02	3.338006288e+00	3.338006288e+00	
1.389837155e+02	3.346595380e+00	3.346595380e+00	
1.383332584e+02	3.354557275e+00	3.354557275e+00	
1.376844413e+02	3.361849797e+00	3.361849797e+00	
1.370372602e+02	3.368426523e+00	3.368426523e+00	
1.363917109e+02	3.374297850e+00	3.374297850e+00	
1.357477894e+02	3.379647196e+00	3.379647196e+00	
1.351054914e+02	3.384094865e+00	3.384094865e+00	
1.344648130e+02	3.387590527e+00	3.387590527e+00	
1.338257500e+02	3.390079616e+00	3.390079616e+00	
1.331882984e+02	3.391506107e+00	3.391506107e+00	
1.325524540e+02	3.391810171e+00	3.391810171e+00	
1.319182130e+02	3.390928856e+00	3.390928856e+00	
1.312855711e+02	3.388797663e+00	3.388797663e+00	
1.306545244e+02	3.385346142e+00	3.385346142e+00	
1.300250688e+02	3.380503146e+00	3.380503146e+00	
1.293972003e+02	3.374191609e+00	3.374191609e+00	
1.287709150e+02	3.366333645e+00	3.366333645e+00	
1.281462089e+02	3.356846811e+00	3.356846811e+00	
1.275230779e+02	3.345644475e+00	3.345644475e+00	
1.269015181e+02	3.332636920e+00	3.332636920e+00	
1.262815255e+02	3.317731088e+00	3.317731088e+00	
1.256630962e+02	3.301176973e+00	3.301176973e+00	
1.250462262e+02	3.282484457e+00	3.282484457e+00	
1.244309116e+02	3.261600819e+00	3.261600819e+00	
1.238171485e+02	3.238420201e+00	3.238420201e+00	
1.232049330e+02	3.212833832e+00	3.212833832e+00	
1.225942612e+02	3.184704026e+00	3.184704026e+00	
1.219851291e+02	3.153989458e+00	3.153989458e+00	
1.213775329e+02	3.120509192e+00	3.120509192e+00	
1.207714687e+02	3.084137559e+00	3.084137559e+00	
1.201669327e+02	3.044748029e+00	3.044748029e+00	
1.195639210e+02	3.002215669e+00	3.002215669e+00	
1.189624297e+02	2.956418746e+00	2.956418746e+00	
1.183624551e+02	2.907238863e+00	2.907238863e+00	
1.177639933e+02	2.854562233e+00	2.854562233e+00	
1.171670404e+02	2.798283842e+00	2.798283842e+00	
1.165715928e+02	2.738305582e+00	2.738305582e+00	
1.159776465e+02	2.674539664e+00	2.674539664e+00	
1.153851978e+02	2.606875309e+00	2.606875309e+00	
1.147942430e+02	2.535279653e+00	2.535279653e+00	
1.142047782e+02	2.459716393e+00	2.459716393e+00	
1.136167997e+02	2.380157011e+00	2.380157011e+00	
1.130303037e+02	2.296597055e+00	2.296597055e+00	
1.124452866e+02	2.209054363e+00	2.209054363e+00	
1.118617446e+02	2.117572880e+00	2.117572880e+00	
1.112796739e+02	2.022230961e+00	2.022230961e+00	
1.106990709e+02	1.923141878e+00	1.923141878e+00	
1.101199319e+02	1.820462594e+00	1.820462594e+00	
1.095422531e+02	1.714400243e+00	1.714400243e+00	
1.089660309e+02	1.605216825e+00	1.605216825e+00	
1.083912616e+02	1.493239253e+00	1.493239253e+00	
1.078179415e+02	1.378862402e+00	1.378862402e+00	
1.072460671e+02	1.262556616e+00	1.262556616e+00	
1.066756346e+02	1.144882281e+00	1.144882281e+00	
1.061066404e+02	1.026512251e+00	1.026512251e+00	
1.055390809e+02	9.056346727e-01	9.056346727e-01	
1.049729525e+02	7.854217831e-01	7.854217831e-01	
1.044082515e+02	6.707363247e-01	6.707363247e-01	
1.038449744e+02	5.598527794e-01	5.598527794e-01	
1.032831175e+02	4.544884505e-01	4.544884505e-01	
1.027226774e+02	3.566210199e-01	3.566210199e-01	
1.021636503e+02	2.684025092e-01	2.684025092e-01	
1.016060329e+02	1.919651533e-01	1.919651533e-01	
1.010498214e+02	1.290689657e-01	1.290689657e-01	
1.004950123e+02	8.061496461e-02	8.061496461e-02	
9.994160224e+01	4.620194152e-02	4.620194152e-02	
9.938958752e+01	2.401011760e-02	2.401011760e-02	
9.883896468e+01	1.119315216e-02	1.119315216e-02	
9.828973020e+01	4.638464132e-03	4.638464132e-03	
9.774188058e+01	1.696275256e-03	1.696275256e-03	
9.719541233e+01	5.444303204e-04	5.444303204e-04	
9.665032197e+01	1.527732665e-04	1.527732665e-04	
9.610660603e+01	3.738956524e-05	3.738956524e-05	
9.556426103e+01	7.970370734e-06	7.970370734e-06	
9.502328353e+01	1.479249087e-06	1.479249087e-06	
9.448367007e+01	2.390762343e-07	2.390762343e-07	
9.394541721e+01	3.367314329e-08	3.367314329e-08	
9.340852152e+01	4.137561463e-09	4.137561463e-09	
9.287297959e+01	4.441169252e-10	4.441169252e-10	
9.233878800e+01	4.170426625e-11	4.170426625e-11	
9.180594334e+01	3.431486105e-12	3.431486105e-12	
9.127444221e+01	2.478030558e-13	2.478030558e-13	
9.074428124e+01	1.573116247e-14	1.573116247e-14	
9.021545703e+01	8.792880030e-16	8.792880030e-16	
8.968796622e+01	4.333992022e-17	4.333992022e-17	
8.916180546e+01	1.886601271e-18	1.886601271e-18	
8.863697137e+01	7.263582167e-20	7.263582167e-20	
8.811346063e+01	2.476988808e-21	2.476988808e-21	
8.759126988e+01	7.491912326e-23	7.491912326e-23	
8.707039581e+01	2.012580772e-24	2.012580772e-24	
8.655083510e+01	4.808334809e-26	4.808334809e-26	
8.603258442e+01	1.023054346e-27	1.023054346e-27	
8.551564049e+01	1.940759238e-29	1.940759238e-29	
8.500000000e+01	1.398329695e-32	1.398329695e-32	
#	AeroPlanets 1.01
#	Copyright G Gronoff 2009
#	Report bugs : guillaume.gronoff@gmail.com
#
#	Launched :Tue Dec 19 13:05:08 2017
# Planet:Earth
# Electron impact ionization used
# Electron impact ionization error: -27.5547% (>0 : gain)

