# Volume profile of  emissions
# Emission in ph cm-3s-1 
# Altitude in Km
# Total : 4.156954837e+03 R
# 1.494000000e+02 : 4.156954837e+03 R
6.000000000e+02	1.828519033e-06	1.828519033e-06	
5.981871170e+02	1.945791645e-06	1.945791645e-06	
5.963788051e+02	2.070334289e-06	2.070334289e-06	
5.945750527e+02	2.202567177e-06	2.202567177e-06	
5.927758484e+02	2.342960633e-06	2.342960633e-06	
5.909811807e+02	2.491996260e-06	2.491996260e-06	
5.891910381e+02	2.650188563e-06	2.650188563e-06	
5.874054093e+02	2.818070325e-06	2.818070325e-06	
5.856242828e+02	2.996227218e-06	2.996227218e-06	
5.838476474e+02	3.185241289e-06	3.185241289e-06	
5.820754916e+02	3.385775147e-06	3.385775147e-06	
5.803078042e+02	3.598489772e-06	3.598489772e-06	
5.785445740e+02	3.824103684e-06	3.824103684e-06	
5.767857896e+02	4.063367995e-06	4.063367995e-06	
5.750314399e+02	4.317063398e-06	4.317063398e-06	
5.732815137e+02	4.586065842e-06	4.586065842e-06	
5.715359998e+02	4.871222374e-06	4.871222374e-06	
5.697948871e+02	5.173488491e-06	5.173488491e-06	
5.680581646e+02	5.493833520e-06	5.493833520e-06	
5.663258210e+02	5.833318348e-06	5.833318348e-06	
5.645978455e+02	6.193041730e-06	6.193041730e-06	
5.628742270e+02	6.574148678e-06	6.574148678e-06	
5.611549545e+02	6.977861957e-06	6.977861957e-06	
5.594400171e+02	7.405497219e-06	7.405497219e-06	
5.577294037e+02	7.858372329e-06	7.858372329e-06	
5.560231036e+02	8.337962818e-06	8.337962818e-06	
5.543211058e+02	8.845765861e-06	8.845765861e-06	
5.526233995e+02	9.383375702e-06	9.383375702e-06	
5.509299738e+02	9.952491495e-06	9.952491495e-06	
5.492408181e+02	1.055483853e-05	1.055483853e-05	
5.475559214e+02	1.119235503e-05	1.119235503e-05	
5.458752731e+02	1.186695247e-05	1.186695247e-05	
5.441988625e+02	1.258068580e-05	1.258068580e-05	
5.425266788e+02	1.333581093e-05	1.333581093e-05	
5.408587115e+02	1.413460184e-05	1.413460184e-05	
5.391949498e+02	1.497944323e-05	1.497944323e-05	
5.375353832e+02	1.587294781e-05	1.587294781e-05	
5.358800011e+02	1.681777588e-05	1.681777588e-05	
5.342287930e+02	1.781674901e-05	1.781674901e-05	
5.325817483e+02	1.887288309e-05	1.887288309e-05	
5.309388565e+02	1.998929950e-05	1.998929950e-05	
5.293001072e+02	2.116923597e-05	2.116923597e-05	
5.276654899e+02	2.241627777e-05	2.241627777e-05	
5.260349942e+02	2.373401453e-05	2.373401453e-05	
5.244086096e+02	2.512623087e-05	2.512623087e-05	
5.227863260e+02	2.659715815e-05	2.659715815e-05	
5.211681328e+02	2.815084882e-05	2.815084882e-05	
5.195540198e+02	2.979202680e-05	2.979202680e-05	
5.179439766e+02	3.152510629e-05	3.152510629e-05	
5.163379932e+02	3.335524091e-05	3.335524091e-05	
5.147360591e+02	3.528752977e-05	3.528752977e-05	
5.131381641e+02	3.732758078e-05	3.732758078e-05	
5.115442982e+02	3.948104945e-05	3.948104945e-05	
5.099544512e+02	4.175403648e-05	4.175403648e-05	
5.083686128e+02	4.415278445e-05	4.415278445e-05	
5.067867730e+02	4.668407020e-05	4.668407020e-05	
5.052089218e+02	4.935502249e-05	4.935502249e-05	
5.036350490e+02	5.217277067e-05	5.217277067e-05	
5.020651447e+02	5.514516703e-05	5.514516703e-05	
5.004991987e+02	5.828035840e-05	5.828035840e-05	
4.989372012e+02	6.158692721e-05	6.158692721e-05	
4.973791422e+02	6.507388209e-05	6.507388209e-05	
4.958250118e+02	6.875056536e-05	6.875056536e-05	
4.942748000e+02	7.262668626e-05	7.262668626e-05	
4.927284970e+02	7.671301718e-05	7.671301718e-05	
4.911860928e+02	8.102015657e-05	8.102015657e-05	
4.896475778e+02	8.555980071e-05	8.555980071e-05	
4.881129421e+02	9.034357301e-05	9.034357301e-05	
4.865821758e+02	9.538449243e-05	9.538449243e-05	
4.850552693e+02	1.006954974e-04	1.006954974e-04	
4.835322128e+02	1.062906444e-04	1.062906444e-04	
4.820129965e+02	1.121842233e-04	1.121842233e-04	
4.804976109e+02	1.183916739e-04	1.183916739e-04	
4.789860463e+02	1.249289938e-04	1.249289938e-04	
4.774782930e+02	1.318130910e-04	1.318130910e-04	
4.759743414e+02	1.390612807e-04	1.390612807e-04	
4.744741819e+02	1.466920405e-04	1.466920405e-04	
4.729778050e+02	1.547248833e-04	1.547248833e-04	
4.714852011e+02	1.631798664e-04	1.631798664e-04	
4.699963607e+02	1.720783832e-04	1.720783832e-04	
4.685112743e+02	1.814428260e-04	1.814428260e-04	
4.670299326e+02	1.912960902e-04	1.912960902e-04	
4.655523259e+02	2.016628100e-04	2.016628100e-04	
4.640784449e+02	2.125695238e-04	2.125695238e-04	
4.626082802e+02	2.240414478e-04	2.240414478e-04	
4.611418225e+02	2.361073738e-04	2.361073738e-04	
4.596790624e+02	2.487967024e-04	2.487967024e-04	
4.582199905e+02	2.621402168e-04	2.621402168e-04	
4.567645976e+02	2.761705957e-04	2.761705957e-04	
4.553128743e+02	2.909210720e-04	2.909210720e-04	
4.538648115e+02	3.064275182e-04	3.064275182e-04	
4.524204000e+02	3.227259965e-04	3.227259965e-04	
4.509796304e+02	3.398558602e-04	3.398558602e-04	
4.495424936e+02	3.578586941e-04	3.578586941e-04	
4.481089805e+02	3.767751108e-04	3.767751108e-04	
4.466790819e+02	3.966502449e-04	3.966502449e-04	
4.452527887e+02	4.175314455e-04	4.175314455e-04	
4.438300919e+02	4.394659335e-04	4.394659335e-04	
4.424109822e+02	4.625045014e-04	4.625045014e-04	
4.409954508e+02	4.867010403e-04	4.867010403e-04	
4.395834886e+02	5.121114793e-04	5.121114793e-04	
4.381750865e+02	5.387930221e-04	5.387930221e-04	
4.367702357e+02	5.668062101e-04	5.668062101e-04	
4.353689271e+02	5.962168944e-04	5.962168944e-04	
4.339711518e+02	6.270887067e-04	6.270887067e-04	
4.325769009e+02	6.594922119e-04	6.594922119e-04	
4.311861656e+02	6.935012454e-04	6.935012454e-04	
4.297989369e+02	7.291884717e-04	7.291884717e-04	
4.284152060e+02	7.666377734e-04	7.666377734e-04	
4.270349641e+02	8.059285237e-04	8.059285237e-04	
4.256582024e+02	8.471476545e-04	8.471476545e-04	
4.242849122e+02	8.903856080e-04	8.903856080e-04	
4.229150846e+02	9.357387925e-04	9.357387925e-04	
4.215487110e+02	9.833035337e-04	9.833035337e-04	
4.201857825e+02	1.033183505e-03	1.033183505e-03	
4.188262907e+02	1.085486963e-03	1.085486963e-03	
4.174702267e+02	1.140327348e-03	1.140327348e-03	
4.161175820e+02	1.197817087e-03	1.197817087e-03	
4.147683478e+02	1.258085646e-03	1.258085646e-03	
4.134225157e+02	1.321255624e-03	1.321255624e-03	
4.120800770e+02	1.387461909e-03	1.387461909e-03	
4.107410232e+02	1.456843934e-03	1.456843934e-03	
4.094053458e+02	1.529547897e-03	1.529547897e-03	
4.080730362e+02	1.605724838e-03	1.605724838e-03	
4.067440859e+02	1.685531044e-03	1.685531044e-03	
4.054184865e+02	1.769137661e-03	1.769137661e-03	
4.040962295e+02	1.856710245e-03	1.856710245e-03	
4.027773065e+02	1.948430163e-03	1.948430163e-03	
4.014617091e+02	2.044489702e-03	2.044489702e-03	
4.001494289e+02	2.145076917e-03	2.145076917e-03	
3.988404576e+02	2.250400150e-03	2.250400150e-03	
3.975347867e+02	2.360671884e-03	2.360671884e-03	
3.962324080e+02	2.476116265e-03	2.476116265e-03	
3.949333132e+02	2.596958952e-03	2.596958952e-03	
3.936374940e+02	2.723449060e-03	2.723449060e-03	
3.923449421e+02	2.855820717e-03	2.855820717e-03	
3.910556493e+02	2.994354211e-03	2.994354211e-03	
3.897696073e+02	3.139316491e-03	3.139316491e-03	
3.884868081e+02	3.290988237e-03	3.290988237e-03	
3.872072434e+02	3.449665479e-03	3.449665479e-03	
3.859309050e+02	3.615666175e-03	3.615666175e-03	
3.846577848e+02	3.789304192e-03	3.789304192e-03	
3.833878747e+02	3.970911509e-03	3.970911509e-03	
3.821211667e+02	4.160845065e-03	4.160845065e-03	
3.808576525e+02	4.359467523e-03	4.359467523e-03	
3.795973243e+02	4.567150715e-03	4.567150715e-03	
3.783401738e+02	4.784297116e-03	4.784297116e-03	
3.770861932e+02	5.011315905e-03	5.011315905e-03	
3.758353745e+02	5.248627191e-03	5.248627191e-03	
3.745877096e+02	5.496686956e-03	5.496686956e-03	
3.733431907e+02	5.755949457e-03	5.755949457e-03	
3.721018097e+02	6.026907101e-03	6.026907101e-03	
3.708635588e+02	6.310048631e-03	6.310048631e-03	
3.696284300e+02	6.605910587e-03	6.605910587e-03	
3.683964156e+02	6.915024982e-03	6.915024982e-03	
3.671675076e+02	7.237973966e-03	7.237973966e-03	
3.659416983e+02	7.575348495e-03	7.575348495e-03	
3.647189797e+02	7.927733698e-03	7.927733698e-03	
3.634993442e+02	8.295798874e-03	8.295798874e-03	
3.622827839e+02	8.680186188e-03	8.680186188e-03	
3.610692911e+02	9.081603900e-03	9.081603900e-03	
3.598588580e+02	9.500766016e-03	9.500766016e-03	
3.586514770e+02	9.938408205e-03	9.938408205e-03	
3.574471403e+02	1.039532221e-02	1.039532221e-02	
3.562458403e+02	1.087230704e-02	1.087230704e-02	
3.550475693e+02	1.137021446e-02	1.137021446e-02	
3.538523197e+02	1.188991544e-02	1.188991544e-02	
3.526600838e+02	1.243232041e-02	1.243232041e-02	
3.514708541e+02	1.299836780e-02	1.299836780e-02	
3.502846229e+02	1.358904014e-02	1.358904014e-02	
3.491013828e+02	1.420539086e-02	1.420539086e-02	
3.479211261e+02	1.484843316e-02	1.484843316e-02	
3.467438454e+02	1.551929612e-02	1.551929612e-02	
3.455695331e+02	1.621914229e-02	1.621914229e-02	
3.443981818e+02	1.694912012e-02	1.694912012e-02	
3.432297840e+02	1.771053637e-02	1.771053637e-02	
3.420643322e+02	1.850464067e-02	1.850464067e-02	
3.409018191e+02	1.933275866e-02	1.933275866e-02	
3.397422371e+02	2.019630835e-02	2.019630835e-02	
3.385855790e+02	2.109675905e-02	2.109675905e-02	
3.374318373e+02	2.203553986e-02	2.203553986e-02	
3.362810047e+02	2.301425978e-02	2.301425978e-02	
3.351330739e+02	2.403454607e-02	2.403454607e-02	
3.339880375e+02	2.509807436e-02	2.509807436e-02	
3.328458883e+02	2.620658410e-02	2.620658410e-02	
3.317066189e+02	2.736190463e-02	2.736190463e-02	
3.305702221e+02	2.856589779e-02	2.856589779e-02	
3.294366907e+02	2.982055495e-02	2.982055495e-02	
3.283060174e+02	3.112789019e-02	3.112789019e-02	
3.271781950e+02	3.249000735e-02	3.249000735e-02	
3.260532164e+02	3.390914572e-02	3.390914572e-02	
3.249310744e+02	3.538754086e-02	3.538754086e-02	
3.238117617e+02	3.692750237e-02	3.692750237e-02	
3.226952714e+02	3.853160865e-02	3.853160865e-02	
3.215815962e+02	4.020232819e-02	4.020232819e-02	
3.204707291e+02	4.194229368e-02	4.194229368e-02	
3.193626629e+02	4.375425561e-02	4.375425561e-02	
3.182573907e+02	4.564109592e-02	4.564109592e-02	
3.171549054e+02	4.760572907e-02	4.760572907e-02	
3.160551999e+02	4.965118928e-02	4.965118928e-02	
3.149582673e+02	5.178070522e-02	5.178070522e-02	
3.138641005e+02	5.399756194e-02	5.399756194e-02	
3.127726926e+02	5.630517545e-02	5.630517545e-02	
3.116840366e+02	5.870708052e-02	5.870708052e-02	
3.105981256e+02	6.120701852e-02	6.120701852e-02	
3.095149527e+02	6.380863765e-02	6.380863765e-02	
3.084345109e+02	6.651598221e-02	6.651598221e-02	
3.073567934e+02	6.933330681e-02	6.933330681e-02	
3.062817933e+02	7.226449038e-02	7.226449038e-02	
3.052095037e+02	7.531436368e-02	7.531436368e-02	
3.041399179e+02	7.848723036e-02	7.848723036e-02	
3.030730290e+02	8.178787609e-02	8.178787609e-02	
3.020088301e+02	8.522132807e-02	8.522132807e-02	
3.009473146e+02	8.879233183e-02	8.879233183e-02	
2.998884756e+02	9.250668937e-02	9.250668937e-02	
2.988323065e+02	9.636958983e-02	9.636958983e-02	
2.977788003e+02	1.003865069e-01	1.003865069e-01	
2.967279506e+02	1.045637287e-01	1.045637287e-01	
2.956797505e+02	1.089069217e-01	1.089069217e-01	
2.946341934e+02	1.134226632e-01	1.134226632e-01	
2.935912726e+02	1.181173003e-01	1.181173003e-01	
2.925509814e+02	1.229975982e-01	1.229975982e-01	
2.915133133e+02	1.280708588e-01	1.280708588e-01	
2.904782616e+02	1.333438978e-01	1.333438978e-01	
2.894458198e+02	1.388245069e-01	1.388245069e-01	
2.884159812e+02	1.445204405e-01	1.445204405e-01	
2.873887392e+02	1.504397288e-01	1.504397288e-01	
2.863640874e+02	1.565906704e-01	1.565906704e-01	
2.853420192e+02	1.629818076e-01	1.629818076e-01	
2.843225281e+02	1.696221702e-01	1.696221702e-01	
2.833056075e+02	1.765212881e-01	1.765212881e-01	
2.822912511e+02	1.836882932e-01	1.836882932e-01	
2.812794523e+02	1.911333243e-01	1.911333243e-01	
2.802702047e+02	1.988667558e-01	1.988667558e-01	
2.792635019e+02	2.068992723e-01	2.068992723e-01	
2.782593374e+02	2.152413455e-01	2.152413455e-01	
2.772577048e+02	2.239051908e-01	2.239051908e-01	
2.762585978e+02	2.329017637e-01	2.329017637e-01	
2.752620100e+02	2.422437893e-01	2.422437893e-01	
2.742679350e+02	2.519438430e-01	2.519438430e-01	
2.732763666e+02	2.620148966e-01	2.620148966e-01	
2.722872983e+02	2.724704850e-01	2.724704850e-01	
2.713007239e+02	2.833247831e-01	2.833247831e-01	
2.703166371e+02	2.945918587e-01	2.945918587e-01	
2.693350316e+02	3.062873189e-01	3.062873189e-01	
2.683559011e+02	3.184261237e-01	3.184261237e-01	
2.673792395e+02	3.310241182e-01	3.310241182e-01	
2.664050405e+02	3.440986503e-01	3.440986503e-01	
2.654332979e+02	3.576662196e-01	3.576662196e-01	
2.644640054e+02	3.717447051e-01	3.717447051e-01	
2.634971570e+02	3.863531538e-01	3.863531538e-01	
2.625327464e+02	4.015098615e-01	4.015098615e-01	
2.615707676e+02	4.172347042e-01	4.172347042e-01	
2.606112143e+02	4.335480351e-01	4.335480351e-01	
2.596540804e+02	4.504707215e-01	4.504707215e-01	
2.586993600e+02	4.680242999e-01	4.680242999e-01	
2.577470467e+02	4.862325501e-01	4.862325501e-01	
2.567971347e+02	5.051169101e-01	5.051169101e-01	
2.558496179e+02	5.247029726e-01	5.247029726e-01	
2.549044901e+02	5.450149718e-01	5.450149718e-01	
2.539617455e+02	5.660792630e-01	5.660792630e-01	
2.530213779e+02	5.879218515e-01	5.879218515e-01	
2.520833814e+02	6.105705993e-01	6.105705993e-01	
2.511477500e+02	6.340519174e-01	6.340519174e-01	
2.502144777e+02	6.583963603e-01	6.583963603e-01	
2.492835587e+02	6.836339630e-01	6.836339630e-01	
2.483549869e+02	7.097957789e-01	7.097957789e-01	
2.474287564e+02	7.369141536e-01	7.369141536e-01	
2.465048614e+02	7.650231825e-01	7.650231825e-01	
2.455832959e+02	7.941582736e-01	7.941582736e-01	
2.446640541e+02	8.243547862e-01	8.243547862e-01	
2.437471301e+02	8.556487147e-01	8.556487147e-01	
2.428325181e+02	8.880813508e-01	8.880813508e-01	
2.419202122e+02	9.216909120e-01	9.216909120e-01	
2.410102066e+02	9.565191027e-01	9.565191027e-01	
2.401024956e+02	9.926085338e-01	9.926085338e-01	
2.391970733e+02	1.030004181e+00	1.030004181e+00	
2.382939340e+02	1.068750473e+00	1.068750473e+00	
2.373930719e+02	1.108895940e+00	1.108895940e+00	
2.364944812e+02	1.150489343e+00	1.150489343e+00	
2.355981563e+02	1.193580935e+00	1.193580935e+00	
2.347040915e+02	1.238224637e+00	1.238224637e+00	
2.338122810e+02	1.284474571e+00	1.284474571e+00	
2.329227191e+02	1.332386619e+00	1.332386619e+00	
2.320354002e+02	1.382019048e+00	1.382019048e+00	
2.311503186e+02	1.433433233e+00	1.433433233e+00	
2.302674687e+02	1.486690485e+00	1.486690485e+00	
2.293868449e+02	1.541857907e+00	1.541857907e+00	
2.285084415e+02	1.599000225e+00	1.599000225e+00	
2.276322529e+02	1.658188994e+00	1.658188994e+00	
2.267582736e+02	1.719495475e+00	1.719495475e+00	
2.258864980e+02	1.782994258e+00	1.782994258e+00	
2.250169205e+02	1.848763468e+00	1.848763468e+00	
2.241495357e+02	1.916882727e+00	1.916882727e+00	
2.232843378e+02	1.987435528e+00	1.987435528e+00	
2.224213216e+02	2.060507516e+00	2.060507516e+00	
2.215604813e+02	2.136188873e+00	2.136188873e+00	
2.207018116e+02	2.214570702e+00	2.214570702e+00	
2.198453071e+02	2.295750736e+00	2.295750736e+00	
2.189909621e+02	2.379826436e+00	2.379826436e+00	
2.181387713e+02	2.466901856e+00	2.466901856e+00	
2.172887293e+02	2.557083736e+00	2.557083736e+00	
2.164408306e+02	2.650482797e+00	2.650482797e+00	
2.155950698e+02	2.747214736e+00	2.747214736e+00	
2.147514416e+02	2.847395468e+00	2.847395468e+00	
2.139099405e+02	2.951150691e+00	2.951150691e+00	
2.130705612e+02	3.058609057e+00	3.058609057e+00	
2.122332984e+02	3.169901055e+00	3.169901055e+00	
2.113981467e+02	3.285165423e+00	3.285165423e+00	
2.105651007e+02	3.404545013e+00	3.404545013e+00	
2.097341553e+02	3.528187771e+00	3.528187771e+00	
2.089053050e+02	3.656247787e+00	3.656247787e+00	
2.080785446e+02	3.788885585e+00	3.788885585e+00	
2.072538689e+02	3.926261901e+00	3.926261901e+00	
2.064312725e+02	4.068552276e+00	4.068552276e+00	
2.056107502e+02	4.215936612e+00	4.215936612e+00	
2.047922969e+02	4.368593226e+00	4.368593226e+00	
2.039759072e+02	4.526721493e+00	4.526721493e+00	
2.031615760e+02	4.690513001e+00	4.690513001e+00	
2.023492981e+02	4.860180450e+00	4.860180450e+00	
2.015390683e+02	5.035940452e+00	5.035940452e+00	
2.007308815e+02	5.218008231e+00	5.218008231e+00	
1.999247324e+02	5.406621837e+00	5.406621837e+00	
1.991206161e+02	5.602018955e+00	5.602018955e+00	
1.983185272e+02	5.804454756e+00	5.804454756e+00	
1.975184608e+02	6.014186713e+00	6.014186713e+00	
1.967204117e+02	6.231483187e+00	6.231483187e+00	
1.959243748e+02	6.456629444e+00	6.456629444e+00	
1.951303451e+02	6.689917507e+00	6.689917507e+00	
1.943383174e+02	6.931647341e+00	6.931647341e+00	
1.935482869e+02	7.182140043e+00	7.182140043e+00	
1.927602483e+02	7.441722668e+00	7.441722668e+00	
1.919741968e+02	7.710740799e+00	7.710740799e+00	
1.911901272e+02	7.989549291e+00	7.989549291e+00	
1.904080346e+02	8.278519562e+00	8.278519562e+00	
1.896279140e+02	8.578042331e+00	8.578042331e+00	
1.888497605e+02	8.888511041e+00	8.888511041e+00	
1.880735690e+02	9.210362740e+00	9.210362740e+00	
1.872993346e+02	9.544018840e+00	9.544018840e+00	
1.865270524e+02	9.889942631e+00	9.889942631e+00	
1.857567175e+02	1.024861518e+01	1.024861518e+01	
1.849883250e+02	1.062052443e+01	1.062052443e+01	
1.842218699e+02	1.100619719e+01	1.100619719e+01	
1.834573473e+02	1.140616208e+01	1.140616208e+01	
1.826947525e+02	1.182099376e+01	1.182099376e+01	
1.819340805e+02	1.225127727e+01	1.225127727e+01	
1.811753265e+02	1.269762755e+01	1.269762755e+01	
1.804184857e+02	1.316068797e+01	1.316068797e+01	
1.796635532e+02	1.364113445e+01	1.364113445e+01	
1.789105242e+02	1.413967267e+01	1.413967267e+01	
1.781593939e+02	1.465702894e+01	1.465702894e+01	
1.774101575e+02	1.519398251e+01	1.519398251e+01	
1.766628103e+02	1.575133227e+01	1.575133227e+01	
1.759173475e+02	1.632992790e+01	1.632992790e+01	
1.751737644e+02	1.693063920e+01	1.693063920e+01	
1.744320561e+02	1.755440787e+01	1.755440787e+01	
1.736922180e+02	1.820218446e+01	1.820218446e+01	
1.729542454e+02	1.887500418e+01	1.887500418e+01	
1.722181336e+02	1.957391475e+01	1.957391475e+01	
1.714838778e+02	2.030006605e+01	2.030006605e+01	
1.707514733e+02	2.105458865e+01	2.105458865e+01	
1.700209156e+02	2.183875711e+01	2.183875711e+01	
1.692922000e+02	2.265384664e+01	2.265384664e+01	
1.685653218e+02	2.350123241e+01	2.350123241e+01	
1.678402763e+02	2.438233564e+01	2.438233564e+01	
1.671170590e+02	2.529865304e+01	2.529865304e+01	
1.663956653e+02	2.625180529e+01	2.625180529e+01	
1.656760905e+02	2.724343464e+01	2.724343464e+01	
1.649583301e+02	2.827529279e+01	2.827529279e+01	
1.642423794e+02	2.934924638e+01	2.934924638e+01	
1.635282340e+02	3.046727979e+01	3.046727979e+01	
1.628158893e+02	3.163139805e+01	3.163139805e+01	
1.621053407e+02	3.284381029e+01	3.284381029e+01	
1.613965837e+02	3.410680786e+01	3.410680786e+01	
1.606896138e+02	3.542280975e+01	3.542280975e+01	
1.599844265e+02	3.680088285e+01	3.680088285e+01	
1.592810173e+02	3.823120986e+01	3.823120986e+01	
1.585793817e+02	3.972279645e+01	3.972279645e+01	
1.578795152e+02	4.127856865e+01	4.127856865e+01	
1.571814134e+02	4.290183821e+01	4.290183821e+01	
1.564850718e+02	4.459590181e+01	4.459590181e+01	
1.557904860e+02	4.636451419e+01	4.636451419e+01	
1.550976516e+02	4.821140439e+01	4.821140439e+01	
1.544065641e+02	5.014068264e+01	5.014068264e+01	
1.537172191e+02	5.215669896e+01	5.215669896e+01	
1.530296123e+02	5.426403969e+01	5.426403969e+01	
1.523437392e+02	5.646757826e+01	5.646757826e+01	
1.516595956e+02	5.877249763e+01	5.877249763e+01	
1.509771769e+02	6.118435725e+01	6.118435725e+01	
1.502964790e+02	6.370904841e+01	6.370904841e+01	
1.496174973e+02	6.635286979e+01	6.635286979e+01	
1.489402277e+02	6.912247035e+01	6.912247035e+01	
1.482646658e+02	7.202507793e+01	7.202507793e+01	
1.475908073e+02	7.506827983e+01	7.506827983e+01	
1.469186479e+02	7.826021030e+01	7.826021030e+01	
1.462481833e+02	8.160973855e+01	8.160973855e+01	
1.455794092e+02	8.512611481e+01	8.512611481e+01	
1.449123214e+02	8.881932732e+01	8.881932732e+01	
1.442469156e+02	9.270019884e+01	9.270019884e+01	
1.435831876e+02	9.678020753e+01	9.678020753e+01	
1.429211332e+02	1.010718427e+02	1.010718427e+02	
1.422607480e+02	1.055882459e+02	1.055882459e+02	
1.416020281e+02	1.103437463e+02	1.103437463e+02	
1.409449690e+02	1.153540132e+02	1.153540132e+02	
1.402895667e+02	1.206354287e+02	1.206354287e+02	
1.396358169e+02	1.262060292e+02	1.262060292e+02	
1.389837155e+02	1.320852480e+02	1.320852480e+02	
1.383332584e+02	1.382941423e+02	1.382941423e+02	
1.376844413e+02	1.448550797e+02	1.448550797e+02	
1.370372602e+02	1.517930773e+02	1.517930773e+02	
1.363917109e+02	1.591347123e+02	1.591347123e+02	
1.357477894e+02	1.669089346e+02	1.669089346e+02	
1.351054914e+02	1.751473899e+02	1.751473899e+02	
1.344648130e+02	1.838843425e+02	1.838843425e+02	
1.338257500e+02	1.931574184e+02	1.931574184e+02	
1.331882984e+02	2.030073213e+02	2.030073213e+02	
1.325524540e+02	2.134785183e+02	2.134785183e+02	
1.319182130e+02	2.246204170e+02	2.246204170e+02	
1.312855711e+02	2.364861390e+02	2.364861390e+02	
1.306545244e+02	2.491342427e+02	2.491342427e+02	
1.300250688e+02	2.626293091e+02	2.626293091e+02	
1.293972003e+02	2.770421333e+02	2.770421333e+02	
1.287709150e+02	2.924503884e+02	2.924503884e+02	
1.281462089e+02	3.089399945e+02	3.089399945e+02	
1.275230779e+02	3.266055352e+02	3.266055352e+02	
1.269015181e+02	3.455514065e+02	3.455514065e+02	
1.262815255e+02	3.658934721e+02	3.658934721e+02	
1.256630962e+02	3.877595665e+02	3.877595665e+02	
1.250462262e+02	4.112917606e+02	4.112917606e+02	
1.244309116e+02	4.366482661e+02	4.366482661e+02	
1.238171485e+02	4.640042961e+02	4.640042961e+02	
1.232049330e+02	4.935558229e+02	4.935558229e+02	
1.225942612e+02	5.249777495e+02	5.249777495e+02	
1.219851291e+02	5.599460975e+02	5.599460975e+02	
1.213775329e+02	5.979403342e+02	5.979403342e+02	
1.207714687e+02	6.391674122e+02	6.391674122e+02	
1.201669327e+02	6.838404760e+02	6.838404760e+02	
1.195639210e+02	7.321752726e+02	7.321752726e+02	
1.189624297e+02	7.843875001e+02	7.843875001e+02	
1.183624551e+02	8.406900884e+02	8.406900884e+02	
1.177639933e+02	9.012837235e+02	9.012837235e+02	
1.171670404e+02	9.663518735e+02	9.663518735e+02	
1.165715928e+02	1.036050991e+03	1.036050991e+03	
1.159776465e+02	1.110501495e+03	1.110501495e+03	
1.153851978e+02	1.189768762e+03	1.189768762e+03	
1.147942430e+02	1.273852665e+03	1.273852665e+03	
1.142047782e+02	1.362660563e+03	1.362660563e+03	
1.136167997e+02	1.455988464e+03	1.455988464e+03	
1.130303037e+02	1.553486706e+03	1.553486706e+03	
1.124452866e+02	1.654631428e+03	1.654631428e+03	
1.118617446e+02	1.758683891e+03	1.758683891e+03	
1.112796739e+02	1.864649848e+03	1.864649848e+03	
1.106990709e+02	1.971220203e+03	1.971220203e+03	
1.101199319e+02	2.076745267e+03	2.076745267e+03	
1.095422531e+02	2.179147371e+03	2.179147371e+03	
1.089660309e+02	2.275793477e+03	2.275793477e+03	
1.083912616e+02	2.363495731e+03	2.363495731e+03	
1.078179415e+02	2.438483032e+03	2.438483032e+03	
1.072460671e+02	2.496407655e+03	2.496407655e+03	
1.066756346e+02	2.532372166e+03	2.532372166e+03	
1.061066404e+02	2.541016767e+03	2.541016767e+03	
1.055390809e+02	2.516767967e+03	2.516767967e+03	
1.049729525e+02	2.454180106e+03	2.454180106e+03	
1.044082515e+02	2.348561558e+03	2.348561558e+03	
1.038449744e+02	2.196757887e+03	2.196757887e+03	
1.032831175e+02	1.998291995e+03	1.998291995e+03	
1.027226774e+02	1.756693832e+03	1.756693832e+03	
1.021636503e+02	1.480846088e+03	1.480846088e+03	
1.016060329e+02	1.185819926e+03	1.185819926e+03	
1.010498214e+02	8.922421034e+02	8.922421034e+02	
1.004950123e+02	6.232747947e+02	6.232747947e+02	
9.994160224e+01	3.992093692e+02	3.992093692e+02	
9.938958752e+01	2.316451677e+02	2.316451677e+02	
9.883896468e+01	1.204620736e+02	1.204620736e+02	
9.828973020e+01	5.562842893e+01	5.562842893e+01	
9.774188058e+01	2.264514238e+01	2.264514238e+01	
9.719541233e+01	8.081419404e+00	8.081419404e+00	
9.665032197e+01	2.518574572e+00	2.518574572e+00	
9.610660603e+01	6.837636654e-01	6.837636654e-01	
9.556426103e+01	1.614968835e-01	1.614968835e-01	
9.502328353e+01	3.316958638e-02	3.316958638e-02	
9.448367007e+01	5.925645348e-03	5.925645348e-03	
9.394541721e+01	9.214735381e-04	9.214735381e-04	
9.340852152e+01	1.248687371e-04	1.248687371e-04	
9.287297959e+01	1.476535472e-05	1.476535472e-05	
9.233878800e+01	1.525846804e-06	1.525846804e-06	
9.180594334e+01	1.380271560e-07	1.380271560e-07	
9.127444221e+01	1.094798886e-08	1.094798886e-08	
9.074428124e+01	7.627008123e-10	7.627008123e-10	
9.021545703e+01	4.674544945e-11	4.674544945e-11	
8.968796622e+01	2.524591762e-12	2.524591762e-12	
8.916180546e+01	1.203307665e-13	1.203307665e-13	
8.863697137e+01	5.069240599e-15	5.069240599e-15	
8.811346063e+01	1.890244805e-16	1.890244805e-16	
8.759126988e+01	6.247380454e-18	6.247380454e-18	
8.707039581e+01	1.832668341e-19	1.832668341e-19	
8.655083510e+01	4.778211158e-21	4.778211158e-21	
8.603258442e+01	1.108738642e-22	1.108738642e-22	
8.551564049e+01	2.292360191e-24	2.292360191e-24	
8.500000000e+01	1.902880481e-27	1.902880481e-27	
#	AeroPlanets 1.01
#	Copyright G Gronoff 2009
#	Report bugs : guillaume.gronoff@gmail.com
#
#	Launched :Tue Dec 19 13:05:08 2017
# Planet:Earth
# Electron impact ionization used
# Electron impact ionization error: -27.5547% (>0 : gain)

