# Volume profile of  emissions
# Emission in ph cm-3s-1 
# Altitude in Km
# Total : 1.861185677e+04 R
# 4.278000000e+02 : 1.861185677e+04 R
6.000000000e+02	7.976971938e-06	7.976971938e-06	
5.981871170e+02	8.488709844e-06	8.488709844e-06	
5.963788051e+02	9.032182956e-06	9.032182956e-06	
5.945750527e+02	9.609226672e-06	9.609226672e-06	
5.927758484e+02	1.022189506e-05	1.022189506e-05	
5.909811807e+02	1.087229168e-05	1.087229168e-05	
5.891910381e+02	1.156266391e-05	1.156266391e-05	
5.874054093e+02	1.229533902e-05	1.229533902e-05	
5.856242828e+02	1.307287547e-05	1.307287547e-05	
5.838476474e+02	1.389781602e-05	1.389781602e-05	
5.820754916e+02	1.477305532e-05	1.477305532e-05	
5.803078042e+02	1.570148126e-05	1.570148126e-05	
5.785445740e+02	1.668623330e-05	1.668623330e-05	
5.767857896e+02	1.773059331e-05	1.773059331e-05	
5.750314399e+02	1.883797277e-05	1.883797277e-05	
5.732815137e+02	2.001219927e-05	2.001219927e-05	
5.715359998e+02	2.125697481e-05	2.125697481e-05	
5.697948871e+02	2.257647514e-05	2.257647514e-05	
5.680581646e+02	2.397493699e-05	2.397493699e-05	
5.663258210e+02	2.545699733e-05	2.545699733e-05	
5.645978455e+02	2.702745893e-05	2.702745893e-05	
5.628742270e+02	2.869132736e-05	2.869132736e-05	
5.611549545e+02	3.045394827e-05	3.045394827e-05	
5.594400171e+02	3.232107348e-05	3.232107348e-05	
5.577294037e+02	3.429846546e-05	3.429846546e-05	
5.560231036e+02	3.639257587e-05	3.639257587e-05	
5.543211058e+02	3.860995196e-05	3.860995196e-05	
5.526233995e+02	4.095756576e-05	4.095756576e-05	
5.509299738e+02	4.344284838e-05	4.344284838e-05	
5.492408181e+02	4.607334669e-05	4.607334669e-05	
5.475559214e+02	4.885753832e-05	4.885753832e-05	
5.458752731e+02	5.180378573e-05	5.180378573e-05	
5.441988625e+02	5.492107961e-05	5.492107961e-05	
5.425266788e+02	5.821928946e-05	5.821928946e-05	
5.408587115e+02	6.170836595e-05	6.170836595e-05	
5.391949498e+02	6.539874511e-05	6.539874511e-05	
5.375353832e+02	6.930186082e-05	6.930186082e-05	
5.358800011e+02	7.342935743e-05	7.342935743e-05	
5.342287930e+02	7.779358607e-05	7.779358607e-05	
5.325817483e+02	8.240774926e-05	8.240774926e-05	
5.309388565e+02	8.728551275e-05	8.728551275e-05	
5.293001072e+02	9.244105437e-05	9.244105437e-05	
5.276654899e+02	9.789007283e-05	9.789007283e-05	
5.260349942e+02	1.036482902e-04	1.036482902e-04	
5.244086096e+02	1.097322842e-04	1.097322842e-04	
5.227863260e+02	1.161605881e-04	1.161605881e-04	
5.211681328e+02	1.229509582e-04	1.229509582e-04	
5.195540198e+02	1.301240894e-04	1.301240894e-04	
5.179439766e+02	1.376993290e-04	1.376993290e-04	
5.163379932e+02	1.456992606e-04	1.456992606e-04	
5.147360591e+02	1.541462364e-04	1.541462364e-04	
5.131381641e+02	1.630648380e-04	1.630648380e-04	
5.115442982e+02	1.724798620e-04	1.724798620e-04	
5.099544512e+02	1.824180587e-04	1.824180587e-04	
5.083686128e+02	1.929068066e-04	1.929068066e-04	
5.067867730e+02	2.039758282e-04	2.039758282e-04	
5.052089218e+02	2.156563936e-04	2.156563936e-04	
5.036350490e+02	2.279797868e-04	2.279797868e-04	
5.020651447e+02	2.409804626e-04	2.409804626e-04	
5.004991987e+02	2.546941739e-04	2.546941739e-04	
4.989372012e+02	2.691585923e-04	2.691585923e-04	
4.973791422e+02	2.844132654e-04	2.844132654e-04	
4.958250118e+02	3.004992161e-04	3.004992161e-04	
4.942748000e+02	3.174590871e-04	3.174590871e-04	
4.927284970e+02	3.353401858e-04	3.353401858e-04	
4.911860928e+02	3.541890784e-04	3.541890784e-04	
4.896475778e+02	3.740571512e-04	3.740571512e-04	
4.881129421e+02	3.949954931e-04	3.949954931e-04	
4.865821758e+02	4.170613180e-04	4.170613180e-04	
4.850552693e+02	4.403115149e-04	4.403115149e-04	
4.835322128e+02	4.648078880e-04	4.648078880e-04	
4.820129965e+02	4.906132891e-04	4.906132891e-04	
4.804976109e+02	5.177956329e-04	5.177956329e-04	
4.789860463e+02	5.464253026e-04	5.464253026e-04	
4.774782930e+02	5.765767026e-04	5.765767026e-04	
4.759743414e+02	6.083260544e-04	6.083260544e-04	
4.744741819e+02	6.417547064e-04	6.417547064e-04	
4.729778050e+02	6.769485788e-04	6.769485788e-04	
4.714852011e+02	7.139960206e-04	7.139960206e-04	
4.699963607e+02	7.529912746e-04	7.529912746e-04	
4.685112743e+02	7.940330073e-04	7.940330073e-04	
4.670299326e+02	8.372221454e-04	8.372221454e-04	
4.655523259e+02	8.826672831e-04	8.826672831e-04	
4.640784449e+02	9.304854166e-04	9.304854166e-04	
4.626082802e+02	9.807878222e-04	9.807878222e-04	
4.611418225e+02	1.033701500e-03	1.033701500e-03	
4.596790624e+02	1.089356195e-03	1.089356195e-03	
4.582199905e+02	1.147887786e-03	1.147887786e-03	
4.567645976e+02	1.209440543e-03	1.209440543e-03	
4.553128743e+02	1.274161256e-03	1.274161256e-03	
4.538648115e+02	1.342208379e-03	1.342208379e-03	
4.524204000e+02	1.413741304e-03	1.413741304e-03	
4.509796304e+02	1.488933947e-03	1.488933947e-03	
4.495424936e+02	1.567970129e-03	1.567970129e-03	
4.481089805e+02	1.651029535e-03	1.651029535e-03	
4.466790819e+02	1.738311801e-03	1.738311801e-03	
4.452527887e+02	1.830026418e-03	1.830026418e-03	
4.438300919e+02	1.926382470e-03	1.926382470e-03	
4.424109822e+02	2.027604859e-03	2.027604859e-03	
4.409954508e+02	2.133932244e-03	2.133932244e-03	
4.395834886e+02	2.245612406e-03	2.245612406e-03	
4.381750865e+02	2.362898913e-03	2.362898913e-03	
4.367702357e+02	2.486060180e-03	2.486060180e-03	
4.353689271e+02	2.615388126e-03	2.615388126e-03	
4.339711518e+02	2.751165180e-03	2.751165180e-03	
4.325769009e+02	2.893704429e-03	2.893704429e-03	
4.311861656e+02	3.043333581e-03	3.043333581e-03	
4.297989369e+02	3.200375485e-03	3.200375485e-03	
4.284152060e+02	3.365202512e-03	3.365202512e-03	
4.270349641e+02	3.538167569e-03	3.538167569e-03	
4.256582024e+02	3.719657072e-03	3.719657072e-03	
4.242849122e+02	3.910073200e-03	3.910073200e-03	
4.229150846e+02	4.109844712e-03	4.109844712e-03	
4.215487110e+02	4.319400404e-03	4.319400404e-03	
4.201857825e+02	4.539201757e-03	4.539201757e-03	
4.188262907e+02	4.769730837e-03	4.769730837e-03	
4.174702267e+02	5.011492956e-03	5.011492956e-03	
4.161175820e+02	5.264989475e-03	5.264989475e-03	
4.147683478e+02	5.530797165e-03	5.530797165e-03	
4.134225157e+02	5.809463176e-03	5.809463176e-03	
4.120800770e+02	6.101589261e-03	6.101589261e-03	
4.107410232e+02	6.407797802e-03	6.407797802e-03	
4.094053458e+02	6.728741582e-03	6.728741582e-03	
4.080730362e+02	7.065095382e-03	7.065095382e-03	
4.067440859e+02	7.417557808e-03	7.417557808e-03	
4.054184865e+02	7.786893635e-03	7.786893635e-03	
4.040962295e+02	8.173843849e-03	8.173843849e-03	
4.027773065e+02	8.579219896e-03	8.579219896e-03	
4.014617091e+02	9.003882236e-03	9.003882236e-03	
4.001494289e+02	9.448673669e-03	9.448673669e-03	
3.988404576e+02	9.914528693e-03	9.914528693e-03	
3.975347867e+02	1.040240011e-02	1.040240011e-02	
3.962324080e+02	1.091329167e-02	1.091329167e-02	
3.949333132e+02	1.144821634e-02	1.144821634e-02	
3.936374940e+02	1.200829174e-02	1.200829174e-02	
3.923449421e+02	1.259457076e-02	1.259457076e-02	
3.910556493e+02	1.320831126e-02	1.320831126e-02	
3.897696073e+02	1.385071382e-02	1.385071382e-02	
3.884868081e+02	1.452304121e-02	1.452304121e-02	
3.872072434e+02	1.522662557e-02	1.522662557e-02	
3.859309050e+02	1.596289764e-02	1.596289764e-02	
3.846577848e+02	1.673327202e-02	1.673327202e-02	
3.833878747e+02	1.753924522e-02	1.753924522e-02	
3.821211667e+02	1.838242607e-02	1.838242607e-02	
3.808576525e+02	1.926445096e-02	1.926445096e-02	
3.795973243e+02	2.018699913e-02	2.018699913e-02	
3.783401738e+02	2.115188775e-02	2.115188775e-02	
3.770861932e+02	2.216096627e-02	2.216096627e-02	
3.758353745e+02	2.321613523e-02	2.321613523e-02	
3.745877096e+02	2.431945675e-02	2.431945675e-02	
3.733431907e+02	2.547298846e-02	2.547298846e-02	
3.721018097e+02	2.667895996e-02	2.667895996e-02	
3.708635588e+02	2.793958810e-02	2.793958810e-02	
3.696284300e+02	2.925730505e-02	2.925730505e-02	
3.683964156e+02	3.063452677e-02	3.063452677e-02	
3.671675076e+02	3.207389538e-02	3.207389538e-02	
3.659416983e+02	3.357809636e-02	3.357809636e-02	
3.647189797e+02	3.514979388e-02	3.514979388e-02	
3.634993442e+02	3.679202998e-02	3.679202998e-02	
3.622827839e+02	3.850773136e-02	3.850773136e-02	
3.610692911e+02	4.030012316e-02	4.030012316e-02	
3.598588580e+02	4.217246168e-02	4.217246168e-02	
3.586514770e+02	4.412810529e-02	4.412810529e-02	
3.574471403e+02	4.617066755e-02	4.617066755e-02	
3.562458403e+02	4.830380073e-02	4.830380073e-02	
3.550475693e+02	5.053139848e-02	5.053139848e-02	
3.538523197e+02	5.285744706e-02	5.285744706e-02	
3.526600838e+02	5.528611568e-02	5.528611568e-02	
3.514708541e+02	5.782170578e-02	5.782170578e-02	
3.502846229e+02	6.046872350e-02	6.046872350e-02	
3.491013828e+02	6.323199932e-02	6.323199932e-02	
3.479211261e+02	6.611619414e-02	6.611619414e-02	
3.467438454e+02	6.912649422e-02	6.912649422e-02	
3.455695331e+02	7.226824536e-02	7.226824536e-02	
3.443981818e+02	7.554674125e-02	7.554674125e-02	
3.432297840e+02	7.896799232e-02	7.896799232e-02	
3.420643322e+02	8.253776624e-02	8.253776624e-02	
3.409018191e+02	8.626218121e-02	8.626218121e-02	
3.397422371e+02	9.014778084e-02	9.014778084e-02	
3.385855790e+02	9.420135132e-02	9.420135132e-02	
3.374318373e+02	9.842951341e-02	9.842951341e-02	
3.362810047e+02	1.028397059e-01	1.028397059e-01	
3.351330739e+02	1.074394647e-01	1.074394647e-01	
3.339880375e+02	1.122365583e-01	1.122365583e-01	
3.328458883e+02	1.172390570e-01	1.172390570e-01	
3.317066189e+02	1.224554505e-01	1.224554505e-01	
3.305702221e+02	1.278943916e-01	1.278943916e-01	
3.294366907e+02	1.335651320e-01	1.335651320e-01	
3.283060174e+02	1.394770454e-01	1.394770454e-01	
3.271781950e+02	1.456399274e-01	1.456399274e-01	
3.260532164e+02	1.520642027e-01	1.520642027e-01	
3.249310744e+02	1.587603015e-01	1.587603015e-01	
3.238117617e+02	1.657390087e-01	1.657390087e-01	
3.226952714e+02	1.730123399e-01	1.730123399e-01	
3.215815962e+02	1.805918419e-01	1.805918419e-01	
3.204707291e+02	1.884898232e-01	1.884898232e-01	
3.193626629e+02	1.967191490e-01	1.967191490e-01	
3.182573907e+02	2.052933027e-01	2.052933027e-01	
3.171549054e+02	2.142259429e-01	2.142259429e-01	
3.160551999e+02	2.235312962e-01	2.235312962e-01	
3.149582673e+02	2.332244952e-01	2.332244952e-01	
3.138641005e+02	2.433209585e-01	2.433209585e-01	
3.127726926e+02	2.538367274e-01	2.538367274e-01	
3.116840366e+02	2.647884125e-01	2.647884125e-01	
3.105981256e+02	2.761935876e-01	2.761935876e-01	
3.095149527e+02	2.880694436e-01	2.880694436e-01	
3.084345109e+02	3.004349945e-01	3.004349945e-01	
3.073567934e+02	3.133102429e-01	3.133102429e-01	
3.062817933e+02	3.267135329e-01	3.267135329e-01	
3.052095037e+02	3.406675500e-01	3.406675500e-01	
3.041399179e+02	3.551926398e-01	3.551926398e-01	
3.030730290e+02	3.703113709e-01	3.703113709e-01	
3.020088301e+02	3.860474494e-01	3.860474494e-01	
3.009473146e+02	4.024233461e-01	4.024233461e-01	
2.998884756e+02	4.194664346e-01	4.194664346e-01	
2.988323065e+02	4.372013066e-01	4.372013066e-01	
2.977788003e+02	4.556537717e-01	4.556537717e-01	
2.967279506e+02	4.748534777e-01	4.748534777e-01	
2.956797505e+02	4.948273011e-01	4.948273011e-01	
2.946341934e+02	5.156063019e-01	5.156063019e-01	
2.935912726e+02	5.372205461e-01	5.372205461e-01	
2.925509814e+02	5.597020503e-01	5.597020503e-01	
2.915133133e+02	5.830853265e-01	5.830853265e-01	
2.904782616e+02	6.074027195e-01	6.074027195e-01	
2.894458198e+02	6.326910646e-01	6.326910646e-01	
2.884159812e+02	6.589870856e-01	6.589870856e-01	
2.873887392e+02	6.863288074e-01	6.863288074e-01	
2.863640874e+02	7.147555316e-01	7.147555316e-01	
2.853420192e+02	7.443077212e-01	7.443077212e-01	
2.843225281e+02	7.750281164e-01	7.750281164e-01	
2.833056075e+02	8.069617939e-01	8.069617939e-01	
2.822912511e+02	8.401520611e-01	8.401520611e-01	
2.812794523e+02	8.746468778e-01	8.746468778e-01	
2.802702047e+02	9.104953220e-01	9.104953220e-01	
2.792635019e+02	9.477479277e-01	9.477479277e-01	
2.782593374e+02	9.864543054e-01	9.864543054e-01	
2.772577048e+02	1.026672079e+00	1.026672079e+00	
2.762585978e+02	1.068453138e+00	1.068453138e+00	
2.752620100e+02	1.111857519e+00	1.111857519e+00	
2.742679350e+02	1.156944604e+00	1.156944604e+00	
2.732763666e+02	1.203775627e+00	1.203775627e+00	
2.722872983e+02	1.252414427e+00	1.252414427e+00	
2.713007239e+02	1.302927809e+00	1.302927809e+00	
2.703166371e+02	1.355382102e+00	1.355382102e+00	
2.693350316e+02	1.409850671e+00	1.409850671e+00	
2.683559011e+02	1.466403960e+00	1.466403960e+00	
2.673792395e+02	1.525116432e+00	1.525116432e+00	
2.664050405e+02	1.586069461e+00	1.586069461e+00	
2.654332979e+02	1.649340492e+00	1.649340492e+00	
2.644640054e+02	1.715013297e+00	1.715013297e+00	
2.634971570e+02	1.783176999e+00	1.783176999e+00	
2.625327464e+02	1.853917206e+00	1.853917206e+00	
2.615707676e+02	1.927326760e+00	1.927326760e+00	
2.606112143e+02	2.003500647e+00	2.003500647e+00	
2.596540804e+02	2.082536106e+00	2.082536106e+00	
2.586993600e+02	2.164533351e+00	2.164533351e+00	
2.577470467e+02	2.249602898e+00	2.249602898e+00	
2.567971347e+02	2.337844236e+00	2.337844236e+00	
2.558496179e+02	2.429375941e+00	2.429375941e+00	
2.549044901e+02	2.524310140e+00	2.524310140e+00	
2.539617455e+02	2.622768594e+00	2.622768594e+00	
2.530213779e+02	2.724871526e+00	2.724871526e+00	
2.520833814e+02	2.830747348e+00	2.830747348e+00	
2.511477500e+02	2.940520565e+00	2.940520565e+00	
2.502144777e+02	3.054332120e+00	3.054332120e+00	
2.492835587e+02	3.172320030e+00	3.172320030e+00	
2.483549869e+02	3.294626833e+00	3.294626833e+00	
2.474287564e+02	3.421400827e+00	3.421400827e+00	
2.465048614e+02	3.552798060e+00	3.552798060e+00	
2.455832959e+02	3.688980400e+00	3.688980400e+00	
2.446640541e+02	3.830109184e+00	3.830109184e+00	
2.437471301e+02	3.976348365e+00	3.976348365e+00	
2.428325181e+02	4.127886166e+00	4.127886166e+00	
2.419202122e+02	4.284896176e+00	4.284896176e+00	
2.410102066e+02	4.447567229e+00	4.447567229e+00	
2.401024956e+02	4.616092346e+00	4.616092346e+00	
2.391970733e+02	4.790675280e+00	4.790675280e+00	
2.382939340e+02	4.971516648e+00	4.971516648e+00	
2.373930719e+02	5.158836031e+00	5.158836031e+00	
2.364944812e+02	5.352853302e+00	5.352853302e+00	
2.355981563e+02	5.553794894e+00	5.553794894e+00	
2.347040915e+02	5.761903850e+00	5.761903850e+00	
2.338122810e+02	5.977423706e+00	5.977423706e+00	
2.329227191e+02	6.200605696e+00	6.200605696e+00	
2.320354002e+02	6.431711692e+00	6.431711692e+00	
2.311503186e+02	6.671017560e+00	6.671017560e+00	
2.302674687e+02	6.918798459e+00	6.918798459e+00	
2.293868449e+02	7.175356347e+00	7.175356347e+00	
2.285084415e+02	7.440980391e+00	7.440980391e+00	
2.276322529e+02	7.715992370e+00	7.715992370e+00	
2.267582736e+02	8.000711455e+00	8.000711455e+00	
2.258864980e+02	8.295471660e+00	8.295471660e+00	
2.250169205e+02	8.600623094e+00	8.600623094e+00	
2.241495357e+02	8.916522402e+00	8.916522402e+00	
2.232843378e+02	9.243543777e+00	9.243543777e+00	
2.224213216e+02	9.582070984e+00	9.582070984e+00	
2.215604813e+02	9.932508457e+00	9.932508457e+00	
2.207018116e+02	1.029526453e+01	1.029526453e+01	
2.198453071e+02	1.067077805e+01	1.067077805e+01	
2.189909621e+02	1.105948715e+01	1.105948715e+01	
2.181387713e+02	1.146185655e+01	1.146185655e+01	
2.172887293e+02	1.187836740e+01	1.187836740e+01	
2.164408306e+02	1.230951597e+01	1.230951597e+01	
2.155950698e+02	1.275582141e+01	1.275582141e+01	
2.147514416e+02	1.321780373e+01	1.321780373e+01	
2.139099405e+02	1.369602795e+01	1.369602795e+01	
2.130705612e+02	1.419107238e+01	1.419107238e+01	
2.122332984e+02	1.470352344e+01	1.470352344e+01	
2.113981467e+02	1.523400544e+01	1.523400544e+01	
2.105651007e+02	1.578316133e+01	1.578316133e+01	
2.097341553e+02	1.635165745e+01	1.635165745e+01	
2.089053050e+02	1.694018941e+01	1.694018941e+01	
2.080785446e+02	1.754947795e+01	1.754947795e+01	
2.072538689e+02	1.818024753e+01	1.818024753e+01	
2.064312725e+02	1.883329008e+01	1.883329008e+01	
2.056107502e+02	1.950941473e+01	1.950941473e+01	
2.047922969e+02	2.020942353e+01	2.020942353e+01	
2.039759072e+02	2.093421531e+01	2.093421531e+01	
2.031615760e+02	2.168465222e+01	2.168465222e+01	
2.023492981e+02	2.246169322e+01	2.246169322e+01	
2.015390683e+02	2.326631457e+01	2.326631457e+01	
2.007308815e+02	2.409948531e+01	2.409948531e+01	
1.999247324e+02	2.496227931e+01	2.496227931e+01	
1.991206161e+02	2.585576794e+01	2.585576794e+01	
1.983185272e+02	2.678110576e+01	2.678110576e+01	
1.975184608e+02	2.773944337e+01	2.773944337e+01	
1.967204117e+02	2.873199806e+01	2.873199806e+01	
1.959243748e+02	2.976005112e+01	2.976005112e+01	
1.951303451e+02	3.082491601e+01	3.082491601e+01	
1.943383174e+02	3.192794204e+01	3.192794204e+01	
1.935482869e+02	3.307057474e+01	3.307057474e+01	
1.927602483e+02	3.425428580e+01	3.425428580e+01	
1.919741968e+02	3.548063096e+01	3.548063096e+01	
1.911901272e+02	3.675120751e+01	3.675120751e+01	
1.904080346e+02	3.806768799e+01	3.806768799e+01	
1.896279140e+02	3.943183322e+01	3.943183322e+01	
1.888497605e+02	4.084541754e+01	4.084541754e+01	
1.880735690e+02	4.231043078e+01	4.231043078e+01	
1.872993346e+02	4.382872212e+01	4.382872212e+01	
1.865270524e+02	4.540241665e+01	4.540241665e+01	
1.857567175e+02	4.703366140e+01	4.703366140e+01	
1.849883250e+02	4.872463933e+01	4.872463933e+01	
1.842218699e+02	5.047771406e+01	5.047771406e+01	
1.834573473e+02	5.229525687e+01	5.229525687e+01	
1.826947525e+02	5.417984855e+01	5.417984855e+01	
1.819340805e+02	5.613411610e+01	5.613411610e+01	
1.811753265e+02	5.816082147e+01	5.816082147e+01	
1.804184857e+02	6.026285504e+01	6.026285504e+01	
1.796635532e+02	6.244325433e+01	6.244325433e+01	
1.789105242e+02	6.470519222e+01	6.470519222e+01	
1.781593939e+02	6.705193925e+01	6.705193925e+01	
1.774101575e+02	6.948699306e+01	6.948699306e+01	
1.766628103e+02	7.201393069e+01	7.201393069e+01	
1.759173475e+02	7.463658739e+01	7.463658739e+01	
1.751737644e+02	7.735885447e+01	7.735885447e+01	
1.744320561e+02	8.018495791e+01	8.018495791e+01	
1.736922180e+02	8.311916228e+01	8.311916228e+01	
1.729542454e+02	8.616611619e+01	8.616611619e+01	
1.722181336e+02	8.933052158e+01	8.933052158e+01	
1.714838778e+02	9.261754289e+01	9.261754289e+01	
1.707514733e+02	9.603225231e+01	9.603225231e+01	
1.700209156e+02	9.958037416e+01	9.958037416e+01	
1.692922000e+02	1.032676306e+02	1.032676306e+02	
1.685653218e+02	1.071001934e+02	1.071001934e+02	
1.678402763e+02	1.110844343e+02	1.110844343e+02	
1.671170590e+02	1.152270728e+02	1.152270728e+02	
1.663956653e+02	1.195353916e+02	1.195353916e+02	
1.656760905e+02	1.240167448e+02	1.240167448e+02	
1.649583301e+02	1.286790005e+02	1.286790005e+02	
1.642423794e+02	1.335305369e+02	1.335305369e+02	
1.635282340e+02	1.385802577e+02	1.385802577e+02	
1.628158893e+02	1.438371522e+02	1.438371522e+02	
1.621053407e+02	1.493111274e+02	1.493111274e+02	
1.613965837e+02	1.550124511e+02	1.550124511e+02	
1.606896138e+02	1.609519501e+02	1.609519501e+02	
1.599844265e+02	1.671706098e+02	1.671706098e+02	
1.592810173e+02	1.736238101e+02	1.736238101e+02	
1.585793817e+02	1.803522636e+02	1.803522636e+02	
1.578795152e+02	1.873690647e+02	1.873690647e+02	
1.571814134e+02	1.946890640e+02	1.946890640e+02	
1.564850718e+02	2.023270039e+02	2.023270039e+02	
1.557904860e+02	2.102997340e+02	2.102997340e+02	
1.550976516e+02	2.186239495e+02	2.186239495e+02	
1.544065641e+02	2.273180623e+02	2.273180623e+02	
1.537172191e+02	2.364015589e+02	2.364015589e+02	
1.530296123e+02	2.458949824e+02	2.458949824e+02	
1.523437392e+02	2.558201606e+02	2.558201606e+02	
1.516595956e+02	2.662003051e+02	2.662003051e+02	
1.509771769e+02	2.770603158e+02	2.770603158e+02	
1.502964790e+02	2.884265735e+02	2.884265735e+02	
1.496174973e+02	3.003272841e+02	3.003272841e+02	
1.489402277e+02	3.127922176e+02	3.127922176e+02	
1.482646658e+02	3.258537395e+02	3.258537395e+02	
1.475908073e+02	3.395458179e+02	3.395458179e+02	
1.469186479e+02	3.539048595e+02	3.539048595e+02	
1.462481833e+02	3.689705999e+02	3.689705999e+02	
1.455794092e+02	3.847844281e+02	3.847844281e+02	
1.449123214e+02	4.013910642e+02	4.013910642e+02	
1.442469156e+02	4.188389642e+02	4.188389642e+02	
1.435831876e+02	4.371795102e+02	4.371795102e+02	
1.429211332e+02	4.564686134e+02	4.564686134e+02	
1.422607480e+02	4.767650938e+02	4.767650938e+02	
1.416020281e+02	4.981330935e+02	4.981330935e+02	
1.409449690e+02	5.206427558e+02	5.206427558e+02	
1.402895667e+02	5.443673973e+02	5.443673973e+02	
1.396358169e+02	5.693877463e+02	5.693877463e+02	
1.389837155e+02	5.957907773e+02	5.957907773e+02	
1.383332584e+02	6.236707275e+02	6.236707275e+02	
1.376844413e+02	6.531276848e+02	6.531276848e+02	
1.370372602e+02	6.842735899e+02	6.842735899e+02	
1.363917109e+02	7.172273275e+02	7.172273275e+02	
1.357477894e+02	7.521185225e+02	7.521185225e+02	
1.351054914e+02	7.890886316e+02	7.890886316e+02	
1.344648130e+02	8.282909789e+02	8.282909789e+02	
1.338257500e+02	8.698938691e+02	8.698938691e+02	
1.331882984e+02	9.140793429e+02	9.140793429e+02	
1.325524540e+02	9.610462538e+02	9.610462538e+02	
1.319182130e+02	1.011015551e+03	1.011015551e+03	
1.312855711e+02	1.064224740e+03	1.064224740e+03	
1.306545244e+02	1.120935624e+03	1.120935624e+03	
1.300250688e+02	1.181436915e+03	1.181436915e+03	
1.293972003e+02	1.246045073e+03	1.246045073e+03	
1.287709150e+02	1.315107276e+03	1.315107276e+03	
1.281462089e+02	1.389007549e+03	1.389007549e+03	
1.275230779e+02	1.468168612e+03	1.468168612e+03	
1.269015181e+02	1.553057014e+03	1.553057014e+03	
1.262815255e+02	1.644190456e+03	1.644190456e+03	
1.256630962e+02	1.742140408e+03	1.742140408e+03	
1.250462262e+02	1.847541533e+03	1.847541533e+03	
1.244309116e+02	1.961100831e+03	1.961100831e+03	
1.238171485e+02	2.083601198e+03	2.083601198e+03	
1.232049330e+02	2.215918195e+03	2.215918195e+03	
1.225942612e+02	2.356588501e+03	2.356588501e+03	
1.219851291e+02	2.513129553e+03	2.513129553e+03	
1.213775329e+02	2.683197729e+03	2.683197729e+03	
1.207714687e+02	2.867715091e+03	2.867715091e+03	
1.201669327e+02	3.067630938e+03	3.067630938e+03	
1.195639210e+02	3.283905685e+03	3.283905685e+03	
1.189624297e+02	3.517499038e+03	3.517499038e+03	
1.183624551e+02	3.769357751e+03	3.769357751e+03	
1.177639933e+02	4.040373252e+03	4.040373252e+03	
1.171670404e+02	4.331359300e+03	4.331359300e+03	
1.165715928e+02	4.643008130e+03	4.643008130e+03	
1.159776465e+02	4.975850143e+03	4.975850143e+03	
1.153851978e+02	5.330168594e+03	5.330168594e+03	
1.147942430e+02	5.705953087e+03	5.705953087e+03	
1.142047782e+02	6.102778314e+03	6.102778314e+03	
1.136167997e+02	6.519720172e+03	6.519720172e+03	
1.130303037e+02	6.955202138e+03	6.955202138e+03	
1.124452866e+02	7.406868011e+03	7.406868011e+03	
1.118617446e+02	7.871400303e+03	7.871400303e+03	
1.112796739e+02	8.344338760e+03	8.344338760e+03	
1.106990709e+02	8.819815559e+03	8.819815559e+03	
1.101199319e+02	9.290440254e+03	9.290440254e+03	
1.095422531e+02	9.746908920e+03	9.746908920e+03	
1.089660309e+02	1.017743448e+04	1.017743448e+04	
1.083912616e+02	1.056774894e+04	1.056774894e+04	
1.078179415e+02	1.090097715e+04	1.090097715e+04	
1.072460671e+02	1.115766824e+04	1.115766824e+04	
1.066756346e+02	1.131592106e+04	1.131592106e+04	
1.061066404e+02	1.135178320e+04	1.135178320e+04	
1.055390809e+02	1.124037477e+04	1.124037477e+04	
1.049729525e+02	1.095742787e+04	1.095742787e+04	
1.044082515e+02	1.048210846e+04	1.048210846e+04	
1.038449744e+02	9.800523210e+03	9.800523210e+03	
1.032831175e+02	8.910824124e+03	8.910824124e+03	
1.027226774e+02	7.829135169e+03	7.829135169e+03	
1.021636503e+02	6.595518207e+03	6.595518207e+03	
1.016060329e+02	5.277617405e+03	5.277617405e+03	
1.010498214e+02	3.967701703e+03	3.967701703e+03	
1.004950123e+02	2.769050343e+03	2.769050343e+03	
9.994160224e+01	1.771776146e+03	1.771776146e+03	
9.938958752e+01	1.026967718e+03	1.026967718e+03	
9.883896468e+01	5.334407922e+02	5.334407922e+02	
9.828973020e+01	2.460484157e+02	2.460484157e+02	
9.774188058e+01	1.000414704e+02	1.000414704e+02	
9.719541233e+01	3.565937132e+01	3.565937132e+01	
9.665032197e+01	1.110009099e+01	1.110009099e+01	
9.610660603e+01	3.010034578e+00	3.010034578e+00	
9.556426103e+01	7.101231667e-01	7.101231667e-01	
9.502328353e+01	1.456884897e-01	1.456884897e-01	
9.448367007e+01	2.599852025e-02	2.599852025e-02	
9.394541721e+01	4.038646997e-03	4.038646997e-03	
9.340852152e+01	5.467122153e-04	5.467122153e-04	
9.287297959e+01	6.458216868e-05	6.458216868e-05	
9.233878800e+01	6.667366671e-06	6.667366671e-06	
9.180594334e+01	6.025500713e-07	6.025500713e-07	
9.127444221e+01	4.774828808e-08	4.774828808e-08	
9.074428124e+01	3.323392396e-09	3.323392396e-09	
9.021545703e+01	2.035069179e-10	2.035069179e-10	
8.968796622e+01	1.098124049e-11	1.098124049e-11	
8.916180546e+01	5.229552371e-13	5.229552371e-13	
8.863697137e+01	2.201228927e-14	2.201228927e-14	
8.811346063e+01	8.201262000e-16	8.201262000e-16	
8.759126988e+01	2.708365340e-17	2.708365340e-17	
8.707039581e+01	7.938617042e-19	7.938617042e-19	
8.655083510e+01	2.068156448e-20	2.068156448e-20	
8.603258442e+01	4.795219182e-22	4.795219182e-22	
8.551564049e+01	9.906687498e-24	9.906687498e-24	
8.500000000e+01	8.062011671e-27	8.062011671e-27	
#	AeroPlanets 1.01
#	Copyright G Gronoff 2009
#	Report bugs : guillaume.gronoff@gmail.com
#
#	Launched :Tue Dec 19 13:05:08 2017
# Planet:Earth
# Electron impact ionization used
# Electron impact ionization error: -27.5547% (>0 : gain)

