# Extra informations about N2A3S
# Productions cm_3s_1
# Altitudes km 
# VegardKaplan emission
6.000000000e+02	0.000000000e+00	1.488325696e+05	7.606552777e+04	1.487106256e+05	2.963068258e+04	1.445536826e+05	8.105111464e+03	
5.981871170e+02	0.000000000e+00	1.488159843e+05	3.067767919e+04	1.480647276e+05	8.719579064e+03	1.100740602e+05	3.278137341e+03	
5.963788051e+02	0.000000000e+00	1.486748196e+05	8.858300389e+03	1.353204689e+05	3.481823507e+03	1.035856502e+06	1.477715559e+05	
5.945750527e+02	0.000000000e+00	1.449501889e+05	3.541381213e+03	1.083934640e+06	1.486797968e+05	6.783377545e+04	1.470652624e+05	
5.927758484e+02	0.000000000e+00	1.099931253e+06	1.488160824e+05	7.455145408e+04	1.485462248e+05	2.846353067e+04	1.379287285e+05	
5.909811807e+02	0.000000000e+00	7.689977954e+04	1.487826113e+05	3.029689897e+04	1.470500594e+05	8.525235761e+03	9.264880398e+04	
5.891910381e+02	0.000000000e+00	3.088246475e+04	1.484843163e+05	8.811313986e+03	1.249311448e+05	3.410474688e+03	9.883530813e+05	
5.874054093e+02	0.000000000e+00	8.882140231e+03	1.414463556e+05	3.520146498e+03	1.065574884e+06	1.484323817e+05	6.158635040e+04	
5.856242828e+02	0.000000000e+00	3.552614483e+03	1.094199638e+06	1.487759508e+05	7.194263549e+04	1.481517289e+05	2.648652048e+04	
5.838476474e+02	0.000000000e+00	1.488323841e+05	7.604553075e+04	1.487087353e+05	2.961474304e+04	1.444825103e+05	8.093903186e+03	
5.820754916e+02	0.000000000e+00	1.488155874e+05	3.067272449e+04	1.480534709e+05	8.717223024e+03	1.097688697e+05	3.274794817e+03	
5.803078042e+02	0.000000000e+00	1.486725465e+05	8.857711900e+03	1.351767809e+05	3.480886847e+03	1.035178788e+06	1.477514608e+05	
5.785445740e+02	0.000000000e+00	1.449042672e+05	3.541107833e+03	1.083689533e+06	1.486771483e+05	6.774162029e+04	1.470305644e+05	
5.767857896e+02	0.000000000e+00	1.099856678e+06	1.488156312e+05	7.451613701e+04	1.485418902e+05	2.843644321e+04	1.377403877e+05	
5.750314399e+02	0.000000000e+00	7.688851854e+04	1.487817366e+05	3.028788838e+04	1.470224555e+05	8.520182570e+03	9.233568440e+04	
5.732815137e+02	0.000000000e+00	3.087972765e+04	1.484793132e+05	8.810156915e+03	1.247020067e+05	3.408747122e+03	9.872595915e+05	
5.715359998e+02	0.000000000e+00	8.881827549e+03	1.413622273e+05	3.519638404e+03	1.065152956e+06	1.484254885e+05	6.144968724e+04	
5.697948871e+02	0.000000000e+00	3.552465196e+03	1.094060903e+06	1.487748489e+05	7.188335915e+04	1.481408181e+05	2.643987370e+04	
5.680581646e+02	0.000000000e+00	1.488321982e+05	7.602508929e+04	1.487067869e+05	2.959884922e+04	1.444112484e+05	8.082331343e+03	
5.663258210e+02	0.000000000e+00	1.488151901e+05	3.066765593e+04	1.480418821e+05	8.714865916e+03	1.094677060e+05	3.271349037e+03	
5.645978455e+02	0.000000000e+00	1.486702699e+05	8.857109314e+03	1.350298764e+05	3.479952034e+03	1.034506082e+06	1.477314210e+05	
5.628742270e+02	0.000000000e+00	1.448583837e+05	3.540828074e+03	1.083438747e+06	1.486744061e+05	6.764991522e+04	1.469958143e+05	
5.611549545e+02	0.000000000e+00	1.099782150e+06	1.488151796e+05	7.448005847e+04	1.485374110e+05	2.840947762e+04	1.375524156e+05	
5.594400171e+02	0.000000000e+00	7.687726640e+04	1.487808620e+05	3.027867206e+04	1.469939810e+05	8.515128092e+03	9.202909613e+04	
5.577294037e+02	0.000000000e+00	3.087699225e+04	1.484743018e+05	8.808971220e+03	1.244680447e+05	3.407024332e+03	9.861751298e+05	
5.560231036e+02	0.000000000e+00	8.881514895e+03	1.412782490e+05	3.519118391e+03	1.064721359e+06	1.484183290e+05	6.131361662e+04	
5.543211058e+02	0.000000000e+00	3.552315981e+03	1.093922349e+06	1.487737478e+05	7.182286957e+04	1.481294903e+05	2.639347073e+04	
5.526233995e+02	0.000000000e+00	1.488320068e+05	7.600467019e+04	1.487048411e+05	2.958259449e+04	1.443375731e+05	8.070771640e+03	
5.509299738e+02	0.000000000e+00	1.488147818e+05	3.066259240e+04	1.480302709e+05	8.712447158e+03	1.091610190e+05	3.267911916e+03	
5.492408181e+02	0.000000000e+00	1.486679336e+05	8.856506704e+03	1.348834899e+05	3.478994865e+03	1.033817697e+06	1.477104611e+05	
5.475559214e+02	0.000000000e+00	1.448114332e+05	3.540548533e+03	1.083188589e+06	1.486716682e+05	6.755644871e+04	1.469594051e+05	
5.458752731e+02	0.000000000e+00	1.099705878e+06	1.488147138e+05	7.444404377e+04	1.485329408e+05	2.838188409e+04	1.373574646e+05	
5.441988625e+02	0.000000000e+00	7.686575913e+04	1.487799621e+05	3.026947130e+04	1.469654482e+05	8.509929464e+03	9.171619496e+04	
5.425266788e+02	0.000000000e+00	3.087419364e+04	1.484691512e+05	8.807785206e+03	1.242356858e+05	3.405257429e+03	9.850585949e+05	
5.408587115e+02	0.000000000e+00	8.881194857e+03	1.411923424e+05	3.518599019e+03	1.064291722e+06	1.484111861e+05	6.117480617e+04	
5.391949498e+02	0.000000000e+00	3.552163281e+03	1.093780564e+06	1.487726099e+05	7.176256943e+04	1.481181774e+05	2.634580493e+04	
5.375353832e+02	0.000000000e+00	1.488318149e+05	7.598379767e+04	1.487028354e+05	2.956638730e+04	1.442638093e+05	8.058834644e+03	
5.358800011e+02	0.000000000e+00	1.488143732e+05	3.065741253e+04	1.480183164e+05	8.710027296e+03	1.088584653e+05	3.264367548e+03	
5.342287930e+02	0.000000000e+00	1.486655937e+05	8.855889647e+03	1.347338314e+05	3.478039615e+03	1.033134459e+06	1.476895589e+05	
5.325817483e+02	0.000000000e+00	1.447645228e+05	3.540262485e+03	1.082932639e+06	1.486688333e+05	6.746344325e+04	1.469229369e+05	
5.309388565e+02	0.000000000e+00	1.099629654e+06	1.488142477e+05	7.440725405e+04	1.485283209e+05	2.835441618e+04	1.371629359e+05	
5.293001072e+02	0.000000000e+00	7.685426101e+04	1.487790624e+05	3.026006051e+04	1.469360130e+05	8.504729630e+03	9.140987400e+04	
5.276654899e+02	0.000000000e+00	3.087139676e+04	1.484639920e+05	8.806569809e+03	1.239984537e+05	3.403495441e+03	9.839512418e+05	
5.260349942e+02	0.000000000e+00	8.880874856e+03	1.411065930e+05	3.518067460e+03	1.063852242e+06	1.484037662e+05	6.103657885e+04	
5.244086096e+02	0.000000000e+00	3.552010663e+03	1.093638970e+06	1.487714729e+05	7.170103766e+04	1.481064296e+05	2.629838770e+04	
5.227863260e+02	0.000000000e+00	1.488316172e+05	7.596294834e+04	1.487008325e+05	2.954981207e+04	1.441875406e+05	8.046911085e+03	
5.211681328e+02	0.000000000e+00	1.488139533e+05	3.065223789e+04	1.480063386e+05	8.707543982e+03	1.085503857e+05	3.260831953e+03	
5.195540198e+02	0.000000000e+00	1.486631921e+05	8.855272559e+03	1.345847131e+05	3.477061494e+03	1.032435240e+06	1.476676880e+05	
5.179439766e+02	0.000000000e+00	1.447165222e+05	3.539976645e+03	1.082677344e+06	1.486660031e+05	6.736865460e+04	1.468847109e+05	
5.163379932e+02	0.000000000e+00	1.099551647e+06	1.488137669e+05	7.437053073e+04	1.485237104e+05	2.832630706e+04	1.369611565e+05	
5.147360591e+02	0.000000000e+00	7.684250233e+04	1.487781366e+05	3.025066596e+04	1.469065178e+05	8.499380949e+03	9.109711461e+04	
5.131381641e+02	0.000000000e+00	3.086853520e+04	1.484586894e+05	8.805354074e+03	1.237628882e+05	3.401688139e+03	9.828106850e+05	
5.115442982e+02	0.000000000e+00	8.880547290e+03	1.410188764e+05	3.517536568e+03	1.063414801e+06	1.483963636e+05	6.089555111e+04	
5.099544512e+02	0.000000000e+00	3.551854498e+03	1.093494076e+06	1.487702979e+05	7.163970250e+04	1.480946964e+05	2.624966805e+04	
5.083686128e+02	0.000000000e+00	1.488314192e+05	7.594163652e+04	1.486987678e+05	2.953328623e+04	1.441111850e+05	8.034595903e+03	
5.067867730e+02	0.000000000e+00	1.488135331e+05	3.064694440e+04	1.479940059e+05	8.705059526e+03	1.082465460e+05	3.257184910e+03	
5.052089218e+02	0.000000000e+00	1.486607870e+05	8.854640669e+03	1.344322658e+05	3.476085364e+03	1.031741310e+06	1.476458772e+05	
5.036350490e+02	0.000000000e+00	1.446685637e+05	3.539684142e+03	1.082416138e+06	1.486630723e+05	6.727433810e+04	1.468464184e+05	
5.020651447e+02	0.000000000e+00	1.099473692e+06	1.488132858e+05	7.433301788e+04	1.485189450e+05	2.829832739e+04	1.367598581e+05	
5.004991987e+02	0.000000000e+00	7.683075309e+04	1.487772110e+05	3.024105705e+04	1.468760877e+05	8.494031157e+03	9.079098331e+04	
4.989372012e+02	0.000000000e+00	3.086567549e+04	1.484533777e+05	8.804108171e+03	1.235224013e+05	3.399885892e+03	9.816794707e+05	
4.973791422e+02	0.000000000e+00	8.880219767e+03	1.409313244e+05	3.516993214e+03	1.062967346e+06	1.483886727e+05	6.075509534e+04	
4.958250118e+02	0.000000000e+00	3.551698402e+03	1.093349382e+06	1.487691239e+05	7.157711811e+04	1.480825091e+05	2.620120177e+04	
4.942748000e+02	0.000000000e+00	1.488312151e+05	7.592034873e+04	1.486967060e+05	2.951638512e+04	1.440322292e+05	8.022295554e+03	
4.927284970e+02	0.000000000e+00	1.488131013e+05	3.064165636e+04	1.479816490e+05	8.702509761e+03	1.079371796e+05	3.253546747e+03	
4.911860928e+02	0.000000000e+00	1.486583184e+05	8.854008741e+03	1.342803817e+05	3.475085830e+03	1.031031086e+06	1.476230455e+05	
4.896475778e+02	0.000000000e+00	1.446194907e+05	3.539391865e+03	1.082155615e+06	1.486601464e+05	6.717821565e+04	1.468062623e+05	
4.881129421e+02	0.000000000e+00	1.099393913e+06	1.488127894e+05	7.429557407e+04	1.485141892e+05	2.826969273e+04	1.365510267e+05	
4.865821758e+02	0.000000000e+00	7.681873770e+04	1.487762586e+05	3.023146499e+04	1.468455958e+05	8.488527636e+03	9.047827504e+04	
4.850552693e+02	0.000000000e+00	3.086274968e+04	1.484479180e+05	8.802861911e+03	1.232836466e+05	3.398037088e+03	9.805138644e+05	
4.835322128e+02	0.000000000e+00	8.879884505e+03	1.408417646e+05	3.516450555e+03	1.062522010e+06	1.483810000e+05	6.061178099e+04	
4.820129965e+02	0.000000000e+00	3.551538668e+03	1.093201315e+06	1.487679104e+05	7.151473773e+04	1.480703361e+05	2.615139150e+04	
4.804976109e+02	0.000000000e+00	1.488310106e+05	7.589858902e+04	1.486945804e+05	2.949953531e+04	1.439531886e+05	8.009588578e+03	
4.789860463e+02	0.000000000e+00	1.488126690e+05	3.063624687e+04	1.479689250e+05	8.699958817e+03	1.076321595e+05	3.249792699e+03	
4.774782930e+02	0.000000000e+00	1.486558461e+05	8.853361635e+03	1.341251120e+05	3.474088365e+03	1.030326292e+06	1.476002763e+05	
4.759743414e+02	0.000000000e+00	1.445704623e+05	3.539092770e+03	1.081889062e+06	1.486571162e+05	6.708257624e+04	1.467660317e+05	
4.744741819e+02	0.000000000e+00	1.099314188e+06	1.488122928e+05	7.425732645e+04	1.485092729e+05	2.824119138e+04	1.363427407e+05	
4.729778050e+02	0.000000000e+00	7.680673205e+04	1.487753064e+05	3.022165409e+04	1.468141349e+05	8.483023112e+03	9.017224165e+04	
4.714852011e+02	0.000000000e+00	3.085982578e+04	1.484424491e+05	8.801584679e+03	1.230399221e+05	3.396193482e+03	9.793577708e+05	
4.699963607e+02	0.000000000e+00	8.879549279e+03	1.407523772e+05	3.515895152e+03	1.062066482e+06	1.483730270e+05	6.046902731e+04	
4.685112743e+02	0.000000000e+00	3.551379015e+03	1.093053456e+06	1.487666980e+05	7.145108942e+04	1.480576890e+05	2.610183940e+04	
4.670299326e+02	0.000000000e+00	1.488308001e+05	7.587685421e+04	1.486924579e+05	2.948230288e+04	1.438714488e+05	7.996897938e+03	
4.655523259e+02	0.000000000e+00	1.488122249e+05	3.063084305e+04	1.479561760e+05	8.697340639e+03	1.073216121e+05	3.246047638e+03	
4.640784449e+02	0.000000000e+00	1.486533084e+05	8.852714491e+03	1.339704295e+05	3.473066961e+03	1.029604881e+06	1.475764307e+05	
4.626082802e+02	0.000000000e+00	1.445202949e+05	3.538793915e+03	1.081623222e+06	1.486540910e+05	6.698510827e+04	1.467238239e+05	
4.611418225e+02	0.000000000e+00	1.099232598e+06	1.488117804e+05	7.421915063e+04	1.485043667e+05	2.821202088e+04	1.361266288e+05	
4.596790624e+02	0.000000000e+00	7.679445473e+04	1.487743265e+05	3.021186078e+04	1.467826104e+05	8.477359785e+03	8.985948025e+04	
4.582199905e+02	0.000000000e+00	3.085683436e+04	1.484368273e+05	8.800307072e+03	1.227979978e+05	3.394302030e+03	9.781660285e+05	
4.567645976e+02	0.000000000e+00	8.879206139e+03	1.406609418e+05	3.515340471e+03	1.061613157e+06	1.483650731e+05	6.032334948e+04	
4.553128743e+02	0.000000000e+00	3.551215633e+03	1.092902153e+06	1.487654450e+05	7.138765273e+04	1.480450558e+05	2.605089973e+04	
4.538648115e+02	0.000000000e+00	1.488305891e+05	7.585463803e+04	1.486902695e+05	2.946512371e+04	1.437896268e+05	7.983785018e+03	
4.524204000e+02	0.000000000e+00	1.488117803e+05	3.062531515e+04	1.479430475e+05	8.694721247e+03	1.070155172e+05	3.242182014e+03	
4.509796304e+02	0.000000000e+00	1.486507670e+05	8.852051795e+03	1.338123041e+05	3.472047696e+03	1.028889042e+06	1.475526500e+05	
4.495424936e+02	0.000000000e+00	1.444701743e+05	3.538488086e+03	1.081351231e+06	1.486509579e+05	6.688813421e+04	1.466815332e+05	
4.481089805e+02	0.000000000e+00	1.099151064e+06	1.488112677e+05	7.418015674e+04	1.484992942e+05	2.818298763e+04	1.359111328e+05	
4.466790819e+02	0.000000000e+00	7.678218746e+04	1.487733469e+05	3.020184407e+04	1.467500816e+05	8.471695581e+03	8.955344101e+04	
4.452527887e+02	0.000000000e+00	3.085384488e+04	1.484311959e+05	8.798997659e+03	1.225510590e+05	3.392415916e+03	9.769839778e+05	
4.438300919e+02	0.000000000e+00	8.878863024e+03	1.405696869e+05	3.514772763e+03	1.061149463e+06	1.483568066e+05	6.017821786e+04	
4.424109822e+02	0.000000000e+00	3.551052344e+03	1.092751069e+06	1.487641930e+05	7.132292994e+04	1.480319274e+05	2.600022310e+04	
4.409954508e+02	0.000000000e+00	1.488303716e+05	7.583244766e+04	1.486880844e+05	2.944755436e+04	1.437050021e+05	7.970690047e+03	
4.395834886e+02	0.000000000e+00	1.488113235e+05	3.061979315e+04	1.479298931e+05	8.692032636e+03	1.067038939e+05	3.238325481e+03	
4.381750865e+02	0.000000000e+00	1.486481583e+05	8.851389048e+03	1.336547907e+05	3.471003920e+03	1.028156247e+06	1.475277337e+05	
4.367702357e+02	0.000000000e+00	1.444188900e+05	3.538182508e+03	1.081079983e+06	1.486478301e+05	6.678930696e+04	1.466371430e+05	
4.353689271e+02	0.000000000e+00	1.099067624e+06	1.488107388e+05	7.414123753e+04	1.484942321e+05	2.815327070e+04	1.356875058e+05	
4.339711518e+02	0.000000000e+00	7.676964275e+04	1.487723388e+05	3.019184570e+04	1.467174874e+05	8.465867316e+03	8.924051030e+04	
4.325769009e+02	0.000000000e+00	3.085078636e+04	1.484254068e+05	8.797687849e+03	1.223059906e+05	3.390480616e+03	9.757649524e+05	
4.311861656e+02	0.000000000e+00	8.878511790e+03	1.404763422e+05	3.514205802e+03	1.060688058e+06	1.483485600e+05	6.003009323e+04	
4.297989369e+02	0.000000000e+00	3.550885262e+03	1.092596464e+06	1.487628988e+05	7.125842656e+04	1.480188124e+05	2.594811334e+04	
4.284152060e+02	0.000000000e+00	1.488301538e+05	7.580976634e+04	1.486858314e+05	2.943004034e+04	1.436202984e+05	7.957156410e+03	
4.270349641e+02	0.000000000e+00	1.488108663e+05	3.061414439e+04	1.479163459e+05	8.689342778e+03	1.063968288e+05	3.234343438e+03	
4.256582024e+02	0.000000000e+00	1.486455456e+05	8.850710356e+03	1.334937770e+05	3.469962377e+03	1.027429167e+06	1.475028849e+05	
4.242849122e+02	0.000000000e+00	1.443676548e+05	3.537869805e+03	1.080802461e+06	1.486445903e+05	6.669098422e+04	1.465926612e+05	
4.229150846e+02	0.000000000e+00	1.098984244e+06	1.488102097e+05	7.410148548e+04	1.484889978e+05	2.812369502e+04	1.354645716e+05	
4.215487110e+02	0.000000000e+00	7.675710842e+04	1.487713310e+05	3.018161935e+04	1.466838524e+05	8.460038317e+03	8.893435184e+04	
4.201857825e+02	0.000000000e+00	3.084772989e+04	1.484196079e+05	8.796345375e+03	1.220558639e+05	3.388550800e+03	9.745558116e+05	
4.188262907e+02	0.000000000e+00	8.878160597e+03	1.403831865e+05	3.513625514e+03	1.060216105e+06	1.483399880e+05	5.988249860e+04	
4.174702267e+02	0.000000000e+00	3.550718257e+03	1.092442088e+06	1.487616059e+05	7.119261916e+04	1.480051797e+05	2.589627157e+04	
4.161175820e+02	0.000000000e+00	1.488299293e+05	7.578711179e+04	1.486835818e+05	2.941212850e+04	1.435326852e+05	7.943642460e+03	
4.147683478e+02	0.000000000e+00	1.488103964e+05	3.060850176e+04	1.479027719e+05	8.686581651e+03	1.060842344e+05	3.230370590e+03	
4.134225157e+02	0.000000000e+00	1.486428636e+05	8.850031612e+03	1.333334012e+05	3.468895763e+03	1.026684780e+06	1.474768366e+05	
4.120800770e+02	0.000000000e+00	1.443152305e+05	3.537557354e+03	1.080525714e+06	1.486413561e+05	6.659078351e+04	1.465459491e+05	
4.107410232e+02	0.000000000e+00	1.098898914e+06	1.488096636e+05	7.406181108e+04	1.484837741e+05	2.809342060e+04	1.352331903e+05	
4.094053458e+02	0.000000000e+00	7.674429080e+04	1.487702938e+05	3.017141205e+04	1.466501501e+05	8.454039812e+03	8.862112868e+04	
4.080730362e+02	0.000000000e+00	3.084460280e+04	1.484136463e+05	8.795002484e+03	1.218076801e+05	3.386570401e+03	9.733083090e+05	
4.067440859e+02	0.000000000e+00	8.877801100e+03	1.402878993e+05	3.513046011e+03	1.059746531e+06	1.483314368e+05	5.973184445e+04	
4.054184865e+02	0.000000000e+00	3.550547362e+03	1.092284117e+06	1.487602694e+05	7.112703926e+04	1.479915597e+05	2.584294861e+04	
4.040962295e+02	0.000000000e+00	1.488297045e+05	7.576395639e+04	1.486812620e+05	2.939427410e+04	1.434449965e+05	7.929672634e+03	
4.027773065e+02	0.000000000e+00	1.488099262e+05	3.060272965e+04	1.478887919e+05	8.683819241e+03	1.057763039e+05	3.226267021e+03	
4.014617091e+02	0.000000000e+00	1.486401775e+05	8.849336526e+03	1.331694664e+05	3.467831451e+03	1.025946249e+06	1.474508584e+05	
4.001494289e+02	0.000000000e+00	1.442628579e+05	3.537237619e+03	1.080242567e+06	1.486380057e+05	6.649109769e+04	1.464991360e+05	
3.988404576e+02	0.000000000e+00	1.098813647e+06	1.488091174e+05	7.402128901e+04	1.484783721e+05	2.806329150e+04	1.350025856e+05	
3.975347867e+02	0.000000000e+00	7.673148388e+04	1.487692570e+05	3.016097205e+04	1.466153689e+05	8.448040734e+03	8.831472881e+04	
3.962324080e+02	0.000000000e+00	3.084147789e+04	1.484076744e+05	8.793626052e+03	1.215543955e+05	3.384595631e+03	9.720708970e+05	
3.949333132e+02	0.000000000e+00	8.877441634e+03	1.401928098e+05	3.512452886e+03	1.059266224e+06	1.483225464e+05	5.958170223e+04	
3.936374940e+02	0.000000000e+00	3.550376556e+03	1.092126385e+06	1.487589341e+05	7.106013632e+04	1.479773985e+05	2.578989859e+04	
3.923449421e+02	0.000000000e+00	1.488294728e+05	7.574082874e+04	1.486789459e+05	2.937601402e+04	1.433542869e+05	7.915724364e+03	
3.910556493e+02	0.000000000e+00	1.488094429e+05	3.059696392e+04	1.478747840e+05	8.680983436e+03	1.054628446e+05	3.222172747e+03	
3.897696073e+02	0.000000000e+00	1.486374201e+05	8.848641379e+03	1.330061965e+05	3.466741472e+03	1.025190051e+06	1.474236120e+05	
3.884868081e+02	0.000000000e+00	1.442092701e+05	3.536918146e+03	1.079960227e+06	1.486346613e+05	6.638951030e+04	1.464499523e+05	
3.872072434e+02	0.000000000e+00	1.098726386e+06	1.488085537e+05	7.398084769e+04	1.484729810e+05	2.803244808e+04	1.347632052e+05	
3.859309050e+02	0.000000000e+00	7.671838779e+04	1.487681899e+05	3.015055191e+04	1.465805187e+05	8.441866479e+03	8.800107451e+04	
3.846577848e+02	0.000000000e+00	3.083828084e+04	1.484015345e+05	8.792249180e+03	1.213031286e+05	3.382568834e+03	9.707936521e+05	
3.833878747e+02	0.000000000e+00	8.877073668e+03	1.400955462e+05	3.511860570e+03	1.058788390e+06	1.483136780e+05	5.942842594e+04	
3.821211667e+02	0.000000000e+00	3.550201766e+03	1.091964980e+06	1.487575538e+05	7.099346920e+04	1.479632494e+05	2.573531682e+04	
3.808576525e+02	0.000000000e+00	1.488292407e+05	7.571719034e+04	1.486765574e+05	2.935781356e+04	1.432635062e+05	7.901302273e+03	
3.795973243e+02	0.000000000e+00	1.488089592e+05	3.059106586e+04	1.478603560e+05	8.678146313e+03	1.051541541e+05	3.217942230e+03	
3.783401738e+02	0.000000000e+00	1.486346585e+05	8.847929478e+03	1.328393093e+05	3.465653889e+03	1.024439852e+06	1.473964383e+05	
3.770861932e+02	0.000000000e+00	1.441557368e+05	3.536591215e+03	1.079671361e+06	1.486311964e+05	6.628844807e+04	1.464006581e+05	
3.758353745e+02	0.000000000e+00	1.098639192e+06	1.488079899e+05	7.393954375e+04	1.484674050e+05	2.800175411e+04	1.345246929e+05	
3.745877096e+02	0.000000000e+00	7.670530275e+04	1.487671232e+05	3.013989426e+04	1.465445499e+05	8.435691829e+03	8.769429951e+04	
3.733431907e+02	0.000000000e+00	3.083508600e+04	1.483953840e+05	8.790837854e+03	1.210467216e+05	3.380547814e+03	9.695267220e+05	
3.721018097e+02	0.000000000e+00	8.876705729e+03	1.399984895e+05	3.511254318e+03	1.058299640e+06	1.483044561e+05	5.927564151e+04	
3.708635588e+02	0.000000000e+00	3.550027076e+03	1.091803825e+06	1.487561748e+05	7.092546021e+04	1.479485340e+05	2.568101300e+04	
3.696284300e+02	0.000000000e+00	1.488290016e+05	7.569358073e+04	1.486741726e+05	2.933919948e+04	1.431695887e+05	7.886903748e+03	
3.683964156e+02	0.000000000e+00	1.488084622e+05	3.058517448e+04	1.478458992e+05	8.675233605e+03	1.048399348e+05	3.213721107e+03	
3.671675076e+02	0.000000000e+00	1.486318234e+05	8.847217509e+03	1.326731150e+05	3.464540046e+03	1.023671606e+06	1.473679236e+05	
3.659416983e+02	0.000000000e+00	1.441009617e+05	3.536264566e+03	1.079383337e+06	1.486277377e+05	6.618545831e+04	1.463488428e+05	
3.647189797e+02	0.000000000e+00	1.098549958e+06	1.488074080e+05	7.389832380e+04	1.484618403e+05	2.797032976e+04	1.342770628e+05	
3.634993442e+02	0.000000000e+00	7.669192241e+04	1.487660253e+05	3.012925731e+04	1.465085104e+05	8.429336132e+03	8.738007369e+04	
3.622827839e+02	0.000000000e+00	3.083181743e+04	1.483890602e+05	8.789426066e+03	1.207924095e+05	3.378473254e+03	9.682184195e+05	
3.610692911e+02	0.000000000e+00	8.876329084e+03	1.398992155e+05	3.510648915e+03	1.057813457e+06	1.482952570e+05	5.911964705e+04	
3.598588580e+02	0.000000000e+00	3.549848318e+03	1.091638919e+06	1.487547492e+05	7.085769552e+04	1.479338298e+05	2.562512455e+04	
3.586514770e+02	0.000000000e+00	1.488287621e+05	7.566945024e+04	1.486717131e+05	2.932064726e+04	1.430756050e+05	7.872012539e+03	
3.574471403e+02	0.000000000e+00	1.488079647e+05	3.057914797e+04	1.478310077e+05	8.672319545e+03	1.045305889e+05	3.209357910e+03	
3.562458403e+02	0.000000000e+00	1.486289839e+05	8.846488363e+03	1.325032450e+05	3.463428678e+03	1.022909504e+06	1.473394843e+05	
3.550475693e+02	0.000000000e+00	1.440462439e+05	3.535930292e+03	1.079088657e+06	1.486241541e+05	6.608300352e+04	1.462969068e+05	
3.538523197e+02	0.000000000e+00	1.098460795e+06	1.488068260e+05	7.385622574e+04	1.484560839e+05	2.793905902e+04	1.340304002e+05	
3.526600838e+02	0.000000000e+00	7.667855348e+04	1.487649279e+05	3.011837801e+04	1.464713114e+05	8.422980244e+03	8.707278654e+04	
3.514708541e+02	0.000000000e+00	3.082855115e+04	1.483827253e+05	8.787978892e+03	1.205329185e+05	3.376404619e+03	9.669206719e+05	
3.502846229e+02	0.000000000e+00	8.875952468e+03	1.398001580e+05	3.510029264e+03	1.057316170e+06	1.482856895e+05	5.896412104e+04	
3.491013828e+02	0.000000000e+00	3.549669656e+03	1.091474275e+06	1.487533250e+05	7.078857053e+04	1.479185330e+05	2.556951909e+04	
3.479211261e+02	0.000000000e+00	1.488285152e+05	7.564534961e+04	1.486692576e+05	2.930167331e+04	1.429783637e+05	7.857147057e+03	
3.467438454e+02	0.000000000e+00	1.488074534e+05	3.057312837e+04	1.478160863e+05	8.669327631e+03	1.042157133e+05	3.205004206e+03	
3.455695331e+02	0.000000000e+00	1.486260687e+05	8.845759143e+03	1.323340968e+05	3.462290420e+03	1.022128959e+06	1.473096243e+05	
3.443981818e+02	0.000000000e+00	1.439902573e+05	3.535596308e+03	1.078794854e+06	1.486205770e+05	6.597859498e+04	1.462422866e+05	
3.432297840e+02	0.000000000e+00	1.098369546e+06	1.488062253e+05	7.381421504e+04	1.484503392e+05	2.790704134e+04	1.337742648e+05	
3.420643322e+02	0.000000000e+00	7.666488305e+04	1.487637982e+05	3.010752024e+04	1.464340398e+05	8.416437183e+03	8.675783156e+04	
3.409018191e+02	0.000000000e+00	3.082520946e+04	1.483762116e+05	8.786531231e+03	1.202756018e+05	3.374280883e+03	9.655799197e+05	
3.397422371e+02	0.000000000e+00	8.875566934e+03	1.396988391e+05	3.509410493e+03	1.056821550e+06	1.482761459e+05	5.880530728e+04	
3.385855790e+02	0.000000000e+00	3.549486837e+03	1.091305798e+06	1.487518525e+05	7.071969851e+04	1.479032466e+05	2.551227322e+04	
3.374318373e+02	0.000000000e+00	1.488282679e+05	7.562071773e+04	1.486667250e+05	2.928276354e+04	1.428810622e+05	7.841769170e+03	
3.362810047e+02	0.000000000e+00	1.488069418e+05	3.056697070e+04	1.478007155e+05	8.666334333e+03	1.039058148e+05	3.200502250e+03	
3.351330739e+02	0.000000000e+00	1.486231490e+05	8.845012311e+03	1.321612141e+05	3.461154736e+03	1.021354702e+06	1.472798425e+05	
3.339880375e+02	0.000000000e+00	1.439343310e+05	3.535254526e+03	1.078494265e+06	1.486168703e+05	6.587473101e+04	1.461875356e+05	
3.328458883e+02	0.000000000e+00	1.098278371e+06	1.488056245e+05	7.377131134e+04	1.484443957e+05	2.787518148e+04	1.335192049e+05	
3.317066189e+02	0.000000000e+00	7.665122440e+04	1.487626692e+05	3.009641511e+04	1.463955662e+05	8.409894155e+03	8.644988024e+04	
3.305702221e+02	0.000000000e+00	3.082187020e+04	1.483696864e+05	8.785047219e+03	1.200130698e+05	3.372163216e+03	9.642499837e+05	
3.294366907e+02	0.000000000e+00	8.875181429e+03	1.395977468e+05	3.508777158e+03	1.056315636e+06	1.482662183e+05	5.864693605e+04	
3.283060174e+02	0.000000000e+00	3.549304114e+03	1.091137596e+06	1.487503816e+05	7.064944762e+04	1.478873393e+05	2.545531549e+04	
3.271781950e+02	0.000000000e+00	1.488280131e+05	7.559611682e+04	1.486641965e+05	2.926342378e+04	1.427803778e+05	7.826419326e+03	
3.260532164e+02	0.000000000e+00	1.488064159e+05	3.056082024e+04	1.477853136e+05	8.663260837e+03	1.035903845e+05	3.196009885e+03	
3.249310744e+02	0.000000000e+00	1.486201513e+05	8.844265397e+03	1.319890832e+05	3.459991526e+03	1.020561589e+06	1.472485556e+05	
3.238117617e+02	0.000000000e+00	1.438771084e+05	3.534913047e+03	1.078194589e+06	1.486131706e+05	6.576888686e+04	1.461299273e+05	
3.226952714e+02	0.000000000e+00	1.098185065e+06	1.488050044e+05	7.372849850e+04	1.484384641e+05	2.784255739e+04	1.332543016e+05	
3.215815962e+02	0.000000000e+00	7.663725794e+04	1.487615069e+05	3.008533241e+04	1.463570183e+05	8.403157637e+03	8.613403835e+04	
3.204707291e+02	0.000000000e+00	3.081845390e+04	1.483629765e+05	8.783562696e+03	1.197527941e+05	3.369988804e+03	9.628753352e+05	
3.193626629e+02	0.000000000e+00	8.874786790e+03	1.394943483e+05	3.508144734e+03	1.055812491e+06	1.482563158e+05	5.848519587e+04	
3.182573907e+02	0.000000000e+00	3.549117126e+03	1.090965479e+06	1.487488606e+05	7.057945864e+04	1.478714414e+05	2.539665860e+04	
3.171549054e+02	0.000000000e+00	1.488277579e+05	7.557097419e+04	1.486615883e+05	2.924415057e+04	1.426796397e+05	7.810536394e+03	
3.160551999e+02	0.000000000e+00	1.488058897e+05	3.055452874e+04	1.477694465e+05	8.660185927e+03	1.032800346e+05	3.191362727e+03	
3.149582673e+02	0.000000000e+00	1.486171490e+05	8.843500426e+03	1.318131581e+05	3.458830983e+03	1.019774910e+06	1.472173497e+05	
3.138641005e+02	0.000000000e+00	1.438199490e+05	3.534563608e+03	1.077887993e+06	1.486093364e+05	6.566359674e+04	1.460721776e+05	
3.127726926e+02	0.000000000e+00	1.098091836e+06	1.488043842e+05	7.368477670e+04	1.484323266e+05	2.781009538e+04	1.329905909e+05	
3.116840366e+02	0.000000000e+00	7.662330365e+04	1.487603453e+05	3.007399729e+04	1.463172241e+05	8.396421404e+03	8.582526869e+04	
3.105981256e+02	0.000000000e+00	3.081504009e+04	1.483562547e+05	8.782040828e+03	1.194872688e+05	3.367820613e+03	9.615117841e+05	
3.095149527e+02	0.000000000e+00	8.874392182e+03	1.393911869e+05	3.507497409e+03	1.055297860e+06	1.482460127e+05	5.832386989e+04	
3.084345109e+02	0.000000000e+00	3.548930253e+03	1.090793648e+06	1.487473414e+05	7.050807154e+04	1.478548931e+05	2.533829500e+04	
3.073567934e+02	0.000000000e+00	1.488274948e+05	7.554586370e+04	1.486589845e+05	2.922443891e+04	1.425753892e+05	7.794684006e+03	
3.062817933e+02	0.000000000e+00	1.488053487e+05	3.054824475e+04	1.477535472e+05	8.657028396e+03	1.029641521e+05	3.186725257e+03	
3.052095037e+02	0.000000000e+00	1.486140663e+05	8.842735367e+03	1.316380163e+05	3.457642261e+03	1.018968947e+06	1.471845467e+05	
3.041399179e+02	0.000000000e+00	1.437614655e+05	3.534214470e+03	1.077582348e+06	1.486055094e+05	6.555629755e+04	1.460113823e+05	
3.030730290e+02	0.000000000e+00	1.097996428e+06	1.488037440e+05	7.364114939e+04	1.484262012e+05	2.777685140e+04	1.327166522e+05	
3.020088301e+02	0.000000000e+00	7.660903505e+04	1.487591493e+05	3.006268553e+04	1.462773538e+05	8.389485080e+03	8.550836312e+04	
3.009473146e+02	0.000000000e+00	3.081154755e+04	1.483493423e+05	8.780518425e+03	1.192240840e+05	3.365593978e+03	9.601017045e+05	
2.998884756e+02	0.000000000e+00	8.873988221e+03	1.392856742e+05	3.506851038e+03	1.054786102e+06	1.482357357e+05	5.815908826e+04	
2.988323065e+02	0.000000000e+00	3.548739036e+03	1.090617820e+06	1.487457704e+05	7.043695547e+04	1.478383529e+05	2.527817048e+04	
2.977788003e+02	0.000000000e+00	1.488272314e+05	7.552020080e+04	1.486562984e+05	2.920479626e+04	1.424710926e+05	7.778276752e+03	
2.967279506e+02	0.000000000e+00	1.488048075e+05	3.054181671e+04	1.477371667e+05	8.653869422e+03	1.026534525e+05	3.181926067e+03	
2.956797505e+02	0.000000000e+00	1.486109789e+05	8.841951793e+03	1.314590211e+05	3.456456298e+03	1.018169562e+06	1.471518276e+05	
2.946341934e+02	0.000000000e+00	1.437030483e+05	3.533857173e+03	1.077269648e+06	1.486015429e+05	6.544956086e+04	1.459504350e+05	
2.935912726e+02	0.000000000e+00	1.097901100e+06	1.488031038e+05	7.359659771e+04	1.484198622e+05	2.774377383e+04	1.324440329e+05	
2.925509814e+02	0.000000000e+00	7.659477904e+04	1.487579542e+05	3.005111621e+04	1.462361912e+05	8.382549318e+03	8.519860695e+04	
2.915133133e+02	0.000000000e+00	3.080805758e+04	1.483424177e+05	8.778957652e+03	1.189556185e+05	3.363373709e+03	9.587030285e+05	
2.904782616e+02	0.000000000e+00	8.873584288e+03	1.391804093e+05	3.506189423e+03	1.054262665e+06	1.482250404e+05	5.799468824e+04	
2.894458198e+02	0.000000000e+00	3.548547919e+03	1.090442292e+06	1.487442011e+05	7.036442309e+04	1.478211310e+05	2.521834447e+04	
2.884159812e+02	0.000000000e+00	1.488269599e+05	7.549457126e+04	1.486536169e+05	2.918470651e+04	1.423631473e+05	7.761902721e+03	
2.873887392e+02	0.000000000e+00	1.488042511e+05	3.053539647e+04	1.477207530e+05	8.650625323e+03	1.023372180e+05	3.177136663e+03	
2.863640874e+02	0.000000000e+00	1.486078086e+05	8.841168119e+03	1.312808415e+05	3.455241481e+03	1.017350445e+06	1.471174122e+05	
2.853420192e+02	0.000000000e+00	1.436432784e+05	3.533500208e+03	1.076957940e+06	1.485975840e+05	6.534078839e+04	1.458862408e+05	
2.843225281e+02	0.000000000e+00	1.097803545e+06	1.488024429e+05	7.355214431e+04	1.484135357e+05	2.770989580e+04	1.321607835e+05	
2.833056075e+02	0.000000000e+00	7.658020225e+04	1.487567237e+05	3.003957120e+04	1.461949508e+05	8.375406623e+03	8.488045759e+04	
2.822912511e+02	0.000000000e+00	3.080448715e+04	1.483352961e+05	8.777396317e+03	1.186895797e+05	3.361093219e+03	9.572559106e+05	
2.812794523e+02	0.000000000e+00	8.873170781e+03	1.390727471e+05	3.505528807e+03	1.053742208e+06	1.482143727e+05	5.782674151e+04	
2.802702047e+02	0.000000000e+00	3.548352354e+03	1.090262680e+06	1.487425783e+05	7.029217115e+04	1.478039159e+05	2.515669246e+04	
2.792635019e+02	0.000000000e+00	1.488266879e+05	7.546837836e+04	1.486508504e+05	2.916468831e+04	1.422551646e+05	7.744951074e+03	
2.782593374e+02	0.000000000e+00	1.488036944e+05	3.052882906e+04	1.477038411e+05	8.647379753e+03	1.020262674e+05	3.172178191e+03	
2.772577048e+02	0.000000000e+00	1.486046334e+05	8.840365460e+03	1.310987497e+05	3.454029524e+03	1.016538052e+06	1.470830837e+05	
2.762585978e+02	0.000000000e+00	1.435835783e+05	3.533134910e+03	1.076639040e+06	1.485934804e+05	6.523258700e+04	1.458218841e+05	
2.752620100e+02	0.000000000e+00	1.097706075e+06	1.488017820e+05	7.350675060e+04	1.484069875e+05	2.767618850e+04	1.318789904e+05	
2.742679350e+02	0.000000000e+00	7.656563845e+04	1.487554940e+05	3.002776340e+04	1.461523702e+05	8.368264795e+03	8.456953916e+04	
2.732763666e+02	0.000000000e+00	3.080091939e+04	1.483281618e+05	8.775795557e+03	1.184182314e+05	3.358819245e+03	9.558205251e+05	
2.722872983e+02	0.000000000e+00	8.872757295e+03	1.389653441e+05	3.504852614e+03	1.053209874e+06	1.482032686e+05	5.765914011e+04	
2.713007239e+02	0.000000000e+00	3.548156899e+03	1.090083382e+06	1.487409574e+05	7.021848289e+04	1.477859859e+05	2.509534426e+04	
2.703166371e+02	0.000000000e+00	1.488264076e+05	7.544222009e+04	1.486480887e+05	2.914421424e+04	1.421433924e+05	7.728035537e+03	
2.693350316e+02	0.000000000e+00	1.488031220e+05	3.052226981e+04	1.476868948e+05	8.644046455e+03	1.017097755e+05	3.167229607e+03	
2.683559011e+02	0.000000000e+00	1.486013730e+05	8.839562692e+03	1.309175072e+05	3.452788015e+03	1.015705455e+06	1.470469525e+05	
2.673792395e+02	0.000000000e+00	1.435224962e+05	3.532769947e+03	1.076321173e+06	1.485893846e+05	6.512231940e+04	1.457540639e+05	
2.664050405e+02	0.000000000e+00	1.097606327e+06	1.488010998e+05	7.346145910e+04	1.484004520e+05	2.764166150e+04	1.315861519e+05	
2.654332979e+02	0.000000000e+00	7.655074719e+04	1.487542278e+05	3.001598089e+04	1.461097102e+05	8.360908935e+03	8.424994981e+04	
2.644640054e+02	0.000000000e+00	3.079726932e+04	1.483208243e+05	8.774194209e+03	1.181493981e+05	3.356483197e+03	9.543346838e+05	
2.634971570e+02	0.000000000e+00	8.872333998e+03	1.388554974e+05	3.504177448e+03	1.052680630e+06	1.481921934e+05	5.748789987e+04	
2.625327464e+02	0.000000000e+00	3.547956883e+03	1.089899914e+06	1.487392811e+05	7.014508458e+04	1.477680611e+05	2.503210109e+04	
2.615707676e+02	0.000000000e+00	1.488261269e+05	7.541548764e+04	1.486452393e+05	2.912381432e+04	1.420315928e+05	7.710518395e+03	
2.606112143e+02	0.000000000e+00	1.488025494e+05	3.051556025e+04	1.476694329e+05	8.640711661e+03	1.013986676e+05	3.162104153e+03	
2.596540804e+02	0.000000000e+00	1.485981074e+05	8.838740457e+03	1.307322925e+05	3.451549470e+03	1.014879728e+06	1.470109114e+05	
2.586993600e+02	0.000000000e+00	1.434614873e+05	3.532396465e+03	1.075995973e+06	1.485851388e+05	6.501263061e+04	1.456860710e+05	
2.577470467e+02	0.000000000e+00	1.097506668e+06	1.488004175e+05	7.341521146e+04	1.483936863e+05	2.760730963e+04	1.312949174e+05	
2.567971347e+02	0.000000000e+00	7.653586934e+04	1.487529626e+05	3.000393021e+04	1.460656605e+05	8.353554281e+03	8.393768117e+04	
2.558496179e+02	0.000000000e+00	3.079362210e+04	1.483134737e+05	8.772552350e+03	1.178752263e+05	3.354153809e+03	9.528609313e+05	
2.549044901e+02	0.000000000e+00	8.871910728e+03	1.387459218e+05	3.503486349e+03	1.052139310e+06	1.481806626e+05	5.731696478e+04	
2.539617455e+02	0.000000000e+00	3.547756993e+03	1.089716774e+06	1.487376068e+05	7.007023185e+04	1.477493858e+05	2.496916704e+04	
2.530213779e+02	0.000000000e+00	1.488258376e+05	7.538879113e+04	1.486423949e+05	2.910294954e+04	1.419158521e+05	7.693040465e+03	
2.520833814e+02	0.000000000e+00	1.488019607e+05	3.050885916e+04	1.476519355e+05	8.637286464e+03	1.010820028e+05	3.156988693e+03	
2.511477500e+02	0.000000000e+00	1.485947540e+05	8.837918104e+03	1.305479621e+05	3.450280666e+03	1.014033265e+06	1.469729520e+05	
2.502144777e+02	0.000000000e+00	1.433990668e+05	3.532023329e+03	1.075671849e+06	1.485809013e+05	6.490083241e+04	1.456143815e+05	
2.492835587e+02	0.000000000e+00	1.097404681e+06	1.487997132e+05	7.336907013e+04	1.483869338e+05	2.757211587e+04	1.309922005e+05	
2.483549869e+02	0.000000000e+00	7.652065713e+04	1.487516597e+05	2.999190588e+04	1.460215297e+05	8.345977675e+03	8.361645001e+04	
2.474287564e+02	0.000000000e+00	3.078989086e+04	1.483059130e+05	8.770909876e+03	1.176036603e+05	3.351760249e+03	9.513345942e+05	
2.465048614e+02	0.000000000e+00	8.871477414e+03	1.386338548e+05	3.502796322e+03	1.051601191e+06	1.481691600e+05	5.714229741e+04	
2.455832959e+02	0.000000000e+00	3.547552451e+03	1.089529375e+06	1.487358751e+05	6.999567885e+04	1.477307114e+05	2.490426585e+04	
2.446640541e+02	0.000000000e+00	1.488255479e+05	7.536150920e+04	1.486394598e+05	2.908216158e+04	1.418000901e+05	7.674935754e+03	
2.437471301e+02	0.000000000e+00	1.488013717e+05	3.050200455e+04	1.476339045e+05	8.633859749e+03	1.007708039e+05	3.151688097e+03	
2.428325181e+02	0.000000000e+00	1.485913952e+05	8.837075780e+03	1.303596005e+05	3.449014926e+03	1.013193796e+06	1.469350858e+05	
2.419202122e+02	0.000000000e+00	1.433367233e+05	3.531641474e+03	1.075340252e+06	1.485765080e+05	6.478963097e+04	1.455425093e+05	
2.410102066e+02	0.000000000e+00	1.097302788e+06	1.487990089e+05	7.332195607e+04	1.483799424e+05	2.753710266e+04	1.306912468e+05	
2.401024956e+02	0.000000000e+00	7.650545879e+04	1.487503578e+05	2.997960795e+04	1.459759579e+05	8.338402796e+03	8.330263210e+04	
2.391970733e+02	0.000000000e+00	3.078616247e+04	1.482983389e+05	8.769225764e+03	1.173267303e+05	3.349373542e+03	9.498207286e+05	
2.382939340e+02	0.000000000e+00	8.871044119e+03	1.385220711e+05	3.502089998e+03	1.051050793e+06	1.481571815e+05	5.696789286e+04	
2.373930719e+02	0.000000000e+00	3.547348029e+03	1.089342319e+06	1.487341455e+05	6.991965176e+04	1.477112493e+05	2.483967917e+04	
2.364944812e+02	0.000000000e+00	1.488252492e+05	7.533426458e+04	1.486365300e+05	2.906089961e+04	1.416802344e+05	7.656873587e+03	
2.355981563e+02	0.000000000e+00	1.488007662e+05	3.049515876e+04	1.476158366e+05	8.630339856e+03	1.004540396e+05	3.146397604e+03	
2.347040915e+02	0.000000000e+00	1.485879459e+05	8.836233331e+03	1.301721597e+05	3.447718191e+03	1.012333078e+06	1.468951769e+05	
2.338122810e+02	0.000000000e+00	1.432729378e+05	3.531259987e+03	1.075009776e+06	1.485721233e+05	6.467629132e+04	1.454666891e+05	
2.329227191e+02	0.000000000e+00	1.097198514e+06	1.487982817e+05	7.327495255e+04	1.483729644e+05	2.750122673e+04	1.303783535e+05	
2.320354002e+02	0.000000000e+00	7.648991922e+04	1.487490172e+05	2.996733744e+04	1.459303035e+05	8.330598275e+03	8.297952962e+04	
2.311503186e+02	0.000000000e+00	3.078234815e+04	1.482905478e+05	8.767541009e+03	1.170524987e+05	3.346920635e+03	9.482520008e+05	
2.302674687e+02	0.000000000e+00	8.870600538e+03	1.384077488e+05	3.501384792e+03	1.050503713e+06	1.481452344e+05	5.678964878e+04	
2.293868449e+02	0.000000000e+00	3.547138854e+03	1.089150916e+06	1.487323566e+05	6.984393437e+04	1.476917886e+05	2.477304890e+04	
2.285084415e+02	0.000000000e+00	1.488249501e+05	7.530642318e+04	1.486335065e+05	2.903971718e+04	1.415603747e+05	7.638158186e+03	
2.276322529e+02	0.000000000e+00	1.488001604e+05	3.048815616e+04	1.475972164e+05	8.626818425e+03	1.001428548e+05	3.140913167e+03	
2.267582736e+02	0.000000000e+00	1.485844911e+05	8.835370405e+03	1.299806280e+05	3.446424626e+03	1.011479523e+06	1.468553646e+05	
2.258864980e+02	0.000000000e+00	1.432092331e+05	3.530869575e+03	1.074671682e+06	1.485675770e+05	6.456354485e+04	1.453906773e+05	
2.250169205e+02	0.000000000e+00	1.097094338e+06	1.487975547e+05	7.322696047e+04	1.483657383e+05	2.746553490e+04	1.300673948e+05	
2.241495357e+02	0.000000000e+00	7.647439399e+04	1.487476776e+05	2.995478781e+04	1.458831546e+05	8.322795749e+03	8.266394311e+04	
2.232843378e+02	0.000000000e+00	3.077853687e+04	1.482827427e+05	8.765813465e+03	1.167728809e+05	3.344474688e+03	9.466961569e+05	
2.224213216e+02	0.000000000e+00	8.870156973e+03	1.382937225e+05	3.500662917e+03	1.049944145e+06	1.481327900e+05	5.661161715e+04	
2.215604813e+02	0.000000000e+00	3.546929797e+03	1.088959870e+06	1.487305698e+05	6.976672329e+04	1.476715002e+05	2.470673866e+04	
2.207018116e+02	0.000000000e+00	1.488246419e+05	7.527862054e+04	1.486304885e+05	2.901805138e+04	1.414362669e+05	7.619488912e+03	
2.198453071e+02	0.000000000e+00	1.487995375e+05	3.048116275e+04	1.475785581e+05	8.623200944e+03	9.982610503e+04	3.135438951e+03	
2.189909621e+02	0.000000000e+00	1.485809429e+05	8.834507340e+03	1.297900549e+05	3.445099315e+03	1.010604214e+06	1.468133737e+05	
2.181387713e+02	0.000000000e+00	1.431440558e+05	3.530479555e+03	1.074334756e+06	1.485630397e+05	6.444863697e+04	1.453104468e+05	
2.172887293e+02	0.000000000e+00	1.096987729e+06	1.487968040e+05	7.317908336e+04	1.483585258e+05	2.742896110e+04	1.297440222e+05	
2.164408306e+02	0.000000000e+00	7.645852043e+04	1.487462981e+05	2.994226672e+04	1.458359215e+05	8.314756020e+03	8.233873117e+04	
2.155950698e+02	0.000000000e+00	3.077463779e+04	1.482747136e+05	8.764085247e+03	1.164960561e+05	3.341960565e+03	9.450830582e+05	
2.147514416e+02	0.000000000e+00	8.869702865e+03	1.381771087e+05	3.499942207e+03	1.049388013e+06	1.481203785e+05	5.642964288e+04	
2.139099405e+02	0.000000000e+00	3.546715860e+03	1.088764384e+06	1.487287218e+05	6.968983197e+04	1.476512109e+05	2.463830393e+04	
2.130705612e+02	0.000000000e+00	1.488243332e+05	7.525020943e+04	1.486273739e+05	2.899646794e+04	1.413121690e+05	7.600138619e+03	
2.122332984e+02	0.000000000e+00	1.487989144e+05	3.047400920e+04	1.475593286e+05	8.619581909e+03	9.951502854e+04	3.129761450e+03	
2.113981467e+02	0.000000000e+00	1.485773891e+05	8.833623269e+03	1.295953345e+05	3.443777280e+03	1.009736213e+06	1.467714830e+05	
2.105651007e+02	0.000000000e+00	1.430789632e+05	3.530080420e+03	1.073990070e+06	1.485583346e+05	6.433432819e+04	1.452300167e+05	
2.097341553e+02	0.000000000e+00	1.096881224e+06	1.487960534e+05	7.313019961e+04	1.483510557e+05	2.739257587e+04	1.294227680e+05	
2.089053050e+02	0.000000000e+00	7.644266168e+04	1.487449197e+05	2.992946081e+04	1.457871382e+05	8.306718735e+03	8.202114608e+04	
2.080785446e+02	0.000000000e+00	3.077074184e+04	1.482666699e+05	8.762313031e+03	1.162138228e+05	3.339453546e+03	9.434832887e+05	
2.072538689e+02	0.000000000e+00	8.869248778e+03	1.380608043e+05	3.499204448e+03	1.048819182e+06	1.481074470e+05	5.624782669e+04	
2.064312725e+02	0.000000000e+00	3.546502066e+03	1.088569273e+06	1.487268758e+05	6.961142725e+04	1.476300517e+05	2.457019483e+04	
2.056107502e+02	0.000000000e+00	1.488240149e+05	7.522183856e+04	1.486242646e+05	2.897439154e+04	1.411836582e+05	7.580838316e+03	
2.047922969e+02	0.000000000e+00	1.487982736e+05	3.046686521e+04	1.475400586e+05	8.615863847e+03	9.919836997e+04	3.124094296e+03	
2.039759072e+02	0.000000000e+00	1.485737392e+05	8.832739053e+03	1.294016076e+05	3.442422714e+03	1.008845889e+06	1.467272672e+05	
2.031615760e+02	0.000000000e+00	1.430123664e+05	3.529681680e+03	1.073646594e+06	1.485536390e+05	6.421782351e+04	1.451450771e+05	
2.023492981e+02	0.000000000e+00	1.096772230e+06	1.487952784e+05	7.308143778e+04	1.483435994e+05	2.735528619e+04	1.290886023e+05	
2.015390683e+02	0.000000000e+00	7.642644736e+04	1.487435001e+05	2.991668478e+04	1.457382694e+05	8.298435933e+03	8.169356784e+04	
2.007308815e+02	0.000000000e+00	3.076675614e+04	1.482583950e+05	8.760540142e+03	1.159344788e+05	3.336876133e+03	9.418237234e+05	
1.999247324e+02	0.000000000e+00	8.868783901e+03	1.379418636e+05	3.498467909e+03	1.048253907e+06	1.480945500e+05	5.606195970e+04	
1.991206161e+02	0.000000000e+00	3.546283302e+03	1.088369628e+06	1.487249664e+05	6.953335251e+04	1.476088893e+05	2.449987595e+04	
1.983185272e+02	0.000000000e+00	1.488236963e+05	7.519284757e+04	1.486210556e+05	2.895240041e+04	1.410551730e+05	7.560827684e+03	
1.975184608e+02	0.000000000e+00	1.487976327e+05	3.045955768e+04	1.475201973e+05	8.612144219e+03	9.888747684e+04	3.118213917e+03	
1.967204117e+02	0.000000000e+00	1.485700834e+05	8.831833293e+03	1.292036744e+05	3.441071540e+03	1.007963018e+06	1.466831557e+05	
1.959243748e+02	0.000000000e+00	1.429458587e+05	3.529273632e+03	1.073295211e+06	1.485487691e+05	6.410192321e+04	1.450599314e+05	
1.951303451e+02	0.000000000e+00	1.096663345e+06	1.487945035e+05	7.303165316e+04	1.483358756e+05	2.731818958e+04	1.287567521e+05	
1.943383174e+02	0.000000000e+00	7.641024838e+04	1.487420818e+05	2.990361818e+04	1.456877926e+05	8.290156066e+03	8.137373194e+04	
1.935482869e+02	0.000000000e+00	3.076277371e+04	1.482501049e+05	8.758722029e+03	1.156497100e+05	3.334305967e+03	9.401779657e+05	
1.927602483e+02	0.000000000e+00	8.868319034e+03	1.378232461e+05	3.497713938e+03	1.047675721e+06	1.480811094e+05	5.587619317e+04	
1.919741968e+02	0.000000000e+00	3.546064666e+03	1.088170375e+06	1.487230593e+05	6.945374569e+04	1.475868116e+05	2.442988844e+04	
1.911901272e+02	0.000000000e+00	1.488233678e+05	7.516389837e+04	1.486178526e+05	2.892990655e+04	1.409221032e+05	7.540871200e+03	
1.904080346e+02	0.000000000e+00	1.487969736e+05	3.045226010e+04	1.475002951e+05	8.608322485e+03	9.857098371e+04	3.112344027e+03	
1.896279140e+02	0.000000000e+00	1.485663284e+05	8.830927372e+03	1.290067797e+05	3.439687031e+03	1.007057225e+06	1.466365595e+05	
1.888497605e+02	0.000000000e+00	1.428778150e+05	3.528865983e+03	1.072945094e+06	1.485439092e+05	6.398379097e+04	1.449699615e+05	
1.880735690e+02	0.000000000e+00	1.096551918e+06	1.487937033e+05	7.298199293e+04	1.483281658e+05	2.728016533e+04	1.284114664e+05	
1.872993346e+02	0.000000000e+00	7.639368641e+04	1.487406209e+05	2.989058251e+04	1.456372291e+05	8.281622021e+03	8.104350379e+04	
1.865270524e+02	0.000000000e+00	3.075869956e+04	1.482415758e+05	8.756903184e+03	1.153679284e+05	3.331663086e+03	9.384696918e+05	
1.857567175e+02	0.000000000e+00	8.867843107e+03	1.377019425e+05	3.496961222e+03	1.047101215e+06	1.480677048e+05	5.568625520e+04	
1.849883250e+02	0.000000000e+00	3.545840927e+03	1.087966493e+06	1.487210864e+05	6.937447934e+04	1.475647279e+05	2.435760094e+04	
1.842218699e+02	0.000000000e+00	1.488230389e+05	7.513431717e+04	1.486145463e+05	2.890750093e+04	1.407890767e+05	7.520173460e+03	
1.834573473e+02	0.000000000e+00	1.487963143e+05	3.044479549e+04	1.474797801e+05	8.604499177e+03	9.826034494e+04	3.106250328e+03	
1.826947525e+02	0.000000000e+00	1.485625674e+05	8.829999347e+03	1.288056167e+05	3.438306029e+03	1.006159032e+06	1.465900720e+05	
1.819340805e+02	0.000000000e+00	1.428098646e+05	3.528448788e+03	1.072586916e+06	1.485388684e+05	6.386626746e+04	1.448797807e+05	
1.811753265e+02	0.000000000e+00	1.096440603e+06	1.487929034e+05	7.293129375e+04	1.483201777e+05	2.724233868e+04	1.280687076e+05	
1.804184857e+02	0.000000000e+00	7.637714029e+04	1.487391614e+05	2.987725050e+04	1.455849979e+05	8.273091449e+03	8.072114443e+04	
1.796635532e+02	0.000000000e+00	3.075462882e+04	1.482330310e+05	8.755037850e+03	1.150807025e+05	3.329027592e+03	9.367757414e+05	
1.789105242e+02	0.000000000e+00	8.867367195e+03	1.375809766e+05	3.496190680e+03	1.046513575e+06	1.480537314e+05	5.549635187e+04	
1.781593939e+02	0.000000000e+00	3.545617340e+03	1.087763020e+06	1.487191162e+05	6.929366047e+04	1.475416814e+05	2.428565068e+04	
1.774101575e+02	0.000000000e+00	1.488226999e+05	7.510477938e+04	1.486112461e+05	2.888458251e+04	1.406512871e+05	7.499534331e+03	
1.766628103e+02	0.000000000e+00	1.487956363e+05	3.043734126e+04	1.474592229e+05	8.600570583e+03	9.794408151e+04	3.100167276e+03	
1.759173475e+02	0.000000000e+00	1.485587042e+05	8.829071153e+03	1.286055345e+05	3.436890867e+03	1.005237287e+06	1.465409267e+05	
1.751737644e+02	0.000000000e+00	1.427403455e+05	3.528032036e+03	1.072230055e+06	1.485338380e+05	6.374647486e+04	1.447844392e+05	
1.744320561e+02	0.000000000e+00	1.096326690e+06	1.487920773e+05	7.288072388e+04	1.483122039e+05	2.720356008e+04	1.277119666e+05	
1.736922180e+02	0.000000000e+00	7.636022372e+04	1.487376580e+05	2.986395063e+04	1.455326788e+05	8.264297667e+03	8.038796992e+04	
1.729542454e+02	0.000000000e+00	3.075046436e+04	1.482242394e+05	8.753171754e+03	1.147965634e+05	3.326316955e+03	9.350164137e+05	
1.722181336e+02	0.000000000e+00	8.866879959e+03	1.374572741e+05	3.495421445e+03	1.045929740e+06	1.480397956e+05	5.530216138e+04	
1.714838778e+02	0.000000000e+00	3.545388546e+03	1.087554822e+06	1.487170777e+05	6.921319263e+04	1.475186259e+05	2.421130518e+04	
1.707514733e+02	0.000000000e+00	1.488223604e+05	7.507459736e+04	1.486078392e+05	2.886175535e+04	1.405135605e+05	7.478121491e+03	
1.700209156e+02	0.000000000e+00	1.487949582e+05	3.042971642e+04	1.474380312e+05	8.596640412e+03	9.763375826e+04	3.093849148e+03	
1.692922000e+02	0.000000000e+00	1.485548348e+05	8.828120289e+03	1.284011260e+05	3.435479325e+03	1.004323285e+06	1.464918951e+05	
1.685653218e+02	0.000000000e+00	1.426709244e+05	3.527605540e+03	1.071864982e+06	1.485286196e+05	6.362729415e+04	1.446888843e+05	
1.678402763e+02	0.000000000e+00	1.096212896e+06	1.487912514e+05	7.282909853e+04	1.483039409e+05	2.716498362e+04	1.273579787e+05	
1.671170590e+02	0.000000000e+00	7.634332354e+04	1.487361561e+05	2.985034845e+04	1.454786296e+05	8.255507943e+03	8.006279551e+04	
1.663956653e+02	0.000000000e+00	3.074630341e+04	1.482154316e+05	8.751257860e+03	1.145069666e+05	3.323613845e+03	9.332719612e+05	
1.656760905e+02	0.000000000e+00	8.866392729e+03	1.373339242e+05	3.494633977e+03	1.045332547e+06	1.480252642e+05	5.510793423e+04	
1.649583301e+02	0.000000000e+00	3.545159899e+03	1.087347050e+06	1.487150420e+05	6.913115287e+04	1.474945568e+05	2.413730300e+04	
1.642423794e+02	0.000000000e+00	1.488220103e+05	7.504446044e+04	1.486044387e+05	2.883840515e+04	1.403708855e+05	7.456772076e+03	
1.635282340e+02	0.000000000e+00	1.487942607e+05	3.042210241e+04	1.474167958e+05	8.592601667e+03	9.731778132e+04	3.087541849e+03	
1.628158893e+02	0.000000000e+00	1.485508600e+05	8.827169239e+03	1.281978424e+05	3.434032767e+03	1.003385072e+06	1.464400173e+05	
1.621053407e+02	0.000000000e+00	1.425999013e+05	3.527179486e+03	1.071501281e+06	1.485234122e+05	6.350580647e+04	1.445878031e+05	
1.613965837e+02	0.000000000e+00	1.096096445e+06	1.487903985e+05	7.277760762e+04	1.482956925e+05	2.712542991e+04	1.269894323e+05	
1.606896138e+02	0.000000000e+00	7.632604539e+04	1.487346090e+05	2.983677975e+04	1.454244915e+05	8.246445615e+03	7.972634234e+04	
1.599844265e+02	0.000000000e+00	3.074204669e+04	1.482063688e+05	8.749343172e+03	1.142205575e+05	3.320833045e+03	9.314590629e+05	
1.592810173e+02	0.000000000e+00	8.865893891e+03	1.372077864e+05	3.493847868e+03	1.044739288e+06	1.480107721e+05	5.490929562e+04	
1.585793817e+02	0.000000000e+00	3.544925925e+03	1.087134455e+06	1.487129357e+05	6.904947487e+04	1.474704753e+05	2.406080475e+04	
1.578795152e+02	0.000000000e+00	1.488216600e+05	7.501366709e+04	1.486009279e+05	2.881514932e+04	1.402282953e+05	7.434614643e+03	
1.571814134e+02	0.000000000e+00	1.487935631e+05	3.041431422e+04	1.473949034e+05	8.588561346e+03	9.700782612e+04	3.080987465e+03	
1.564850718e+02	0.000000000e+00	1.485468787e+05	8.826194925e+03	1.279901740e+05	3.432589951e+03	1.002454745e+06	1.463882589e+05	
1.557904860e+02	0.000000000e+00	1.425289811e+05	3.526743467e+03	1.071129214e+06	1.485180096e+05	6.338493333e+04	1.444865088e+05	
1.550976516e+02	0.000000000e+00	1.095980119e+06	1.487895458e+05	7.272504412e+04	1.482871434e+05	2.708608290e+04	1.266238810e+05	
1.544065641e+02	0.000000000e+00	7.630878418e+04	1.487330635e+05	2.982290269e+04	1.453685582e+05	8.237387981e+03	7.939803611e+04	
1.537172191e+02	0.000000000e+00	3.073779363e+04	1.481972891e+05	8.747379339e+03	1.139286768e+05	3.318059909e+03	9.296616423e+05	
1.530296123e+02	0.000000000e+00	8.865395064e+03	1.370820169e+05	3.493043115e+03	1.044132440e+06	1.479956567e+05	5.471054248e+04	
1.523437392e+02	0.000000000e+00	3.544692106e+03	1.086922305e+06	1.487108323e+05	6.896620405e+04	1.474453253e+05	2.398465614e+04	
1.516595956e+02	0.000000000e+00	1.488212987e+05	7.498292059e+04	1.485974238e+05	2.879135996e+04	1.400805648e+05	7.412525817e+03	
1.509771769e+02	0.000000000e+00	1.487928457e+05	3.040653726e+04	1.473729658e+05	8.584409016e+03	9.669218023e+04	3.074444118e+03	
1.502964790e+02	0.000000000e+00	1.485427888e+05	8.825220417e+03	1.277836760e+05	3.431111237e+03	1.001499508e+06	1.463334492e+05	
1.496174973e+02	0.000000000e+00	1.424564253e+05	3.526307911e+03	1.070758574e+06	1.485126184e+05	6.326171269e+04	1.443792966e+05	
1.489402277e+02	0.000000000e+00	1.095861078e+06	1.487886652e+05	7.267262036e+04	1.482786090e+05	2.704573217e+04	1.262431639e+05	
1.482646658e+02	0.000000000e+00	7.629113716e+04	1.487314713e+05	2.980906045e+04	1.453125352e+05	8.228047960e+03	7.905795642e+04	
1.475908073e+02	0.000000000e+00	3.073344268e+04	1.481879458e+05	8.745414679e+03	1.136400861e+05	3.315206411e+03	9.277925120e+05	
1.469186479e+02	0.000000000e+00	8.864884353e+03	1.369534085e+05	3.492239771e+03	1.043529653e+06	1.479805824e+05	5.450724448e+04	
1.462481833e+02	0.000000000e+00	3.544452849e+03	1.086705231e+06	1.487086557e+05	6.888330574e+04	1.474201593e+05	2.390590480e+04	
1.455794092e+02	0.000000000e+00	1.488209370e+05	7.495150521e+04	1.485938056e+05	2.876766816e+04	1.399329434e+05	7.389592805e+03	
1.449123214e+02	0.000000000e+00	1.487921282e+05	3.039858244e+04	1.473503479e+05	8.580255120e+03	9.638263445e+04	3.067640882e+03	
1.442469156e+02	0.000000000e+00	1.485386923e+05	8.824222042e+03	1.275727354e+05	3.429636386e+03	1.000552299e+06	1.462787656e+05	
1.435831876e+02	0.000000000e+00	1.423839774e+05	3.525862161e+03	1.070379411e+06	1.485070245e+05	6.313910781e+04	1.442718754e+05	
1.429211332e+02	0.000000000e+00	1.095742167e+06	1.487877850e+05	7.261910655e+04	1.482697616e+05	2.700559273e+04	1.258657012e+05	
1.422607480e+02	0.000000000e+00	7.627350769e+04	1.487298808e+05	2.979490371e+04	1.452546499e+05	8.218713327e+03	7.872617891e+04	
1.416020281e+02	0.000000000e+00	3.072909555e+04	1.481785851e+05	8.743399473e+03	1.133460127e+05	3.312360710e+03	9.259395078e+05	
1.409449690e+02	0.000000000e+00	8.864373642e+03	1.368251846e+05	3.491417359e+03	1.042913043e+06	1.479648546e+05	5.430374698e+04	
1.402895667e+02	0.000000000e+00	3.544213743e+03	1.086488623e+06	1.487064822e+05	6.879879541e+04	1.473938675e+05	2.382750971e+04	
1.396358169e+02	0.000000000e+00	1.488205640e+05	7.492013852e+04	1.485901945e+05	2.874343211e+04	1.397799811e+05	7.366733987e+03	
1.389837155e+02	0.000000000e+00	1.487913902e+05	3.039063933e+04	1.473276831e+05	8.575985689e+03	9.606735579e+04	3.060848925e+03	
1.383332584e+02	0.000000000e+00	1.485344838e+05	8.823223459e+03	1.273630127e+05	3.428124728e+03	9.995794482e+05	1.462208078e+05	
1.376844413e+02	0.000000000e+00	1.423098593e+05	3.525416895e+03	1.070001734e+06	1.485014425e+05	6.301411401e+04	1.441581113e+05	
1.370372602e+02	0.000000000e+00	1.095620482e+06	1.487868757e+05	7.256573797e+04	1.482609291e+05	2.696442203e+04	1.254724365e+05	
1.363917109e+02	0.000000000e+00	7.625548441e+04	1.487282422e+05	2.978078315e+04	1.451966741e+05	8.209086138e+03	7.838209198e+04	
1.357477894e+02	0.000000000e+00	3.072464841e+04	1.481689522e+05	8.741383407e+03	1.130553326e+05	3.309431842e+03	9.240113224e+05	
1.351054914e+02	0.000000000e+00	8.863850754e+03	1.366940691e+05	3.490596411e+03	1.042300626e+06	1.479491698e+05	5.409557287e+04	
1.344648130e+02	0.000000000e+00	3.543969061e+03	1.086266988e+06	1.487042330e+05	6.871466852e+04	1.473675557e+05	2.374639901e+04	
1.338257500e+02	0.000000000e+00	1.488201907e+05	7.488809019e+04	1.485864653e+05	2.871929688e+04	1.396271548e+05	7.342992713e+03	
1.331882984e+02	0.000000000e+00	1.487906521e+05	3.038251458e+04	1.473043138e+05	8.571714705e+03	9.575825077e+04	3.053783417e+03	
1.325524540e+02	0.000000000e+00	1.485302684e+05	8.822200389e+03	1.271487904e+05	3.426617056e+03	9.986147659e+05	1.461629838e+05	
1.319182130e+02	0.000000000e+00	1.422358544e+05	3.524961213e+03	1.069615377e+06	1.484956497e+05	6.288973648e+04	1.440441465e+05	
1.312855711e+02	0.000000000e+00	1.095498934e+06	1.487859669e+05	7.251126239e+04	1.482517709e+05	2.692346719e+04	1.250827032e+05	
1.306545244e+02	0.000000000e+00	7.623747929e+04	1.487266053e+05	2.976634180e+04	1.451367662e+05	8.199465086e+03	7.804647770e+04	
1.300250688e+02	0.000000000e+00	3.072020523e+04	1.481593011e+05	8.739315359e+03	1.127591591e+05	3.306510903e+03	9.220999695e+05	
1.293972003e+02	0.000000000e+00	8.863327864e+03	1.365633550e+05	3.489755954e+03	1.041674143e+06	1.479328000e+05	5.388710771e+04	
1.287709150e+02	0.000000000e+00	3.543724551e+03	1.086045840e+06	1.487019870e+05	6.862890874e+04	1.473400560e+05	2.366565154e+04	
1.281462089e+02	0.000000000e+00	1.488198056e+05	7.485609245e+04	1.485827435e+05	2.869460630e+04	1.394687794e+05	7.319331652e+03	
1.275230779e+02	0.000000000e+00	1.487898929e+05	3.037440204e+04	1.472808963e+05	8.567324526e+03	9.544335811e+04	3.046729470e+03	
1.269015181e+02	0.000000000e+00	1.485259375e+05	8.821177095e+03	1.269358351e+05	3.425071632e+03	9.976236599e+05	1.461016417e+05	
1.262815255e+02	0.000000000e+00	1.421601445e+05	3.524506028e+03	1.069230566e+06	1.484898694e+05	6.276292460e+04	1.439233824e+05	
1.256630962e+02	0.000000000e+00	1.095374549e+06	1.487850281e+05	7.245693773e+04	1.482426277e+05	2.688145223e+04	1.246764948e+05	
1.250462262e+02	0.000000000e+00	7.621907240e+04	1.487249188e+05	2.975193812e+04	1.450767673e+05	8.189540846e+03	7.769798613e+04	
1.244309116e+02	0.000000000e+00	3.071565981e+04	1.481493686e+05	8.737246418e+03	1.124664832e+05	3.303503853e+03	9.201097333e+05	
1.238171485e+02	0.000000000e+00	8.862792498e+03	1.364296970e+05	3.488917024e+03	1.041051985e+06	1.479164752e+05	5.367382215e+04	
1.232049330e+02	0.000000000e+00	3.543474350e+03	1.085819561e+06	1.486996625e+05	6.854354341e+04	1.473125320e+05	2.358206882e+04	
1.225942612e+02	0.000000000e+00	1.488194203e+05	7.482340045e+04	1.485788996e+05	2.867001988e+04	1.393105698e+05	7.294747814e+03	
1.219851291e+02	0.000000000e+00	1.487891336e+05	3.036610404e+04	1.472567489e+05	8.562932816e+03	9.513470890e+04	3.039387366e+03	
1.213775329e+02	0.000000000e+00	1.485215995e+05	8.820128668e+03	1.267183247e+05	3.423530324e+03	9.966408634e+05	1.460404427e+05	
1.207714687e+02	0.000000000e+00	1.420845533e+05	3.524040186e+03	1.068836916e+06	1.484838703e+05	6.263672823e+04	1.438024310e+05	
1.201669327e+02	0.000000000e+00	1.095250308e+06	1.487840898e+05	7.240148852e+04	1.482331455e+05	2.683965774e+04	1.242741145e+05	
1.195639210e+02	0.000000000e+00	7.620068430e+04	1.487232343e+05	2.973720724e+04	1.450147638e+05	8.179623561e+03	7.735815404e+04	
1.189624297e+02	0.000000000e+00	3.071111854e+04	1.481394174e+05	8.735124013e+03	1.121683068e+05	3.300504860e+03	9.181370949e+05	
1.183624551e+02	0.000000000e+00	8.862257127e+03	1.362964579e+05	3.488058139e+03	1.040415513e+06	1.478994321e+05	5.346014238e+04	
1.177639933e+02	0.000000000e+00	3.543224315e+03	1.085593790e+06	1.486973414e+05	6.845652436e+04	1.472837539e+05	2.349885665e+04	
1.171670404e+02	0.000000000e+00	1.488190229e+05	7.479076102e+04	1.485750632e+05	2.864486684e+04	1.391465951e+05	7.270250684e+03	
1.165715928e+02	0.000000000e+00	1.487883526e+05	3.035781875e+04	1.472325517e+05	8.558418115e+03	9.482021275e+04	3.032057154e+03	
1.159776465e+02	0.000000000e+00	1.485171424e+05	8.819080006e+03	1.265021322e+05	3.421950297e+03	9.956308268e+05	1.459754614e+05	
1.153851978e+02	0.000000000e+00	1.420072214e+05	3.523574867e+03	1.068444874e+06	1.484778842e+05	6.250805244e+04	1.436741876e+05	
1.147942430e+02	0.000000000e+00	1.095123169e+06	1.487831205e+05	7.234619613e+04	1.482236783e+05	2.679677308e+04	1.238545460e+05	
1.142047782e+02	0.000000000e+00	7.618188616e+04	1.487214985e+05	2.972251555e+04	1.449526691e+05	8.169392012e+03	7.700482470e+04	
1.136167997e+02	0.000000000e+00	3.070647284e+04	1.481291753e+05	8.733000681e+03	1.118737330e+05	3.297416666e+03	9.160816181e+05	
1.130303037e+02	0.000000000e+00	8.861708968e+03	1.361602215e+05	3.487200840e+03	1.039783502e+06	1.478824358e+05	5.324150153e+04	
1.124452866e+02	0.000000000e+00	3.542968451e+03	1.085362783e+06	1.486949391e+05	6.836991080e+04	1.472549468e+05	2.341268226e+04	
1.118617446e+02	0.000000000e+00	1.488186251e+05	7.475741429e+04	1.485711007e+05	2.861982136e+04	1.389828191e+05	7.244788103e+03	
1.112796739e+02	0.000000000e+00	1.487875716e+05	3.034934409e+04	1.472075986e+05	8.553901912e+03	9.451202521e+04	3.024423211e+03	
1.106990709e+02	0.000000000e+00	1.485126779e+05	8.818005556e+03	1.262813285e+05	3.420374509e+03	9.946292398e+05	1.459106343e+05	
1.101199319e+02	0.000000000e+00	1.419300139e+05	3.523098646e+03	1.068043831e+06	1.484716707e+05	6.237998980e+04	1.435457762e+05	
1.095422531e+02	0.000000000e+00	1.094996180e+06	1.487821517e+05	7.228976173e+04	1.482138580e+05	2.675411353e+04	1.234391242e+05	
1.089660309e+02	0.000000000e+00	7.616310746e+04	1.487197648e+05	2.970749018e+04	1.448884939e+05	8.159168300e+03	7.666035760e+04	
1.083912616e+02	0.000000000e+00	3.070183141e+04	1.481189139e+05	8.730822345e+03	1.115736513e+05	3.294336657e+03	9.140445788e+05	
1.078179415e+02	0.000000000e+00	8.861160805e+03	1.360244223e+05	3.486323129e+03	1.039136919e+06	1.478646857e+05	5.302235928e+04	
1.072460671e+02	0.000000000e+00	3.542712771e+03	1.085132305e+06	1.486925404e+05	6.828162328e+04	1.472248153e+05	2.332688621e+04	
1.066756346e+02	0.000000000e+00	1.488182149e+05	7.472412222e+04	1.485671461e+05	2.859419764e+04	1.388130540e+05	7.219419253e+03	
1.061066404e+02	0.000000000e+00	1.487867681e+05	3.034088267e+04	1.471825940e+05	8.549258777e+03	9.419791764e+04	3.016801549e+03	
1.055390809e+02	0.000000000e+00	1.485080906e+05	8.816930853e+03	1.260618959e+05	3.418758994e+03	9.935995472e+05	1.458417337e+05	
1.049729525e+02	0.000000000e+00	1.418510296e+05	3.522622974e+03	1.067644462e+06	1.484654708e+05	6.224940008e+04	1.434095399e+05	
1.044082515e+02	0.000000000e+00	1.094866229e+06	1.487811509e+05	7.223349025e+04	1.482040529e+05	2.671033225e+04	1.230057693e+05	
1.038449744e+02	0.000000000e+00	7.614391035e+04	1.487179782e+05	2.969250551e+04	1.448242274e+05	8.148618771e+03	7.630173449e+04	
1.032831175e+02	0.000000000e+00	3.069708326e+04	1.481083517e+05	8.728643047e+03	1.112772775e+05	3.291164193e+03	9.119204938e+05	
1.027226774e+02	0.000000000e+00	8.860599548e+03	1.358855719e+05	3.485447068e+03	1.038494932e+06	1.478469846e+05	5.279810410e+04	
1.021636503e+02	0.000000000e+00	3.542451134e+03	1.084896484e+06	1.486900575e+05	6.819375241e+04	1.471946496e+05	2.323799382e+04	
1.016060329e+02	0.000000000e+00	1.488178043e+05	7.469010944e+04	1.485630609e+05	2.856868495e+04	1.386435241e+05	7.193039773e+03	
1.010498214e+02	0.000000000e+00	1.487859647e+05	3.033222788e+04	1.471568064e+05	8.544614181e+03	9.389017980e+04	3.008859467e+03	
1.004950123e+02	0.000000000e+00	1.485034958e+05	8.815829685e+03	1.258377976e+05	3.417147852e+03	9.925784455e+05	1.457730008e+05	
9.994160224e+01	0.000000000e+00	1.417721757e+05	3.522136160e+03	1.067235927e+06	1.484590343e+05	6.211942022e+04	1.432731620e+05	
9.938958752e+01	0.000000000e+00	1.094736437e+06	1.487801506e+05	7.217605915e+04	1.481938799e+05	2.666678071e+04	1.225769027e+05	
9.883896468e+01	0.000000000e+00	7.612473336e+04	1.487161939e+05	2.967718053e+04	1.447578023e+05	8.138078033e+03	7.595219929e+04	
9.828973020e+01	0.000000000e+00	3.069233957e+04	1.480977695e+05	8.726407166e+03	1.109753916e+05	3.288000037e+03	9.098157645e+05	
9.774188058e+01	0.000000000e+00	8.860038273e+03	1.357471779e+05	3.484550129e+03	1.037838111e+06	1.478284916e+05	5.257322835e+04	
9.719541233e+01	0.000000000e+00	3.542189683e+03	1.084661216e+06	1.486875783e+05	6.810418611e+04	1.471630843e+05	2.314948819e+04	
9.665032197e+01	0.000000000e+00	1.488173808e+05	7.465615349e+04	1.485589839e+05	2.854258210e+04	1.384677714e+05	7.166761610e+03	
9.610660603e+01	0.000000000e+00	1.487851382e+05	3.032358690e+04	1.471309656e+05	8.539838587e+03	9.357644230e+04	3.000930124e+03	
9.556426103e+01	0.000000000e+00	1.484987741e+05	8.814728247e+03	1.256151253e+05	3.415495947e+03	9.915283258e+05	1.456998791e+05	
9.502328353e+01	0.000000000e+00	1.416915079e+05	3.521649910e+03	1.066829134e+06	1.484526121e+05	6.198686275e+04	1.431283847e+05	
9.448367007e+01	0.000000000e+00	1.094603616e+06	1.487791172e+05	7.211879727e+04	1.481837220e+05	2.662207462e+04	1.221293070e+05	
9.394541721e+01	0.000000000e+00	7.610512945e+04	1.487143550e+05	2.966189790e+04	1.446912861e+05	8.127199444e+03	7.558781002e+04	
9.340852152e+01	0.000000000e+00	3.068748683e+04	1.480868765e+05	8.724170287e+03	1.106773195e+05	3.284740010e+03	9.076194963e+05	
9.287297959e+01	0.000000000e+00	8.859463569e+03	1.356056776e+05	3.483654900e+03	1.037186023e+06	1.478100497e+05	5.234308506e+04	
9.233878800e+01	0.000000000e+00	3.541922146e+03	1.084420494e+06	1.486850120e+05	6.801504772e+04	1.471314792e+05	2.305774399e+04	
9.180594334e+01	0.000000000e+00	1.488169570e+05	7.462146349e+04	1.485547718e+05	2.851659382e+04	1.382922943e+05	7.139425005e+03	
9.127444221e+01	0.000000000e+00	1.487843118e+05	3.031474853e+04	1.471043136e+05	8.535061580e+03	9.326913182e+04	2.992662513e+03	
9.074428124e+01	0.000000000e+00	1.484940447e+05	8.813599644e+03	1.253877336e+05	3.413848544e+03	9.904869397e+05	1.456269411e+05	
9.021545703e+01	0.000000000e+00	1.416109768e+05	3.521152260e+03	1.066413009e+06	1.484459439e+05	6.185491065e+04	1.429835003e+05	
8.968796622e+01	0.000000000e+00	1.094470961e+06	1.487780844e+05	7.206035791e+04	1.481731808e+05	2.657760293e+04	1.216865675e+05	
8.916180546e+01	0.000000000e+00	7.608554640e+04	1.487125184e+05	2.964626823e+04	1.446225296e+05	8.116330682e+03	7.523275464e+04	
8.863697137e+01	0.000000000e+00	3.068263873e+04	1.480759626e+05	8.721875193e+03	1.103737297e+05	3.281488411e+03	9.054435929e+05	
8.811346063e+01	0.000000000e+00	8.858888855e+03	1.354646535e+05	3.482738317e+03	1.036518827e+06	1.477907762e+05	5.211219514e+04	
8.759126988e+01	0.000000000e+00	3.541654796e+03	1.084180349e+06	1.486824496e+05	6.792419212e+04	1.470983937e+05	2.296639553e+04	
8.707039581e+01	0.000000000e+00	1.488165199e+05	7.458683256e+04	1.485505681e+05	2.849000315e+04	1.381103515e+05	7.112197922e+03	
8.655083510e+01	0.000000000e+00	1.487834615e+05	3.030592451e+04	1.470776067e+05	8.530149349e+03	9.295572770e+04	2.984408177e+03	
8.603258442e+01	0.000000000e+00	1.484891845e+05	8.812470757e+03	1.251618249e+05	3.412159295e+03	9.894155713e+05	1.455492684e+05	
8.551564049e+01	0.000000000e+00	1.415285946e+05	3.520655204e+03	1.065998696e+06	1.484392908e+05	6.172033083e+04	1.428295946e+05	
8.500000000e+01	0.000000000e+00	1.094335213e+06	1.487770173e+05	7.200209431e+04	1.481626547e+05	2.653194216e+04	1.212242647e+05	
