# Extra informations about N(2D)
# Productions cm_3s_1
# Altitudes km 
# Total emission
# Physical productions
# N2+ + O prod
# N2+ + e prod
# NO+ + e prod
# N+ + O prod
6.000000000e+02	4.834556835e-05	2.218655096e-04	0.000000000e+00	0.000000000e+00	4.314808275e-43	0.000000000e+00	
5.981871170e+02	5.095709307e-05	2.361033495e-04	0.000000000e+00	0.000000000e+00	4.395646903e-43	0.000000000e+00	
5.963788051e+02	5.370257058e-05	2.512245409e-04	0.000000000e+00	0.000000000e+00	4.477790479e-43	0.000000000e+00	
5.945750527e+02	5.658812446e-05	2.672802159e-04	0.000000000e+00	0.000000000e+00	4.561256166e-43	0.000000000e+00	
5.927758484e+02	5.962081504e-05	2.843275821e-04	0.000000000e+00	0.000000000e+00	4.646061290e-43	0.000000000e+00	
5.909811807e+02	6.280762337e-05	3.024252328e-04	0.000000000e+00	0.000000000e+00	4.732223339e-43	0.000000000e+00	
5.891910381e+02	6.615598344e-05	3.216357819e-04	0.000000000e+00	0.000000000e+00	4.819759963e-43	0.000000000e+00	
5.874054093e+02	6.967338447e-05	3.420240602e-04	0.000000000e+00	0.000000000e+00	4.908688977e-43	0.000000000e+00	
5.856242828e+02	7.336820837e-05	3.636613516e-04	0.000000000e+00	0.000000000e+00	4.999028357e-43	0.000000000e+00	
5.838476474e+02	7.724831465e-05	3.866185060e-04	0.000000000e+00	0.000000000e+00	5.090796246e-43	0.000000000e+00	
5.820754916e+02	8.132305555e-05	4.109761669e-04	0.000000000e+00	0.000000000e+00	5.184010953e-43	0.000000000e+00	
5.803078042e+02	8.560126563e-05	4.368148198e-04	0.000000000e+00	0.000000000e+00	5.278690951e-43	0.000000000e+00	
5.785445740e+02	9.007133101e-05	4.642219461e-04	0.000000000e+00	0.000000000e+00	5.375953181e-43	0.000000000e+00	
5.767857896e+02	9.473268240e-05	4.932890121e-04	0.000000000e+00	0.000000000e+00	5.476230447e-43	0.000000000e+00	
5.750314399e+02	9.962177925e-05	5.241110998e-04	0.000000000e+00	0.000000000e+00	5.578118237e-43	0.000000000e+00	
5.732815137e+02	1.047499326e-04	5.567948954e-04	0.000000000e+00	0.000000000e+00	5.681637599e-43	0.000000000e+00	
5.715359998e+02	1.101271827e-04	5.914435856e-04	0.000000000e+00	0.000000000e+00	5.786809778e-43	0.000000000e+00	
5.697948871e+02	1.157653678e-04	6.281735842e-04	0.000000000e+00	0.000000000e+00	5.893656215e-43	0.000000000e+00	
5.680581646e+02	1.216436981e-04	6.671030100e-04	0.000000000e+00	0.000000000e+00	6.004205605e-43	0.000000000e+00	
5.663258210e+02	1.277757677e-04	7.083611386e-04	0.000000000e+00	0.000000000e+00	6.118239899e-43	0.000000000e+00	
5.645978455e+02	1.341995622e-04	7.520818805e-04	0.000000000e+00	0.000000000e+00	6.234144228e-43	0.000000000e+00	
5.628742270e+02	1.409277422e-04	7.984048295e-04	0.000000000e+00	0.000000000e+00	6.351943678e-43	0.000000000e+00	
5.611549545e+02	1.479738259e-04	8.474790621e-04	0.000000000e+00	0.000000000e+00	6.471663578e-43	0.000000000e+00	
5.594400171e+02	1.553524002e-04	8.994649825e-04	0.000000000e+00	0.000000000e+00	6.593329500e-43	0.000000000e+00	
5.577294037e+02	1.630369623e-04	9.545233322e-04	0.000000000e+00	0.000000000e+00	6.719772451e-43	0.000000000e+00	
5.560231036e+02	1.710482998e-04	1.012834066e-03	0.000000000e+00	0.000000000e+00	6.850446034e-43	0.000000000e+00	
5.543211058e+02	1.794301408e-04	1.074579838e-03	0.000000000e+00	0.000000000e+00	6.983321582e-43	0.000000000e+00	
5.526233995e+02	1.881984701e-04	1.139955169e-03	0.000000000e+00	0.000000000e+00	7.118429649e-43	0.000000000e+00	
5.509299738e+02	1.973702738e-04	1.209167383e-03	0.000000000e+00	0.000000000e+00	7.255801097e-43	0.000000000e+00	
5.492408181e+02	2.069619256e-04	1.282427099e-03	0.000000000e+00	0.000000000e+00	7.395467105e-43	0.000000000e+00	
5.475559214e+02	2.169498282e-04	1.359970880e-03	0.000000000e+00	0.000000000e+00	7.540547035e-43	0.000000000e+00	
5.458752731e+02	2.273466642e-04	1.442032144e-03	0.000000000e+00	0.000000000e+00	7.691152396e-43	0.000000000e+00	
5.441988625e+02	2.382107904e-04	1.528861849e-03	0.000000000e+00	0.000000000e+00	7.844374599e-43	0.000000000e+00	
5.425266788e+02	2.495631440e-04	1.620735502e-03	0.000000000e+00	0.000000000e+00	8.000251349e-43	0.000000000e+00	
5.408587115e+02	2.614235907e-04	1.717930906e-03	0.000000000e+00	0.000000000e+00	8.158820758e-43	0.000000000e+00	
5.391949498e+02	2.738125667e-04	1.820739476e-03	0.000000000e+00	0.000000000e+00	8.320121349e-43	0.000000000e+00	
5.375353832e+02	2.867174048e-04	1.929480483e-03	0.000000000e+00	0.000000000e+00	8.486677313e-43	0.000000000e+00	
5.358800011e+02	3.001226720e-04	2.044479142e-03	0.000000000e+00	0.000000000e+00	8.660885452e-43	0.000000000e+00	
5.342287930e+02	3.141152719e-04	2.166080451e-03	0.000000000e+00	0.000000000e+00	8.838216775e-43	0.000000000e+00	
5.325817483e+02	3.287197116e-04	2.294653204e-03	0.000000000e+00	0.000000000e+00	9.018718037e-43	0.000000000e+00	
5.309388565e+02	3.439605634e-04	2.430579206e-03	0.000000000e+00	0.000000000e+00	9.202436527e-43	0.000000000e+00	
5.293001072e+02	3.598624989e-04	2.574254640e-03	0.000000000e+00	0.000000000e+00	9.389420066e-43	0.000000000e+00	
5.276654899e+02	3.764426481e-04	2.726118150e-03	0.000000000e+00	0.000000000e+00	9.580454678e-43	0.000000000e+00	
5.260349942e+02	3.936187198e-04	2.886609202e-03	0.000000000e+00	0.000000000e+00	9.782394370e-43	0.000000000e+00	
5.244086096e+02	4.115268020e-04	3.056191224e-03	0.000000000e+00	0.000000000e+00	9.988065267e-43	0.000000000e+00	
5.227863260e+02	4.301988770e-04	3.235382257e-03	0.000000000e+00	0.000000000e+00	1.019752531e-42	0.000000000e+00	
5.211681328e+02	4.496617483e-04	3.424678874e-03	0.000000000e+00	0.000000000e+00	1.041083313e-42	0.000000000e+00	
5.195540198e+02	4.699504143e-04	3.624659685e-03	0.000000000e+00	0.000000000e+00	1.062804805e-42	0.000000000e+00	
5.179439766e+02	4.910925729e-04	3.835865957e-03	0.000000000e+00	0.000000000e+00	1.084923011e-42	0.000000000e+00	
5.163379932e+02	5.130071236e-04	4.058929320e-03	0.000000000e+00	0.000000000e+00	1.108117839e-42	0.000000000e+00	
5.147360591e+02	5.357898131e-04	4.294475205e-03	0.000000000e+00	0.000000000e+00	1.131997678e-42	0.000000000e+00	
5.131381641e+02	5.595184921e-04	4.543191382e-03	0.000000000e+00	0.000000000e+00	1.156329959e-42	0.000000000e+00	
5.115442982e+02	5.842279409e-04	4.805771862e-03	0.000000000e+00	0.000000000e+00	1.181121924e-42	0.000000000e+00	
5.099544512e+02	6.099563957e-04	5.082965394e-03	0.000000000e+00	0.000000000e+00	1.206380904e-42	0.000000000e+00	
5.083686128e+02	6.367410996e-04	5.375538517e-03	0.000000000e+00	0.000000000e+00	1.232114322e-42	0.000000000e+00	
5.067867730e+02	6.645707425e-04	5.684323411e-03	0.000000000e+00	0.000000000e+00	1.258602132e-42	0.000000000e+00	
5.052089218e+02	6.933898982e-04	6.010195778e-03	0.000000000e+00	0.000000000e+00	1.286331327e-42	0.000000000e+00	
5.036350490e+02	7.233721695e-04	6.354032051e-03	0.000000000e+00	0.000000000e+00	1.314599208e-42	0.000000000e+00	
5.020651447e+02	7.545626054e-04	6.716797446e-03	0.000000000e+00	0.000000000e+00	1.343414657e-42	0.000000000e+00	
5.004991987e+02	7.870062104e-04	7.099493777e-03	0.000000000e+00	0.000000000e+00	1.372786673e-42	0.000000000e+00	
4.989372012e+02	8.207499570e-04	7.503176823e-03	0.000000000e+00	0.000000000e+00	1.402724372e-42	0.000000000e+00	
4.973791422e+02	8.558422706e-04	7.928955152e-03	0.000000000e+00	0.000000000e+00	1.433236987e-42	0.000000000e+00	
4.958250118e+02	8.921634978e-04	8.377979010e-03	0.000000000e+00	0.000000000e+00	1.465099755e-42	0.000000000e+00	
4.942748000e+02	9.298436291e-04	8.851444392e-03	0.000000000e+00	0.000000000e+00	1.497915392e-42	0.000000000e+00	
4.927284970e+02	9.690070153e-04	9.350677948e-03	0.000000000e+00	0.000000000e+00	1.531380508e-42	0.000000000e+00	
4.911860928e+02	1.009703575e-03	9.876986328e-03	0.000000000e+00	0.000000000e+00	1.565506052e-42	0.000000000e+00	
4.896475778e+02	1.051991766e-03	1.043181129e-02	0.000000000e+00	0.000000000e+00	1.600303122e-42	0.000000000e+00	
4.881129421e+02	1.095924197e-03	1.101658708e-02	0.000000000e+00	0.000000000e+00	1.635782964e-42	0.000000000e+00	
4.865821758e+02	1.141557715e-03	1.163291955e-02	0.000000000e+00	0.000000000e+00	1.671986648e-42	0.000000000e+00	
4.850552693e+02	1.188676901e-03	1.228240643e-02	0.000000000e+00	0.000000000e+00	1.710030000e-42	0.000000000e+00	
4.835322128e+02	1.237604152e-03	1.296678348e-02	0.000000000e+00	0.000000000e+00	1.748839755e-42	0.000000000e+00	
4.820129965e+02	1.288400216e-03	1.368781665e-02	0.000000000e+00	0.000000000e+00	1.788429110e-42	0.000000000e+00	
4.804976109e+02	1.341132961e-03	1.444741422e-02	0.000000000e+00	0.000000000e+00	1.828811443e-42	0.000000000e+00	
4.789860463e+02	1.395870169e-03	1.524755449e-02	0.000000000e+00	0.000000000e+00	1.870000316e-42	0.000000000e+00	
4.774782930e+02	1.452683142e-03	1.609032919e-02	0.000000000e+00	0.000000000e+00	1.912009475e-42	0.000000000e+00	
4.759743414e+02	1.511567012e-03	1.697788208e-02	0.000000000e+00	0.000000000e+00	1.955129519e-42	0.000000000e+00	
4.744741819e+02	1.572410842e-03	1.791250145e-02	0.000000000e+00	0.000000000e+00	2.000041361e-42	0.000000000e+00	
4.729778050e+02	1.635527356e-03	1.889660468e-02	0.000000000e+00	0.000000000e+00	2.045867725e-42	0.000000000e+00	
4.714852011e+02	1.700992203e-03	1.993267855e-02	0.000000000e+00	0.000000000e+00	2.092624558e-42	0.000000000e+00	
4.699963607e+02	1.768887258e-03	2.102337604e-02	0.000000000e+00	0.000000000e+00	2.140328032e-42	0.000000000e+00	
4.685112743e+02	1.839296420e-03	2.217147551e-02	0.000000000e+00	0.000000000e+00	2.188994542e-42	0.000000000e+00	
4.670299326e+02	1.912300718e-03	2.337982038e-02	0.000000000e+00	0.000000000e+00	2.238640714e-42	0.000000000e+00	
4.655523259e+02	1.987878776e-03	2.465147024e-02	0.000000000e+00	0.000000000e+00	2.289670861e-42	0.000000000e+00	
4.640784449e+02	2.065987877e-03	2.598972170e-02	0.000000000e+00	0.000000000e+00	2.342569115e-42	0.000000000e+00	
4.626082802e+02	2.146932164e-03	2.739771391e-02	0.000000000e+00	0.000000000e+00	2.396551455e-42	0.000000000e+00	
4.611418225e+02	2.230813069e-03	2.887902776e-02	0.000000000e+00	0.000000000e+00	2.451636930e-42	0.000000000e+00	
4.596790624e+02	2.317727934e-03	3.043732352e-02	0.000000000e+00	0.000000000e+00	2.507844858e-42	0.000000000e+00	
4.582199905e+02	2.407776862e-03	3.207643573e-02	0.000000000e+00	0.000000000e+00	2.565194829e-42	0.000000000e+00	
4.567645976e+02	2.501067162e-03	3.380043654e-02	0.000000000e+00	0.000000000e+00	2.623706706e-42	0.000000000e+00	
4.553128743e+02	2.597601631e-03	3.561347176e-02	0.000000000e+00	0.000000000e+00	2.683745061e-42	0.000000000e+00	
4.538648115e+02	2.697330415e-03	3.752001685e-02	0.000000000e+00	0.000000000e+00	2.745878317e-42	0.000000000e+00	
4.524204000e+02	2.800595082e-03	3.952457708e-02	0.000000000e+00	0.000000000e+00	2.809287934e-42	0.000000000e+00	
4.509796304e+02	2.907515692e-03	4.163206774e-02	0.000000000e+00	0.000000000e+00	2.873996401e-42	0.000000000e+00	
4.495424936e+02	3.018218709e-03	4.384768537e-02	0.000000000e+00	0.000000000e+00	2.940026529e-42	0.000000000e+00	
4.481089805e+02	3.132811339e-03	4.617651531e-02	0.000000000e+00	0.000000000e+00	3.007401447e-42	0.000000000e+00	
4.466790819e+02	3.251424424e-03	4.862420558e-02	0.000000000e+00	0.000000000e+00	3.076144612e-42	0.000000000e+00	
4.452527887e+02	3.374161719e-03	5.119668513e-02	0.000000000e+00	0.000000000e+00	3.146426908e-42	0.000000000e+00	
4.438300919e+02	3.500938455e-03	5.389987685e-02	0.000000000e+00	0.000000000e+00	3.219189590e-42	0.000000000e+00	
4.424109822e+02	3.632110555e-03	5.674015210e-02	0.000000000e+00	0.000000000e+00	3.293445086e-42	0.000000000e+00	
4.409954508e+02	3.767822695e-03	5.972427310e-02	0.000000000e+00	0.000000000e+00	3.369219663e-42	0.000000000e+00	
4.395834886e+02	3.908220496e-03	6.285926410e-02	0.000000000e+00	0.000000000e+00	3.446539954e-42	0.000000000e+00	
4.381750865e+02	4.053443876e-03	6.615231811e-02	0.000000000e+00	0.000000000e+00	3.525432972e-42	0.000000000e+00	
4.367702357e+02	4.203643027e-03	6.961105114e-02	0.000000000e+00	0.000000000e+00	3.605926108e-42	0.000000000e+00	
4.353689271e+02	4.358989344e-03	7.324374523e-02	0.000000000e+00	0.000000000e+00	3.688047135e-42	0.000000000e+00	
4.339711518e+02	4.519631439e-03	7.705842494e-02	0.000000000e+00	0.000000000e+00	3.772904672e-42	0.000000000e+00	
4.325769009e+02	4.685735051e-03	8.106398228e-02	0.000000000e+00	0.000000000e+00	3.859718338e-42	0.000000000e+00	
4.311861656e+02	4.857475420e-03	8.526972825e-02	0.000000000e+00	0.000000000e+00	3.948303083e-42	0.000000000e+00	
4.297989369e+02	5.035005335e-03	8.968484768e-02	0.000000000e+00	0.000000000e+00	4.038689862e-42	0.000000000e+00	
4.284152060e+02	5.218533109e-03	9.431992336e-02	0.000000000e+00	0.000000000e+00	4.130910062e-42	0.000000000e+00	
4.270349641e+02	5.408219141e-03	9.918500415e-02	0.000000000e+00	0.000000000e+00	4.224995510e-42	0.000000000e+00	
4.256582024e+02	5.604253246e-03	1.042910897e-01	0.000000000e+00	0.000000000e+00	4.320978474e-42	0.000000000e+00	
4.242849122e+02	5.807139276e-03	1.096496342e-01	0.000000000e+00	0.000000000e+00	4.419607966e-42	0.000000000e+00	
4.229150846e+02	6.017277456e-03	1.152728509e-01	0.000000000e+00	0.000000000e+00	4.521328586e-42	0.000000000e+00	
4.215487110e+02	6.234410730e-03	1.211729678e-01	0.000000000e+00	0.000000000e+00	4.625125008e-42	0.000000000e+00	
4.201857825e+02	6.458754745e-03	1.273631449e-01	0.000000000e+00	0.000000000e+00	4.731033524e-42	0.000000000e+00	
4.188262907e+02	6.690529673e-03	1.338571355e-01	0.000000000e+00	0.000000000e+00	4.839090936e-42	0.000000000e+00	
4.174702267e+02	6.929965231e-03	1.406693622e-01	0.000000000e+00	0.000000000e+00	4.949334558e-42	0.000000000e+00	
4.161175820e+02	7.177261015e-03	1.478141545e-01	0.000000000e+00	0.000000000e+00	5.061802227e-42	0.000000000e+00	
4.147683478e+02	7.432692405e-03	1.553079774e-01	0.000000000e+00	0.000000000e+00	5.176532301e-42	0.000000000e+00	
4.134225157e+02	7.698669902e-03	1.631664847e-01	0.000000000e+00	0.000000000e+00	5.296134550e-42	0.000000000e+00	
4.120800770e+02	7.973867017e-03	1.714068844e-01	0.000000000e+00	0.000000000e+00	5.418735677e-42	0.000000000e+00	
4.107410232e+02	8.258099657e-03	1.800469863e-01	0.000000000e+00	0.000000000e+00	5.543855007e-42	0.000000000e+00	
4.094053458e+02	8.551640976e-03	1.891054786e-01	0.000000000e+00	0.000000000e+00	5.671536905e-42	0.000000000e+00	
4.080730362e+02	8.854761972e-03	1.986016924e-01	0.000000000e+00	0.000000000e+00	5.801826365e-42	0.000000000e+00	
4.067440859e+02	9.167733045e-03	2.085556550e-01	0.000000000e+00	0.000000000e+00	5.934769015e-42	0.000000000e+00	
4.054184865e+02	9.490875998e-03	2.189892822e-01	0.000000000e+00	0.000000000e+00	6.070411128e-42	0.000000000e+00	
4.040962295e+02	9.825030755e-03	2.299238509e-01	0.000000000e+00	0.000000000e+00	6.209291746e-42	0.000000000e+00	
4.027773065e+02	1.017495392e-02	2.413826505e-01	0.000000000e+00	0.000000000e+00	6.355169417e-42	0.000000000e+00	
4.014617091e+02	1.053631306e-02	2.533903831e-01	0.000000000e+00	0.000000000e+00	6.504093417e-42	0.000000000e+00	
4.001494289e+02	1.090940835e-02	2.659712893e-01	0.000000000e+00	0.000000000e+00	6.656118471e-42	0.000000000e+00	
3.988404576e+02	1.129142683e-02	2.791522739e-01	0.000000000e+00	0.000000000e+00	6.811300101e-42	0.000000000e+00	
3.975347867e+02	1.168883696e-02	2.929607600e-01	0.000000000e+00	0.000000000e+00	6.969694633e-42	0.000000000e+00	
3.962324080e+02	1.209905152e-02	3.074255943e-01	0.000000000e+00	0.000000000e+00	7.131359203e-42	0.000000000e+00	
3.949333132e+02	1.252241321e-02	3.225759715e-01	0.000000000e+00	0.000000000e+00	7.296351771e-42	0.000000000e+00	
3.936374940e+02	1.296095393e-02	3.384440817e-01	0.000000000e+00	0.000000000e+00	7.465698389e-42	0.000000000e+00	
3.923449421e+02	1.341895118e-02	3.550603398e-01	0.000000000e+00	0.000000000e+00	7.641775802e-42	0.000000000e+00	
3.910556493e+02	1.389174327e-02	3.724609903e-01	0.000000000e+00	0.000000000e+00	7.821546233e-42	0.000000000e+00	
3.897696073e+02	1.437972152e-02	3.906807196e-01	0.000000000e+00	0.000000000e+00	8.005076362e-42	0.000000000e+00	
3.884868081e+02	1.488331195e-02	4.097560259e-01	0.000000000e+00	0.000000000e+00	8.192433849e-42	0.000000000e+00	
3.872072434e+02	1.540295233e-02	4.297254267e-01	0.000000000e+00	0.000000000e+00	8.383687340e-42	0.000000000e+00	
3.859309050e+02	1.593913286e-02	4.506302874e-01	0.000000000e+00	0.000000000e+00	8.578906476e-42	0.000000000e+00	
3.846577848e+02	1.649229121e-02	4.725115871e-01	0.000000000e+00	0.000000000e+00	8.778161905e-42	0.000000000e+00	
3.833878747e+02	1.706428988e-02	4.954126907e-01	0.000000000e+00	0.000000000e+00	8.981705897e-42	0.000000000e+00	
3.821211667e+02	1.766009459e-02	5.193802113e-01	0.000000000e+00	0.000000000e+00	9.190175171e-42	0.000000000e+00	
3.808576525e+02	1.827478884e-02	5.444616230e-01	0.000000000e+00	0.000000000e+00	9.402939085e-42	0.000000000e+00	
3.795973243e+02	1.890886997e-02	5.707056986e-01	0.000000000e+00	0.000000000e+00	9.620073566e-42	0.000000000e+00	
3.783401738e+02	1.956291565e-02	5.981652008e-01	0.000000000e+00	0.000000000e+00	9.841655622e-42	0.000000000e+00	
3.770861932e+02	2.023746427e-02	6.268939021e-01	0.000000000e+00	0.000000000e+00	1.006776335e-41	0.000000000e+00	
3.758353745e+02	2.093306111e-02	6.569471234e-01	0.000000000e+00	0.000000000e+00	1.029847596e-41	0.000000000e+00	
3.745877096e+02	2.165031454e-02	6.883848638e-01	0.000000000e+00	0.000000000e+00	1.053387377e-41	0.000000000e+00	
3.733431907e+02	2.238979430e-02	7.212671113e-01	0.000000000e+00	0.000000000e+00	1.077403598e-41	0.000000000e+00	
3.721018097e+02	2.315973272e-02	7.556588390e-01	0.000000000e+00	0.000000000e+00	1.101560454e-41	0.000000000e+00	
3.708635588e+02	2.395354609e-02	7.916247881e-01	0.000000000e+00	0.000000000e+00	1.126195973e-41	0.000000000e+00	
3.696284300e+02	2.477192673e-02	8.292359343e-01	0.000000000e+00	0.000000000e+00	1.151318235e-41	0.000000000e+00	
3.683964156e+02	2.561549692e-02	8.685629382e-01	0.000000000e+00	0.000000000e+00	1.176935432e-41	0.000000000e+00	
3.671675076e+02	2.648498437e-02	9.096830218e-01	0.000000000e+00	0.000000000e+00	1.203055863e-41	0.000000000e+00	
3.659416983e+02	2.738109074e-02	9.526747974e-01	0.000000000e+00	0.000000000e+00	1.229687938e-41	0.000000000e+00	
3.647189797e+02	2.830442485e-02	9.976164385e-01	0.000000000e+00	0.000000000e+00	1.256840178e-41	0.000000000e+00	
3.634993442e+02	2.925581591e-02	1.044597019e+00	0.000000000e+00	0.000000000e+00	1.284521216e-41	0.000000000e+00	
3.622827839e+02	3.024183167e-02	1.093702521e+00	0.000000000e+00	0.000000000e+00	1.312252707e-41	0.000000000e+00	
3.610692911e+02	3.126131111e-02	1.145027598e+00	0.000000000e+00	0.000000000e+00	1.340215980e-41	0.000000000e+00	
3.598588580e+02	3.231162814e-02	1.198668000e+00	0.000000000e+00	0.000000000e+00	1.368702362e-41	0.000000000e+00	
3.586514770e+02	3.339354668e-02	1.254722595e+00	0.000000000e+00	0.000000000e+00	1.397720098e-41	0.000000000e+00	
3.574471403e+02	3.450793736e-02	1.313297738e+00	0.000000000e+00	0.000000000e+00	1.427277535e-41	0.000000000e+00	
3.562458403e+02	3.565561658e-02	1.374501129e+00	0.000000000e+00	0.000000000e+00	1.457383119e-41	0.000000000e+00	
3.550475693e+02	3.683746592e-02	1.438447590e+00	0.000000000e+00	0.000000000e+00	1.488045400e-41	0.000000000e+00	
3.538523197e+02	3.805435409e-02	1.505254856e+00	0.000000000e+00	0.000000000e+00	1.519273031e-41	0.000000000e+00	
3.526600838e+02	3.930812351e-02	1.575046147e+00	0.000000000e+00	0.000000000e+00	1.550985149e-41	0.000000000e+00	
3.514708541e+02	4.061090245e-02	1.647948743e+00	0.000000000e+00	0.000000000e+00	1.582131034e-41	0.000000000e+00	
3.502846229e+02	4.195214242e-02	1.724096070e+00	0.000000000e+00	0.000000000e+00	1.613821464e-41	0.000000000e+00	
3.491013828e+02	4.333290275e-02	1.803631140e+00	0.000000000e+00	0.000000000e+00	1.646064345e-41	0.000000000e+00	
3.479211261e+02	4.475402600e-02	1.886692474e+00	0.000000000e+00	0.000000000e+00	1.678867670e-41	0.000000000e+00	
3.467438454e+02	4.621661173e-02	1.973433947e+00	0.000000000e+00	0.000000000e+00	1.712239518e-41	0.000000000e+00	
3.455695331e+02	4.772171483e-02	2.064014373e+00	0.000000000e+00	0.000000000e+00	1.746188055e-41	0.000000000e+00	
3.443981818e+02	4.927027633e-02	2.158591484e+00	0.000000000e+00	0.000000000e+00	1.780721535e-41	0.000000000e+00	
3.432297840e+02	5.086352976e-02	2.257343908e+00	0.000000000e+00	0.000000000e+00	1.815848300e-41	0.000000000e+00	
3.420643322e+02	5.250849086e-02	2.360443785e+00	0.000000000e+00	0.000000000e+00	5.801112237e-40	0.000000000e+00	
3.409018191e+02	5.421299576e-02	2.468073716e+00	0.000000000e+00	0.000000000e+00	1.910445111e-35	0.000000000e+00	
3.397422371e+02	5.596641285e-02	2.580428970e+00	0.000000000e+00	0.000000000e+00	6.128679854e-31	0.000000000e+00	
3.385855790e+02	5.776998418e-02	2.697712280e+00	0.000000000e+00	0.000000000e+00	1.915301297e-26	0.000000000e+00	
3.374318373e+02	5.962471581e-02	2.820122174e+00	0.000000000e+00	0.000000000e+00	5.831411852e-22	0.000000000e+00	
3.362810047e+02	6.153196586e-02	2.947881169e+00	0.000000000e+00	0.000000000e+00	1.729837668e-17	0.000000000e+00	
3.351330739e+02	6.349298363e-02	3.081215162e+00	0.000000000e+00	0.000000000e+00	4.999890711e-13	0.000000000e+00	
3.339880375e+02	6.550901719e-02	3.220357334e+00	0.000000000e+00	0.000000000e+00	1.408210678e-08	0.000000000e+00	
3.328458883e+02	6.758908472e-02	3.365550174e+00	0.000000000e+00	0.000000000e+00	3.865049641e-04	0.000000000e+00	
3.317066189e+02	7.361152642e-02	3.517048861e+00	0.000000000e+00	0.000000000e+00	1.962390211e-01	0.000000000e+00	
3.305702221e+02	7.599013524e-02	3.675113932e+00	0.000000000e+00	0.000000000e+00	2.070813398e-01	0.000000000e+00	
3.294366907e+02	7.843638592e-02	3.840023888e+00	0.000000000e+00	0.000000000e+00	2.184930734e-01	0.000000000e+00	
3.283060174e+02	8.095181789e-02	4.012061492e+00	0.000000000e+00	0.000000000e+00	2.305024999e-01	0.000000000e+00	
3.271781950e+02	8.353805389e-02	4.191522446e+00	0.000000000e+00	0.000000000e+00	2.431392165e-01	0.000000000e+00	
3.260532164e+02	8.619681390e-02	4.378721384e+00	0.000000000e+00	0.000000000e+00	2.564341970e-01	0.000000000e+00	
3.249310744e+02	8.892967333e-02	4.573973978e+00	0.000000000e+00	0.000000000e+00	2.704198515e-01	0.000000000e+00	
3.238117617e+02	9.173827375e-02	4.777607010e+00	0.000000000e+00	0.000000000e+00	2.851300881e-01	0.000000000e+00	
3.226952714e+02	9.462453948e-02	4.989983687e+00	0.000000000e+00	0.000000000e+00	3.006003779e-01	0.000000000e+00	
3.215815962e+02	9.775360570e-02	5.211454673e+00	0.000000000e+00	0.000000000e+00	3.255764560e-01	0.000000000e+00	
3.204707291e+02	1.015467826e-01	5.442393563e+00	0.000000000e+00	0.000000000e+00	3.832662486e-01	0.000000000e+00	
3.193626629e+02	1.055643278e-01	5.683191121e+00	0.000000000e+00	0.000000000e+00	4.509927104e-01	0.000000000e+00	
3.182573907e+02	1.098307726e-01	5.934257058e+00	0.000000000e+00	0.000000000e+00	5.304693318e-01	0.000000000e+00	
3.171549054e+02	1.143738917e-01	6.196007295e+00	0.000000000e+00	0.000000000e+00	6.236964918e-01	0.000000000e+00	
3.160551999e+02	1.192254341e-01	6.468875371e+00	0.000000000e+00	0.000000000e+00	7.330085347e-01	0.000000000e+00	
3.149582673e+02	1.244218947e-01	6.753322274e+00	0.000000000e+00	0.000000000e+00	8.611284114e-01	0.000000000e+00	
3.138641005e+02	1.300046902e-01	7.049818570e+00	0.000000000e+00	0.000000000e+00	1.011231077e+00	0.000000000e+00	
3.127726926e+02	1.360212466e-01	7.358854209e+00	0.000000000e+00	0.000000000e+00	1.187017017e+00	0.000000000e+00	
3.116840366e+02	1.425257018e-01	7.680937029e+00	0.000000000e+00	0.000000000e+00	1.392797483e+00	0.000000000e+00	
3.105981256e+02	1.509842564e-01	8.016604101e+00	0.000000000e+00	0.000000000e+00	1.719504223e+00	0.000000000e+00	
3.095149527e+02	1.607984768e-01	8.366382932e+00	0.000000000e+00	0.000000000e+00	2.136266443e+00	0.000000000e+00	
3.084345109e+02	1.720532317e-01	8.730855433e+00	0.000000000e+00	0.000000000e+00	2.652588847e+00	0.000000000e+00	
3.073567934e+02	1.850439534e-01	9.110633853e+00	0.000000000e+00	0.000000000e+00	3.291905864e+00	0.000000000e+00	
3.062817933e+02	2.001281519e-01	9.506283857e+00	0.000000000e+00	0.000000000e+00	4.083085005e+00	0.000000000e+00	
3.052095037e+02	2.177404589e-01	9.918499074e+00	0.000000000e+00	0.000000000e+00	5.061667083e+00	0.000000000e+00	
3.041399179e+02	2.384062887e-01	1.034790684e+01	0.000000000e+00	0.000000000e+00	6.271385094e+00	0.000000000e+00	
3.030730290e+02	2.627601871e-01	1.079520106e+01	0.000000000e+00	0.000000000e+00	7.766023337e+00	0.000000000e+00	
3.020088301e+02	2.915778088e-01	1.126111069e+01	0.000000000e+00	0.000000000e+00	9.611691751e+00	0.000000000e+00	
3.009473146e+02	3.251505105e-01	1.174633042e+01	0.000000000e+00	0.000000000e+00	1.183797091e+01	0.000000000e+00	
2.998884756e+02	3.629046261e-01	1.225170256e+01	0.000000000e+00	0.000000000e+00	1.442016258e+01	0.000000000e+00	
2.988323065e+02	4.074969073e-01	1.277798828e+01	0.000000000e+00	0.000000000e+00	1.755686523e+01	0.000000000e+00	
2.977788003e+02	4.600530477e-01	1.332598226e+01	0.000000000e+00	0.000000000e+00	2.136526428e+01	0.000000000e+00	
2.967279506e+02	5.220938640e-01	1.389659690e+01	0.000000000e+00	0.000000000e+00	2.598690636e+01	0.000000000e+00	
2.956797505e+02	5.954275797e-01	1.449066572e+01	0.000000000e+00	0.000000000e+00	3.159267898e+01	0.000000000e+00	
2.946341934e+02	6.822029047e-01	1.510914691e+01	0.000000000e+00	0.000000000e+00	3.838879047e+01	0.000000000e+00	
2.935912726e+02	7.849721795e-01	1.575297189e+01	0.000000000e+00	0.000000000e+00	4.662394781e+01	0.000000000e+00	
2.925509814e+02	9.067652503e-01	1.642313154e+01	0.000000000e+00	0.000000000e+00	5.659796778e+01	0.000000000e+00	
2.915133133e+02	1.051175879e+00	1.712069248e+01	0.000000000e+00	0.000000000e+00	6.867210288e+01	0.000000000e+00	
2.904782616e+02	1.194710667e+00	1.784665983e+01	0.000000000e+00	0.000000000e+00	8.095398938e+01	0.000000000e+00	
2.894458198e+02	1.324379782e+00	1.860217297e+01	0.000000000e+00	0.000000000e+00	9.234496071e+01	0.000000000e+00	
2.884159812e+02	1.469210775e+00	1.938837067e+01	0.000000000e+00	0.000000000e+00	1.053037853e+02	0.000000000e+00	
2.873887392e+02	1.630965883e+00	2.020643223e+01	0.000000000e+00	0.000000000e+00	1.200413761e+02	0.000000000e+00	
2.863640874e+02	1.811604791e+00	2.105757714e+01	0.000000000e+00	0.000000000e+00	1.367963502e+02	0.000000000e+00	
2.853420192e+02	2.013305899e+00	2.194306165e+01	0.000000000e+00	0.000000000e+00	1.558385791e+02	0.000000000e+00	
2.843225281e+02	2.238492247e+00	2.286421174e+01	0.000000000e+00	0.000000000e+00	1.774731813e+02	0.000000000e+00	
2.833056075e+02	2.489850756e+00	2.382242507e+01	0.000000000e+00	0.000000000e+00	2.020450124e+02	0.000000000e+00	
2.822912511e+02	2.770371425e+00	2.481904977e+01	0.000000000e+00	0.000000000e+00	2.299437120e+02	0.000000000e+00	
2.812794523e+02	3.083367866e+00	2.585557405e+01	0.000000000e+00	0.000000000e+00	2.616093752e+02	0.000000000e+00	
2.802702047e+02	3.367394681e+00	2.693352155e+01	0.000000000e+00	0.000000000e+00	2.913252262e+02	0.000000000e+00	
2.792635019e+02	3.568082513e+00	2.805446130e+01	0.000000000e+00	0.000000000e+00	3.137452326e+02	0.000000000e+00	
2.782593374e+02	3.779948997e+00	2.921993796e+01	0.000000000e+00	0.000000000e+00	3.378274930e+02	0.000000000e+00	
2.772577048e+02	4.003556375e+00	3.043173547e+01	0.000000000e+00	0.000000000e+00	3.636904205e+02	0.000000000e+00	
2.762585978e+02	4.239497079e+00	3.169147052e+01	0.000000000e+00	0.000000000e+00	3.914605074e+02	0.000000000e+00	
2.752620100e+02	4.488384889e+00	3.300100374e+01	0.000000000e+00	0.000000000e+00	4.212728510e+02	0.000000000e+00	
2.742679350e+02	4.750859713e+00	3.436217905e+01	0.000000000e+00	0.000000000e+00	4.532717125e+02	0.000000000e+00	
2.732763666e+02	5.027593603e+00	3.577689760e+01	0.000000000e+00	0.000000000e+00	4.876111097e+02	0.000000000e+00	
2.722872983e+02	5.319282261e+00	3.724714043e+01	0.000000000e+00	0.000000000e+00	5.244554463e+02	0.000000000e+00	
2.713007239e+02	5.626653994e+00	3.877497912e+01	0.000000000e+00	0.000000000e+00	5.639801799e+02	0.000000000e+00	
2.703166371e+02	5.943553911e+00	4.036247347e+01	0.000000000e+00	0.000000000e+00	6.056098344e+02	0.000000000e+00	
2.693350316e+02	6.134381062e+00	4.201189229e+01	0.000000000e+00	0.000000000e+00	6.342526557e+02	0.000000000e+00	
2.683559011e+02	6.329877044e+00	4.372542197e+01	0.000000000e+00	0.000000000e+00	6.641727696e+02	0.000000000e+00	
2.673792395e+02	6.530104053e+00	4.550536796e+01	0.000000000e+00	0.000000000e+00	6.954234984e+02	0.000000000e+00	
2.664050405e+02	6.735119981e+00	4.735424360e+01	0.000000000e+00	0.000000000e+00	7.280602290e+02	0.000000000e+00	
2.654332979e+02	6.944994423e+00	4.927444647e+01	0.000000000e+00	0.000000000e+00	7.621404859e+02	0.000000000e+00	
2.644640054e+02	7.159782190e+00	5.126856410e+01	0.000000000e+00	0.000000000e+00	7.977240065e+02	0.000000000e+00	
2.634971570e+02	7.379542875e+00	5.333934492e+01	0.000000000e+00	0.000000000e+00	8.348728193e+02	0.000000000e+00	
2.625327464e+02	7.604336978e+00	5.548943304e+01	0.000000000e+00	0.000000000e+00	8.736513238e+02	0.000000000e+00	
2.615707676e+02	7.834223211e+00	5.772168943e+01	0.000000000e+00	0.000000000e+00	9.141263741e+02	0.000000000e+00	
2.606112143e+02	8.069258001e+00	6.003903994e+01	0.000000000e+00	0.000000000e+00	9.563673635e+02	0.000000000e+00	
2.596540804e+02	8.267550165e+00	6.244447602e+01	0.000000000e+00	0.000000000e+00	9.949420676e+02	0.000000000e+00	
2.586993600e+02	8.412499079e+00	6.494107721e+01	0.000000000e+00	0.000000000e+00	1.027458500e+03	0.000000000e+00	
2.577470467e+02	8.558272699e+00	6.753223263e+01	0.000000000e+00	0.000000000e+00	1.060951592e+03	0.000000000e+00	
2.567971347e+02	8.704854897e+00	7.022099676e+01	0.000000000e+00	0.000000000e+00	1.095447886e+03	0.000000000e+00	
2.558496179e+02	8.852195287e+00	7.301099561e+01	0.000000000e+00	0.000000000e+00	1.130974560e+03	0.000000000e+00	
2.549044901e+02	9.000263703e+00	7.590565976e+01	0.000000000e+00	0.000000000e+00	1.167559442e+03	0.000000000e+00	
2.539617455e+02	9.149022354e+00	7.890870668e+01	0.000000000e+00	0.000000000e+00	1.205231025e+03	0.000000000e+00	
2.530213779e+02	9.298434636e+00	8.202380813e+01	0.000000000e+00	0.000000000e+00	1.244018479e+03	0.000000000e+00	
2.520833814e+02	9.448465248e+00	8.525487660e+01	0.000000000e+00	0.000000000e+00	1.283951662e+03	0.000000000e+00	
2.511477500e+02	9.599077121e+00	8.860571644e+01	0.000000000e+00	0.000000000e+00	1.325061138e+03	0.000000000e+00	
2.502144777e+02	9.750222466e+00	9.208061272e+01	0.000000000e+00	0.000000000e+00	1.367378191e+03	0.000000000e+00	
2.492835587e+02	9.866278194e+00	9.568375339e+01	0.000000000e+00	0.000000000e+00	1.405318812e+03	0.000000000e+00	
2.483549869e+02	9.948942072e+00	9.941945858e+01	0.000000000e+00	0.000000000e+00	1.438927136e+03	0.000000000e+00	
2.474287564e+02	1.003059868e+01	1.032922177e+02	0.000000000e+00	0.000000000e+00	1.473251412e+03	0.000000000e+00	
2.465048614e+02	1.011122260e+01	1.073067443e+02	0.000000000e+00	0.000000000e+00	1.508304804e+03	0.000000000e+00	
2.455832959e+02	1.019078659e+01	1.114679219e+02	0.000000000e+00	0.000000000e+00	1.544100676e+03	0.000000000e+00	
2.446640541e+02	1.026927154e+01	1.157806114e+02	0.000000000e+00	0.000000000e+00	1.580652590e+03	0.000000000e+00	
2.437471301e+02	1.034666385e+01	1.202497451e+02	0.000000000e+00	0.000000000e+00	1.617974310e+03	0.000000000e+00	
2.428325181e+02	1.042292982e+01	1.248809809e+02	0.000000000e+00	0.000000000e+00	1.656079803e+03	0.000000000e+00	
2.419202122e+02	1.049805472e+01	1.296795265e+02	0.000000000e+00	0.000000000e+00	1.694983242e+03	0.000000000e+00	
2.410102066e+02	1.057201417e+01	1.346510410e+02	0.000000000e+00	0.000000000e+00	1.734699008e+03	0.000000000e+00	
2.401024956e+02	1.064479553e+01	1.398013040e+02	0.000000000e+00	0.000000000e+00	1.775241693e+03	0.000000000e+00	
2.391970733e+02	1.069981541e+01	1.451364077e+02	0.000000000e+00	0.000000000e+00	1.813448196e+03	0.000000000e+00	
2.382939340e+02	1.071514224e+01	1.506623317e+02	0.000000000e+00	0.000000000e+00	1.844895649e+03	0.000000000e+00	
2.373930719e+02	1.072898792e+01	1.563856333e+02	0.000000000e+00	0.000000000e+00	1.876807079e+03	0.000000000e+00	
2.364944812e+02	1.074136721e+01	1.623128536e+02	0.000000000e+00	0.000000000e+00	1.909187929e+03	0.000000000e+00	
2.355981563e+02	1.075229470e+01	1.684507248e+02	0.000000000e+00	0.000000000e+00	1.942043685e+03	0.000000000e+00	
2.347040915e+02	1.076177511e+01	1.748064725e+02	0.000000000e+00	0.000000000e+00	1.975379876e+03	0.000000000e+00	
2.338122810e+02	1.076982520e+01	1.813873260e+02	0.000000000e+00	0.000000000e+00	2.009202075e+03	0.000000000e+00	
2.329227191e+02	1.077645347e+01	1.882007369e+02	0.000000000e+00	0.000000000e+00	2.043515895e+03	0.000000000e+00	
2.320354002e+02	1.078167939e+01	1.952544684e+02	0.000000000e+00	0.000000000e+00	2.078326995e+03	0.000000000e+00	
2.311503186e+02	1.078550764e+01	2.025566978e+02	0.000000000e+00	0.000000000e+00	2.113641076e+03	0.000000000e+00	
2.302674687e+02	1.078796307e+01	2.101155723e+02	0.000000000e+00	0.000000000e+00	2.149463880e+03	0.000000000e+00	
2.293868449e+02	1.078904842e+01	2.179400554e+02	0.000000000e+00	0.000000000e+00	2.185801194e+03	0.000000000e+00	
2.285084415e+02	1.074168604e+01	2.260386598e+02	0.000000000e+00	0.000000000e+00	2.211328363e+03	0.000000000e+00	
2.276322529e+02	1.067832839e+01	2.344209306e+02	0.000000000e+00	0.000000000e+00	2.233398837e+03	0.000000000e+00	
2.267582736e+02	1.061432205e+01	2.430962915e+02	0.000000000e+00	0.000000000e+00	2.255633104e+03	0.000000000e+00	
2.258864980e+02	1.054970832e+01	2.520745983e+02	0.000000000e+00	0.000000000e+00	2.278031821e+03	0.000000000e+00	
2.250169205e+02	1.048451930e+01	2.613661919e+02	0.000000000e+00	0.000000000e+00	2.300595640e+03	0.000000000e+00	
2.241495357e+02	1.041880646e+01	2.709816024e+02	0.000000000e+00	0.000000000e+00	2.323325214e+03	0.000000000e+00	
2.232843378e+02	1.035259942e+01	2.809318840e+02	0.000000000e+00	0.000000000e+00	2.346221190e+03	0.000000000e+00	
2.224213216e+02	1.028594185e+01	2.912283727e+02	0.000000000e+00	0.000000000e+00	2.369284218e+03	0.000000000e+00	
2.215604813e+02	1.021886719e+01	3.018830250e+02	0.000000000e+00	0.000000000e+00	2.392514941e+03	0.000000000e+00	
2.207018116e+02	1.015141743e+01	3.129079096e+02	0.000000000e+00	0.000000000e+00	2.415914002e+03	0.000000000e+00	
2.198453071e+02	1.008361923e+01	3.243160210e+02	0.000000000e+00	0.000000000e+00	2.439482043e+03	0.000000000e+00	
2.189909621e+02	1.001551924e+01	3.361203630e+02	0.000000000e+00	0.000000000e+00	2.463219702e+03	0.000000000e+00	
2.181387713e+02	9.887874424e+00	3.483345936e+02	0.000000000e+00	0.000000000e+00	2.469343779e+03	0.000000000e+00	
2.172887293e+02	9.752374359e+00	3.609730399e+02	0.000000000e+00	0.000000000e+00	2.472650484e+03	0.000000000e+00	
2.164408306e+02	9.618600083e+00	3.740503597e+02	0.000000000e+00	0.000000000e+00	2.475953262e+03	0.000000000e+00	
2.155950698e+02	9.486563741e+00	3.875819089e+02	0.000000000e+00	0.000000000e+00	2.479252108e+03	0.000000000e+00	
2.147514416e+02	9.356287856e+00	4.015830740e+02	0.000000000e+00	0.000000000e+00	2.482547014e+03	0.000000000e+00	
2.139099405e+02	9.227796431e+00	4.160706042e+02	0.000000000e+00	0.000000000e+00	2.485837974e+03	0.000000000e+00	
2.130705612e+02	9.101099360e+00	4.310616489e+02	0.000000000e+00	0.000000000e+00	2.489124983e+03	0.000000000e+00	
2.122332984e+02	8.976210770e+00	4.465735999e+02	0.000000000e+00	0.000000000e+00	2.492408034e+03	0.000000000e+00	
2.113981467e+02	8.853142365e+00	4.626249963e+02	0.000000000e+00	0.000000000e+00	2.495687120e+03	0.000000000e+00	
2.105651007e+02	8.731904665e+00	4.792349428e+02	0.000000000e+00	0.000000000e+00	2.498962237e+03	0.000000000e+00	
2.097341553e+02	8.612508884e+00	4.964232561e+02	0.000000000e+00	0.000000000e+00	2.502233377e+03	0.000000000e+00	
2.089053050e+02	8.494956674e+00	5.142106932e+02	0.000000000e+00	0.000000000e+00	2.505500534e+03	0.000000000e+00	
2.080785446e+02	8.338080479e+00	5.326185965e+02	0.000000000e+00	0.000000000e+00	2.493221894e+03	0.000000000e+00	
2.072538689e+02	8.158541890e+00	5.516685486e+02	0.000000000e+00	0.000000000e+00	2.470874678e+03	0.000000000e+00	
2.064312725e+02	7.984149655e+00	5.713841474e+02	0.000000000e+00	0.000000000e+00	2.448783357e+03	0.000000000e+00	
2.056107502e+02	7.814809645e+00	5.917894105e+02	0.000000000e+00	0.000000000e+00	2.426944504e+03	0.000000000e+00	
2.047922969e+02	7.650426590e+00	6.129081685e+02	0.000000000e+00	0.000000000e+00	2.405354747e+03	0.000000000e+00	
2.039759072e+02	7.490901058e+00	6.347671813e+02	0.000000000e+00	0.000000000e+00	2.384010762e+03	0.000000000e+00	
2.031615760e+02	7.336141912e+00	6.573920880e+02	0.000000000e+00	0.000000000e+00	2.362909277e+03	0.000000000e+00	
2.023492981e+02	7.186047574e+00	6.808114536e+02	0.000000000e+00	0.000000000e+00	2.342047068e+03	0.000000000e+00	
2.015390683e+02	7.040521323e+00	7.050543550e+02	0.000000000e+00	0.000000000e+00	2.321420960e+03	0.000000000e+00	
2.007308815e+02	6.899472947e+00	7.301496430e+02	0.000000000e+00	0.000000000e+00	2.301027827e+03	0.000000000e+00	
1.999247324e+02	6.763083327e+00	7.561293369e+02	0.000000000e+00	0.000000000e+00	2.280864586e+03	0.000000000e+00	
1.991206161e+02	6.630706434e+00	7.830253848e+02	0.000000000e+00	0.000000000e+00	2.260928204e+03	0.000000000e+00	
1.983185272e+02	6.502520997e+00	8.108723687e+02	0.000000000e+00	0.000000000e+00	2.241215692e+03	0.000000000e+00	
1.975184608e+02	6.326798128e+00	8.397041916e+02	0.000000000e+00	0.000000000e+00	2.196201788e+03	0.000000000e+00	
1.967204117e+02	6.156257560e+00	8.695574554e+02	0.000000000e+00	0.000000000e+00	2.150879116e+03	0.000000000e+00	
1.959243748e+02	5.993453019e+00	9.004701616e+02	0.000000000e+00	0.000000000e+00	2.106602521e+03	0.000000000e+00	
1.951303451e+02	5.838097777e+00	9.324813563e+02	0.000000000e+00	0.000000000e+00	2.063345588e+03	0.000000000e+00	
1.943383174e+02	5.689916540e+00	9.656311663e+02	0.000000000e+00	0.000000000e+00	2.021082620e+03	0.000000000e+00	
1.935482869e+02	5.548632828e+00	9.999626132e+02	0.000000000e+00	0.000000000e+00	1.979788620e+03	0.000000000e+00	
1.927602483e+02	5.413985230e+00	1.035519490e+03	0.000000000e+00	0.000000000e+00	1.939439271e+03	0.000000000e+00	
1.919741968e+02	5.285722607e+00	1.072348113e+03	0.000000000e+00	0.000000000e+00	1.900010912e+03	0.000000000e+00	
1.911901272e+02	5.163599050e+00	1.110496045e+03	0.000000000e+00	0.000000000e+00	1.861480524e+03	0.000000000e+00	
1.904080346e+02	5.047376066e+00	1.150013119e+03	0.000000000e+00	0.000000000e+00	1.823825707e+03	0.000000000e+00	
1.896279140e+02	4.936826042e+00	1.190951854e+03	0.000000000e+00	0.000000000e+00	1.787024667e+03	0.000000000e+00	
1.888497605e+02	4.831730175e+00	1.233365256e+03	0.000000000e+00	0.000000000e+00	1.751056194e+03	0.000000000e+00	
1.880735690e+02	4.731873610e+00	1.277313484e+03	0.000000000e+00	0.000000000e+00	1.715899648e+03	0.000000000e+00	
1.872993346e+02	4.560188225e+00	1.322849712e+03	0.000000000e+00	0.000000000e+00	1.630142130e+03	0.000000000e+00	
1.865270524e+02	4.392705185e+00	1.370038808e+03	0.000000000e+00	0.000000000e+00	1.542292819e+03	0.000000000e+00	
1.857567175e+02	4.239504514e+00	1.418943926e+03	0.000000000e+00	0.000000000e+00	1.459381593e+03	0.000000000e+00	
1.849883250e+02	4.099520695e+00	1.469629513e+03	0.000000000e+00	0.000000000e+00	1.381119958e+03	0.000000000e+00	
1.842218699e+02	3.971765192e+00	1.522165604e+03	0.000000000e+00	0.000000000e+00	1.307236890e+03	0.000000000e+00	
1.834573473e+02	3.855323446e+00	1.576622481e+03	0.000000000e+00	0.000000000e+00	1.237477736e+03	0.000000000e+00	
1.826947525e+02	3.749344077e+00	1.633076733e+03	0.000000000e+00	0.000000000e+00	1.171603190e+03	0.000000000e+00	
1.819340805e+02	3.653040383e+00	1.691606327e+03	0.000000000e+00	0.000000000e+00	1.109388345e+03	0.000000000e+00	
1.811753265e+02	3.565678771e+00	1.752293276e+03	0.000000000e+00	0.000000000e+00	1.050621787e+03	0.000000000e+00	
1.804184857e+02	3.486585031e+00	1.815223439e+03	0.000000000e+00	0.000000000e+00	9.951047651e+02	0.000000000e+00	
1.796635532e+02	3.415132208e+00	1.880487094e+03	0.000000000e+00	0.000000000e+00	9.426504060e+02	0.000000000e+00	
1.789105242e+02	3.350736654e+00	1.948178609e+03	0.000000000e+00	0.000000000e+00	8.930829774e+02	0.000000000e+00	
1.781593939e+02	3.292863443e+00	2.018395491e+03	0.000000000e+00	0.000000000e+00	8.462372032e+02	0.000000000e+00	
1.774101575e+02	3.236182629e+00	2.091241535e+03	0.000000000e+00	0.000000000e+00	7.974268047e+02	0.000000000e+00	
1.766628103e+02	3.178130977e+00	2.166822548e+03	0.000000000e+00	0.000000000e+00	7.441224912e+02	0.000000000e+00	
1.759173475e+02	3.127251444e+00	2.245253201e+03	0.000000000e+00	0.000000000e+00	6.945024673e+02	0.000000000e+00	
1.751737644e+02	3.082887969e+00	2.326648465e+03	0.000000000e+00	0.000000000e+00	6.483040338e+02	0.000000000e+00	
1.744320561e+02	3.044445324e+00	2.411133697e+03	0.000000000e+00	0.000000000e+00	6.052837762e+02	0.000000000e+00	
1.736922180e+02	3.011378681e+00	2.498835416e+03	0.000000000e+00	0.000000000e+00	5.652161098e+02	0.000000000e+00	
1.729542454e+02	2.983193307e+00	2.589891653e+03	0.000000000e+00	0.000000000e+00	5.278919372e+02	0.000000000e+00	
1.722181336e+02	2.959438301e+00	2.684441985e+03	0.000000000e+00	0.000000000e+00	4.931174100e+02	0.000000000e+00	
1.714838778e+02	2.939703169e+00	2.782639819e+03	0.000000000e+00	0.000000000e+00	4.607127851e+02	0.000000000e+00	
1.707514733e+02	2.923612660e+00	2.884635709e+03	0.000000000e+00	0.000000000e+00	4.305113702e+02	0.000000000e+00	
1.700209156e+02	2.910827867e+00	2.990599705e+03	0.000000000e+00	0.000000000e+00	4.023585488e+02	0.000000000e+00	
1.692922000e+02	2.901035492e+00	3.100701679e+03	0.000000000e+00	0.000000000e+00	3.761108815e+02	0.000000000e+00	
1.685653218e+02	2.893954703e+00	3.215124864e+03	0.000000000e+00	0.000000000e+00	3.516352747e+02	0.000000000e+00	
1.678402763e+02	2.889326741e+00	3.334058200e+03	0.000000000e+00	0.000000000e+00	3.288082135e+02	0.000000000e+00	
1.671170590e+02	2.889092012e+00	3.457701327e+03	0.000000000e+00	0.000000000e+00	3.104142314e+02	0.000000000e+00	
1.663956653e+02	2.893923455e+00	3.586270868e+03	0.000000000e+00	0.000000000e+00	2.978185054e+02	0.000000000e+00	
1.656760905e+02	2.899701800e+00	3.719984618e+03	0.000000000e+00	0.000000000e+00	2.857637237e+02	0.000000000e+00	
1.649583301e+02	2.906354206e+00	3.859076600e+03	0.000000000e+00	0.000000000e+00	2.742254509e+02	0.000000000e+00	
1.642423794e+02	2.913812263e+00	4.003795702e+03	0.000000000e+00	0.000000000e+00	2.631804070e+02	0.000000000e+00	
1.635282340e+02	2.922009766e+00	4.154406359e+03	0.000000000e+00	0.000000000e+00	2.526064104e+02	0.000000000e+00	
1.628158893e+02	2.930885563e+00	4.311175349e+03	0.000000000e+00	0.000000000e+00	2.424823239e+02	0.000000000e+00	
1.621053407e+02	2.940381857e+00	4.474396736e+03	0.000000000e+00	0.000000000e+00	2.327880034e+02	0.000000000e+00	
1.613965837e+02	2.950442499e+00	4.644375062e+03	0.000000000e+00	0.000000000e+00	2.235042489e+02	0.000000000e+00	
1.606896138e+02	2.961016510e+00	4.821430962e+03	0.000000000e+00	0.000000000e+00	2.146127592e+02	0.000000000e+00	
1.599844265e+02	2.972552695e+00	5.006787753e+03	0.000000000e+00	0.000000000e+00	2.060960870e+02	0.000000000e+00	
1.592810173e+02	2.984028482e+00	5.199109559e+03	0.000000000e+00	0.000000000e+00	1.979375980e+02	0.000000000e+00	
1.585793817e+02	2.995882034e+00	5.399611855e+03	0.000000000e+00	0.000000000e+00	1.901214313e+02	0.000000000e+00	
1.578795152e+02	3.008068620e+00	5.608682597e+03	0.000000000e+00	0.000000000e+00	1.826324616e+02	0.000000000e+00	
1.571814134e+02	3.020548526e+00	5.826762786e+03	0.000000000e+00	0.000000000e+00	1.754562639e+02	0.000000000e+00	
1.564850718e+02	3.031996865e+00	6.054288790e+03	0.000000000e+00	0.000000000e+00	1.658518999e+02	0.000000000e+00	
1.557904860e+02	3.043682062e+00	6.291761530e+03	0.000000000e+00	0.000000000e+00	1.563910466e+02	0.000000000e+00	
1.550976516e+02	3.055761286e+00	6.539676016e+03	0.000000000e+00	0.000000000e+00	1.474917197e+02	0.000000000e+00	
1.544065641e+02	3.068174586e+00	6.798578473e+03	0.000000000e+00	0.000000000e+00	1.391193530e+02	0.000000000e+00	
1.537172191e+02	3.080869141e+00	7.069047098e+03	0.000000000e+00	0.000000000e+00	1.312415809e+02	0.000000000e+00	
1.530296123e+02	3.093792906e+00	7.351691449e+03	0.000000000e+00	0.000000000e+00	1.238280946e+02	0.000000000e+00	
1.523437392e+02	3.106894458e+00	7.647159235e+03	0.000000000e+00	0.000000000e+00	1.168505066e+02	0.000000000e+00	
1.516595956e+02	3.120130194e+00	7.956139176e+03	0.000000000e+00	0.000000000e+00	1.102822252e+02	0.000000000e+00	
1.509771769e+02	3.133456046e+00	8.279370186e+03	0.000000000e+00	0.000000000e+00	1.040983372e+02	0.000000000e+00	
1.502964790e+02	3.146829676e+00	8.617635054e+03	0.000000000e+00	0.000000000e+00	9.827549875e+01	0.000000000e+00	
1.496174973e+02	3.160211889e+00	8.971770790e+03	0.000000000e+00	0.000000000e+00	9.279183280e+01	0.000000000e+00	
1.489402277e+02	3.173563848e+00	9.342660763e+03	0.000000000e+00	0.000000000e+00	8.762683438e+01	0.000000000e+00	
1.482646658e+02	3.186847583e+00	9.731265474e+03	0.000000000e+00	0.000000000e+00	8.276128158e+01	0.000000000e+00	
1.475908073e+02	3.200027481e+00	1.013859290e+04	0.000000000e+00	0.000000000e+00	7.817715265e+01	0.000000000e+00	
1.469186479e+02	3.213067549e+00	1.056572303e+04	0.000000000e+00	0.000000000e+00	7.385754862e+01	0.000000000e+00	
1.462481833e+02	3.226073745e+00	1.101383617e+04	0.000000000e+00	0.000000000e+00	7.031663439e+01	0.000000000e+00	
1.455794092e+02	3.238877586e+00	1.148415986e+04	0.000000000e+00	0.000000000e+00	6.707617742e+01	0.000000000e+00	
1.449123214e+02	3.251408837e+00	1.197802165e+04	0.000000000e+00	0.000000000e+00	6.399266511e+01	0.000000000e+00	
1.442469156e+02	3.263638874e+00	1.249686000e+04	0.000000000e+00	0.000000000e+00	6.105814754e+01	0.000000000e+00	
1.435831876e+02	3.275534952e+00	1.304220013e+04	0.000000000e+00	0.000000000e+00	5.826509433e+01	0.000000000e+00	
1.429211332e+02	3.287064463e+00	1.361570180e+04	0.000000000e+00	0.000000000e+00	5.560637162e+01	0.000000000e+00	
1.422607480e+02	3.298194606e+00	1.421911109e+04	0.000000000e+00	0.000000000e+00	5.307522041e+01	0.000000000e+00	
1.416020281e+02	3.308889406e+00	1.485433225e+04	0.000000000e+00	0.000000000e+00	5.066523608e+01	0.000000000e+00	
1.409449690e+02	3.319115047e+00	1.552344788e+04	0.000000000e+00	0.000000000e+00	4.837034912e+01	0.000000000e+00	
1.402895667e+02	3.328833291e+00	1.622863468e+04	0.000000000e+00	0.000000000e+00	4.618480689e+01	0.000000000e+00	
1.396358169e+02	3.338006288e+00	1.697228966e+04	0.000000000e+00	0.000000000e+00	4.410315646e+01	0.000000000e+00	
1.389837155e+02	3.346595380e+00	1.775699538e+04	0.000000000e+00	0.000000000e+00	4.212022835e+01	0.000000000e+00	
1.383332584e+02	3.354557275e+00	1.858555013e+04	0.000000000e+00	0.000000000e+00	4.023112127e+01	0.000000000e+00	
1.376844413e+02	3.361849797e+00	1.946092600e+04	0.000000000e+00	0.000000000e+00	3.843118761e+01	0.000000000e+00	
1.370372602e+02	3.368426523e+00	2.038644684e+04	0.000000000e+00	0.000000000e+00	3.671601985e+01	0.000000000e+00	
1.363917109e+02	3.374297850e+00	2.136564199e+04	0.000000000e+00	0.000000000e+00	3.546140452e+01	0.000000000e+00	
1.357477894e+02	3.379647196e+00	2.240236551e+04	0.000000000e+00	0.000000000e+00	3.636450429e+01	0.000000000e+00	
1.351054914e+02	3.384094865e+00	2.350081362e+04	0.000000000e+00	0.000000000e+00	3.728823890e+01	0.000000000e+00	
1.344648130e+02	3.387590527e+00	2.466554238e+04	0.000000000e+00	0.000000000e+00	3.823301999e+01	0.000000000e+00	
1.338257500e+02	3.390079616e+00	2.590155091e+04	0.000000000e+00	0.000000000e+00	3.919926605e+01	0.000000000e+00	
1.331882984e+02	3.391506107e+00	2.721424624e+04	0.000000000e+00	0.000000000e+00	4.018740248e+01	0.000000000e+00	
1.325524540e+02	3.391810171e+00	2.860953511e+04	0.000000000e+00	0.000000000e+00	4.119786172e+01	0.000000000e+00	
1.319182130e+02	3.390928856e+00	3.009398098e+04	0.000000000e+00	0.000000000e+00	4.223108325e+01	0.000000000e+00	
1.312855711e+02	3.388797663e+00	3.167463935e+04	0.000000000e+00	0.000000000e+00	4.328751379e+01	0.000000000e+00	
1.306545244e+02	3.385346142e+00	3.335928803e+04	0.000000000e+00	0.000000000e+00	4.436760730e+01	0.000000000e+00	
1.300250688e+02	3.380503146e+00	3.515650489e+04	0.000000000e+00	0.000000000e+00	4.547182508e+01	0.000000000e+00	
1.293972003e+02	3.374191609e+00	3.707569312e+04	0.000000000e+00	0.000000000e+00	4.660063592e+01	0.000000000e+00	
1.287709150e+02	3.366333645e+00	3.912716934e+04	0.000000000e+00	0.000000000e+00	4.775451610e+01	0.000000000e+00	
1.281462089e+02	3.356846811e+00	4.132234669e+04	0.000000000e+00	0.000000000e+00	4.893394956e+01	0.000000000e+00	
1.275230779e+02	3.345644475e+00	4.367378964e+04	0.000000000e+00	0.000000000e+00	5.013942792e+01	0.000000000e+00	
1.269015181e+02	3.332636920e+00	4.619536735e+04	0.000000000e+00	0.000000000e+00	5.137145064e+01	0.000000000e+00	
1.262815255e+02	3.317731088e+00	4.890246789e+04	0.000000000e+00	0.000000000e+00	5.263052504e+01	0.000000000e+00	
1.256630962e+02	3.301176973e+00	5.181209410e+04	0.000000000e+00	0.000000000e+00	5.944027542e+01	0.000000000e+00	
1.250462262e+02	3.282484457e+00	5.494311308e+04	0.000000000e+00	0.000000000e+00	6.631423260e+01	0.000000000e+00	
1.244309116e+02	3.261600819e+00	5.831655724e+04	0.000000000e+00	0.000000000e+00	7.400271499e+01	0.000000000e+00	
1.238171485e+02	3.238420201e+00	6.195571926e+04	0.000000000e+00	0.000000000e+00	8.260664237e+01	0.000000000e+00	
1.232049330e+02	3.212833832e+00	6.588665179e+04	0.000000000e+00	0.000000000e+00	9.224041131e+01	0.000000000e+00	
1.225942612e+02	3.184704026e+00	7.006588806e+04	0.000000000e+00	0.000000000e+00	1.029350895e+02	0.000000000e+00	
1.219851291e+02	3.153989458e+00	7.471694953e+04	0.000000000e+00	0.000000000e+00	1.150937239e+02	0.000000000e+00	
1.213775329e+02	3.120509192e+00	7.977019973e+04	0.000000000e+00	0.000000000e+00	1.287472873e+02	0.000000000e+00	
1.207714687e+02	3.084137559e+00	8.525311166e+04	0.000000000e+00	0.000000000e+00	1.440700540e+02	0.000000000e+00	
1.201669327e+02	3.044748029e+00	9.119398567e+04	0.000000000e+00	0.000000000e+00	1.612548649e+02	0.000000000e+00	
1.195639210e+02	3.002215669e+00	9.762147268e+04	0.000000000e+00	0.000000000e+00	1.805147845e+02	0.000000000e+00	
1.189624297e+02	2.956418746e+00	1.045642271e+05	0.000000000e+00	0.000000000e+00	2.020851721e+02	0.000000000e+00	
1.183624551e+02	2.907238863e+00	1.120505462e+05	0.000000000e+00	0.000000000e+00	2.262257502e+02	0.000000000e+00	
1.177639933e+02	2.854562233e+00	1.201071145e+05	0.000000000e+00	0.000000000e+00	2.532227445e+02	0.000000000e+00	
1.171670404e+02	2.798283842e+00	1.287583435e+05	0.000000000e+00	0.000000000e+00	2.833914453e+02	0.000000000e+00	
1.165715928e+02	2.738305582e+00	1.380250701e+05	0.000000000e+00	0.000000000e+00	3.170788035e+02	0.000000000e+00	
1.159776465e+02	2.674539664e+00	1.479233636e+05	0.000000000e+00	0.000000000e+00	3.546664168e+02	0.000000000e+00	
1.153851978e+02	2.606875309e+00	1.584619843e+05	0.000000000e+00	0.000000000e+00	3.943378879e+02	0.000000000e+00	
1.147942430e+02	2.535279653e+00	1.696410113e+05	0.000000000e+00	0.000000000e+00	4.378767925e+02	0.000000000e+00	
1.142047782e+02	2.459716393e+00	1.814482257e+05	0.000000000e+00	0.000000000e+00	4.860226468e+02	0.000000000e+00	
1.136167997e+02	2.380157011e+00	1.938566215e+05	0.000000000e+00	0.000000000e+00	5.392211755e+02	0.000000000e+00	
1.130303037e+02	2.296597055e+00	2.068198309e+05	0.000000000e+00	0.000000000e+00	5.979565541e+02	0.000000000e+00	
1.124452866e+02	2.209054363e+00	2.202683373e+05	0.000000000e+00	0.000000000e+00	6.627545092e+02	0.000000000e+00	
1.118617446e+02	2.117572880e+00	2.341040625e+05	0.000000000e+00	0.000000000e+00	7.341850682e+02	0.000000000e+00	
1.112796739e+02	2.022230961e+00	2.481949481e+05	0.000000000e+00	0.000000000e+00	8.128664785e+02	0.000000000e+00	
1.106990709e+02	1.923141878e+00	2.623670565e+05	0.000000000e+00	0.000000000e+00	8.994671890e+02	0.000000000e+00	
1.101199319e+02	1.820462594e+00	2.764011122e+05	0.000000000e+00	0.000000000e+00	9.947117328e+02	0.000000000e+00	
1.095422531e+02	1.714400243e+00	2.900208469e+05	0.000000000e+00	0.000000000e+00	1.099377661e+03	0.000000000e+00	
1.089660309e+02	1.605216825e+00	3.028760420e+05	0.000000000e+00	0.000000000e+00	1.214263909e+03	0.000000000e+00	
1.083912616e+02	1.493239253e+00	3.145425661e+05	0.000000000e+00	0.000000000e+00	1.340203796e+03	0.000000000e+00	
1.078179415e+02	1.378862402e+00	3.245185720e+05	0.000000000e+00	0.000000000e+00	1.478077810e+03	0.000000000e+00	
1.072460671e+02	1.262556616e+00	3.322252794e+05	0.000000000e+00	0.000000000e+00	1.628815456e+03	0.000000000e+00	
1.066756346e+02	1.144882281e+00	3.370104122e+05	0.000000000e+00	0.000000000e+00	1.793396098e+03	0.000000000e+00	
1.061066404e+02	1.026512251e+00	3.381596233e+05	0.000000000e+00	0.000000000e+00	1.972845931e+03	0.000000000e+00	
1.055390809e+02	9.056346727e-01	3.349293540e+05	0.000000000e+00	0.000000000e+00	1.191695417e+03	0.000000000e+00	
1.049729525e+02	7.854217831e-01	3.265919772e+05	0.000000000e+00	0.000000000e+00	3.399069066e+00	0.000000000e+00	
1.044082515e+02	6.707363247e-01	3.125198180e+05	0.000000000e+00	0.000000000e+00	9.832014610e-03	0.000000000e+00	
1.038449744e+02	5.598527794e-01	2.922895534e+05	0.000000000e+00	0.000000000e+00	2.883920648e-05	0.000000000e+00	
1.032831175e+02	4.544884505e-01	2.658356131e+05	0.000000000e+00	0.000000000e+00	8.577355661e-08	0.000000000e+00	
1.027226774e+02	3.566210199e-01	2.336288717e+05	0.000000000e+00	0.000000000e+00	2.586570637e-10	0.000000000e+00	
1.021636503e+02	2.684025092e-01	1.968575686e+05	0.000000000e+00	0.000000000e+00	7.908014674e-13	0.000000000e+00	
1.016060329e+02	1.919651533e-01	1.575393730e+05	0.000000000e+00	0.000000000e+00	2.451062126e-15	0.000000000e+00	
1.010498214e+02	1.290689657e-01	1.184349909e+05	0.000000000e+00	0.000000000e+00	7.701158756e-18	0.000000000e+00	
1.004950123e+02	8.061496461e-02	8.264005232e+04	0.000000000e+00	0.000000000e+00	2.452695290e-20	0.000000000e+00	
9.994160224e+01	4.620194152e-02	5.285778759e+04	0.000000000e+00	0.000000000e+00	7.917480732e-23	0.000000000e+00	
9.938958752e+01	2.401011760e-02	3.062095318e+04	0.000000000e+00	0.000000000e+00	2.590402513e-25	0.000000000e+00	
9.883896468e+01	1.119315216e-02	1.589414699e+04	0.000000000e+00	0.000000000e+00	8.590075313e-28	0.000000000e+00	
9.828973020e+01	4.638464132e-03	7.324838529e+03	0.000000000e+00	0.000000000e+00	2.887306752e-30	0.000000000e+00	
9.774188058e+01	1.696275256e-03	2.975317550e+03	0.000000000e+00	0.000000000e+00	9.837163406e-33	0.000000000e+00	
9.719541233e+01	5.444303204e-04	1.059409628e+03	0.000000000e+00	0.000000000e+00	3.397355363e-35	0.000000000e+00	
9.665032197e+01	1.527732665e-04	3.294015666e+02	0.000000000e+00	0.000000000e+00	1.189373481e-37	0.000000000e+00	
9.610660603e+01	3.738956524e-05	8.921962025e+01	0.000000000e+00	0.000000000e+00	4.220972375e-40	0.000000000e+00	
9.556426103e+01	7.970370734e-06	2.102328183e+01	0.000000000e+00	0.000000000e+00	1.518566412e-42	0.000000000e+00	
9.502328353e+01	1.479249087e-06	4.307881488e+00	0.000000000e+00	0.000000000e+00	8.162792437e-44	0.000000000e+00	
9.448367007e+01	2.390762343e-07	7.678153058e-01	0.000000000e+00	0.000000000e+00	5.954815020e-44	0.000000000e+00	
9.394541721e+01	3.367314329e-08	1.191282465e-01	0.000000000e+00	0.000000000e+00	4.345749386e-44	0.000000000e+00	
9.340852152e+01	4.137561463e-09	1.610688749e-02	0.000000000e+00	0.000000000e+00	3.172858994e-44	0.000000000e+00	
9.287297959e+01	4.441169252e-10	1.900397143e-03	0.000000000e+00	0.000000000e+00	2.317657601e-44	0.000000000e+00	
9.233878800e+01	4.170426625e-11	1.959615742e-04	0.000000000e+00	0.000000000e+00	1.693881412e-44	0.000000000e+00	
9.180594334e+01	3.431486105e-12	1.768892209e-05	0.000000000e+00	0.000000000e+00	1.238723694e-44	0.000000000e+00	
9.127444221e+01	2.478030558e-13	1.400117996e-06	0.000000000e+00	0.000000000e+00	9.064551738e-45	0.000000000e+00	
9.074428124e+01	1.573116247e-14	9.734069467e-08	0.000000000e+00	0.000000000e+00	6.637760912e-45	0.000000000e+00	
9.021545703e+01	8.792880030e-16	5.953952639e-09	0.000000000e+00	0.000000000e+00	4.864331856e-45	0.000000000e+00	
8.968796622e+01	4.333992022e-17	3.209211845e-10	0.000000000e+00	0.000000000e+00	3.567576948e-45	0.000000000e+00	
8.916180546e+01	1.886601271e-18	1.526650687e-11	0.000000000e+00	0.000000000e+00	2.618672347e-45	0.000000000e+00	
8.863697137e+01	7.263582167e-20	6.419122123e-13	0.000000000e+00	0.000000000e+00	1.923734520e-45	0.000000000e+00	
8.811346063e+01	2.476988808e-21	2.389092942e-14	0.000000000e+00	0.000000000e+00	1.414372284e-45	0.000000000e+00	
8.759126988e+01	7.491912326e-23	7.881497101e-16	0.000000000e+00	0.000000000e+00	1.040722908e-45	0.000000000e+00	
8.707039581e+01	2.012580772e-24	2.307819749e-17	0.000000000e+00	0.000000000e+00	7.664038004e-46	0.000000000e+00	
8.655083510e+01	4.808334809e-26	6.006240150e-19	0.000000000e+00	0.000000000e+00	5.648454006e-46	0.000000000e+00	
8.603258442e+01	1.023054346e-27	1.391219699e-20	0.000000000e+00	0.000000000e+00	4.166288268e-46	0.000000000e+00	
8.551564049e+01	1.940759238e-29	2.871377519e-22	0.000000000e+00	0.000000000e+00	3.075495310e-46	0.000000000e+00	
8.500000000e+01	1.398329695e-32	2.249488883e-25	0.000000000e+00	0.000000000e+00	2.272088101e-46	0.000000000e+00	
