# Satellite simulation of the  emission
# Flux in R
# Tangent altitude in Km
# Total Flux
# 427.8
1.000000000e+02	7.528972899e+05	7.528972899e+05	
1.020100503e+02	8.653080315e+05	8.653080315e+05	
1.040201005e+02	8.911091913e+05	8.911091913e+05	
1.060301508e+02	8.263560483e+05	8.263560483e+05	
1.080402010e+02	7.147253459e+05	7.147253459e+05	
1.100502513e+02	5.938932421e+05	5.938932421e+05	
1.120603015e+02	4.832050261e+05	4.832050261e+05	
1.140703518e+02	3.897502347e+05	3.897502347e+05	
1.160804020e+02	3.143277227e+05	3.143277227e+05	
1.180904523e+02	2.549140499e+05	2.549140499e+05	
1.201005025e+02	2.086495147e+05	2.086495147e+05	
1.221105528e+02	1.727978892e+05	1.727978892e+05	
1.241206030e+02	1.448002515e+05	1.448002515e+05	
1.261306533e+02	1.224756589e+05	1.224756589e+05	
1.281407035e+02	1.044661965e+05	1.044661965e+05	
1.301507538e+02	8.976075184e+04	8.976075184e+04	
1.321608040e+02	7.762096457e+04	7.762096457e+04	
1.341708543e+02	6.750603147e+04	6.750603147e+04	
1.361809045e+02	5.900404113e+04	5.900404113e+04	
1.381909548e+02	5.180500555e+04	5.180500555e+04	
1.402010050e+02	4.566801400e+04	4.566801400e+04	
1.422110553e+02	4.040371444e+04	4.040371444e+04	
1.442211055e+02	3.586274524e+04	3.586274524e+04	
1.462311558e+02	3.192602450e+04	3.192602450e+04	
1.482412060e+02	2.849723182e+04	2.849723182e+04	
1.502512563e+02	2.549854108e+04	2.549854108e+04	
1.522613065e+02	2.286634950e+04	2.286634950e+04	
1.542713568e+02	2.054725393e+04	2.054725393e+04	
1.562814070e+02	1.849772031e+04	1.849772031e+04	
1.582914573e+02	1.668091037e+04	1.668091037e+04	
1.603015075e+02	1.506609623e+04	1.506609623e+04	
1.623115578e+02	1.362764538e+04	1.362764538e+04	
1.643216080e+02	1.234327031e+04	1.234327031e+04	
1.663316583e+02	1.119370520e+04	1.119370520e+04	
1.683417085e+02	1.016286798e+04	1.016286798e+04	
1.703517588e+02	9.236702499e+03	9.236702499e+03	
1.723618090e+02	8.403265930e+03	8.403265930e+03	
1.743718593e+02	7.652159644e+03	7.652159644e+03	
1.763819095e+02	6.974183499e+03	6.974183499e+03	
1.783919598e+02	6.361307958e+03	6.361307958e+03	
1.804020101e+02	5.806768286e+03	5.806768286e+03	
1.824120603e+02	5.304207335e+03	5.304207335e+03	
1.844221106e+02	4.848507864e+03	4.848507864e+03	
1.864321608e+02	4.434537776e+03	4.434537776e+03	
1.884422111e+02	4.058485789e+03	4.058485789e+03	
1.904522613e+02	3.716215185e+03	3.716215185e+03	
1.924623116e+02	3.404673280e+03	3.404673280e+03	
1.944723618e+02	3.120725831e+03	3.120725831e+03	
1.964824121e+02	2.861798920e+03	2.861798920e+03	
1.984924623e+02	2.625472318e+03	2.625472318e+03	
2.005025126e+02	2.409588096e+03	2.409588096e+03	
2.025125628e+02	2.212371344e+03	2.212371344e+03	
2.045226131e+02	2.031929253e+03	2.031929253e+03	
2.065326633e+02	1.866888036e+03	1.866888036e+03	
2.085427136e+02	1.715725964e+03	1.715725964e+03	
2.105527638e+02	1.577267317e+03	1.577267317e+03	
2.125628141e+02	1.450399750e+03	1.450399750e+03	
2.145728643e+02	1.334021820e+03	1.334021820e+03	
2.165829146e+02	1.227313320e+03	1.227313320e+03	
2.185929648e+02	1.129355819e+03	1.129355819e+03	
2.206030151e+02	1.039416104e+03	1.039416104e+03	
2.226130653e+02	9.568331623e+02	9.568331623e+02	
2.246231156e+02	8.809461663e+02	8.809461663e+02	
2.266331658e+02	8.112147297e+02	8.112147297e+02	
2.286432161e+02	7.471321590e+02	7.471321590e+02	
2.306532663e+02	6.881980432e+02	6.881980432e+02	
2.326633166e+02	6.340004042e+02	6.340004042e+02	
2.346733668e+02	5.841426411e+02	5.841426411e+02	
2.366834171e+02	5.382793314e+02	5.382793314e+02	
2.386934673e+02	4.960809255e+02	4.960809255e+02	
2.407035176e+02	4.572406192e+02	4.572406192e+02	
2.427135678e+02	4.214897244e+02	4.214897244e+02	
2.447236181e+02	3.885807368e+02	3.885807368e+02	
2.467336683e+02	3.582857512e+02	3.582857512e+02	
2.487437186e+02	3.303916438e+02	3.303916438e+02	
2.507537688e+02	3.047024900e+02	3.047024900e+02	
2.527638191e+02	2.810426795e+02	2.810426795e+02	
2.547738693e+02	2.592471220e+02	2.592471220e+02	
2.567839196e+02	2.391715062e+02	2.391715062e+02	
2.587939698e+02	2.206800837e+02	2.206800837e+02	
2.608040201e+02	2.036457334e+02	2.036457334e+02	
2.628140704e+02	1.879466105e+02	1.879466105e+02	
2.648241206e+02	1.734783234e+02	1.734783234e+02	
2.668341709e+02	1.601432293e+02	1.601432293e+02	
2.688442211e+02	1.478520259e+02	1.478520259e+02	
2.708542714e+02	1.365203209e+02	1.365203209e+02	
2.728643216e+02	1.260719520e+02	1.260719520e+02	
2.748743719e+02	1.164390367e+02	1.164390367e+02	
2.768844221e+02	1.075556098e+02	1.075556098e+02	
2.788944724e+02	9.936195397e+01	9.936195397e+01	
2.809045226e+02	9.180538129e+01	9.180538129e+01	
2.829145729e+02	8.483439512e+01	8.483439512e+01	
2.849246231e+02	7.840182872e+01	7.840182872e+01	
2.869346734e+02	7.246665714e+01	7.246665714e+01	
2.889447236e+02	6.698808675e+01	6.698808675e+01	
2.909547739e+02	6.193267686e+01	6.193267686e+01	
2.929648241e+02	5.726637581e+01	5.726637581e+01	
2.949748744e+02	5.295778172e+01	5.295778172e+01	
2.969849246e+02	4.897983855e+01	4.897983855e+01	
2.989949749e+02	4.530515189e+01	4.530515189e+01	
3.010050251e+02	4.191220431e+01	4.191220431e+01	
3.030150754e+02	3.877794924e+01	3.877794924e+01	
3.050251256e+02	3.588262622e+01	3.588262622e+01	
3.070351759e+02	3.320703589e+01	3.320703589e+01	
3.090452261e+02	3.073543070e+01	3.073543070e+01	
3.110552764e+02	2.845091141e+01	2.845091141e+01	
3.130653266e+02	2.633900344e+01	2.633900344e+01	
3.150753769e+02	2.438629301e+01	2.438629301e+01	
3.170854271e+02	2.258087162e+01	2.258087162e+01	
3.190954774e+02	2.091202690e+01	2.091202690e+01	
3.211055276e+02	1.936862347e+01	1.936862347e+01	
3.231155779e+02	1.794128283e+01	1.794128283e+01	
3.251256281e+02	1.662049384e+01	1.662049384e+01	
3.271356784e+02	1.539838718e+01	1.539838718e+01	
3.291457286e+02	1.426797505e+01	1.426797505e+01	
3.311557789e+02	1.322181368e+01	1.322181368e+01	
3.331658291e+02	1.225370390e+01	1.225370390e+01	
3.351758794e+02	1.135741081e+01	1.135741081e+01	
3.371859296e+02	1.052784301e+01	1.052784301e+01	
3.391959799e+02	9.759752501e+00	9.759752501e+00	
3.412060302e+02	9.048379138e+00	9.048379138e+00	
3.432160804e+02	8.389768805e+00	8.389768805e+00	
3.452261307e+02	7.779790992e+00	7.779790992e+00	
3.472361809e+02	7.214895291e+00	7.214895291e+00	
3.492462312e+02	6.691339390e+00	6.691339390e+00	
3.512562814e+02	6.206440970e+00	6.206440970e+00	
3.532663317e+02	5.757207201e+00	5.757207201e+00	
3.552763819e+02	5.340921402e+00	5.340921402e+00	
3.572864322e+02	4.954930703e+00	4.954930703e+00	
3.592964824e+02	4.597457480e+00	4.597457480e+00	
3.613065327e+02	4.265927399e+00	4.265927399e+00	
3.633165829e+02	3.958584436e+00	3.958584436e+00	
3.653266332e+02	3.673699552e+00	3.673699552e+00	
3.673366834e+02	3.409648452e+00	3.409648452e+00	
3.693467337e+02	3.164631351e+00	3.164631351e+00	
3.713567839e+02	2.937547468e+00	2.937547468e+00	
3.733668342e+02	2.726857992e+00	2.726857992e+00	
3.753768844e+02	2.531468657e+00	2.531468657e+00	
3.773869347e+02	2.350230178e+00	2.350230178e+00	
3.793969849e+02	2.182063951e+00	2.182063951e+00	
3.814070352e+02	2.026115485e+00	2.026115485e+00	
3.834170854e+02	1.881328935e+00	1.881328935e+00	
3.854271357e+02	1.747048040e+00	1.747048040e+00	
3.874371859e+02	1.622428661e+00	1.622428661e+00	
3.894472362e+02	1.506745001e+00	1.506745001e+00	
3.914572864e+02	1.399404819e+00	1.399404819e+00	
3.934673367e+02	1.299737453e+00	1.299737453e+00	
3.954773869e+02	1.207270675e+00	1.207270675e+00	
3.974874372e+02	1.121373185e+00	1.121373185e+00	
3.994974874e+02	1.041668757e+00	1.041668757e+00	
4.015075377e+02	9.676492450e-01	9.676492450e-01	
4.035175879e+02	8.989027663e-01	8.989027663e-01	
4.055276382e+02	8.350883189e-01	8.350883189e-01	
4.075376884e+02	7.758227790e-01	7.758227790e-01	
4.095477387e+02	7.207582129e-01	7.207582129e-01	
4.115577889e+02	6.696292139e-01	6.696292139e-01	
4.135678392e+02	6.221230922e-01	6.221230922e-01	
4.155778894e+02	5.780120027e-01	5.780120027e-01	
4.175879397e+02	5.370118023e-01	5.370118023e-01	
4.195979899e+02	4.989300255e-01	4.989300255e-01	
4.216080402e+02	4.635368901e-01	4.635368901e-01	
4.236180905e+02	4.306624835e-01	4.306624835e-01	
4.256281407e+02	4.001062888e-01	4.001062888e-01	
4.276381910e+02	3.717108606e-01	3.717108606e-01	
4.296482412e+02	3.453130572e-01	3.453130572e-01	
4.316582915e+02	3.207855785e-01	3.207855785e-01	
4.336683417e+02	2.979800454e-01	2.979800454e-01	
4.356783920e+02	2.767879844e-01	2.767879844e-01	
4.376884422e+02	2.570850463e-01	2.570850463e-01	
4.396984925e+02	2.387597259e-01	2.387597259e-01	
4.417085427e+02	2.217318170e-01	2.217318170e-01	
4.437185930e+02	2.058835665e-01	2.058835665e-01	
4.457286432e+02	1.911631087e-01	1.911631087e-01	
4.477386935e+02	1.774593685e-01	1.774593685e-01	
4.497487437e+02	1.647250378e-01	1.647250378e-01	
4.517587940e+02	1.528746158e-01	1.528746158e-01	
4.537688442e+02	1.418533111e-01	1.418533111e-01	
4.557788945e+02	1.316042729e-01	1.316042729e-01	
4.577889447e+02	1.220677705e-01	1.220677705e-01	
4.597989950e+02	1.131936379e-01	1.131936379e-01	
4.618090452e+02	1.049435130e-01	1.049435130e-01	
4.638190955e+02	9.725860035e-02	9.725860035e-02	
4.658291457e+02	9.011536571e-02	9.011536571e-02	
4.678391960e+02	8.346296512e-02	8.346296512e-02	
4.698492462e+02	7.727289423e-02	7.727289423e-02	
4.718592965e+02	7.151341104e-02	7.151341104e-02	
4.738693467e+02	6.615116112e-02	6.615116112e-02	
4.758793970e+02	6.115797279e-02	6.115797279e-02	
4.778894472e+02	5.651367931e-02	5.651367931e-02	
4.798994975e+02	5.218694624e-02	5.218694624e-02	
4.819095477e+02	4.815804003e-02	4.815804003e-02	
4.839195980e+02	4.440920290e-02	4.440920290e-02	
4.859296482e+02	4.091558288e-02	4.091558288e-02	
4.879396985e+02	3.766192465e-02	3.766192465e-02	
4.899497487e+02	3.463240700e-02	3.463240700e-02	
4.919597990e+02	3.181105196e-02	3.181105196e-02	
4.939698492e+02	2.918114629e-02	2.918114629e-02	
4.959798995e+02	2.673272920e-02	2.673272920e-02	
4.979899497e+02	2.445047998e-02	2.445047998e-02	
5.000000000e+02	2.232316284e-02	2.232316284e-02	
#	AeroPlanets 1.01
#	Copyright G Gronoff 2009
#	Report bugs : guillaume.gronoff@gmail.com
#
#	Launched :Tue Dec 19 13:05:08 2017
# Planet:Earth
# Electron impact ionization used
# Electron impact ionization error: -27.5547% (>0 : gain)

