# Satellite simulation of the  emission
# Flux in R
# Tangent altitude in Km
# Total Flux
# 102.6
1.000000000e+02	1.220519896e+01	1.220519896e+01	
1.020100503e+02	1.347057759e+01	1.347057759e+01	
1.040201005e+02	1.443925536e+01	1.443925536e+01	
1.060301508e+02	1.480893315e+01	1.480893315e+01	
1.080402010e+02	1.461669053e+01	1.461669053e+01	
1.100502513e+02	1.402342766e+01	1.402342766e+01	
1.120603015e+02	1.318318774e+01	1.318318774e+01	
1.140703518e+02	1.222674764e+01	1.222674764e+01	
1.160804020e+02	1.124447913e+01	1.124447913e+01	
1.180904523e+02	1.029699812e+01	1.029699812e+01	
1.201005025e+02	9.419954683e+00	9.419954683e+00	
1.221105528e+02	8.630350697e+00	8.630350697e+00	
1.241206030e+02	7.930028315e+00	7.930028315e+00	
1.261306533e+02	7.308467662e+00	7.308467662e+00	
1.281407035e+02	6.758369955e+00	6.758369955e+00	
1.301507538e+02	6.271913999e+00	6.271913999e+00	
1.321608040e+02	5.841692231e+00	5.841692231e+00	
1.341708543e+02	5.461095810e+00	5.461095810e+00	
1.361809045e+02	5.124016648e+00	5.124016648e+00	
1.381909548e+02	4.825176292e+00	4.825176292e+00	
1.402010050e+02	4.559863960e+00	4.559863960e+00	
1.422110553e+02	4.323940500e+00	4.323940500e+00	
1.442211055e+02	4.113741559e+00	4.113741559e+00	
1.462311558e+02	3.926104074e+00	3.926104074e+00	
1.482412060e+02	3.758213024e+00	3.758213024e+00	
1.502512563e+02	3.607667908e+00	3.607667908e+00	
1.522613065e+02	3.472361174e+00	3.472361174e+00	
1.542713568e+02	3.350409725e+00	3.350409725e+00	
1.562814070e+02	3.240212589e+00	3.240212589e+00	
1.582914573e+02	3.140386659e+00	3.140386659e+00	
1.603015075e+02	3.049709556e+00	3.049709556e+00	
1.623115578e+02	2.967076500e+00	2.967076500e+00	
1.643216080e+02	2.891588751e+00	2.891588751e+00	
1.663316583e+02	2.822413368e+00	2.822413368e+00	
1.683417085e+02	2.758839800e+00	2.758839800e+00	
1.703517588e+02	2.700240749e+00	2.700240749e+00	
1.723618090e+02	2.646082650e+00	2.646082650e+00	
1.743718593e+02	2.595878168e+00	2.595878168e+00	
1.763819095e+02	2.549191911e+00	2.549191911e+00	
1.783919598e+02	2.505658767e+00	2.505658767e+00	
1.804020101e+02	2.464964073e+00	2.464964073e+00	
1.824120603e+02	2.426786973e+00	2.426786973e+00	
1.844221106e+02	2.390896272e+00	2.390896272e+00	
1.864321608e+02	2.357038910e+00	2.357038910e+00	
1.884422111e+02	2.325020549e+00	2.325020549e+00	
1.904522613e+02	2.294658271e+00	2.294658271e+00	
1.924623116e+02	2.265787591e+00	2.265787591e+00	
1.944723618e+02	2.238246006e+00	2.238246006e+00	
1.964824121e+02	2.211903084e+00	2.211903084e+00	
1.984924623e+02	2.186648018e+00	2.186648018e+00	
2.005025126e+02	2.162358752e+00	2.162358752e+00	
2.025125628e+02	2.138953398e+00	2.138953398e+00	
2.045226131e+02	2.116326070e+00	2.116326070e+00	
2.065326633e+02	2.094398114e+00	2.094398114e+00	
2.085427136e+02	2.073115877e+00	2.073115877e+00	
2.105527638e+02	2.052404041e+00	2.052404041e+00	
2.125628141e+02	2.032197225e+00	2.032197225e+00	
2.145728643e+02	2.012457631e+00	2.012457631e+00	
2.165829146e+02	1.993137142e+00	1.993137142e+00	
2.185929648e+02	1.974203269e+00	1.974203269e+00	
2.206030151e+02	1.955612751e+00	1.955612751e+00	
2.226130653e+02	1.937336990e+00	1.937336990e+00	
2.246231156e+02	1.919368630e+00	1.919368630e+00	
2.266331658e+02	1.901668860e+00	1.901668860e+00	
2.286432161e+02	1.884229181e+00	1.884229181e+00	
2.306532663e+02	1.867042821e+00	1.867042821e+00	
2.326633166e+02	1.850091130e+00	1.850091130e+00	
2.346733668e+02	1.833366874e+00	1.833366874e+00	
2.366834171e+02	1.816863281e+00	1.816863281e+00	
2.386934673e+02	1.800589698e+00	1.800589698e+00	
2.407035176e+02	1.784514582e+00	1.784514582e+00	
2.427135678e+02	1.768673255e+00	1.768673255e+00	
2.447236181e+02	1.753041587e+00	1.753041587e+00	
2.467336683e+02	1.737626186e+00	1.737626186e+00	
2.487437186e+02	1.722421676e+00	1.722421676e+00	
2.507537688e+02	1.707442200e+00	1.707442200e+00	
2.527638191e+02	1.692662352e+00	1.692662352e+00	
2.547738693e+02	1.678114938e+00	1.678114938e+00	
2.567839196e+02	1.663774267e+00	1.663774267e+00	
2.587939698e+02	1.649655115e+00	1.649655115e+00	
2.608040201e+02	1.635751342e+00	1.635751342e+00	
2.628140704e+02	1.622058540e+00	1.622058540e+00	
2.648241206e+02	1.608589914e+00	1.608589914e+00	
2.668341709e+02	1.595324846e+00	1.595324846e+00	
2.688442211e+02	1.582284420e+00	1.582284420e+00	
2.708542714e+02	1.569446063e+00	1.569446063e+00	
2.728643216e+02	1.556818422e+00	1.556818422e+00	
2.748743719e+02	1.544402996e+00	1.544402996e+00	
2.768844221e+02	1.532185254e+00	1.532185254e+00	
2.788944724e+02	1.520170809e+00	1.520170809e+00	
2.809045226e+02	1.508362189e+00	1.508362189e+00	
2.829145729e+02	1.496740932e+00	1.496740932e+00	
2.849246231e+02	1.485318286e+00	1.485318286e+00	
2.869346734e+02	1.474080304e+00	1.474080304e+00	
2.889447236e+02	1.463034644e+00	1.463034644e+00	
2.909547739e+02	1.452172109e+00	1.452172109e+00	
2.929648241e+02	1.441482593e+00	1.441482593e+00	
2.949748744e+02	1.430970362e+00	1.430970362e+00	
2.969849246e+02	1.420632356e+00	1.420632356e+00	
2.989949749e+02	1.410460482e+00	1.410460482e+00	
3.010050251e+02	1.400450442e+00	1.400450442e+00	
3.030150754e+02	1.390604759e+00	1.390604759e+00	
3.050251256e+02	1.380913399e+00	1.380913399e+00	
3.070351759e+02	1.371373921e+00	1.371373921e+00	
3.090452261e+02	1.361983554e+00	1.361983554e+00	
3.110552764e+02	1.352734748e+00	1.352734748e+00	
3.130653266e+02	1.343625841e+00	1.343625841e+00	
3.150753769e+02	1.334649832e+00	1.334649832e+00	
3.170854271e+02	1.325801080e+00	1.325801080e+00	
3.190954774e+02	1.317064976e+00	1.317064976e+00	
3.211055276e+02	1.308452069e+00	1.308452069e+00	
3.231155779e+02	1.300024454e+00	1.300024454e+00	
3.251256281e+02	1.291712267e+00	1.291712267e+00	
3.271356784e+02	1.283512429e+00	1.283512429e+00	
3.291457286e+02	1.275422071e+00	1.275422071e+00	
3.311557789e+02	1.267437463e+00	1.267437463e+00	
3.331658291e+02	1.259555418e+00	1.259555418e+00	
3.351758794e+02	1.251772635e+00	1.251772635e+00	
3.371859296e+02	1.244086547e+00	1.244086547e+00	
3.391959799e+02	1.236493452e+00	1.236493452e+00	
3.412060302e+02	1.228990512e+00	1.228990512e+00	
3.432160804e+02	1.221575208e+00	1.221575208e+00	
3.452261307e+02	1.214244564e+00	1.214244564e+00	
3.472361809e+02	1.206995919e+00	1.206995919e+00	
3.492462312e+02	1.199826059e+00	1.199826059e+00	
3.512562814e+02	1.192733277e+00	1.192733277e+00	
3.532663317e+02	1.185714726e+00	1.185714726e+00	
3.552763819e+02	1.178767955e+00	1.178767955e+00	
3.572864322e+02	1.171890427e+00	1.171890427e+00	
3.592964824e+02	1.165080572e+00	1.165080572e+00	
3.613065327e+02	1.158335595e+00	1.158335595e+00	
3.633165829e+02	1.151653522e+00	1.151653522e+00	
3.653266332e+02	1.145032726e+00	1.145032726e+00	
3.673366834e+02	1.138471260e+00	1.138471260e+00	
3.693467337e+02	1.131966634e+00	1.131966634e+00	
3.713567839e+02	1.125517752e+00	1.125517752e+00	
3.733668342e+02	1.119122368e+00	1.119122368e+00	
3.753768844e+02	1.112779175e+00	1.112779175e+00	
3.773869347e+02	1.106486352e+00	1.106486352e+00	
3.793969849e+02	1.100242390e+00	1.100242390e+00	
3.814070352e+02	1.094045909e+00	1.094045909e+00	
3.834170854e+02	1.087895003e+00	1.087895003e+00	
3.854271357e+02	1.081788850e+00	1.081788850e+00	
3.874371859e+02	1.075725691e+00	1.075725691e+00	
3.894472362e+02	1.069704261e+00	1.069704261e+00	
3.914572864e+02	1.063723294e+00	1.063723294e+00	
3.934673367e+02	1.057781502e+00	1.057781502e+00	
3.954773869e+02	1.051877836e+00	1.051877836e+00	
3.974874372e+02	1.046010808e+00	1.046010808e+00	
3.994974874e+02	1.040179575e+00	1.040179575e+00	
4.015075377e+02	1.034382888e+00	1.034382888e+00	
4.035175879e+02	1.028619301e+00	1.028619301e+00	
4.055276382e+02	1.022888047e+00	1.022888047e+00	
4.075376884e+02	1.017187844e+00	1.017187844e+00	
4.095477387e+02	1.011517602e+00	1.011517602e+00	
4.115577889e+02	1.005876536e+00	1.005876536e+00	
4.135678392e+02	1.000263328e+00	1.000263328e+00	
4.155778894e+02	9.946773557e-01	9.946773557e-01	
4.175879397e+02	9.891172591e-01	9.891172591e-01	
4.195979899e+02	9.835824392e-01	9.835824392e-01	
4.216080402e+02	9.780716768e-01	9.780716768e-01	
4.236180905e+02	9.725842350e-01	9.725842350e-01	
4.256281407e+02	9.671192446e-01	9.671192446e-01	
4.276381910e+02	9.616756073e-01	9.616756073e-01	
4.296482412e+02	9.562525263e-01	9.562525263e-01	
4.316582915e+02	9.508492857e-01	9.508492857e-01	
4.336683417e+02	9.454648013e-01	9.454648013e-01	
4.356783920e+02	9.400984866e-01	9.400984866e-01	
4.376884422e+02	9.347493491e-01	9.347493491e-01	
4.396984925e+02	9.294164436e-01	9.294164436e-01	
4.417085427e+02	9.240993503e-01	9.240993503e-01	
4.437185930e+02	9.187967495e-01	9.187967495e-01	
4.457286432e+02	9.135083849e-01	9.135083849e-01	
4.477386935e+02	9.082330108e-01	9.082330108e-01	
4.497487437e+02	9.029702271e-01	9.029702271e-01	
4.517587940e+02	8.977189666e-01	8.977189666e-01	
4.537688442e+02	8.924786247e-01	8.924786247e-01	
4.557788945e+02	8.872485136e-01	8.872485136e-01	
4.577889447e+02	8.820276893e-01	8.820276893e-01	
4.597989950e+02	8.768154260e-01	8.768154260e-01	
4.618090452e+02	8.716112410e-01	8.716112410e-01	
4.638190955e+02	8.664139675e-01	8.664139675e-01	
4.658291457e+02	8.612232376e-01	8.612232376e-01	
4.678391960e+02	8.560380422e-01	8.560380422e-01	
4.698492462e+02	8.508578297e-01	8.508578297e-01	
4.718592965e+02	8.456817773e-01	8.456817773e-01	
4.738693467e+02	8.405091026e-01	8.405091026e-01	
4.758793970e+02	8.353390237e-01	8.353390237e-01	
4.778894472e+02	8.301709602e-01	8.301709602e-01	
4.798994975e+02	8.250039929e-01	8.250039929e-01	
4.819095477e+02	8.198373851e-01	8.198373851e-01	
4.839195980e+02	8.146704438e-01	8.146704438e-01	
4.859296482e+02	8.095022125e-01	8.095022125e-01	
4.879396985e+02	8.043319993e-01	8.043319993e-01	
4.899497487e+02	7.991590041e-01	7.991590041e-01	
4.919597990e+02	7.939824275e-01	7.939824275e-01	
4.939698492e+02	7.888012933e-01	7.888012933e-01	
4.959798995e+02	7.836149117e-01	7.836149117e-01	
4.979899497e+02	7.784222427e-01	7.784222427e-01	
5.000000000e+02	7.732224322e-01	7.732224322e-01	
#	AeroPlanets 1.01
#	Copyright G Gronoff 2009
#	Report bugs : guillaume.gronoff@gmail.com
#
#	Launched :Tue Dec 19 13:05:08 2017
# Planet:Earth
# Electron impact ionization used
# Electron impact ionization error: -27.5547% (>0 : gain)

