# Satellite simulation of the  emission
# Flux in R
# Tangent altitude in Km
# Total Flux
# 130.4
1.000000000e+02	3.457405362e+05	3.457405362e+05	
1.020100503e+02	3.883607671e+05	3.883607671e+05	
1.040201005e+02	4.210741680e+05	4.210741680e+05	
1.060301508e+02	4.311692098e+05	4.311692098e+05	
1.080402010e+02	4.198697140e+05	4.198697140e+05	
1.100502513e+02	3.943062132e+05	3.943062132e+05	
1.120603015e+02	3.612614777e+05	3.612614777e+05	
1.140703518e+02	3.260038415e+05	3.260038415e+05	
1.160804020e+02	2.917841720e+05	2.917841720e+05	
1.180904523e+02	2.604229839e+05	2.604229839e+05	
1.201005025e+02	2.327165674e+05	2.327165674e+05	
1.221105528e+02	2.088016550e+05	2.088016550e+05	
1.241206030e+02	1.883138808e+05	1.883138808e+05	
1.261306533e+02	1.705346334e+05	1.705346334e+05	
1.281407035e+02	1.550466432e+05	1.550466432e+05	
1.301507538e+02	1.414790388e+05	1.414790388e+05	
1.321608040e+02	1.295279459e+05	1.295279459e+05	
1.341708543e+02	1.189489415e+05	1.189489415e+05	
1.361809045e+02	1.095375789e+05	1.095375789e+05	
1.381909548e+02	1.011287326e+05	1.011287326e+05	
1.402010050e+02	9.358452465e+04	9.358452465e+04	
1.422110553e+02	8.678928100e+04	8.678928100e+04	
1.442211055e+02	8.064607276e+04	8.064607276e+04	
1.462311558e+02	7.507338331e+04	7.507338331e+04	
1.482412060e+02	7.000164110e+04	7.000164110e+04	
1.502512563e+02	6.537218005e+04	6.537218005e+04	
1.522613065e+02	6.113491307e+04	6.113491307e+04	
1.542713568e+02	5.724564849e+04	5.724564849e+04	
1.562814070e+02	5.366761539e+04	5.366761539e+04	
1.582914573e+02	5.036788439e+04	5.036788439e+04	
1.603015075e+02	4.731868450e+04	4.731868450e+04	
1.623115578e+02	4.449446169e+04	4.449446169e+04	
1.643216080e+02	4.187417767e+04	4.187417767e+04	
1.663316583e+02	3.943844708e+04	3.943844708e+04	
1.683417085e+02	3.717051746e+04	3.717051746e+04	
1.703517588e+02	3.505550444e+04	3.505550444e+04	
1.723618090e+02	3.308043251e+04	3.308043251e+04	
1.743718593e+02	3.123356334e+04	3.123356334e+04	
1.763819095e+02	2.950452843e+04	2.950452843e+04	
1.783919598e+02	2.788377079e+04	2.788377079e+04	
1.804020101e+02	2.636314205e+04	2.636314205e+04	
1.824120603e+02	2.493454122e+04	2.493454122e+04	
1.844221106e+02	2.359157437e+04	2.359157437e+04	
1.864321608e+02	2.232746718e+04	2.232746718e+04	
1.884422111e+02	2.113732594e+04	2.113732594e+04	
1.904522613e+02	2.001508366e+04	2.001508366e+04	
1.924623116e+02	1.895619422e+04	1.895619422e+04	
1.944723618e+02	1.795598442e+04	1.795598442e+04	
1.964824121e+02	1.701050781e+04	1.701050781e+04	
1.984924623e+02	1.611600692e+04	1.611600692e+04	
2.005025126e+02	1.526904684e+04	1.526904684e+04	
2.025125628e+02	1.446675895e+04	1.446675895e+04	
2.045226131e+02	1.370594024e+04	1.370594024e+04	
2.065326633e+02	1.298433315e+04	1.298433315e+04	
2.085427136e+02	1.229937286e+04	1.229937286e+04	
2.105527638e+02	1.164906692e+04	1.164906692e+04	
2.125628141e+02	1.103140666e+04	1.103140666e+04	
2.145728643e+02	1.044450563e+04	1.044450563e+04	
2.165829146e+02	9.886937680e+03	9.886937680e+03	
2.185929648e+02	9.357046297e+03	9.357046297e+03	
2.206030151e+02	8.853456853e+03	8.853456853e+03	
2.226130653e+02	8.375063666e+03	8.375063666e+03	
2.246231156e+02	7.920530833e+03	7.920530833e+03	
2.266331658e+02	7.488885400e+03	7.488885400e+03	
2.286432161e+02	7.079129187e+03	7.079129187e+03	
2.306532663e+02	6.690203884e+03	6.690203884e+03	
2.326633166e+02	6.321251422e+03	6.321251422e+03	
2.346733668e+02	5.971390499e+03	5.971390499e+03	
2.366834171e+02	5.639794820e+03	5.639794820e+03	
2.386934673e+02	5.325728233e+03	5.325728233e+03	
2.407035176e+02	5.028303793e+03	5.028303793e+03	
2.427135678e+02	4.746849443e+03	4.746849443e+03	
2.447236181e+02	4.480620911e+03	4.480620911e+03	
2.467336683e+02	4.228929589e+03	4.228929589e+03	
2.487437186e+02	3.991093459e+03	3.991093459e+03	
2.507537688e+02	3.766395487e+03	3.766395487e+03	
2.527638191e+02	3.554272082e+03	3.554272082e+03	
2.547738693e+02	3.353996290e+03	3.353996290e+03	
2.567839196e+02	3.165071972e+03	3.165071972e+03	
2.587939698e+02	2.986874901e+03	2.986874901e+03	
2.608040201e+02	2.818876722e+03	2.818876722e+03	
2.628140704e+02	2.660462149e+03	2.660462149e+03	
2.648241206e+02	2.511181175e+03	2.511181175e+03	
2.668341709e+02	2.370479658e+03	2.370479658e+03	
2.688442211e+02	2.237911926e+03	2.237911926e+03	
2.708542714e+02	2.113031249e+03	2.113031249e+03	
2.728643216e+02	1.995378761e+03	1.995378761e+03	
2.748743719e+02	1.884571157e+03	1.884571157e+03	
2.768844221e+02	1.780210461e+03	1.780210461e+03	
2.788944724e+02	1.681903333e+03	1.681903333e+03	
2.809045226e+02	1.589315844e+03	1.589315844e+03	
2.829145729e+02	1.502111295e+03	1.502111295e+03	
2.849246231e+02	1.419956321e+03	1.419956321e+03	
2.869346734e+02	1.342571598e+03	1.342571598e+03	
2.889447236e+02	1.269660000e+03	1.269660000e+03	
2.909547739e+02	1.200966112e+03	1.200966112e+03	
2.929648241e+02	1.136237498e+03	1.136237498e+03	
2.949748744e+02	1.075220127e+03	1.075220127e+03	
2.969849246e+02	1.017700494e+03	1.017700494e+03	
2.989949749e+02	9.634342288e+02	9.634342288e+02	
3.010050251e+02	9.121957478e+02	9.121957478e+02	
3.030150754e+02	8.640769211e+02	8.640769211e+02	
3.050251256e+02	8.186881978e+02	8.186881978e+02	
3.070351759e+02	7.758644760e+02	7.758644760e+02	
3.090452261e+02	7.354630508e+02	7.354630508e+02	
3.110552764e+02	6.973255227e+02	6.973255227e+02	
3.130653266e+02	6.613153513e+02	6.613153513e+02	
3.150753769e+02	6.273089206e+02	6.273089206e+02	
3.170854271e+02	5.951852976e+02	5.951852976e+02	
3.190954774e+02	5.648433616e+02	5.648433616e+02	
3.211055276e+02	5.361691591e+02	5.361691591e+02	
3.231155779e+02	5.090685069e+02	5.090685069e+02	
3.251256281e+02	4.834355469e+02	4.834355469e+02	
3.271356784e+02	4.591931653e+02	4.591931653e+02	
3.291457286e+02	4.362647946e+02	4.362647946e+02	
3.311557789e+02	4.145639563e+02	4.145639563e+02	
3.331658291e+02	3.940288368e+02	3.940288368e+02	
3.351758794e+02	3.745805844e+02	3.745805844e+02	
3.371859296e+02	3.561664784e+02	3.561664784e+02	
3.391959799e+02	3.387219987e+02	3.387219987e+02	
3.412060302e+02	3.221866759e+02	3.221866759e+02	
3.432160804e+02	3.065213164e+02	3.065213164e+02	
3.452261307e+02	2.916663651e+02	2.916663651e+02	
3.472361809e+02	2.775808164e+02	2.775808164e+02	
3.492462312e+02	2.642169019e+02	2.642169019e+02	
3.512562814e+02	2.515386612e+02	2.515386612e+02	
3.532663317e+02	2.395067288e+02	2.395067288e+02	
3.552763819e+02	2.280852101e+02	2.280852101e+02	
3.572864322e+02	2.172374487e+02	2.172374487e+02	
3.592964824e+02	2.069386083e+02	2.069386083e+02	
3.613065327e+02	1.971510302e+02	1.971510302e+02	
3.633165829e+02	1.878514397e+02	1.878514397e+02	
3.653266332e+02	1.790128367e+02	1.790128367e+02	
3.673366834e+02	1.706137697e+02	1.706137697e+02	
3.693467337e+02	1.626238124e+02	1.626238124e+02	
3.713567839e+02	1.550264928e+02	1.550264928e+02	
3.733668342e+02	1.477983732e+02	1.477983732e+02	
3.753768844e+02	1.409219111e+02	1.409219111e+02	
3.773869347e+02	1.343775781e+02	1.343775781e+02	
3.793969849e+02	1.281475001e+02	1.281475001e+02	
3.814070352e+02	1.222177304e+02	1.222177304e+02	
3.834170854e+02	1.165692372e+02	1.165692372e+02	
3.854271357e+02	1.111907581e+02	1.111907581e+02	
3.874371859e+02	1.060668808e+02	1.060668808e+02	
3.894472362e+02	1.011841690e+02	1.011841690e+02	
3.914572864e+02	9.653118689e+01	9.653118689e+01	
3.934673367e+02	9.209553116e+01	9.209553116e+01	
3.954773869e+02	8.786667388e+01	8.786667388e+01	
3.974874372e+02	8.383071957e+01	8.383071957e+01	
3.994974874e+02	7.997143957e+01	7.997143957e+01	
4.015075377e+02	7.631073515e+01	7.631073515e+01	
4.035175879e+02	7.282399021e+01	7.282399021e+01	
4.055276382e+02	6.949813600e+01	6.949813600e+01	
4.075376884e+02	6.632428933e+01	6.632428933e+01	
4.095477387e+02	6.329459873e+01	6.329459873e+01	
4.115577889e+02	6.040322036e+01	6.040322036e+01	
4.135678392e+02	5.764230279e+01	5.764230279e+01	
4.155778894e+02	5.500686172e+01	5.500686172e+01	
4.175879397e+02	5.248932803e+01	5.248932803e+01	
4.195979899e+02	5.008530453e+01	5.008530453e+01	
4.216080402e+02	4.778845702e+01	4.778845702e+01	
4.236180905e+02	4.559447312e+01	4.559447312e+01	
4.256281407e+02	4.349808279e+01	4.349808279e+01	
4.276381910e+02	4.149448916e+01	4.149448916e+01	
4.296482412e+02	3.957929128e+01	3.957929128e+01	
4.316582915e+02	3.774885148e+01	3.774885148e+01	
4.336683417e+02	3.599854520e+01	3.599854520e+01	
4.356783920e+02	3.432531520e+01	3.432531520e+01	
4.376884422e+02	3.272512705e+01	3.272512705e+01	
4.396984925e+02	3.119423323e+01	3.119423323e+01	
4.417085427e+02	2.973043386e+01	2.973043386e+01	
4.437185930e+02	2.832922909e+01	2.832922909e+01	
4.457286432e+02	2.698935458e+01	2.698935458e+01	
4.477386935e+02	2.570648225e+01	2.570648225e+01	
4.497487437e+02	2.447922208e+01	2.447922208e+01	
4.517587940e+02	2.330414421e+01	2.330414421e+01	
4.537688442e+02	2.217930933e+01	2.217930933e+01	
4.557788945e+02	2.110255555e+01	2.110255555e+01	
4.577889447e+02	2.007135336e+01	2.007135336e+01	
4.597989950e+02	1.908364553e+01	1.908364553e+01	
4.618090452e+02	1.813807245e+01	1.813807245e+01	
4.638190955e+02	1.723174037e+01	1.723174037e+01	
4.658291457e+02	1.636390411e+01	1.636390411e+01	
4.678391960e+02	1.553205856e+01	1.553205856e+01	
4.698492462e+02	1.473505099e+01	1.473505099e+01	
4.718592965e+02	1.397126037e+01	1.397126037e+01	
4.738693467e+02	1.323907311e+01	1.323907311e+01	
4.758793970e+02	1.253703413e+01	1.253703413e+01	
4.778894472e+02	1.186424039e+01	1.186424039e+01	
4.798994975e+02	1.121891449e+01	1.121891449e+01	
4.819095477e+02	1.060001232e+01	1.060001232e+01	
4.839195980e+02	1.000659875e+01	1.000659875e+01	
4.859296482e+02	9.437145592e+00	9.437145592e+00	
4.879396985e+02	8.890835717e+00	8.890835717e+00	
4.899497487e+02	8.366685904e+00	8.366685904e+00	
4.919597990e+02	7.863777489e+00	7.863777489e+00	
4.939698492e+02	7.380938203e+00	7.380938203e+00	
4.959798995e+02	6.917622344e+00	6.917622344e+00	
4.979899497e+02	6.472703707e+00	6.472703707e+00	
5.000000000e+02	6.045445244e+00	6.045445244e+00	
#	AeroPlanets 1.01
#	Copyright G Gronoff 2009
#	Report bugs : guillaume.gronoff@gmail.com
#
#	Launched :Tue Dec 19 13:05:08 2017
# Planet:Earth
# Electron impact ionization used
# Electron impact ionization error: -27.5547% (>0 : gain)

