# Satellite simulation of the  emission
# Flux in R
# Tangent altitude in Km
# Total Flux
# 121.6
1.000000000e+02	1.193939512e+02	1.193939512e+02	
1.020100503e+02	1.318768432e+02	1.318768432e+02	
1.040201005e+02	1.414683020e+02	1.414683020e+02	
1.060301508e+02	1.451789304e+02	1.451789304e+02	
1.080402010e+02	1.433539594e+02	1.433539594e+02	
1.100502513e+02	1.375668234e+02	1.375668234e+02	
1.120603015e+02	1.293305583e+02	1.293305583e+02	
1.140703518e+02	1.199325030e+02	1.199325030e+02	
1.160804020e+02	1.102639803e+02	1.102639803e+02	
1.180904523e+02	1.009246356e+02	1.009246356e+02	
1.201005025e+02	9.226888757e+01	9.226888757e+01	
1.221105528e+02	8.446726324e+01	8.446726324e+01	
1.241206030e+02	7.754047158e+01	7.754047158e+01	
1.261306533e+02	7.138617480e+01	7.138617480e+01	
1.281407035e+02	6.593370335e+01	6.593370335e+01	
1.301507538e+02	6.110696495e+01	6.110696495e+01	
1.321608040e+02	5.683368541e+01	5.683368541e+01	
1.341708543e+02	5.304924495e+01	5.304924495e+01	
1.361809045e+02	4.969384671e+01	4.969384671e+01	
1.381909548e+02	4.671575299e+01	4.671575299e+01	
1.402010050e+02	4.406877624e+01	4.406877624e+01	
1.422110553e+02	4.171222802e+01	4.171222802e+01	
1.442211055e+02	3.961007896e+01	3.961007896e+01	
1.462311558e+02	3.773115549e+01	3.773115549e+01	
1.482412060e+02	3.604771568e+01	3.604771568e+01	
1.502512563e+02	3.453604158e+01	3.453604158e+01	
1.522613065e+02	3.317533819e+01	3.317533819e+01	
1.542713568e+02	3.194697580e+01	3.194697580e+01	
1.562814070e+02	3.083512877e+01	3.083512877e+01	
1.582914573e+02	2.982604790e+01	2.982604790e+01	
1.603015075e+02	2.890761405e+01	2.890761405e+01	
1.623115578e+02	2.806882825e+01	2.806882825e+01	
1.643216080e+02	2.730071891e+01	2.730071891e+01	
1.663316583e+02	2.659499314e+01	2.659499314e+01	
1.683417085e+02	2.594455174e+01	2.594455174e+01	
1.703517588e+02	2.534316057e+01	2.534316057e+01	
1.723618090e+02	2.478551475e+01	2.478551475e+01	
1.743718593e+02	2.426679867e+01	2.426679867e+01	
1.763819095e+02	2.378272594e+01	2.378272594e+01	
1.783919598e+02	2.332967583e+01	2.332967583e+01	
1.804020101e+02	2.290449549e+01	2.290449549e+01	
1.824120603e+02	2.250399195e+01	2.250399195e+01	
1.844221106e+02	2.212585591e+01	2.212585591e+01	
1.864321608e+02	2.176762632e+01	2.176762632e+01	
1.884422111e+02	2.142740920e+01	2.142740920e+01	
1.904522613e+02	2.110329343e+01	2.110329343e+01	
1.924623116e+02	2.079353721e+01	2.079353721e+01	
1.944723618e+02	2.049648403e+01	2.049648403e+01	
1.964824121e+02	2.021080243e+01	2.021080243e+01	
1.984924623e+02	1.993536329e+01	1.993536329e+01	
2.005025126e+02	1.966896324e+01	1.966896324e+01	
2.025125628e+02	1.941073919e+01	1.941073919e+01	
2.045226131e+02	1.915966669e+01	1.915966669e+01	
2.065326633e+02	1.891499245e+01	1.891499245e+01	
2.085427136e+02	1.867618362e+01	1.867618362e+01	
2.105527638e+02	1.844255036e+01	1.844255036e+01	
2.125628141e+02	1.821348949e+01	1.821348949e+01	
2.145728643e+02	1.798866435e+01	1.798866435e+01	
2.165829146e+02	1.776766328e+01	1.776766328e+01	
2.185929648e+02	1.755024358e+01	1.755024358e+01	
2.206030151e+02	1.733606038e+01	1.733606038e+01	
2.226130653e+02	1.712491107e+01	1.712491107e+01	
2.246231156e+02	1.691678495e+01	1.691678495e+01	
2.266331658e+02	1.671141024e+01	1.671141024e+01	
2.286432161e+02	1.650878130e+01	1.650878130e+01	
2.306532663e+02	1.630891198e+01	1.630891198e+01	
2.326633166e+02	1.611170782e+01	1.611170782e+01	
2.346733668e+02	1.591717289e+01	1.591717289e+01	
2.366834171e+02	1.572532129e+01	1.572532129e+01	
2.386934673e+02	1.553629724e+01	1.553629724e+01	
2.407035176e+02	1.534988636e+01	1.534988636e+01	
2.427135678e+02	1.516645893e+01	1.516645893e+01	
2.447236181e+02	1.498585475e+01	1.498585475e+01	
2.467336683e+02	1.480817053e+01	1.480817053e+01	
2.487437186e+02	1.463340366e+01	1.463340366e+01	
2.507537688e+02	1.446170252e+01	1.446170252e+01	
2.527638191e+02	1.429288336e+01	1.429288336e+01	
2.547738693e+02	1.412723639e+01	1.412723639e+01	
2.567839196e+02	1.396456708e+01	1.396456708e+01	
2.587939698e+02	1.380500592e+01	1.380500592e+01	
2.608040201e+02	1.364851298e+01	1.364851298e+01	
2.628140704e+02	1.349504136e+01	1.349504136e+01	
2.648241206e+02	1.334470282e+01	1.334470282e+01	
2.668341709e+02	1.319731178e+01	1.319731178e+01	
2.688442211e+02	1.305303836e+01	1.305303836e+01	
2.708542714e+02	1.291167734e+01	1.291167734e+01	
2.728643216e+02	1.277328132e+01	1.277328132e+01	
2.748743719e+02	1.263784839e+01	1.263784839e+01	
2.768844221e+02	1.250522997e+01	1.250522997e+01	
2.788944724e+02	1.237544959e+01	1.237544959e+01	
2.809045226e+02	1.224851058e+01	1.224851058e+01	
2.829145729e+02	1.212422834e+01	1.212422834e+01	
2.849246231e+02	1.200266820e+01	1.200266820e+01	
2.869346734e+02	1.188368883e+01	1.188368883e+01	
2.889447236e+02	1.176732469e+01	1.176732469e+01	
2.909547739e+02	1.165347618e+01	1.165347618e+01	
2.929648241e+02	1.154202757e+01	1.154202757e+01	
2.949748744e+02	1.143298459e+01	1.143298459e+01	
2.969849246e+02	1.132629847e+01	1.132629847e+01	
2.989949749e+02	1.122186722e+01	1.122186722e+01	
3.010050251e+02	1.111963529e+01	1.111963529e+01	
3.030150754e+02	1.101959534e+01	1.101959534e+01	
3.050251256e+02	1.092163429e+01	1.092163429e+01	
3.070351759e+02	1.082570358e+01	1.082570358e+01	
3.090452261e+02	1.073175974e+01	1.073175974e+01	
3.110552764e+02	1.063970930e+01	1.063970930e+01	
3.130653266e+02	1.054951549e+01	1.054951549e+01	
3.150753769e+02	1.046109432e+01	1.046109432e+01	
3.170854271e+02	1.037437640e+01	1.037437640e+01	
3.190954774e+02	1.028922002e+01	1.028922002e+01	
3.211055276e+02	1.020568898e+01	1.020568898e+01	
3.231155779e+02	1.012428370e+01	1.012428370e+01	
3.251256281e+02	1.004439296e+01	1.004439296e+01	
3.271356784e+02	9.965972235e+00	9.965972235e+00	
3.291457286e+02	9.888980485e+00	9.888980485e+00	
3.311557789e+02	9.813365229e+00	9.813365229e+00	
3.331658291e+02	9.739082109e+00	9.739082109e+00	
3.351758794e+02	9.666084782e+00	9.666084782e+00	
3.371859296e+02	9.594337050e+00	9.594337050e+00	
3.391959799e+02	9.523788599e+00	9.523788599e+00	
3.412060302e+02	9.454399968e+00	9.454399968e+00	
3.432160804e+02	9.386136630e+00	9.386136630e+00	
3.452261307e+02	9.318957783e+00	9.318957783e+00	
3.472361809e+02	9.252827229e+00	9.252827229e+00	
3.492462312e+02	9.187701777e+00	9.187701777e+00	
3.512562814e+02	9.123557572e+00	9.123557572e+00	
3.532663317e+02	9.060356658e+00	9.060356658e+00	
3.552763819e+02	8.998066160e+00	8.998066160e+00	
3.572864322e+02	8.936651803e+00	8.936651803e+00	
3.592964824e+02	8.876092619e+00	8.876092619e+00	
3.613065327e+02	8.816351346e+00	8.816351346e+00	
3.633165829e+02	8.757402012e+00	8.757402012e+00	
3.653266332e+02	8.699222459e+00	8.699222459e+00	
3.673366834e+02	8.641787183e+00	8.641787183e+00	
3.693467337e+02	8.585063587e+00	8.585063587e+00	
3.713567839e+02	8.529037100e+00	8.529037100e+00	
3.733668342e+02	8.473678344e+00	8.473678344e+00	
3.753768844e+02	8.418970179e+00	8.418970179e+00	
3.773869347e+02	8.364889101e+00	8.364889101e+00	
3.793969849e+02	8.311415383e+00	8.311415383e+00	
3.814070352e+02	8.258531317e+00	8.258531317e+00	
3.834170854e+02	8.206212603e+00	8.206212603e+00	
3.854271357e+02	8.154448360e+00	8.154448360e+00	
3.874371859e+02	8.103216518e+00	8.103216518e+00	
3.894472362e+02	8.052500788e+00	8.052500788e+00	
3.914572864e+02	8.002285452e+00	8.002285452e+00	
3.934673367e+02	7.952554096e+00	7.952554096e+00	
3.954773869e+02	7.903293728e+00	7.903293728e+00	
3.974874372e+02	7.854485728e+00	7.854485728e+00	
3.994974874e+02	7.806119838e+00	7.806119838e+00	
4.015075377e+02	7.758180478e+00	7.758180478e+00	
4.035175879e+02	7.710650113e+00	7.710650113e+00	
4.055276382e+02	7.663519369e+00	7.663519369e+00	
4.075376884e+02	7.616772612e+00	7.616772612e+00	
4.095477387e+02	7.570396694e+00	7.570396694e+00	
4.115577889e+02	7.524382160e+00	7.524382160e+00	
4.135678392e+02	7.478713359e+00	7.478713359e+00	
4.155778894e+02	7.433382801e+00	7.433382801e+00	
4.175879397e+02	7.388374432e+00	7.388374432e+00	
4.195979899e+02	7.343681154e+00	7.343681154e+00	
4.216080402e+02	7.299288770e+00	7.299288770e+00	
4.236180905e+02	7.255188769e+00	7.255188769e+00	
4.256281407e+02	7.211370837e+00	7.211370837e+00	
4.276381910e+02	7.167822540e+00	7.167822540e+00	
4.296482412e+02	7.124534685e+00	7.124534685e+00	
4.316582915e+02	7.081499056e+00	7.081499056e+00	
4.336683417e+02	7.038703451e+00	7.038703451e+00	
4.356783920e+02	6.996141207e+00	6.996141207e+00	
4.376884422e+02	6.953801233e+00	6.953801233e+00	
4.396984925e+02	6.911672981e+00	6.911672981e+00	
4.417085427e+02	6.869751794e+00	6.869751794e+00	
4.437185930e+02	6.828023091e+00	6.828023091e+00	
4.457286432e+02	6.786484327e+00	6.786484327e+00	
4.477386935e+02	6.745121625e+00	6.745121625e+00	
4.497487437e+02	6.703930963e+00	6.703930963e+00	
4.517587940e+02	6.662900707e+00	6.662900707e+00	
4.537688442e+02	6.622024528e+00	6.622024528e+00	
4.557788945e+02	6.581295139e+00	6.581295139e+00	
4.577889447e+02	6.540702646e+00	6.540702646e+00	
4.597989950e+02	6.500239449e+00	6.500239449e+00	
4.618090452e+02	6.459900739e+00	6.459900739e+00	
4.638190955e+02	6.419674253e+00	6.419674253e+00	
4.658291457e+02	6.379556691e+00	6.379556691e+00	
4.678391960e+02	6.339537472e+00	6.339537472e+00	
4.698492462e+02	6.299611318e+00	6.299611318e+00	
4.718592965e+02	6.259770088e+00	6.259770088e+00	
4.738693467e+02	6.220006042e+00	6.220006042e+00	
4.758793970e+02	6.180311559e+00	6.180311559e+00	
4.778894472e+02	6.140681335e+00	6.140681335e+00	
4.798994975e+02	6.101106195e+00	6.101106195e+00	
4.819095477e+02	6.061579366e+00	6.061579366e+00	
4.839195980e+02	6.022094557e+00	6.022094557e+00	
4.859296482e+02	5.982642570e+00	5.982642570e+00	
4.879396985e+02	5.943217254e+00	5.943217254e+00	
4.899497487e+02	5.903811333e+00	5.903811333e+00	
4.919597990e+02	5.864417700e+00	5.864417700e+00	
4.939698492e+02	5.825027419e+00	5.825027419e+00	
4.959798995e+02	5.785634717e+00	5.785634717e+00	
4.979899497e+02	5.746230223e+00	5.746230223e+00	
5.000000000e+02	5.706806583e+00	5.706806583e+00	
#	AeroPlanets 1.01
#	Copyright G Gronoff 2009
#	Report bugs : guillaume.gronoff@gmail.com
#
#	Launched :Tue Dec 19 13:05:08 2017
# Planet:Earth
# Electron impact ionization used
# Electron impact ionization error: -27.5547% (>0 : gain)

