# Satellite simulation of the  emission
# Flux in R
# Tangent altitude in Km
# Total Flux
# 520
1.000000000e+02	1.278229476e+03	1.278229476e+03	
1.020100503e+02	1.308143658e+03	1.308143658e+03	
1.040201005e+02	1.339889595e+03	1.339889595e+03	
1.060301508e+02	1.369878756e+03	1.369878756e+03	
1.080402010e+02	1.396349932e+03	1.396349932e+03	
1.100502513e+02	1.420070209e+03	1.420070209e+03	
1.120603015e+02	1.437880251e+03	1.437880251e+03	
1.140703518e+02	1.452934205e+03	1.452934205e+03	
1.160804020e+02	1.464798209e+03	1.464798209e+03	
1.180904523e+02	1.472865762e+03	1.472865762e+03	
1.201005025e+02	1.478715689e+03	1.478715689e+03	
1.221105528e+02	1.482639223e+03	1.482639223e+03	
1.241206030e+02	1.484742497e+03	1.484742497e+03	
1.261306533e+02	1.485629415e+03	1.485629415e+03	
1.281407035e+02	1.485233643e+03	1.485233643e+03	
1.301507538e+02	1.484304438e+03	1.484304438e+03	
1.321608040e+02	1.483372218e+03	1.483372218e+03	
1.341708543e+02	1.480843815e+03	1.480843815e+03	
1.361809045e+02	1.479302995e+03	1.479302995e+03	
1.381909548e+02	1.477328392e+03	1.477328392e+03	
1.402010050e+02	1.475330344e+03	1.475330344e+03	
1.422110553e+02	1.473847244e+03	1.473847244e+03	
1.442211055e+02	1.472665030e+03	1.472665030e+03	
1.462311558e+02	1.471916281e+03	1.471916281e+03	
1.482412060e+02	1.471441583e+03	1.471441583e+03	
1.502512563e+02	1.471608437e+03	1.471608437e+03	
1.522613065e+02	1.473424532e+03	1.473424532e+03	
1.542713568e+02	1.474627095e+03	1.474627095e+03	
1.562814070e+02	1.477093486e+03	1.477093486e+03	
1.582914573e+02	1.481131025e+03	1.481131025e+03	
1.603015075e+02	1.485754291e+03	1.485754291e+03	
1.623115578e+02	1.491111783e+03	1.491111783e+03	
1.643216080e+02	1.498373570e+03	1.498373570e+03	
1.663316583e+02	1.506681659e+03	1.506681659e+03	
1.683417085e+02	1.517733654e+03	1.517733654e+03	
1.703517588e+02	1.529826564e+03	1.529826564e+03	
1.723618090e+02	1.543445283e+03	1.543445283e+03	
1.743718593e+02	1.560152435e+03	1.560152435e+03	
1.763819095e+02	1.578057340e+03	1.578057340e+03	
1.783919598e+02	1.596725959e+03	1.596725959e+03	
1.804020101e+02	1.617685444e+03	1.617685444e+03	
1.824120603e+02	1.639648462e+03	1.639648462e+03	
1.844221106e+02	1.662815206e+03	1.662815206e+03	
1.864321608e+02	1.685945358e+03	1.685945358e+03	
1.884422111e+02	1.706212422e+03	1.706212422e+03	
1.904522613e+02	1.723817250e+03	1.723817250e+03	
1.924623116e+02	1.740517849e+03	1.740517849e+03	
1.944723618e+02	1.757433770e+03	1.757433770e+03	
1.964824121e+02	1.772837857e+03	1.772837857e+03	
1.984924623e+02	1.785295002e+03	1.785295002e+03	
2.005025126e+02	1.794375014e+03	1.794375014e+03	
2.025125628e+02	1.801988632e+03	1.801988632e+03	
2.045226131e+02	1.807550296e+03	1.807550296e+03	
2.065326633e+02	1.810749556e+03	1.810749556e+03	
2.085427136e+02	1.809452606e+03	1.809452606e+03	
2.105527638e+02	1.803214684e+03	1.803214684e+03	
2.125628141e+02	1.794213895e+03	1.794213895e+03	
2.145728643e+02	1.782919276e+03	1.782919276e+03	
2.165829146e+02	1.768301754e+03	1.768301754e+03	
2.185929648e+02	1.749312271e+03	1.749312271e+03	
2.206030151e+02	1.724959775e+03	1.724959775e+03	
2.226130653e+02	1.697535549e+03	1.697535549e+03	
2.246231156e+02	1.668176837e+03	1.668176837e+03	
2.266331658e+02	1.635576825e+03	1.635576825e+03	
2.286432161e+02	1.599685370e+03	1.599685370e+03	
2.306532663e+02	1.558784090e+03	1.558784090e+03	
2.326633166e+02	1.515773902e+03	1.515773902e+03	
2.346733668e+02	1.470886239e+03	1.470886239e+03	
2.366834171e+02	1.424295384e+03	1.424295384e+03	
2.386934673e+02	1.375211563e+03	1.375211563e+03	
2.407035176e+02	1.322371587e+03	1.322371587e+03	
2.427135678e+02	1.268116201e+03	1.268116201e+03	
2.447236181e+02	1.213203836e+03	1.213203836e+03	
2.467336683e+02	1.157102196e+03	1.157102196e+03	
2.487437186e+02	1.099604969e+03	1.099604969e+03	
2.507537688e+02	1.039299897e+03	1.039299897e+03	
2.527638191e+02	9.783059584e+02	9.783059584e+02	
2.547738693e+02	9.178064678e+02	9.178064678e+02	
2.567839196e+02	8.576349175e+02	8.576349175e+02	
2.587939698e+02	7.971523416e+02	7.971523416e+02	
2.608040201e+02	7.345771866e+02	7.345771866e+02	
2.628140704e+02	6.724092204e+02	6.724092204e+02	
2.648241206e+02	6.126155325e+02	6.126155325e+02	
2.668341709e+02	5.549755028e+02	5.549755028e+02	
2.688442211e+02	4.986842868e+02	4.986842868e+02	
2.708542714e+02	4.412126105e+02	4.412126105e+02	
2.728643216e+02	3.853828397e+02	3.853828397e+02	
2.748743719e+02	3.348675151e+02	3.348675151e+02	
2.768844221e+02	2.888343619e+02	2.888343619e+02	
2.788944724e+02	2.462601653e+02	2.462601653e+02	
2.809045226e+02	2.049262724e+02	2.049262724e+02	
2.829145729e+02	1.665671726e+02	1.665671726e+02	
2.849246231e+02	1.353959107e+02	1.353959107e+02	
2.869346734e+02	1.101042319e+02	1.101042319e+02	
2.889447236e+02	8.936578417e+01	8.936578417e+01	
2.909547739e+02	7.178899884e+01	7.178899884e+01	
2.929648241e+02	5.711735630e+01	5.711735630e+01	
2.949748744e+02	4.628001076e+01	4.628001076e+01	
2.969849246e+02	3.830521505e+01	3.830521505e+01	
2.989949749e+02	3.235453651e+01	3.235453651e+01	
3.010050251e+02	2.786056018e+01	2.786056018e+01	
3.030150754e+02	2.439491204e+01	2.439491204e+01	
3.050251256e+02	2.173219215e+01	2.173219215e+01	
3.070351759e+02	1.964671416e+01	1.964671416e+01	
3.090452261e+02	1.797682545e+01	1.797682545e+01	
3.110552764e+02	1.661024963e+01	1.661024963e+01	
3.130653266e+02	1.547392769e+01	1.547392769e+01	
3.150753769e+02	1.446399429e+01	1.446399429e+01	
3.170854271e+02	1.355367555e+01	1.355367555e+01	
3.190954774e+02	1.272861522e+01	1.272861522e+01	
3.211055276e+02	1.198027962e+01	1.198027962e+01	
3.231155779e+02	1.130038742e+01	1.130038742e+01	
3.251256281e+02	1.066279424e+01	1.066279424e+01	
3.271356784e+02	1.005473063e+01	1.005473063e+01	
3.291457286e+02	9.472451312e+00	9.472451312e+00	
3.311557789e+02	8.902932432e+00	8.902932432e+00	
3.331658291e+02	8.337949779e+00	8.337949779e+00	
3.351758794e+02	7.893785113e+00	7.893785113e+00	
3.371859296e+02	7.473277427e+00	7.473277427e+00	
3.391959799e+02	7.075098220e+00	7.075098220e+00	
3.412060302e+02	6.698219763e+00	6.698219763e+00	
3.432160804e+02	6.341938353e+00	6.341938353e+00	
3.452261307e+02	6.004799130e+00	6.004799130e+00	
3.472361809e+02	5.685548152e+00	5.685548152e+00	
3.492462312e+02	5.383171578e+00	5.383171578e+00	
3.512562814e+02	5.097037618e+00	5.097037618e+00	
3.532663317e+02	4.826471454e+00	4.826471454e+00	
3.552763819e+02	4.570473624e+00	4.570473624e+00	
3.572864322e+02	4.327944990e+00	4.327944990e+00	
3.592964824e+02	4.098407372e+00	4.098407372e+00	
3.613065327e+02	3.881076470e+00	3.881076470e+00	
3.633165829e+02	3.675471687e+00	3.675471687e+00	
3.653266332e+02	3.481007034e+00	3.481007034e+00	
3.673366834e+02	3.296872069e+00	3.296872069e+00	
3.693467337e+02	3.122433466e+00	3.122433466e+00	
3.713567839e+02	2.957362675e+00	2.957362675e+00	
3.733668342e+02	2.801147630e+00	2.801147630e+00	
3.753768844e+02	2.653429247e+00	2.653429247e+00	
3.773869347e+02	2.513510445e+00	2.513510445e+00	
3.793969849e+02	2.380989730e+00	2.380989730e+00	
3.814070352e+02	2.255557689e+00	2.255557689e+00	
3.834170854e+02	2.136835841e+00	2.136835841e+00	
3.854271357e+02	2.024608588e+00	2.024608588e+00	
3.874371859e+02	1.918289463e+00	1.918289463e+00	
3.894472362e+02	1.817556728e+00	1.817556728e+00	
3.914572864e+02	1.722177310e+00	1.722177310e+00	
3.934673367e+02	1.631894385e+00	1.631894385e+00	
3.954773869e+02	1.546566212e+00	1.546566212e+00	
3.974874372e+02	1.465678022e+00	1.465678022e+00	
3.994974874e+02	1.389053998e+00	1.389053998e+00	
4.015075377e+02	1.316367075e+00	1.316367075e+00	
4.035175879e+02	1.247479486e+00	1.247479486e+00	
4.055276382e+02	1.182326820e+00	1.182326820e+00	
4.075376884e+02	1.120536248e+00	1.120536248e+00	
4.095477387e+02	1.061889678e+00	1.061889678e+00	
4.115577889e+02	1.006261057e+00	1.006261057e+00	
4.135678392e+02	9.534865532e-01	9.534865532e-01	
4.155778894e+02	9.034809098e-01	9.034809098e-01	
4.175879397e+02	8.560131936e-01	8.560131936e-01	
4.195979899e+02	8.109515665e-01	8.109515665e-01	
4.216080402e+02	7.681582239e-01	7.681582239e-01	
4.236180905e+02	7.275390911e-01	7.275390911e-01	
4.256281407e+02	6.889841628e-01	6.889841628e-01	
4.276381910e+02	6.523752202e-01	6.523752202e-01	
4.296482412e+02	6.175999907e-01	6.175999907e-01	
4.316582915e+02	5.845782032e-01	5.845782032e-01	
4.336683417e+02	5.532074841e-01	5.532074841e-01	
4.356783920e+02	5.234194133e-01	5.234194133e-01	
4.376884422e+02	4.951252317e-01	4.951252317e-01	
4.396984925e+02	4.682421299e-01	4.682421299e-01	
4.417085427e+02	4.427187395e-01	4.427187395e-01	
4.437185930e+02	4.184572794e-01	4.184572794e-01	
4.457286432e+02	3.954247991e-01	3.954247991e-01	
4.477386935e+02	3.735297921e-01	3.735297921e-01	
4.497487437e+02	3.527448976e-01	3.527448976e-01	
4.517587940e+02	3.329961041e-01	3.329961041e-01	
4.537688442e+02	3.142386429e-01	3.142386429e-01	
4.557788945e+02	2.964210465e-01	2.964210465e-01	
4.577889447e+02	2.794903515e-01	2.794903515e-01	
4.597989950e+02	2.634085748e-01	2.634085748e-01	
4.618090452e+02	2.481444067e-01	2.481444067e-01	
4.638190955e+02	2.336360105e-01	2.336360105e-01	
4.658291457e+02	2.198623561e-01	2.198623561e-01	
4.678391960e+02	2.067696532e-01	2.067696532e-01	
4.698492462e+02	1.943394247e-01	1.943394247e-01	
4.718592965e+02	1.825381617e-01	1.825381617e-01	
4.738693467e+02	1.713295715e-01	1.713295715e-01	
4.758793970e+02	1.606805855e-01	1.606805855e-01	
4.778894472e+02	1.505684243e-01	1.505684243e-01	
4.798994975e+02	1.409637336e-01	1.409637336e-01	
4.819095477e+02	1.318446825e-01	1.318446825e-01	
4.839195980e+02	1.231904548e-01	1.231904548e-01	
4.859296482e+02	1.149676491e-01	1.149676491e-01	
4.879396985e+02	1.071547043e-01	1.071547043e-01	
4.899497487e+02	9.973887249e-02	9.973887249e-02	
4.919597990e+02	9.270109404e-02	9.270109404e-02	
4.939698492e+02	8.601699540e-02	8.601699540e-02	
4.959798995e+02	7.967302346e-02	7.967302346e-02	
4.979899497e+02	7.364456382e-02	7.364456382e-02	
5.000000000e+02	6.791994106e-02	6.791994106e-02	
#	AeroPlanets 1.01
#	Copyright G Gronoff 2009
#	Report bugs : guillaume.gronoff@gmail.com
#
#	Launched :Tue Dec 19 13:05:08 2017
# Planet:Earth
# Electron impact ionization used
# Electron impact ionization error: -27.5547% (>0 : gain)

