# Satellite simulation of the  emission
# Flux in R
# Tangent altitude in Km
# Total Flux
# 149.4
1.000000000e+02	1.684548307e+05	1.684548307e+05	
1.020100503e+02	1.935728917e+05	1.935728917e+05	
1.040201005e+02	1.992355490e+05	1.992355490e+05	
1.060301508e+02	1.846478598e+05	1.846478598e+05	
1.080402010e+02	1.596118482e+05	1.596118482e+05	
1.100502513e+02	1.325501164e+05	1.325501164e+05	
1.120603015e+02	1.077804087e+05	1.077804087e+05	
1.140703518e+02	8.687999611e+04	8.687999611e+04	
1.160804020e+02	7.002140872e+04	7.002140872e+04	
1.180904523e+02	5.674774577e+04	5.674774577e+04	
1.201005025e+02	4.641662285e+04	4.641662285e+04	
1.221105528e+02	3.841442234e+04	3.841442234e+04	
1.241206030e+02	3.216802960e+04	3.216802960e+04	
1.261306533e+02	2.718959650e+04	2.718959650e+04	
1.281407035e+02	2.317530836e+04	2.317530836e+04	
1.301507538e+02	1.989901369e+04	1.989901369e+04	
1.321608040e+02	1.719560640e+04	1.719560640e+04	
1.341708543e+02	1.494418694e+04	1.494418694e+04	
1.361809045e+02	1.305269872e+04	1.305269872e+04	
1.381909548e+02	1.145188058e+04	1.145188058e+04	
1.402010050e+02	1.008791736e+04	1.008791736e+04	
1.422110553e+02	8.918519950e+03	8.918519950e+03	
1.442211055e+02	7.910337119e+03	7.910337119e+03	
1.462311558e+02	7.036783209e+03	7.036783209e+03	
1.482412060e+02	6.276358020e+03	6.276358020e+03	
1.502512563e+02	5.611692640e+03	5.611692640e+03	
1.522613065e+02	5.028595679e+03	5.028595679e+03	
1.542713568e+02	4.515154761e+03	4.515154761e+03	
1.562814070e+02	4.061660848e+03	4.061660848e+03	
1.582914573e+02	3.659901760e+03	3.659901760e+03	
1.603015075e+02	3.303029643e+03	3.303029643e+03	
1.623115578e+02	2.985332566e+03	2.985332566e+03	
1.643216080e+02	2.701846856e+03	2.701846856e+03	
1.663316583e+02	2.448282763e+03	2.448282763e+03	
1.683417085e+02	2.221060297e+03	2.221060297e+03	
1.703517588e+02	2.017050996e+03	2.017050996e+03	
1.723618090e+02	1.833597197e+03	1.833597197e+03	
1.743718593e+02	1.668385723e+03	1.668385723e+03	
1.763819095e+02	1.519370125e+03	1.519370125e+03	
1.783919598e+02	1.384765100e+03	1.384765100e+03	
1.804020101e+02	1.263066840e+03	1.263066840e+03	
1.824120603e+02	1.152863114e+03	1.152863114e+03	
1.844221106e+02	1.053016704e+03	1.053016704e+03	
1.864321608e+02	9.623877609e+02	9.623877609e+02	
1.884422111e+02	8.801295567e+02	8.801295567e+02	
1.904522613e+02	8.053246060e+02	8.053246060e+02	
1.924623116e+02	7.372961009e+02	7.372961009e+02	
1.944723618e+02	6.753491541e+02	6.753491541e+02	
1.964824121e+02	6.189130796e+02	6.189130796e+02	
1.984924623e+02	5.674515127e+02	5.674515127e+02	
2.005025126e+02	5.204863753e+02	5.204863753e+02	
2.025125628e+02	4.776244095e+02	4.776244095e+02	
2.045226131e+02	4.384466938e+02	4.384466938e+02	
2.065326633e+02	4.026488004e+02	4.026488004e+02	
2.085427136e+02	3.698939276e+02	3.698939276e+02	
2.105527638e+02	3.399216732e+02	3.399216732e+02	
2.125628141e+02	3.124859170e+02	3.124859170e+02	
2.145728643e+02	2.873429449e+02	2.873429449e+02	
2.165829146e+02	2.643110509e+02	2.643110509e+02	
2.185929648e+02	2.431872475e+02	2.431872475e+02	
2.206030151e+02	2.238093829e+02	2.238093829e+02	
2.226130653e+02	2.060312704e+02	2.060312704e+02	
2.246231156e+02	1.897070895e+02	1.897070895e+02	
2.266331658e+02	1.747175579e+02	1.747175579e+02	
2.286432161e+02	1.609509849e+02	1.609509849e+02	
2.306532663e+02	1.482973274e+02	1.482973274e+02	
2.326633166e+02	1.366660369e+02	1.366660369e+02	
2.346733668e+02	1.259701639e+02	1.259701639e+02	
2.366834171e+02	1.161340528e+02	1.161340528e+02	
2.386934673e+02	1.070857152e+02	1.070857152e+02	
2.407035176e+02	9.875830451e+01	9.875830451e+01	
2.427135678e+02	9.109336933e+01	9.109336933e+01	
2.447236181e+02	8.403719807e+01	8.403719807e+01	
2.467336683e+02	7.754044780e+01	7.754044780e+01	
2.487437186e+02	7.155710433e+01	7.155710433e+01	
2.507537688e+02	6.604496384e+01	6.604496384e+01	
2.527638191e+02	6.096627985e+01	6.096627985e+01	
2.547738693e+02	5.628566346e+01	5.628566346e+01	
2.567839196e+02	5.197218167e+01	5.197218167e+01	
2.587939698e+02	4.799675979e+01	4.799675979e+01	
2.608040201e+02	4.433223287e+01	4.433223287e+01	
2.628140704e+02	4.095259137e+01	4.095259137e+01	
2.648241206e+02	3.783559179e+01	3.783559179e+01	
2.668341709e+02	3.496043927e+01	3.496043927e+01	
2.688442211e+02	3.230814313e+01	3.230814313e+01	
2.708542714e+02	2.986076667e+01	2.986076667e+01	
2.728643216e+02	2.760212799e+01	2.760212799e+01	
2.748743719e+02	2.551782246e+01	2.551782246e+01	
2.768844221e+02	2.359384411e+01	2.359384411e+01	
2.788944724e+02	2.181751715e+01	2.181751715e+01	
2.809045226e+02	2.017767064e+01	2.017767064e+01	
2.829145729e+02	1.866337202e+01	1.866337202e+01	
2.849246231e+02	1.726460425e+01	1.726460425e+01	
2.869346734e+02	1.597266159e+01	1.597266159e+01	
2.889447236e+02	1.477887509e+01	1.477887509e+01	
2.909547739e+02	1.367614436e+01	1.367614436e+01	
2.929648241e+02	1.265722401e+01	1.265722401e+01	
2.949748744e+02	1.171542961e+01	1.171542961e+01	
2.969849246e+02	1.084500526e+01	1.084500526e+01	
2.989949749e+02	1.004010463e+01	1.004010463e+01	
3.010050251e+02	9.296144567e+00	9.296144567e+00	
3.030150754e+02	8.608202967e+00	8.608202967e+00	
3.050251256e+02	7.972058395e+00	7.972058395e+00	
3.070351759e+02	7.383602063e+00	7.383602063e+00	
3.090452261e+02	6.839466902e+00	6.839466902e+00	
3.110552764e+02	6.336025797e+00	6.336025797e+00	
3.130653266e+02	5.870173797e+00	5.870173797e+00	
3.150753769e+02	5.439028003e+00	5.439028003e+00	
3.170854271e+02	5.040027452e+00	5.040027452e+00	
3.190954774e+02	4.670868629e+00	4.670868629e+00	
3.211055276e+02	4.329148120e+00	4.329148120e+00	
3.231155779e+02	4.012843020e+00	4.012843020e+00	
3.251256281e+02	3.719895905e+00	3.719895905e+00	
3.271356784e+02	3.448604782e+00	3.448604782e+00	
3.291457286e+02	3.197457477e+00	3.197457477e+00	
3.311557789e+02	2.964838129e+00	2.964838129e+00	
3.331658291e+02	2.749400864e+00	2.749400864e+00	
3.351758794e+02	2.549789891e+00	2.549789891e+00	
3.371859296e+02	2.364897745e+00	2.364897745e+00	
3.391959799e+02	2.193579442e+00	2.193579442e+00	
3.412060302e+02	2.034796425e+00	2.034796425e+00	
3.432160804e+02	1.887685970e+00	1.887685970e+00	
3.452261307e+02	1.751343764e+00	1.751343764e+00	
3.472361809e+02	1.624992615e+00	1.624992615e+00	
3.492462312e+02	1.507811630e+00	1.507811630e+00	
3.512562814e+02	1.399212906e+00	1.399212906e+00	
3.532663317e+02	1.298538517e+00	1.298538517e+00	
3.552763819e+02	1.205191106e+00	1.205191106e+00	
3.572864322e+02	1.118585968e+00	1.118585968e+00	
3.592964824e+02	1.038332165e+00	1.038332165e+00	
3.613065327e+02	9.638611144e-01	9.638611144e-01	
3.633165829e+02	8.947851391e-01	8.947851391e-01	
3.653266332e+02	8.307221580e-01	8.307221580e-01	
3.673366834e+02	7.713129494e-01	7.713129494e-01	
3.693467337e+02	7.161583546e-01	7.161583546e-01	
3.713567839e+02	6.650149242e-01	6.650149242e-01	
3.733668342e+02	6.175408719e-01	6.175408719e-01	
3.753768844e+02	5.734934549e-01	5.734934549e-01	
3.773869347e+02	5.326171813e-01	5.326171813e-01	
3.793969849e+02	4.946721732e-01	4.946721732e-01	
3.814070352e+02	4.594683179e-01	4.594683179e-01	
3.834170854e+02	4.267702639e-01	4.267702639e-01	
3.854271357e+02	3.964319144e-01	3.964319144e-01	
3.874371859e+02	3.682648669e-01	3.682648669e-01	
3.894472362e+02	3.421071137e-01	3.421071137e-01	
3.914572864e+02	3.178263783e-01	3.178263783e-01	
3.934673367e+02	2.952727474e-01	2.952727474e-01	
3.954773869e+02	2.743406299e-01	2.743406299e-01	
3.974874372e+02	2.548886681e-01	2.548886681e-01	
3.994974874e+02	2.368326598e-01	2.368326598e-01	
4.015075377e+02	2.200587300e-01	2.200587300e-01	
4.035175879e+02	2.044744853e-01	2.044744853e-01	
4.055276382e+02	1.900035129e-01	1.900035129e-01	
4.075376884e+02	1.765597602e-01	1.765597602e-01	
4.095477387e+02	1.640650721e-01	1.640650721e-01	
4.115577889e+02	1.524598474e-01	1.524598474e-01	
4.135678392e+02	1.416737364e-01	1.416737364e-01	
4.155778894e+02	1.316555361e-01	1.316555361e-01	
4.175879397e+02	1.223412427e-01	1.223412427e-01	
4.195979899e+02	1.136875570e-01	1.136875570e-01	
4.216080402e+02	1.056426870e-01	1.056426870e-01	
4.236180905e+02	9.816835252e-02	9.816835252e-02	
4.256281407e+02	9.121933988e-02	9.121933988e-02	
4.276381910e+02	8.476010901e-02	8.476010901e-02	
4.296482412e+02	7.875385242e-02	7.875385242e-02	
4.316582915e+02	7.317182761e-02	7.317182761e-02	
4.336683417e+02	6.798051179e-02	6.798051179e-02	
4.356783920e+02	6.315539876e-02	6.315539876e-02	
4.376884422e+02	5.866837302e-02	5.866837302e-02	
4.396984925e+02	5.449420443e-02	5.449420443e-02	
4.417085427e+02	5.061476574e-02	5.061476574e-02	
4.437185930e+02	4.700338125e-02	4.700338125e-02	
4.457286432e+02	4.364833138e-02	4.364833138e-02	
4.477386935e+02	4.052443669e-02	4.052443669e-02	
4.497487437e+02	3.762099342e-02	3.762099342e-02	
4.517587940e+02	3.491861007e-02	3.491861007e-02	
4.537688442e+02	3.240486968e-02	3.240486968e-02	
4.557788945e+02	3.006687653e-02	3.006687653e-02	
4.577889447e+02	2.789107749e-02	2.789107749e-02	
4.597989950e+02	2.586608479e-02	2.586608479e-02	
4.618090452e+02	2.398319611e-02	2.398319611e-02	
4.638190955e+02	2.222904974e-02	2.222904974e-02	
4.658291457e+02	2.059830850e-02	2.059830850e-02	
4.678391960e+02	1.907941285e-02	1.907941285e-02	
4.698492462e+02	1.766588840e-02	1.766588840e-02	
4.718592965e+02	1.635051672e-02	1.635051672e-02	
4.738693467e+02	1.512571337e-02	1.512571337e-02	
4.758793970e+02	1.398506918e-02	1.398506918e-02	
4.778894472e+02	1.292399862e-02	1.292399862e-02	
4.798994975e+02	1.193536817e-02	1.193536817e-02	
4.819095477e+02	1.101468677e-02	1.101468677e-02	
4.839195980e+02	1.015791238e-02	1.015791238e-02	
4.859296482e+02	9.359383809e-03	9.359383809e-03	
4.879396985e+02	8.615627450e-03	8.615627450e-03	
4.899497487e+02	7.923038538e-03	7.923038538e-03	
4.919597990e+02	7.277977141e-03	7.277977141e-03	
4.939698492e+02	6.676632725e-03	6.676632725e-03	
4.959798995e+02	6.116735982e-03	6.116735982e-03	
4.979899497e+02	5.594792821e-03	5.594792821e-03	
5.000000000e+02	5.108241460e-03	5.108241460e-03	
#	AeroPlanets 1.01
#	Copyright G Gronoff 2009
#	Report bugs : guillaume.gronoff@gmail.com
#
#	Launched :Tue Dec 19 13:05:08 2017
# Planet:Earth
# Electron impact ionization used
# Electron impact ionization error: -27.5547% (>0 : gain)

